Mon Dec 16 14:38:11 2024       
+-----------------------------------------------------------------------------------------+
| NVIDIA-SMI 565.57.01              Driver Version: 565.57.01      CUDA Version: 12.7     |
|-----------------------------------------+------------------------+----------------------+
| GPU  Name                 Persistence-M | Bus-Id          Disp.A | Volatile Uncorr. ECC |
| Fan  Temp   Perf          Pwr:Usage/Cap |           Memory-Usage | GPU-Util  Compute M. |
|                                         |                        |               MIG M. |
|=========================================+========================+======================|
|   0  Tesla V100S-PCIE-32GB          On  |   00000000:25:00.0 Off |                    0 |
| N/A   31C    P0             24W /  250W |       1MiB /  32768MiB |      0%      Default |
|                                         |                        |                  N/A |
+-----------------------------------------+------------------------+----------------------+
                                                                                         
+-----------------------------------------------------------------------------------------+
| Processes:                                                                              |
|  GPU   GI   CI        PID   Type   Process name                              GPU Memory |
|        ID   ID                                                               Usage      |
|=========================================================================================|
|  No running processes found                                                             |
+-----------------------------------------------------------------------------------------+
Using device: cuda
Number of permeability values: 455
Number of images: 455
Using CNN: NoPoolCNN1 with learning rate: 1e-05
	After epoch 1: Loss = 1.0125483139947131, R-squared = -0.02738599032834188
	After epoch 2: Loss = 1.009928504410677, R-squared = -0.05079763040431658
	After epoch 3: Loss = 1.0022418713002603, R-squared = -0.009314023185920828
	After epoch 4: Loss = 1.0016898305900885, R-squared = -0.026558636022763073
	After epoch 5: Loss = 0.9982182918053013, R-squared = -0.041986208807319216
	After epoch 6: Loss = 1.0034725796351585, R-squared = -0.0533793129673084
	After epoch 7: Loss = 0.9988089612189471, R-squared = -0.02992056698151956
	After epoch 8: Loss = 0.9971684517521482, R-squared = -0.014617720287769642
	After epoch 9: Loss = 0.9920833795991915, R-squared = -0.049226621356407374
	After epoch 10: Loss = 0.9927356758641871, R-squared = -0.033509473379362796
	After epoch 11: Loss = 0.9878786287956928, R-squared = -0.21725267047067542
	After epoch 12: Loss = 0.9855920268231252, R-squared = -0.014142429375108201
	After epoch 13: Loss = 0.9787898759551357, R-squared = -0.06325068942345698
	After epoch 14: Loss = 0.9785596715600005, R-squared = -0.1936736360487962
	After epoch 15: Loss = 0.9742089257811963, R-squared = -0.0012948145392123523
	After epoch 16: Loss = 0.9692092174519527, R-squared = 0.009234670654773902
	After epoch 17: Loss = 0.9638280024966661, R-squared = -0.004027179425763705
	After epoch 18: Loss = 0.9475621613261715, R-squared = -0.007031953087403442
	After epoch 19: Loss = 0.9392572120659347, R-squared = 0.039199834816406
	After epoch 20: Loss = 0.927263110507489, R-squared = 0.06082126676544415
	After epoch 21: Loss = 0.9164613441973041, R-squared = 0.07925996660426905
	After epoch 22: Loss = 0.8978120307718493, R-squared = 0.05906261530004144
	After epoch 23: Loss = 0.8777120603661871, R-squared = 0.06846793015885656
	After epoch 24: Loss = 0.8599384343143702, R-squared = 0.09023287907164829
	After epoch 25: Loss = 0.8342000108181082, R-squared = 0.15883727947795193
	After epoch 26: Loss = 0.8052894432904617, R-squared = 0.18162613862119842
	After epoch 27: Loss = 0.7683844895529364, R-squared = 0.20913646372790584
	After epoch 28: Loss = 0.7335618073441695, R-squared = 0.22862853980294578
	After epoch 29: Loss = 0.6937071271833354, R-squared = 0.30148420883132915
	After epoch 30: Loss = 0.6525028580609316, R-squared = 0.32455180703391523
	After epoch 31: Loss = 0.6043220008517702, R-squared = 0.3909658874776216
	After epoch 32: Loss = 0.5546048694865268, R-squared = 0.4399829997892666
	After epoch 33: Loss = 0.5015845797009334, R-squared = 0.4958567070510175
	After epoch 34: Loss = 0.44489011506827125, R-squared = 0.5558389230011296
	After epoch 35: Loss = 0.38904085814727773, R-squared = 0.60882967763379
	After epoch 36: Loss = 0.3364235957440139, R-squared = 0.6586037553202543
	After epoch 37: Loss = 0.2918357128334524, R-squared = 0.706501817773457
	After epoch 38: Loss = 0.25431178328758347, R-squared = 0.7433766864973866
	After epoch 39: Loss = 0.22430471462211146, R-squared = 0.7734742295894309
	After epoch 40: Loss = 0.202414560894325, R-squared = 0.7945227535607962
	After epoch 41: Loss = 0.18165911150731656, R-squared = 0.8165813724059893
	After epoch 42: Loss = 0.16586832320654663, R-squared = 0.8332817714292865
	After epoch 43: Loss = 0.15127989444777512, R-squared = 0.8442759273357952
	After epoch 44: Loss = 0.13812114618329113, R-squared = 0.8604599009355898
	After epoch 45: Loss = 0.12621007157180725, R-squared = 0.8688146778749584
	After epoch 46: Loss = 0.1163272008532146, R-squared = 0.879623452107371
	After epoch 47: Loss = 0.10676631327064864, R-squared = 0.8906514017651596
	After epoch 48: Loss = 0.0973497132970754, R-squared = 0.901935304257129
	After epoch 49: Loss = 0.09033148842498759, R-squared = 0.9073936859100502
	After epoch 50: Loss = 0.08237888343937338, R-squared = 0.9136810007047563
Training process has finished.
Using CNN: NoPoolCNN1 with learning rate: 5e-05
	After epoch 1: Loss = 1.0586158983984524, R-squared = -0.11390138895030837
	After epoch 2: Loss = 1.0071196038218324, R-squared = -0.0174217863795292
	After epoch 3: Loss = 0.9923081201462359, R-squared = -0.09446233291983899
	After epoch 4: Loss = 0.9809200036170631, R-squared = -0.022900937302939607
	After epoch 5: Loss = 0.972212030841318, R-squared = -0.06066837496635018
	After epoch 6: Loss = 0.9625943028529953, R-squared = -0.001932064510842857
	After epoch 7: Loss = 0.950507696516165, R-squared = 0.0012337783535214196
	After epoch 8: Loss = 0.9286156085036913, R-squared = 0.02445522168246843
	After epoch 9: Loss = 0.9004593682538309, R-squared = 0.07865526420825708
	After epoch 10: Loss = 0.8557944195914727, R-squared = 0.10992585262468549
	After epoch 11: Loss = 0.78726082135815, R-squared = 0.20116091067561737
	After epoch 12: Loss = 0.6915451229020368, R-squared = 0.30125527166386595
	After epoch 13: Loss = 0.6053377058681152, R-squared = 0.3962875522736803
	After epoch 14: Loss = 0.5655256574824264, R-squared = 0.43342714098997115
	After epoch 15: Loss = 0.526152523156419, R-squared = 0.47938565431484614
	After epoch 16: Loss = 0.4743361472553106, R-squared = 0.5357696811053978
	After epoch 17: Loss = 0.4135320927642613, R-squared = 0.5897780943278821
	After epoch 18: Loss = 0.3397338897393606, R-squared = 0.6557720760996738
	After epoch 19: Loss = 0.26365505527407834, R-squared = 0.7313874721704936
	After epoch 20: Loss = 0.19625821519431028, R-squared = 0.8020795920023976
	After epoch 21: Loss = 0.1477560555354874, R-squared = 0.8502166435900171
	After epoch 22: Loss = 0.1093204652004092, R-squared = 0.8890451026713612
	After epoch 23: Loss = 0.10500164402277137, R-squared = 0.8856271666016138
	After epoch 24: Loss = 0.07295832539480622, R-squared = 0.9231170629714193
	After epoch 25: Loss = 0.05469177726877087, R-squared = 0.9379024416025077
	After epoch 26: Loss = 0.045387342578681066, R-squared = 0.9519955604102931
	After epoch 27: Loss = 0.0413946365306748, R-squared = 0.9559860396415202
	After epoch 28: Loss = 0.04317104895870701, R-squared = 0.9535598975243371
	After epoch 29: Loss = 0.04167919146064839, R-squared = 0.9502983693574887
	After epoch 30: Loss = 0.03369666499166357, R-squared = 0.9659433652177862
	After epoch 31: Loss = 0.03209790481368099, R-squared = 0.9672635761397901
	After epoch 32: Loss = 0.031051730070230526, R-squared = 0.9685304545161679
	After epoch 33: Loss = 0.03739201546244155, R-squared = 0.959948932615714
	After epoch 34: Loss = 0.03474229920002528, R-squared = 0.9510747724717137
	After epoch 35: Loss = 0.030733230936294986, R-squared = 0.9681726190259671
	After epoch 36: Loss = 0.029237027673816373, R-squared = 0.9688277453463817
	After epoch 37: Loss = 0.028439910811857667, R-squared = 0.9712767171211476
	After epoch 38: Loss = 0.029222697375089823, R-squared = 0.9700104346240176
	After epoch 39: Loss = 0.028267055281743936, R-squared = 0.9688389449252055
	After epoch 40: Loss = 0.02441846810097755, R-squared = 0.9745449121580213
	After epoch 41: Loss = 0.02567791308906584, R-squared = 0.9734636107980457
	After epoch 42: Loss = 0.025033215590659748, R-squared = 0.9746094138623096
	After epoch 43: Loss = 0.02622884039709581, R-squared = 0.9707377784103866
	After epoch 44: Loss = 0.024106048224817656, R-squared = 0.9747825321413425
	After epoch 45: Loss = 0.023909850929458132, R-squared = 0.9760100328397565
	After epoch 46: Loss = 0.023634789029883595, R-squared = 0.9738080180029589
	After epoch 47: Loss = 0.026248291259063077, R-squared = 0.9721476565007097
	After epoch 48: Loss = 0.025041291222475188, R-squared = 0.9718186519829741
	After epoch 49: Loss = 0.021323534261759605, R-squared = 0.9774633747082264
	After epoch 50: Loss = 0.021333569768669687, R-squared = 0.9786309131169272
Training process has finished.
Using CNN: NoPoolCNN1 with learning rate: 0.0001
	After epoch 1: Loss = 1.0396077947379632, R-squared = -0.0521773374383913
	After epoch 2: Loss = 0.9859267470795702, R-squared = -0.010932749256306972
	After epoch 3: Loss = 0.9500176467635644, R-squared = -0.001209371540421167
	After epoch 4: Loss = 0.8546116346960864, R-squared = 0.13181466071332504
	After epoch 5: Loss = 0.6318336580808451, R-squared = 0.3080446792517957
	After epoch 6: Loss = 0.33085740223646215, R-squared = 0.6504231779390338
	After epoch 7: Loss = 0.10302734807444516, R-squared = 0.8857553223852512
	After epoch 8: Loss = 0.05084364299073898, R-squared = 0.9425963129904593
	After epoch 9: Loss = 0.04894790749172953, R-squared = 0.9466736770681476
	After epoch 10: Loss = 0.043405709322400496, R-squared = 0.9509423090850989
	After epoch 11: Loss = 0.038854659446713145, R-squared = 0.9580979888035479
	After epoch 12: Loss = 0.03780316763784096, R-squared = 0.9540604564256748
	After epoch 13: Loss = 0.037774946210296555, R-squared = 0.9593061845303692
	After epoch 14: Loss = 0.03568142861697418, R-squared = 0.9610332180202097
	After epoch 15: Loss = 0.03955302694904279, R-squared = 0.9584118689300618
	After epoch 16: Loss = 0.03898898607239374, R-squared = 0.9593980704512084
	After epoch 17: Loss = 0.04353794741472336, R-squared = 0.9556632796865182
	After epoch 18: Loss = 0.03551482053861066, R-squared = 0.9623017972960097
	After epoch 19: Loss = 0.029155867064599765, R-squared = 0.9698770560649667
	After epoch 20: Loss = 0.02664964345603808, R-squared = 0.9687657085357191
	After epoch 21: Loss = 0.024557443749702534, R-squared = 0.9713199309236563
	After epoch 22: Loss = 0.02308492731991184, R-squared = 0.9754728009521804
	After epoch 23: Loss = 0.022935676133064305, R-squared = 0.974723450400998
	After epoch 24: Loss = 0.024388461544119104, R-squared = 0.9738774244622037
	After epoch 25: Loss = 0.01891910108503351, R-squared = 0.980004604102311
	After epoch 26: Loss = 0.019815118044417556, R-squared = 0.978555975417596
	After epoch 27: Loss = 0.019307631227867366, R-squared = 0.9793522871271085
	After epoch 28: Loss = 0.017036069536602146, R-squared = 0.9819078391551115
	After epoch 29: Loss = 0.015718116997658994, R-squared = 0.9831779357097883
	After epoch 30: Loss = 0.015178373614025676, R-squared = 0.9836265247473943
	After epoch 31: Loss = 0.016345228258582013, R-squared = 0.9830928135107622
	After epoch 32: Loss = 0.01550307122167561, R-squared = 0.9812312408750241
	After epoch 33: Loss = 0.014092745158071195, R-squared = 0.9855040716268946
	After epoch 34: Loss = 0.015085639030436176, R-squared = 0.9844317407139181
	After epoch 35: Loss = 0.013349219712465745, R-squared = 0.9863920383165311
	After epoch 36: Loss = 0.012875381457076788, R-squared = 0.9863650191653246
	After epoch 37: Loss = 0.01240097381919195, R-squared = 0.9865510037088339
	After epoch 38: Loss = 0.014505728500447086, R-squared = 0.9829582140072718
	After epoch 39: Loss = 0.011494625384724486, R-squared = 0.9879156189296102
	After epoch 40: Loss = 0.010643960056808328, R-squared = 0.9885638949701636
	After epoch 41: Loss = 0.01582519006617683, R-squared = 0.9837438956613275
	After epoch 42: Loss = 0.010235389189449162, R-squared = 0.9895848149822054
	After epoch 43: Loss = 0.009183151285136778, R-squared = 0.9906959714892762
	After epoch 44: Loss = 0.008466764699110911, R-squared = 0.9908462770774881
	After epoch 45: Loss = 0.007082507125136755, R-squared = 0.9925473482853293
	After epoch 46: Loss = 0.006698779144789143, R-squared = 0.993136769291295
	After epoch 47: Loss = 0.006160811310323715, R-squared = 0.9933286821711137
	After epoch 48: Loss = 0.005585697723260974, R-squared = 0.9936584524842653
	After epoch 49: Loss = 0.005146456519807638, R-squared = 0.9946361768913754
	After epoch 50: Loss = 0.004364083300563197, R-squared = 0.9949944526103003
Training process has finished.
Using CNN: NoPoolCNN1 with learning rate: 0.0005
	After epoch 1: Loss = 0.9685261070142449, R-squared = 0.02195933004114715
	After epoch 2: Loss = 0.39391119838191535, R-squared = 0.5535406080574633
	After epoch 3: Loss = 0.13555578946994923, R-squared = 0.8282827251598274
	After epoch 4: Loss = 0.08034973280764383, R-squared = 0.8820545292942384
	After epoch 5: Loss = 0.053121198813500047, R-squared = 0.946849373540705
	After epoch 6: Loss = 0.05015565010693822, R-squared = 0.9515687272544231
	After epoch 7: Loss = 0.03307759573923645, R-squared = 0.966662720482024
	After epoch 8: Loss = 0.026694154500387313, R-squared = 0.9714588755470028
	After epoch 9: Loss = 0.029716014765318866, R-squared = 0.9667418623236506
	After epoch 10: Loss = 0.05034855194846714, R-squared = 0.9481437792125516
	After epoch 11: Loss = 0.05422077670345461, R-squared = 0.937048669869843
	After epoch 12: Loss = 0.04492640760165821, R-squared = 0.9523426631678726
	After epoch 13: Loss = 0.04355077621680001, R-squared = 0.9481284438429928
	After epoch 14: Loss = 0.027264513114731277, R-squared = 0.972512739047372
	After epoch 15: Loss = 0.01934097628628157, R-squared = 0.9812931261774052
	After epoch 16: Loss = 0.014345562541980906, R-squared = 0.98457392754467
	After epoch 17: Loss = 0.013937642716891449, R-squared = 0.9857464671052852
	After epoch 18: Loss = 0.015659602922485416, R-squared = 0.9841171406174498
	After epoch 19: Loss = 0.020554646680605526, R-squared = 0.9773435871737138
	After epoch 20: Loss = 0.010462924331922138, R-squared = 0.9896702278172989
	After epoch 21: Loss = 0.014143216286931899, R-squared = 0.9857666452591308
	After epoch 22: Loss = 0.015113881526300343, R-squared = 0.9833644781884303
	After epoch 23: Loss = 0.013051834285321962, R-squared = 0.9868451813255762
	After epoch 24: Loss = 0.021433476583813706, R-squared = 0.9721615215516177
	After epoch 25: Loss = 0.017858801250537952, R-squared = 0.9776000221002417
	After epoch 26: Loss = 0.007823677188895284, R-squared = 0.991320101397922
	After epoch 27: Loss = 0.0071646664531719835, R-squared = 0.991938213682449
	After epoch 28: Loss = 0.009486613097850871, R-squared = 0.9907044115571659
	After epoch 29: Loss = 0.00782617204889419, R-squared = 0.9918669222363237
	After epoch 30: Loss = 0.00542529494899823, R-squared = 0.9948135635389974
	After epoch 31: Loss = 0.005826516072485968, R-squared = 0.9934618332314908
	After epoch 32: Loss = 0.003241117261569964, R-squared = 0.9967098089922082
	After epoch 33: Loss = 0.0019163978791460691, R-squared = 0.9977821405887581
	After epoch 34: Loss = 0.001904477407011895, R-squared = 0.9980652904819877
	After epoch 35: Loss = 0.0019990092181139544, R-squared = 0.9979545460747312
	After epoch 36: Loss = 0.0020141710726603902, R-squared = 0.9977107947442618
	After epoch 37: Loss = 0.0021694329712836843, R-squared = 0.9974179771899851
	After epoch 38: Loss = 0.0011727781878878422, R-squared = 0.9986971355867388
	After epoch 39: Loss = 0.0006468388005588289, R-squared = 0.9993416142933498
	After epoch 40: Loss = 0.0006839004746391888, R-squared = 0.9992631807072211
	After epoch 41: Loss = 0.0007918819832640412, R-squared = 0.9990238985956361
	After epoch 42: Loss = 0.0005045265325734333, R-squared = 0.9994524205823593
	After epoch 43: Loss = 0.0004675472524210963, R-squared = 0.9994560984735037
	After epoch 44: Loss = 0.0004909610493707241, R-squared = 0.9994566082168778
	After epoch 45: Loss = 0.0005097046057450745, R-squared = 0.9994602071535628
	After epoch 46: Loss = 0.0003666949129064409, R-squared = 0.9995759557828328
	After epoch 47: Loss = 0.00038203333601168814, R-squared = 0.9995644748222097
	After epoch 48: Loss = 0.0004742599073719821, R-squared = 0.9994587421183301
	After epoch 49: Loss = 0.0003803654319453525, R-squared = 0.999565563057778
	After epoch 50: Loss = 0.0004974221902880478, R-squared = 0.9994370138647393
Training process has finished.
Using CNN: NoPoolCNN1 with learning rate: 0.001
	After epoch 1: Loss = 0.9874781148589354, R-squared = -0.049246069351469926
	After epoch 2: Loss = 0.4376315128308804, R-squared = 0.5202355969982236
	After epoch 3: Loss = 0.08588132832208803, R-squared = 0.8867845085166033
	After epoch 4: Loss = 0.058617134448731865, R-squared = 0.9170221980586897
	After epoch 5: Loss = 0.032077074792782476, R-squared = 0.9683672308266017
	After epoch 6: Loss = 0.03427753105771357, R-squared = 0.9631942585506653
	After epoch 7: Loss = 0.025010479774657333, R-squared = 0.9722647754988298
	After epoch 8: Loss = 0.02858869715976149, R-squared = 0.9701481142120528
	After epoch 9: Loss = 0.026762772500989324, R-squared = 0.9718686796862557
	After epoch 10: Loss = 0.01584405563807961, R-squared = 0.9828112155652369
	After epoch 11: Loss = 0.014840267761948847, R-squared = 0.9839473529234232
	After epoch 12: Loss = 0.019393158552810884, R-squared = 0.9776372639438522
	After epoch 13: Loss = 0.007962057004788187, R-squared = 0.9917134438999916
	After epoch 14: Loss = 0.009757004402392497, R-squared = 0.9899357404685581
	After epoch 15: Loss = 0.0168271408951772, R-squared = 0.9817220008800934
	After epoch 16: Loss = 0.013413881070249874, R-squared = 0.9836850879006646
	After epoch 17: Loss = 0.0067629064286944375, R-squared = 0.9929865189522913
	After epoch 18: Loss = 0.006533452150769887, R-squared = 0.9927666163089949
	After epoch 19: Loss = 0.004482715412331881, R-squared = 0.9951824362662857
	After epoch 20: Loss = 0.006065582403477059, R-squared = 0.9935635989166725
	After epoch 21: Loss = 0.002654278785619409, R-squared = 0.9972381193543534
	After epoch 22: Loss = 0.0016420352564704796, R-squared = 0.9982609290937694
	After epoch 23: Loss = 0.0014898382359806142, R-squared = 0.9984201506015354
	After epoch 24: Loss = 0.0017685566864621735, R-squared = 0.9980913435475806
	After epoch 25: Loss = 0.0011523124393384918, R-squared = 0.9988402305906613
	After epoch 26: Loss = 0.0008775182776692821, R-squared = 0.998978215142088
	After epoch 27: Loss = 0.001603603284841907, R-squared = 0.9983247809824152
	After epoch 28: Loss = 0.0015564828899021798, R-squared = 0.998362583015933
	After epoch 29: Loss = 0.002332815732343815, R-squared = 0.9976818344931925
	After epoch 30: Loss = 0.0027073750680354524, R-squared = 0.9970626549881129
	After epoch 31: Loss = 0.002079964901726906, R-squared = 0.9979082579519455
	After epoch 32: Loss = 0.0018084863261574405, R-squared = 0.9980988772092264
	After epoch 33: Loss = 0.0011282847655178711, R-squared = 0.9988107442370937
	After epoch 34: Loss = 0.0010038035962514045, R-squared = 0.9988316287047173
	After epoch 35: Loss = 0.003663125160357921, R-squared = 0.9945436267444243
	After epoch 36: Loss = 0.007670243730641518, R-squared = 0.992797101476218
	After epoch 37: Loss = 0.01284247345348293, R-squared = 0.9853074050977474
	After epoch 38: Loss = 0.008623521425239762, R-squared = 0.9913458504487451
	After epoch 39: Loss = 0.002029908391197745, R-squared = 0.9978397778120934
	After epoch 40: Loss = 0.0014967874849850528, R-squared = 0.9981678094855297
	After epoch 41: Loss = 0.001002603872010474, R-squared = 0.9989583403802366
	After epoch 42: Loss = 0.000979388948246423, R-squared = 0.99862225746631
	After epoch 43: Loss = 0.0009815657953530924, R-squared = 0.9990205404629986
	After epoch 44: Loss = 0.002627942893308811, R-squared = 0.9971745355263316
	After epoch 45: Loss = 0.0035342920811693617, R-squared = 0.9960547029397304
	After epoch 46: Loss = 0.0022386214982017824, R-squared = 0.9978288141668326
	After epoch 47: Loss = 0.0022141605604361634, R-squared = 0.9977182443048449
	After epoch 48: Loss = 0.001323869728606975, R-squared = 0.9985730278334508
	After epoch 49: Loss = 0.0005136583343363997, R-squared = 0.9994489121719464
	After epoch 50: Loss = 0.00047711243606174717, R-squared = 0.9995018579425267
Training process has finished.
Using CNN: NoPoolCNN1 with learning rate: 0.005
	After epoch 1: Loss = 1.4890437469375908, R-squared = -0.6600700689148706
	After epoch 2: Loss = 1.0399201666892475, R-squared = -0.07235409718452686
	After epoch 3: Loss = 0.8546206924393372, R-squared = 0.1373841509025182
	After epoch 4: Loss = 0.2574090592832522, R-squared = 0.6968472270393986
	After epoch 5: Loss = 0.19118119828064944, R-squared = 0.7996360802588903
	After epoch 6: Loss = 0.08112592775224255, R-squared = 0.9206768223404277
	After epoch 7: Loss = 0.04476293901737476, R-squared = 0.9550463561476107
	After epoch 8: Loss = 0.037734651474994566, R-squared = 0.9583811993814905
	After epoch 9: Loss = 0.02681852752843334, R-squared = 0.9727362372706088
	After epoch 10: Loss = 0.034137188085470206, R-squared = 0.9618724956809643
	After epoch 11: Loss = 0.02363060224553901, R-squared = 0.9745867132537598
	After epoch 12: Loss = 0.02890484902783006, R-squared = 0.9694410093529877
	After epoch 13: Loss = 0.024261233049215684, R-squared = 0.9752225010351511
	After epoch 14: Loss = 0.018377780075286437, R-squared = 0.97433582474089
	After epoch 15: Loss = 0.011821550275717595, R-squared = 0.9866452749176077
	After epoch 16: Loss = 0.008344996290277495, R-squared = 0.9917151739250404
	After epoch 17: Loss = 0.008017028394350364, R-squared = 0.9911460408436106
	After epoch 18: Loss = 0.004678676999201559, R-squared = 0.9954531499823094
	After epoch 19: Loss = 0.0035589154012218563, R-squared = 0.9956137547284285
	After epoch 20: Loss = 0.00428153728269978, R-squared = 0.9952365020613974
	After epoch 21: Loss = 0.007341570867938675, R-squared = 0.9920969551481044
	After epoch 22: Loss = 0.0032409021502416437, R-squared = 0.9962926487335697
	After epoch 23: Loss = 0.0023901887640162024, R-squared = 0.9974055061676598
	After epoch 24: Loss = 0.0015189897536886433, R-squared = 0.9983766564721999
	After epoch 25: Loss = 0.001018309718418076, R-squared = 0.9989254331902384
	After epoch 26: Loss = 0.002042777999217064, R-squared = 0.9971227736720831
	After epoch 27: Loss = 0.002355908120964381, R-squared = 0.9973196285480561
	After epoch 28: Loss = 0.0009774394615103712, R-squared = 0.9989815253511976
	After epoch 29: Loss = 0.0010648918943409042, R-squared = 0.9989416895812825
	After epoch 30: Loss = 0.0007394302033990705, R-squared = 0.9988958229732118
	After epoch 31: Loss = 0.0006101420456480386, R-squared = 0.9993168638306233
	After epoch 32: Loss = 0.000836737586188982, R-squared = 0.9991016580350458
	After epoch 33: Loss = 0.0007286996765284723, R-squared = 0.9991558965976877
	After epoch 34: Loss = 0.0012019584499283148, R-squared = 0.9987853619427691
	After epoch 35: Loss = 0.001917660085813924, R-squared = 0.9978662201458537
	After epoch 36: Loss = 0.0012694599798729917, R-squared = 0.9982195455080255
	After epoch 37: Loss = 0.001537760484560172, R-squared = 0.9983831666868991
	After epoch 38: Loss = 0.0019594610412573842, R-squared = 0.9979724144474655
	After epoch 39: Loss = 0.00203571928329089, R-squared = 0.9978623863213573
	After epoch 40: Loss = 0.003713869452979232, R-squared = 0.9955719825065957
	After epoch 41: Loss = 0.0012833298551300114, R-squared = 0.9985888476721767
	After epoch 42: Loss = 0.0008798472802136548, R-squared = 0.9988010791960272
	After epoch 43: Loss = 0.0009635403037974645, R-squared = 0.9989324467726604
	After epoch 44: Loss = 0.0008110147156147331, R-squared = 0.9986369474560991
	After epoch 45: Loss = 0.00196105315491574, R-squared = 0.9977420017712625
	After epoch 46: Loss = 0.0012302982386948817, R-squared = 0.9988048139496122
	After epoch 47: Loss = 0.0008138314827195455, R-squared = 0.9992004673428999
	After epoch 48: Loss = 0.0008443532840077921, R-squared = 0.9989907854235828
	After epoch 49: Loss = 0.0024008198550963507, R-squared = 0.9978156224452265
	After epoch 50: Loss = 0.00376409831933647, R-squared = 0.9961116775722715
Training process has finished.
Time taken for NoPoolCNN1: 1104.4680445194244 seconds
Using CNN: NoPoolCNN3 with learning rate: 1e-05
	After epoch 1: Loss = 1.0188139194422527, R-squared = -0.032546834535687276
	After epoch 2: Loss = 1.007765118361854, R-squared = -0.023790080229375253
	After epoch 3: Loss = 1.0012096752833928, R-squared = -0.043551881790403535
	After epoch 4: Loss = 0.9989319346885738, R-squared = -0.037815621693579084
	After epoch 5: Loss = 0.9952175589577031, R-squared = -0.021697722496333616
	After epoch 6: Loss = 0.9929259492292782, R-squared = -0.049945186735895805
	After epoch 7: Loss = 0.9840747702930479, R-squared = -0.002557914420358265
	After epoch 8: Loss = 0.977546278608787, R-squared = -0.013390278020207669
	After epoch 9: Loss = 0.9710420763430487, R-squared = 0.004674594683367117
	After epoch 10: Loss = 0.9633616744464139, R-squared = -0.07644412348291821
	After epoch 11: Loss = 0.9488647502955363, R-squared = 0.04417024690125134
	After epoch 12: Loss = 0.9334036305735742, R-squared = -0.03515126841596035
	After epoch 13: Loss = 0.9025096602049816, R-squared = -0.058447521829433656
	After epoch 14: Loss = 0.8730867654536218, R-squared = 0.10375373035380031
	After epoch 15: Loss = 0.8329007932892004, R-squared = 0.13531086898967878
	After epoch 16: Loss = 0.7907226780257356, R-squared = 0.1927872895257816
	After epoch 17: Loss = 0.735135774987043, R-squared = 0.2538310306564204
	After epoch 18: Loss = 0.673242923429126, R-squared = 0.3137702788508113
	After epoch 19: Loss = 0.6169437827913465, R-squared = 0.33421954513182206
	After epoch 20: Loss = 0.5438490485408068, R-squared = 0.4541780693317155
	After epoch 21: Loss = 0.47257766287028546, R-squared = 0.5061122599310087
	After epoch 22: Loss = 0.4060775944832529, R-squared = 0.5836103413115981
	After epoch 23: Loss = 0.34218344777206544, R-squared = 0.6469725233390078
	After epoch 24: Loss = 0.284898982921331, R-squared = 0.7043395192387831
	After epoch 25: Loss = 0.23322089091458292, R-squared = 0.7574869428844725
	After epoch 26: Loss = 0.1940199381687811, R-squared = 0.8030211051570303
	After epoch 27: Loss = 0.16416689489989594, R-squared = 0.8364294064003129
	After epoch 28: Loss = 0.1427978811534453, R-squared = 0.8533376382191793
	After epoch 29: Loss = 0.12781048770752565, R-squared = 0.8626190483339361
	After epoch 30: Loss = 0.11480046846985337, R-squared = 0.87924827440724
	After epoch 31: Loss = 0.10398294455463394, R-squared = 0.8944305773312138
	After epoch 32: Loss = 0.09654602800043673, R-squared = 0.898607560822548
	After epoch 33: Loss = 0.08962708830976693, R-squared = 0.9004177638438444
	After epoch 34: Loss = 0.08008978334875358, R-squared = 0.9090136593216978
	After epoch 35: Loss = 0.07643694130423058, R-squared = 0.9123165263377734
	After epoch 36: Loss = 0.068201521761627, R-squared = 0.9284818917411212
	After epoch 37: Loss = 0.06274991280611406, R-squared = 0.9334301703211162
	After epoch 38: Loss = 0.057966346157502624, R-squared = 0.9383642637258797
	After epoch 39: Loss = 0.05724285436468616, R-squared = 0.941377637609102
	After epoch 40: Loss = 0.04985888800125019, R-squared = 0.9427228794509727
	After epoch 41: Loss = 0.04879778061164624, R-squared = 0.9495023470149315
	After epoch 42: Loss = 0.04526465919544284, R-squared = 0.9533075853358612
	After epoch 43: Loss = 0.04298532272653936, R-squared = 0.9543487866196319
	After epoch 44: Loss = 0.04016267474020029, R-squared = 0.955475409983003
	After epoch 45: Loss = 0.03844164599572299, R-squared = 0.9596204217055779
	After epoch 46: Loss = 0.03704648324970054, R-squared = 0.9591036431514247
	After epoch 47: Loss = 0.035626792803137824, R-squared = 0.9602970022577679
	After epoch 48: Loss = 0.03448164702333745, R-squared = 0.9622283422376761
	After epoch 49: Loss = 0.03371874405919699, R-squared = 0.9656429308936779
	After epoch 50: Loss = 0.03296904212410523, R-squared = 0.9550487675735164
Training process has finished.
Using CNN: NoPoolCNN3 with learning rate: 5e-05
	After epoch 1: Loss = 0.9959288040080351, R-squared = -0.057306328290060736
	After epoch 2: Loss = 0.9850926665291977, R-squared = -0.006018576769697426
	After epoch 3: Loss = 0.952418826753167, R-squared = 0.014026949225926611
	After epoch 4: Loss = 0.8797871670728805, R-squared = 0.11147095273747883
	After epoch 5: Loss = 0.7567654933354011, R-squared = 0.23349816845490126
	After epoch 6: Loss = 0.6323594715402638, R-squared = 0.37553440882289274
	After epoch 7: Loss = 0.4686747301274078, R-squared = 0.5353148289669851
	After epoch 8: Loss = 0.2862301982544435, R-squared = 0.6933660300902753
	After epoch 9: Loss = 0.1839254964467817, R-squared = 0.8058101741528436
	After epoch 10: Loss = 0.11743172709128871, R-squared = 0.8790249572515195
	After epoch 11: Loss = 0.08552989522104468, R-squared = 0.9115194505921703
	After epoch 12: Loss = 0.05960800508067389, R-squared = 0.9416982675666912
	After epoch 13: Loss = 0.049800645984126465, R-squared = 0.9315714701903979
	After epoch 14: Loss = 0.03947215449966104, R-squared = 0.9596150726822955
	After epoch 15: Loss = 0.0347732038772958, R-squared = 0.9642810560070878
	After epoch 16: Loss = 0.026685942954329467, R-squared = 0.9732861162866062
	After epoch 17: Loss = 0.026875912633849235, R-squared = 0.9709635127621311
	After epoch 18: Loss = 0.025129578882913856, R-squared = 0.9664207649986963
	After epoch 19: Loss = 0.02591918816931597, R-squared = 0.9736662825905533
	After epoch 20: Loss = 0.026649219065929087, R-squared = 0.9731779206421365
	After epoch 21: Loss = 0.02043883709935842, R-squared = 0.9788622637469458
	After epoch 22: Loss = 0.02978717057958455, R-squared = 0.9596104113836648
	After epoch 23: Loss = 0.02133596707358381, R-squared = 0.976998945479491
	After epoch 24: Loss = 0.016394647594527245, R-squared = 0.9828216679611936
	After epoch 25: Loss = 0.016231993967449516, R-squared = 0.9795844440003354
	After epoch 26: Loss = 0.01552595492993374, R-squared = 0.9835336138929275
	After epoch 27: Loss = 0.014264094916633024, R-squared = 0.9836413181283585
	After epoch 28: Loss = 0.013754219414776628, R-squared = 0.9866162133514889
	After epoch 29: Loss = 0.013598478370804282, R-squared = 0.9849822885835448
	After epoch 30: Loss = 0.01707902039221462, R-squared = 0.9803736288980612
	After epoch 31: Loss = 0.01750128598860403, R-squared = 0.9826219797255332
	After epoch 32: Loss = 0.011338159307065965, R-squared = 0.9882137367359626
	After epoch 33: Loss = 0.010541275067992812, R-squared = 0.9892971613935343
	After epoch 34: Loss = 0.010558997022712862, R-squared = 0.9889538821664271
	After epoch 35: Loss = 0.009415588443357785, R-squared = 0.9895799457828834
	After epoch 36: Loss = 0.009531155090803843, R-squared = 0.9904167013194216
	After epoch 37: Loss = 0.009008281831420165, R-squared = 0.9902013185133416
	After epoch 38: Loss = 0.009491115793290532, R-squared = 0.9897805859760339
	After epoch 39: Loss = 0.008715266896460334, R-squared = 0.9907567258028488
	After epoch 40: Loss = 0.008682791843943344, R-squared = 0.9914385880396546
	After epoch 41: Loss = 0.007651763123941472, R-squared = 0.9914078039164945
	After epoch 42: Loss = 0.007651561759814918, R-squared = 0.9925422427318944
	After epoch 43: Loss = 0.006473565496538163, R-squared = 0.9933434122367568
	After epoch 44: Loss = 0.0063875968735222916, R-squared = 0.9928997785424206
	After epoch 45: Loss = 0.007651593856177608, R-squared = 0.9921262525008728
	After epoch 46: Loss = 0.0069150708661585595, R-squared = 0.993096185026411
	After epoch 47: Loss = 0.005795021206118933, R-squared = 0.9935572864262527
	After epoch 48: Loss = 0.005185192116084175, R-squared = 0.9945828788955586
	After epoch 49: Loss = 0.005685567353453215, R-squared = 0.993313284884672
	After epoch 50: Loss = 0.004679697715003017, R-squared = 0.9949292727413332
Training process has finished.
Using CNN: NoPoolCNN3 with learning rate: 0.0001
	After epoch 1: Loss = 1.0081971097942133, R-squared = -0.0563677566792215
	After epoch 2: Loss = 0.9413680924429361, R-squared = -0.0011682635686745212
	After epoch 3: Loss = 0.7501495684144854, R-squared = 0.22852533076266787
	After epoch 4: Loss = 0.42057715334452794, R-squared = 0.5549778170754137
	After epoch 5: Loss = 0.12673747871919186, R-squared = 0.8656034829746728
	After epoch 6: Loss = 0.04741678025162549, R-squared = 0.9361823052271131
	After epoch 7: Loss = 0.03551691609319683, R-squared = 0.961703492010501
	After epoch 8: Loss = 0.03177990632055708, R-squared = 0.9681452372063314
	After epoch 9: Loss = 0.02707102673023821, R-squared = 0.9710830579396796
	After epoch 10: Loss = 0.023851745926441258, R-squared = 0.9752792388639996
	After epoch 11: Loss = 0.023169671215677742, R-squared = 0.9757934398854287
	After epoch 12: Loss = 0.025240212215825557, R-squared = 0.9726064938984832
	After epoch 13: Loss = 0.02274758028657941, R-squared = 0.9774376288363863
	After epoch 14: Loss = 0.017932627154225167, R-squared = 0.9812591648169651
	After epoch 15: Loss = 0.017407463079672447, R-squared = 0.9821721891169094
	After epoch 16: Loss = 0.021724870364220425, R-squared = 0.9743449010490863
	After epoch 17: Loss = 0.02580832108813664, R-squared = 0.9705000808113013
	After epoch 18: Loss = 0.012353165542339397, R-squared = 0.987159447677605
	After epoch 19: Loss = 0.012402110992771114, R-squared = 0.9853618799458636
	After epoch 20: Loss = 0.011978025493108377, R-squared = 0.987431314787016
	After epoch 21: Loss = 0.011788105658464365, R-squared = 0.9882322222122346
	After epoch 22: Loss = 0.011298787771307422, R-squared = 0.9882036521473958
	After epoch 23: Loss = 0.010714509254976572, R-squared = 0.988245663564928
	After epoch 24: Loss = 0.01003733611959622, R-squared = 0.9895289681127915
	After epoch 25: Loss = 0.007818433141056798, R-squared = 0.9920082440964679
	After epoch 26: Loss = 0.011288188169337203, R-squared = 0.9883996469756484
	After epoch 27: Loss = 0.010543388068596029, R-squared = 0.9889224131299063
	After epoch 28: Loss = 0.007640430879937789, R-squared = 0.9923148254864724
	After epoch 29: Loss = 0.0057355990050611495, R-squared = 0.9939241181097513
	After epoch 30: Loss = 0.007994769696325598, R-squared = 0.9912246748452429
	After epoch 31: Loss = 0.005402008590898799, R-squared = 0.9943469032185888
	After epoch 32: Loss = 0.005428660520850893, R-squared = 0.9935289839177394
	After epoch 33: Loss = 0.004159540288413548, R-squared = 0.9957090732566917
	After epoch 34: Loss = 0.0028416503539263373, R-squared = 0.9953211477934548
	After epoch 35: Loss = 0.0028045096407707582, R-squared = 0.9971332120909621
	After epoch 36: Loss = 0.0023656230164261897, R-squared = 0.9975363242200086
	After epoch 37: Loss = 0.002398412903027028, R-squared = 0.9974877614851005
	After epoch 38: Loss = 0.0019520908371272818, R-squared = 0.9979402100076632
	After epoch 39: Loss = 0.0025671890020852487, R-squared = 0.997003428956799
	After epoch 40: Loss = 0.0028707868187137393, R-squared = 0.9970444885200245
	After epoch 41: Loss = 0.0023450433756604756, R-squared = 0.9974903975553344
	After epoch 42: Loss = 0.0018279984105760416, R-squared = 0.9980309640266221
	After epoch 43: Loss = 0.001515817459575655, R-squared = 0.9984713899047521
	After epoch 44: Loss = 0.002273141806583695, R-squared = 0.997157090326448
	After epoch 45: Loss = 0.005891792692707979, R-squared = 0.9925995382493855
	After epoch 46: Loss = 0.0060908216518393826, R-squared = 0.9939879939884907
	After epoch 47: Loss = 0.0023940425437419077, R-squared = 0.9973391367148448
	After epoch 48: Loss = 0.0014187589454934288, R-squared = 0.9986614812120056
	After epoch 49: Loss = 0.0012687109318078212, R-squared = 0.9985418591576772
	After epoch 50: Loss = 0.0016579399096375846, R-squared = 0.9981349568346294
Training process has finished.
Using CNN: NoPoolCNN3 with learning rate: 0.0005
	After epoch 1: Loss = 0.9123917079244854, R-squared = -0.09231489030957249
	After epoch 2: Loss = 0.30876010157300915, R-squared = 0.6515075032865396
	After epoch 3: Loss = 0.18064930497470727, R-squared = 0.8056986497273624
	After epoch 4: Loss = 0.09351070284928362, R-squared = 0.8828378776915724
	After epoch 5: Loss = 0.06729070894541334, R-squared = 0.9247140928714224
	After epoch 6: Loss = 0.03393788360034307, R-squared = 0.9603982177263084
	After epoch 7: Loss = 0.027769775750508336, R-squared = 0.9667419909466449
	After epoch 8: Loss = 0.019282198788595672, R-squared = 0.9799138010726768
	After epoch 9: Loss = 0.019296049345619192, R-squared = 0.9800506946253323
	After epoch 10: Loss = 0.01901881399154828, R-squared = 0.9791410283765044
	After epoch 11: Loss = 0.01669658653215787, R-squared = 0.9821529166137323
	After epoch 12: Loss = 0.01738437820586234, R-squared = 0.9819768435802738
	After epoch 13: Loss = 0.01846030287149557, R-squared = 0.9793187800443249
	After epoch 14: Loss = 0.013514418087085964, R-squared = 0.9858220949757479
	After epoch 15: Loss = 0.013801540235608926, R-squared = 0.9856682174599094
	After epoch 16: Loss = 0.0123350038370042, R-squared = 0.9870881911820535
	After epoch 17: Loss = 0.013906957652038157, R-squared = 0.9857180376474041
	After epoch 18: Loss = 0.010685778849081003, R-squared = 0.9867222933566222
	After epoch 19: Loss = 0.010376679746475014, R-squared = 0.9876782808706845
	After epoch 20: Loss = 0.009983378260941925, R-squared = 0.9894648175032061
	After epoch 21: Loss = 0.007574267798597593, R-squared = 0.9918157602051499
	After epoch 22: Loss = 0.004724405198951708, R-squared = 0.9945976996805749
	After epoch 23: Loss = 0.0035476113532230775, R-squared = 0.9962286257193114
	After epoch 24: Loss = 0.004388019275985948, R-squared = 0.9954754677371159
	After epoch 25: Loss = 0.004732917553612508, R-squared = 0.995101963044459
	After epoch 26: Loss = 0.003828072186224886, R-squared = 0.9960733979277308
	After epoch 27: Loss = 0.0018084203789101084, R-squared = 0.9980522658208801
	After epoch 28: Loss = 0.0012945873845124892, R-squared = 0.998466528004452
	After epoch 29: Loss = 0.0014285014797712167, R-squared = 0.9985805913649031
	After epoch 30: Loss = 0.002476034987878043, R-squared = 0.9973751256380323
	After epoch 31: Loss = 0.003634219132258267, R-squared = 0.9962616358524123
	After epoch 32: Loss = 0.009556133005997672, R-squared = 0.9892349023601726
	After epoch 33: Loss = 0.0053240534776554166, R-squared = 0.993916674062679
	After epoch 34: Loss = 0.0018545326739412235, R-squared = 0.9981171132951833
	After epoch 35: Loss = 0.0017071305134659948, R-squared = 0.9980401692265511
	After epoch 36: Loss = 0.001494268089738997, R-squared = 0.9983841405278451
	After epoch 37: Loss = 0.003160845821028714, R-squared = 0.9967756146606703
	After epoch 38: Loss = 0.0015303098349617027, R-squared = 0.9978411290536812
	After epoch 39: Loss = 0.0015145994204811325, R-squared = 0.9983776787815571
	After epoch 40: Loss = 0.0015761978628680367, R-squared = 0.9982566116904554
	After epoch 41: Loss = 0.003237249147126947, R-squared = 0.9967437966576773
	After epoch 42: Loss = 0.007337515650133601, R-squared = 0.9915367991125578
	After epoch 43: Loss = 0.003469327852767049, R-squared = 0.996552800313605
	After epoch 44: Loss = 0.0008839174431301293, R-squared = 0.9990690520531647
	After epoch 45: Loss = 0.0005028348431171157, R-squared = 0.9994565459297723
	After epoch 46: Loss = 0.000518190817166412, R-squared = 0.9994337063002682
	After epoch 47: Loss = 0.0004869482756233143, R-squared = 0.9995079067935079
	After epoch 48: Loss = 0.0005237380544155905, R-squared = 0.999429314346256
	After epoch 49: Loss = 0.0003772057359706879, R-squared = 0.9995422691175835
	After epoch 50: Loss = 0.0004124458307299942, R-squared = 0.9995108737784693
Training process has finished.
Using CNN: NoPoolCNN3 with learning rate: 0.001
	After epoch 1: Loss = 1.0320774820302105, R-squared = -0.062284353794368294
	After epoch 2: Loss = 0.8734949586692137, R-squared = 0.07053397782131615
	After epoch 3: Loss = 0.27852337099552965, R-squared = 0.7195307720968332
	After epoch 4: Loss = 0.11760883015657826, R-squared = 0.861148342454743
	After epoch 5: Loss = 0.055940145105640285, R-squared = 0.9347520028218888
	After epoch 6: Loss = 0.04271777727086329, R-squared = 0.9548131397593836
	After epoch 7: Loss = 0.04309423289947441, R-squared = 0.9507354918920685
	After epoch 8: Loss = 0.028637752904380233, R-squared = 0.9558690176021969
	After epoch 9: Loss = 0.03083247059487245, R-squared = 0.9682403159142463
	After epoch 10: Loss = 0.020981704074380447, R-squared = 0.9680637601676019
	After epoch 11: Loss = 0.02293986173860232, R-squared = 0.9761345028191742
	After epoch 12: Loss = 0.024414390305166678, R-squared = 0.974611240259399
	After epoch 13: Loss = 0.02500317424987835, R-squared = 0.9751610119382367
	After epoch 14: Loss = 0.02209173300452019, R-squared = 0.9735438681611397
	After epoch 15: Loss = 0.010777343780331183, R-squared = 0.9894301539827568
	After epoch 16: Loss = 0.0048170607658559374, R-squared = 0.9949162636468154
	After epoch 17: Loss = 0.0035542337495828615, R-squared = 0.9963478629650042
	After epoch 18: Loss = 0.0034186678210779893, R-squared = 0.9964654792841809
	After epoch 19: Loss = 0.0065535597942500325, R-squared = 0.9931488987664965
	After epoch 20: Loss = 0.0046932188873172916, R-squared = 0.9951693102621038
	After epoch 21: Loss = 0.001311324022528439, R-squared = 0.9984650854745313
	After epoch 22: Loss = 0.0016972700468533732, R-squared = 0.9982437742779433
	After epoch 23: Loss = 0.0011921879250687965, R-squared = 0.9986957926307098
	After epoch 24: Loss = 0.0012418388722229934, R-squared = 0.9987134623068764
	After epoch 25: Loss = 0.0007941984871857849, R-squared = 0.999068365391684
	After epoch 26: Loss = 0.0009311566419592597, R-squared = 0.9989906071271715
	After epoch 27: Loss = 0.000828974552116748, R-squared = 0.9990908043356095
	After epoch 28: Loss = 0.0009295638471505374, R-squared = 0.9989705993522134
	After epoch 29: Loss = 0.0023952519092118978, R-squared = 0.9970155504662126
	After epoch 30: Loss = 0.002134747204055075, R-squared = 0.9977138226573201
	After epoch 31: Loss = 0.0030258460454900393, R-squared = 0.9963645387972232
	After epoch 32: Loss = 0.00209285962158057, R-squared = 0.997398843466686
	After epoch 33: Loss = 0.0008782262994561592, R-squared = 0.9990476593778943
	After epoch 34: Loss = 0.0005128146990790469, R-squared = 0.9993338913915016
	After epoch 35: Loss = 0.0005992622269386172, R-squared = 0.9993109584351509
	After epoch 36: Loss = 0.00036130479232716607, R-squared = 0.9995232747824913
	After epoch 37: Loss = 0.0009298578014182395, R-squared = 0.9989654453445322
	After epoch 38: Loss = 0.000408821488450088, R-squared = 0.9996113648472136
	After epoch 39: Loss = 0.0008367602047657946, R-squared = 0.9986720607461834
	After epoch 40: Loss = 0.001969491759187228, R-squared = 0.9975422942948086
	After epoch 41: Loss = 0.0005345197988152052, R-squared = 0.9994624027018238
	After epoch 42: Loss = 0.00045917921994686865, R-squared = 0.9994852619396946
	After epoch 43: Loss = 0.0020330340933459477, R-squared = 0.9975985925250012
	After epoch 44: Loss = 0.003183900848911967, R-squared = 0.9963913716881547
	After epoch 45: Loss = 0.0035503497933702687, R-squared = 0.9958518199407294
	After epoch 46: Loss = 0.018686261237213633, R-squared = 0.9823470623808049
	After epoch 47: Loss = 0.015633968740416886, R-squared = 0.9844401746866795
	After epoch 48: Loss = 0.025406956664697906, R-squared = 0.976119811282705
	After epoch 49: Loss = 0.005429545254978335, R-squared = 0.9944616531465321
	After epoch 50: Loss = 0.005539223280376455, R-squared = 0.9931633853857231
Training process has finished.
Using CNN: NoPoolCNN3 with learning rate: 0.005
	After epoch 1: Loss = 5.72494932831389, R-squared = -5.8390987870172255
	After epoch 2: Loss = 1.0529143858369678, R-squared = -0.068106154590821
	After epoch 3: Loss = 1.0213118110463657, R-squared = -0.05465158252791271
	After epoch 4: Loss = 0.9772655552673024, R-squared = 0.0014388427291767369
	After epoch 5: Loss = 0.7375420627251338, R-squared = 0.20765732104337373
	After epoch 6: Loss = 0.46450682791346887, R-squared = 0.5058078917141022
	After epoch 7: Loss = 0.2135684016980921, R-squared = 0.7744905511543558
	After epoch 8: Loss = 0.10906907503009393, R-squared = 0.8903906824320782
	After epoch 9: Loss = 0.05586993960464479, R-squared = 0.9416875469835059
	After epoch 10: Loss = 0.04453502109302922, R-squared = 0.9489591269092805
	After epoch 11: Loss = 0.047120633667297004, R-squared = 0.948548216267789
	After epoch 12: Loss = 0.04186619145463717, R-squared = 0.9347557451763885
	After epoch 13: Loss = 0.036044756951902276, R-squared = 0.9558077854901773
	After epoch 14: Loss = 0.030448819044903336, R-squared = 0.9682417679134943
	After epoch 15: Loss = 0.02448689746291454, R-squared = 0.9745984166410704
	After epoch 16: Loss = 0.02320718162702833, R-squared = 0.9741801239811549
	After epoch 17: Loss = 0.09098202490625794, R-squared = 0.9045122110922383
	After epoch 18: Loss = 0.16892802035300072, R-squared = 0.8114069247773481
	After epoch 19: Loss = 0.10761339779645358, R-squared = 0.8813071200111816
	After epoch 20: Loss = 0.05219347793082992, R-squared = 0.9426948867891811
	After epoch 21: Loss = 0.0331550037383267, R-squared = 0.963688356468527
	After epoch 22: Loss = 0.026552821510011305, R-squared = 0.9723213264610303
	After epoch 23: Loss = 0.03589886826287113, R-squared = 0.9623640523016217
	After epoch 24: Loss = 0.020033123629306336, R-squared = 0.9803571108109536
	After epoch 25: Loss = 0.016022983635092435, R-squared = 0.9826819163221835
	After epoch 26: Loss = 0.012687997850982898, R-squared = 0.9855213649818149
	After epoch 27: Loss = 0.011837180540779386, R-squared = 0.9874452159629291
	After epoch 28: Loss = 0.014257279463200243, R-squared = 0.9856747325777467
	After epoch 29: Loss = 0.013589982944920965, R-squared = 0.9843154838025292
	After epoch 30: Loss = 0.013372850847248794, R-squared = 0.9867797903061115
	After epoch 31: Loss = 0.014128644932928156, R-squared = 0.984913307060886
	After epoch 32: Loss = 0.00709799897418043, R-squared = 0.9924128519178591
	After epoch 33: Loss = 0.006297915890538688, R-squared = 0.9925244879116356
	After epoch 34: Loss = 0.004345794277724009, R-squared = 0.9951448535286198
	After epoch 35: Loss = 0.0036003752065438535, R-squared = 0.996113976436219
	After epoch 36: Loss = 0.0030243533718667783, R-squared = 0.9967229106674986
	After epoch 37: Loss = 0.002895570695075903, R-squared = 0.9968131793935708
	After epoch 38: Loss = 0.0033724274014303468, R-squared = 0.9963308042945733
	After epoch 39: Loss = 0.00225077166723468, R-squared = 0.9971291510959055
	After epoch 40: Loss = 0.001517993428442529, R-squared = 0.9983127995195588
	After epoch 41: Loss = 0.0011680338587205781, R-squared = 0.9987307559551569
	After epoch 42: Loss = 0.0013886461411116297, R-squared = 0.9983744592310382
	After epoch 43: Loss = 0.0010285930031468976, R-squared = 0.9985461430856859
	After epoch 44: Loss = 0.0011481999910718961, R-squared = 0.9987300909124697
	After epoch 45: Loss = 0.0014307326782517136, R-squared = 0.9985271786981498
	After epoch 46: Loss = 0.0011910702836587116, R-squared = 0.9987322832499498
	After epoch 47: Loss = 0.0007920083571242664, R-squared = 0.9991269294086113
	After epoch 48: Loss = 0.00213944111222683, R-squared = 0.9976336885345279
	After epoch 49: Loss = 0.0017422378123682994, R-squared = 0.9979252832612063
	After epoch 50: Loss = 0.0013703087777500328, R-squared = 0.998623780997194
Training process has finished.
Time taken for NoPoolCNN3: 1367.9251470565796 seconds
Using CNN: NoPoolCNN4 with learning rate: 1e-05
	After epoch 1: Loss = 1.0169358942093205, R-squared = -0.048153349793754595
	After epoch 2: Loss = 0.9892569083392111, R-squared = -0.06318276956544147
	After epoch 3: Loss = 0.9719140101868122, R-squared = 0.0008007682976664321
	After epoch 4: Loss = 0.9596910863501451, R-squared = -0.0029445832303655827
	After epoch 5: Loss = 0.9364166047202573, R-squared = 0.018988283656158633
	After epoch 6: Loss = 0.9123184285552624, R-squared = 0.07516604425646559
	After epoch 7: Loss = 0.8782203241002868, R-squared = 0.09092194975732892
	After epoch 8: Loss = 0.8358616565677768, R-squared = 0.14161943266272708
	After epoch 9: Loss = 0.7776246377165598, R-squared = 0.20476221010421752
	After epoch 10: Loss = 0.7173621393868219, R-squared = 0.25168311816845274
	After epoch 11: Loss = 0.6539768110031929, R-squared = 0.33425293628204855
	After epoch 12: Loss = 0.6042759220852795, R-squared = 0.40679994405983216
	After epoch 13: Loss = 0.5476925599060494, R-squared = 0.4530193002366832
	After epoch 14: Loss = 0.49310388382362974, R-squared = 0.5122292055854182
	After epoch 15: Loss = 0.4351822693568014, R-squared = 0.5707420216663335
	After epoch 16: Loss = 0.3696099916199064, R-squared = 0.6351922974461786
	After epoch 17: Loss = 0.3114089640986844, R-squared = 0.6844524105851909
	After epoch 18: Loss = 0.2599658346434217, R-squared = 0.739693452604373
	After epoch 19: Loss = 0.21307293763093121, R-squared = 0.7849656875415144
	After epoch 20: Loss = 0.1763715027879214, R-squared = 0.8210495441016536
	After epoch 21: Loss = 0.15313105473678718, R-squared = 0.8419177870097974
	After epoch 22: Loss = 0.1304227596407595, R-squared = 0.8556383741652281
	After epoch 23: Loss = 0.12050253972851437, R-squared = 0.8745442248699415
	After epoch 24: Loss = 0.09790962588468502, R-squared = 0.8978980767202156
	After epoch 25: Loss = 0.08644057417408113, R-squared = 0.9107616700552045
	After epoch 26: Loss = 0.07714654177898403, R-squared = 0.9160951771207847
	After epoch 27: Loss = 0.07112213074111318, R-squared = 0.9253121148467436
	After epoch 28: Loss = 0.06364111586446308, R-squared = 0.9337730164843319
	After epoch 29: Loss = 0.060912638980305724, R-squared = 0.9336913474539813
	After epoch 30: Loss = 0.0620794880613257, R-squared = 0.9287756239984379
	After epoch 31: Loss = 0.051134329682399046, R-squared = 0.94186292523954
	After epoch 32: Loss = 0.04742826145075334, R-squared = 0.9511295100976938
	After epoch 33: Loss = 0.04477960832600553, R-squared = 0.9538842984012839
	After epoch 34: Loss = 0.04265187150753323, R-squared = 0.9565015209627614
	After epoch 35: Loss = 0.04026174583390135, R-squared = 0.9556524836444316
	After epoch 36: Loss = 0.03812599789177945, R-squared = 0.9601730152480681
	After epoch 37: Loss = 0.0384957057225033, R-squared = 0.9602826385054344
	After epoch 38: Loss = 0.035756970215595, R-squared = 0.9591513953590685
	After epoch 39: Loss = 0.0350435116275675, R-squared = 0.9638833572262915
	After epoch 40: Loss = 0.03224932354615999, R-squared = 0.9664471716692274
	After epoch 41: Loss = 0.03096325005976574, R-squared = 0.9678911116173123
	After epoch 42: Loss = 0.029403002427591706, R-squared = 0.968796401006203
	After epoch 43: Loss = 0.029517664438049086, R-squared = 0.9666525321693167
	After epoch 44: Loss = 0.027749654273708613, R-squared = 0.9718999137252335
	After epoch 45: Loss = 0.025826322248334144, R-squared = 0.9736514333165
	After epoch 46: Loss = 0.026033863997619904, R-squared = 0.9740336963061165
	After epoch 47: Loss = 0.025528056692970823, R-squared = 0.9631276425995374
	After epoch 48: Loss = 0.024987905794067167, R-squared = 0.9655139239792803
	After epoch 49: Loss = 0.023271504789090215, R-squared = 0.9760931246132613
	After epoch 50: Loss = 0.024362694206868173, R-squared = 0.9753437629888048
Training process has finished.
Using CNN: NoPoolCNN4 with learning rate: 5e-05
	After epoch 1: Loss = 0.9816560280512064, R-squared = -0.007374032837169131
	After epoch 2: Loss = 0.9041417257662753, R-squared = 0.08199915966385726
	After epoch 3: Loss = 0.7686479871308171, R-squared = 0.22148629258368527
	After epoch 4: Loss = 0.6350905014463583, R-squared = 0.3666472357669972
	After epoch 5: Loss = 0.5439968838041486, R-squared = 0.4737709119695941
	After epoch 6: Loss = 0.39997678668206293, R-squared = 0.6050394054700272
	After epoch 7: Loss = 0.2242925945234658, R-squared = 0.772161922432853
	After epoch 8: Loss = 0.11705821444695427, R-squared = 0.8838639985517498
	After epoch 9: Loss = 0.06805282762586724, R-squared = 0.9292484209748325
	After epoch 10: Loss = 0.04187597809040544, R-squared = 0.9545858632003498
	After epoch 11: Loss = 0.0328751787866201, R-squared = 0.9639401962058105
	After epoch 12: Loss = 0.031563254762228966, R-squared = 0.9573378505601052
	After epoch 13: Loss = 0.027883689860049417, R-squared = 0.9713337326673812
	After epoch 14: Loss = 0.021590011431503176, R-squared = 0.976947636641871
	After epoch 15: Loss = 0.02050632661585854, R-squared = 0.9792658333089624
	After epoch 16: Loss = 0.019717844471613427, R-squared = 0.9801233257802036
	After epoch 17: Loss = 0.01702407892326243, R-squared = 0.9819529549704555
	After epoch 18: Loss = 0.017819189794175974, R-squared = 0.9806444930030989
	After epoch 19: Loss = 0.021292083711927187, R-squared = 0.9780209845076758
	After epoch 20: Loss = 0.023319697336092498, R-squared = 0.9749011036576946
	After epoch 21: Loss = 0.013510022289803154, R-squared = 0.9838429567583541
	After epoch 22: Loss = 0.013764094831693488, R-squared = 0.9865745709572545
	After epoch 23: Loss = 0.01594065354720554, R-squared = 0.9810788570759643
	After epoch 24: Loss = 0.021044260478850583, R-squared = 0.9763657772924208
	After epoch 25: Loss = 0.022703296696566323, R-squared = 0.9689022678541848
	After epoch 26: Loss = 0.019242233988320676, R-squared = 0.9780444536250738
	After epoch 27: Loss = 0.019169632700322587, R-squared = 0.9799659715735644
	After epoch 28: Loss = 0.02061079895029893, R-squared = 0.974054201858481
	After epoch 29: Loss = 0.014569189480824484, R-squared = 0.9842187697740616
	After epoch 30: Loss = 0.010233475651147985, R-squared = 0.9898387960155851
	After epoch 31: Loss = 0.009792975429206846, R-squared = 0.9895189007538064
	After epoch 32: Loss = 0.00835456156788544, R-squared = 0.9911849611190193
	After epoch 33: Loss = 0.00860666684541011, R-squared = 0.9910913977847479
	After epoch 34: Loss = 0.009608207931522058, R-squared = 0.9902793550794389
	After epoch 35: Loss = 0.010342963811927041, R-squared = 0.9890004421729921
	After epoch 36: Loss = 0.00979086858689623, R-squared = 0.9900966674221202
	After epoch 37: Loss = 0.007243104447382516, R-squared = 0.9918640986580277
	After epoch 38: Loss = 0.006613994391871436, R-squared = 0.993373251033808
	After epoch 39: Loss = 0.007920072564337122, R-squared = 0.9916515721382545
	After epoch 40: Loss = 0.009795048050323584, R-squared = 0.9889754244568143
	After epoch 41: Loss = 0.008766980707476262, R-squared = 0.9898659715579756
	After epoch 42: Loss = 0.009016107316368203, R-squared = 0.9910671989643731
	After epoch 43: Loss = 0.006544466332159412, R-squared = 0.992674129456718
	After epoch 44: Loss = 0.006084413705958137, R-squared = 0.9933852852774754
	After epoch 45: Loss = 0.006270235721691299, R-squared = 0.9933895780365232
	After epoch 46: Loss = 0.005652763917263569, R-squared = 0.9941016487191183
	After epoch 47: Loss = 0.00737046173544713, R-squared = 0.9920891716537513
	After epoch 48: Loss = 0.004835414446708682, R-squared = 0.9948947114139548
	After epoch 49: Loss = 0.0038517590830839583, R-squared = 0.9960222887321954
	After epoch 50: Loss = 0.0035519525612739307, R-squared = 0.9962863539058114
Training process has finished.
Using CNN: NoPoolCNN4 with learning rate: 0.0001
	After epoch 1: Loss = 1.0067412415681756, R-squared = -0.02338553617078052
	After epoch 2: Loss = 1.0002778783802597, R-squared = -0.029206601752475126
	After epoch 3: Loss = 0.9834866763208941, R-squared = -0.015476896535345364
	After epoch 4: Loss = 0.904447747025964, R-squared = 0.07974779349832832
	After epoch 5: Loss = 0.6265232476253356, R-squared = 0.3507098332733322
	After epoch 6: Loss = 0.3229303327535902, R-squared = 0.6481680900387338
	After epoch 7: Loss = 0.17831219082265512, R-squared = 0.6952503285128884
	After epoch 8: Loss = 0.08975422394123667, R-squared = 0.8909666336829369
	After epoch 9: Loss = 0.04126500005367228, R-squared = 0.9575960640045365
	After epoch 10: Loss = 0.02374011825327745, R-squared = 0.9695336260222792
	After epoch 11: Loss = 0.019257789610311667, R-squared = 0.9794929876887675
	After epoch 12: Loss = 0.020104372370056342, R-squared = 0.975401374836723
	After epoch 13: Loss = 0.015261924495990894, R-squared = 0.9834168491897003
	After epoch 14: Loss = 0.01771019745254002, R-squared = 0.9811459111088727
	After epoch 15: Loss = 0.01777140042151772, R-squared = 0.9789587243257578
	After epoch 16: Loss = 0.013882739951476885, R-squared = 0.9858224498747739
	After epoch 17: Loss = 0.01884629350876381, R-squared = 0.979971155986193
	After epoch 18: Loss = 0.01256927585217254, R-squared = 0.9865649406672314
	After epoch 19: Loss = 0.01057953196207546, R-squared = 0.9889224728037173
	After epoch 20: Loss = 0.011492019278351747, R-squared = 0.9876630759937406
	After epoch 21: Loss = 0.01096802278519791, R-squared = 0.9875147459072607
	After epoch 22: Loss = 0.013998711536665723, R-squared = 0.9847689069467183
	After epoch 23: Loss = 0.010649476397339454, R-squared = 0.9887388584321937
	After epoch 24: Loss = 0.010972146620909064, R-squared = 0.989121614119135
	After epoch 25: Loss = 0.009262292991803723, R-squared = 0.9906858419597528
	After epoch 26: Loss = 0.0073655607872355295, R-squared = 0.9919673342631924
	After epoch 27: Loss = 0.007228876484631527, R-squared = 0.9922515613153253
	After epoch 28: Loss = 0.007154494743431441, R-squared = 0.9923771818932232
	After epoch 29: Loss = 0.008024191046789227, R-squared = 0.9916912788138061
	After epoch 30: Loss = 0.005117519773556895, R-squared = 0.9949574037938778
	After epoch 31: Loss = 0.005207930547585422, R-squared = 0.994338230883707
	After epoch 32: Loss = 0.00437035492934512, R-squared = 0.9955251633753285
	After epoch 33: Loss = 0.005790116405786206, R-squared = 0.9944175599350326
	After epoch 34: Loss = 0.00442987960213745, R-squared = 0.9950637672790641
	After epoch 35: Loss = 0.003615836096571917, R-squared = 0.9959409579863999
	After epoch 36: Loss = 0.004012189978314105, R-squared = 0.9958041694800773
	After epoch 37: Loss = 0.003325162926656649, R-squared = 0.9966232372093261
	After epoch 38: Loss = 0.00257380639944597, R-squared = 0.9972836326085167
	After epoch 39: Loss = 0.0029280405622528418, R-squared = 0.996999790684401
	After epoch 40: Loss = 0.007009721506808955, R-squared = 0.9918001018598751
	After epoch 41: Loss = 0.003505964270986809, R-squared = 0.9966076884095403
	After epoch 42: Loss = 0.002201152551985281, R-squared = 0.9976035599742443
	After epoch 43: Loss = 0.002113107237045283, R-squared = 0.9977143413178702
	After epoch 44: Loss = 0.002080152519637847, R-squared = 0.997738780127057
	After epoch 45: Loss = 0.0019243284356745415, R-squared = 0.9977242196956903
	After epoch 46: Loss = 0.0027964698258569126, R-squared = 0.996708351358276
	After epoch 47: Loss = 0.0026572542766395645, R-squared = 0.9972650255339343
	After epoch 48: Loss = 0.00275577362030966, R-squared = 0.9967239626965361
	After epoch 49: Loss = 0.0016033489754897529, R-squared = 0.9982852550146946
	After epoch 50: Loss = 0.001911982467921639, R-squared = 0.9977042306827654
Training process has finished.
Using CNN: NoPoolCNN4 with learning rate: 0.0005
	After epoch 1: Loss = 0.8966145083672264, R-squared = 0.06960444145494753
	After epoch 2: Loss = 0.19624356246805624, R-squared = 0.7989607023215181
	After epoch 3: Loss = 0.09519111652880725, R-squared = 0.8928415910017972
	After epoch 4: Loss = 0.06539418113305204, R-squared = 0.9242870475917127
	After epoch 5: Loss = 0.04140715485480858, R-squared = 0.9575962290578598
	After epoch 6: Loss = 0.03782162744638836, R-squared = 0.9539924568083489
	After epoch 7: Loss = 0.03351889771090481, R-squared = 0.9658108140272159
	After epoch 8: Loss = 0.041829009219659034, R-squared = 0.955197814122992
	After epoch 9: Loss = 0.03277822320613664, R-squared = 0.9652926964062761
	After epoch 10: Loss = 0.025020406834404547, R-squared = 0.9741521988119851
	After epoch 11: Loss = 0.023062952090168978, R-squared = 0.9759633676450653
	After epoch 12: Loss = 0.01399106592018572, R-squared = 0.9848751794503267
	After epoch 13: Loss = 0.016669176004769755, R-squared = 0.9834928802271261
	After epoch 14: Loss = 0.015567085114206186, R-squared = 0.9838045746494813
	After epoch 15: Loss = 0.010652501092225205, R-squared = 0.988251896130613
	After epoch 16: Loss = 0.011441331646977651, R-squared = 0.9877454125981376
	After epoch 17: Loss = 0.03127205878990856, R-squared = 0.9702740995402269
	After epoch 18: Loss = 0.028725715306497424, R-squared = 0.9662595370439646
	After epoch 19: Loss = 0.10803920041685026, R-squared = 0.8777277006245463
	After epoch 20: Loss = 0.12325281527636356, R-squared = 0.8621414931712342
	After epoch 21: Loss = 0.03936518385000028, R-squared = 0.959676643811956
	After epoch 22: Loss = 0.03994947005599281, R-squared = 0.9577678032538746
	After epoch 23: Loss = 0.01949870441864893, R-squared = 0.9792827307436767
	After epoch 24: Loss = 0.0110854590261862, R-squared = 0.98823109910233
	After epoch 25: Loss = 0.0076473955029782575, R-squared = 0.9914613342948144
	After epoch 26: Loss = 0.006308555711953198, R-squared = 0.9930249280819243
	After epoch 27: Loss = 0.009835657046999945, R-squared = 0.9903032266047502
	After epoch 28: Loss = 0.005482105209108472, R-squared = 0.9934447459046675
	After epoch 29: Loss = 0.005857199705675961, R-squared = 0.9938967609567078
	After epoch 30: Loss = 0.0048116230858658935, R-squared = 0.9941252901992227
	After epoch 31: Loss = 0.002704873478262132, R-squared = 0.9942441966818917
	After epoch 32: Loss = 0.0021280097392424972, R-squared = 0.9976860020923318
	After epoch 33: Loss = 0.0021811911096586453, R-squared = 0.9977727209117807
	After epoch 34: Loss = 0.0041571677992202506, R-squared = 0.996060827637662
	After epoch 35: Loss = 0.004304642061410016, R-squared = 0.9948954854874185
	After epoch 36: Loss = 0.007906855463522204, R-squared = 0.9919970485316438
	After epoch 37: Loss = 0.011813353195307387, R-squared = 0.9841986115042431
	After epoch 38: Loss = 0.013129182339864817, R-squared = 0.9865504321574221
	After epoch 39: Loss = 0.010502843861719688, R-squared = 0.9903153017025732
	After epoch 40: Loss = 0.009510156856161005, R-squared = 0.9900178448861654
	After epoch 41: Loss = 0.0026624536365484836, R-squared = 0.997044104285111
	After epoch 42: Loss = 0.0019152300817499666, R-squared = 0.9978000536199187
	After epoch 43: Loss = 0.0014091770326496189, R-squared = 0.9984773361483705
	After epoch 44: Loss = 0.0008433969180338674, R-squared = 0.999089458080084
	After epoch 45: Loss = 0.0009908799431051706, R-squared = 0.9989475669593799
	After epoch 46: Loss = 0.0036325878017341487, R-squared = 0.9962067575071154
	After epoch 47: Loss = 0.009140506642077505, R-squared = 0.9911351521087364
	After epoch 48: Loss = 0.0036875173118651587, R-squared = 0.9940457187487176
	After epoch 49: Loss = 0.0016642656665257903, R-squared = 0.998354720586169
	After epoch 50: Loss = 0.0015167610569955382, R-squared = 0.9983229453880783
Training process has finished.
Using CNN: NoPoolCNN4 with learning rate: 0.001
	After epoch 1: Loss = 1.0678368575660482, R-squared = -0.12123776888259737
	After epoch 2: Loss = 0.6604102228098468, R-squared = 0.32321594364372574
	After epoch 3: Loss = 0.12769867540530605, R-squared = 0.8160238566066529
	After epoch 4: Loss = 0.054805320218955136, R-squared = 0.9272029418103713
	After epoch 5: Loss = 0.039208322809465034, R-squared = 0.9588171579103705
	After epoch 6: Loss = 0.023081945941407018, R-squared = 0.9710424482388745
	After epoch 7: Loss = 0.015999809152590156, R-squared = 0.9823003063810288
	After epoch 8: Loss = 0.018878968143702837, R-squared = 0.9817008324896248
	After epoch 9: Loss = 0.039253033823980446, R-squared = 0.9604447158779672
	After epoch 10: Loss = 0.02670864448097305, R-squared = 0.9737924959264971
	After epoch 11: Loss = 0.017581654917345407, R-squared = 0.9795626484459152
	After epoch 12: Loss = 0.027776765944749083, R-squared = 0.9700634701250799
	After epoch 13: Loss = 0.012619003958114525, R-squared = 0.986957670265648
	After epoch 14: Loss = 0.006485491305150655, R-squared = 0.9932690194330587
	After epoch 15: Loss = 0.006298519642333253, R-squared = 0.9932314810649405
	After epoch 16: Loss = 0.004909379114803286, R-squared = 0.9949762951023194
	After epoch 17: Loss = 0.007405975629693815, R-squared = 0.992335648739209
	After epoch 18: Loss = 0.012934263032688043, R-squared = 0.9856385128184998
	After epoch 19: Loss = 0.007224990163263524, R-squared = 0.9930279838491686
	After epoch 20: Loss = 0.002264174090410643, R-squared = 0.9973341282758634
	After epoch 21: Loss = 0.0017318189080618516, R-squared = 0.9982006704256218
	After epoch 22: Loss = 0.0019026435187287597, R-squared = 0.9979876017313536
	After epoch 23: Loss = 0.002002099622918874, R-squared = 0.9978594062482731
	After epoch 24: Loss = 0.005370139940297983, R-squared = 0.9943339957980986
	After epoch 25: Loss = 0.009684835082341085, R-squared = 0.9889994675648877
	After epoch 26: Loss = 0.019705710928154277, R-squared = 0.9789077817118276
	After epoch 27: Loss = 0.012463930025040395, R-squared = 0.9865924573343543
	After epoch 28: Loss = 0.005842424520386792, R-squared = 0.9938510973513093
	After epoch 29: Loss = 0.005069460174626633, R-squared = 0.9944174156156373
	After epoch 30: Loss = 0.0013946684511921107, R-squared = 0.9985111843850468
	After epoch 31: Loss = 0.0018066558028062341, R-squared = 0.998105148671347
	After epoch 32: Loss = 0.0039504387542833395, R-squared = 0.9945648187162799
	After epoch 33: Loss = 0.003131569481814206, R-squared = 0.9967782024795788
	After epoch 34: Loss = 0.0023491123494965784, R-squared = 0.9971078534971067
	After epoch 35: Loss = 0.004445877861702879, R-squared = 0.9949490170874646
	After epoch 36: Loss = 0.006318440950863387, R-squared = 0.9938964348558516
	After epoch 37: Loss = 0.0022984290809955335, R-squared = 0.9977562085756357
	After epoch 38: Loss = 0.0022665721708390167, R-squared = 0.9977044950032121
	After epoch 39: Loss = 0.001222323786294787, R-squared = 0.9987340075661452
	After epoch 40: Loss = 0.0008578456746388609, R-squared = 0.9990821660762984
	After epoch 41: Loss = 0.0020856614521216014, R-squared = 0.9977952898365714
	After epoch 42: Loss = 0.0014268109671122316, R-squared = 0.9978532376383292
	After epoch 43: Loss = 0.0011279409707900757, R-squared = 0.9988170468700874
	After epoch 44: Loss = 0.0006249777011524206, R-squared = 0.9993254630536669
	After epoch 45: Loss = 0.00044847312757165323, R-squared = 0.9994828012184765
	After epoch 46: Loss = 0.0003450516118601168, R-squared = 0.9996347490734374
	After epoch 47: Loss = 0.00046322499906458067, R-squared = 0.9995338993907715
	After epoch 48: Loss = 0.0002648795439063992, R-squared = 0.9997074759525937
	After epoch 49: Loss = 0.0005045374043075865, R-squared = 0.9994038486824449
	After epoch 50: Loss = 0.0005356177612756702, R-squared = 0.9994093646754514
Training process has finished.
Using CNN: NoPoolCNN4 with learning rate: 0.005
	After epoch 1: Loss = 4.189407401543324, R-squared = -2.6673978174773234
	After epoch 2: Loss = 1.0851394660873737, R-squared = -0.11756402643711006
	After epoch 3: Loss = 1.001091830800098, R-squared = -0.03610401769016678
	After epoch 4: Loss = 1.0075973743780022, R-squared = -0.025927336519823173
	After epoch 5: Loss = 1.0033303186106206, R-squared = -0.01644894189739161
	After epoch 6: Loss = 1.0015018952081696, R-squared = -0.022591917144237538
	After epoch 7: Loss = 1.0017120650461113, R-squared = -0.022545155997324474
	After epoch 8: Loss = 0.9996125286825448, R-squared = -0.030256859133929594
	After epoch 9: Loss = 1.001895534236366, R-squared = -0.0105091996239712
	After epoch 10: Loss = 1.0009073165053688, R-squared = -0.04432487389163466
	After epoch 11: Loss = 0.998020060063413, R-squared = -0.026536902260419392
	After epoch 12: Loss = 0.988584893518053, R-squared = -0.011987169690455202
	After epoch 13: Loss = 0.9483765022854957, R-squared = 0.012507592581880578
	After epoch 14: Loss = 0.6631932097848947, R-squared = 0.3432140607301271
	After epoch 15: Loss = 0.6844682818983007, R-squared = 0.3054359553286153
	After epoch 16: Loss = 0.7760387821648991, R-squared = 0.2176514809093404
	After epoch 17: Loss = 0.6557280241257042, R-squared = 0.35238020908761225
	After epoch 18: Loss = 0.3565010650449158, R-squared = 0.6215698264301425
	After epoch 19: Loss = 0.17555669852499767, R-squared = 0.7954937423130822
	After epoch 20: Loss = 0.07529994772050522, R-squared = 0.9104962360179847
	After epoch 21: Loss = 0.059470804468128836, R-squared = 0.9391364743109328
	After epoch 22: Loss = 0.035414787085280376, R-squared = 0.960948473140458
	After epoch 23: Loss = 0.029910343508475396, R-squared = 0.9639480308061976
	After epoch 24: Loss = 0.03056238013599858, R-squared = 0.9665043627443941
	After epoch 25: Loss = 0.022702577862356323, R-squared = 0.9739093983108091
	After epoch 26: Loss = 0.026687379284548028, R-squared = 0.9727425834419158
	After epoch 27: Loss = 0.021354338632005157, R-squared = 0.9772217656884508
	After epoch 28: Loss = 0.016177695895680907, R-squared = 0.9828049657632058
	After epoch 29: Loss = 0.012392922461680023, R-squared = 0.9851146476906495
	After epoch 30: Loss = 0.010231955814140083, R-squared = 0.989061754156039
	After epoch 31: Loss = 0.013238151554360322, R-squared = 0.9850023702815495
	After epoch 32: Loss = 0.008813934342704203, R-squared = 0.9906734610915391
	After epoch 33: Loss = 0.006707054209171869, R-squared = 0.992535170399415
	After epoch 34: Loss = 0.004362506816824252, R-squared = 0.9955652915189133
	After epoch 35: Loss = 0.0029986106884952223, R-squared = 0.9966657918899067
	After epoch 36: Loss = 0.0028321251694986035, R-squared = 0.9968501429276987
	After epoch 37: Loss = 0.0024346795738855115, R-squared = 0.9972277874762087
	After epoch 38: Loss = 0.003007963046047537, R-squared = 0.9964283833741137
	After epoch 39: Loss = 0.004711688054079971, R-squared = 0.99532043557588
	After epoch 40: Loss = 0.0027070983030812613, R-squared = 0.9972273017528565
	After epoch 41: Loss = 0.002584444951250836, R-squared = 0.9971872708944348
	After epoch 42: Loss = 0.0027305680646245454, R-squared = 0.9967621413163761
	After epoch 43: Loss = 0.007087663292693888, R-squared = 0.9919907413655707
	After epoch 44: Loss = 0.002818166624316475, R-squared = 0.997016452916587
	After epoch 45: Loss = 0.002116596783122568, R-squared = 0.9976942521998886
	After epoch 46: Loss = 0.0028579628155910907, R-squared = 0.9971202904525909
	After epoch 47: Loss = 0.0014849223601227173, R-squared = 0.998289442415951
	After epoch 48: Loss = 0.0016727120608981932, R-squared = 0.9980179272997308
	After epoch 49: Loss = 0.0013187041385542054, R-squared = 0.9986433386577263
	After epoch 50: Loss = 0.001087449623759185, R-squared = 0.9986512913460114
Training process has finished.
Time taken for NoPoolCNN4: 1538.6346468925476 seconds
gpu_utilization [%], mem_utilization [%], max_memory_usage [MiB], time [ms]
89 %, 53 %, 31888 MiB, 4033597 ms
