Mon Dec 16 14:42:10 2024       
+-----------------------------------------------------------------------------------------+
| NVIDIA-SMI 565.57.01              Driver Version: 565.57.01      CUDA Version: 12.7     |
|-----------------------------------------+------------------------+----------------------+
| GPU  Name                 Persistence-M | Bus-Id          Disp.A | Volatile Uncorr. ECC |
| Fan  Temp   Perf          Pwr:Usage/Cap |           Memory-Usage | GPU-Util  Compute M. |
|                                         |                        |               MIG M. |
|=========================================+========================+======================|
|   0  Tesla V100S-PCIE-32GB          On  |   00000000:25:00.0 Off |                    0 |
| N/A   32C    P0             25W /  250W |       1MiB /  32768MiB |      0%      Default |
|                                         |                        |                  N/A |
+-----------------------------------------+------------------------+----------------------+
                                                                                         
+-----------------------------------------------------------------------------------------+
| Processes:                                                                              |
|  GPU   GI   CI        PID   Type   Process name                              GPU Memory |
|        ID   ID                                                               Usage      |
|=========================================================================================|
|  No running processes found                                                             |
+-----------------------------------------------------------------------------------------+
Using device: cuda
Number of permeability values: 455
Number of images: 455
Using CNN: NoPoolCNN1 with learning rate: 1e-05
	After epoch 1: Loss = 1.0097686331190965, R-squared = -0.03055310806628151
	After epoch 2: Loss = 1.006827813511906, R-squared = -0.042905694547075046
	After epoch 3: Loss = 0.9997002198706786, R-squared = -0.09475322138445431
	After epoch 4: Loss = 1.0011729209993556, R-squared = -0.030164890450280403
	After epoch 5: Loss = 0.9981609427900157, R-squared = -0.017384393410617593
	After epoch 6: Loss = 0.9968714363156244, R-squared = -0.0194860572483735
	After epoch 7: Loss = 0.9967734132708355, R-squared = -0.05340231322699131
	After epoch 8: Loss = 0.9929326671899942, R-squared = -0.01939623924543541
	After epoch 9: Loss = 0.987543624741452, R-squared = -0.023710046654988014
	After epoch 10: Loss = 0.9859358832208027, R-squared = -0.016258700283022433
	After epoch 11: Loss = 0.9816295859698541, R-squared = -0.008626640083672
	After epoch 12: Loss = 0.9765182426933926, R-squared = -0.04658888750747294
	After epoch 13: Loss = 0.9726488431354724, R-squared = 0.008168685925748242
	After epoch 14: Loss = 0.9611047950674216, R-squared = -0.011743888101109101
	After epoch 15: Loss = 0.955463915326977, R-squared = 0.015488022894267272
	After epoch 16: Loss = 0.946679826675318, R-squared = 0.025464526033959968
	After epoch 17: Loss = 0.9376062061384989, R-squared = 0.030261259694822094
	After epoch 18: Loss = 0.9191059080683914, R-squared = 0.06477446334052267
	After epoch 19: Loss = 0.9051719996077573, R-squared = 0.06663729375333162
	After epoch 20: Loss = 0.8898129363488969, R-squared = 0.0873731692251749
	After epoch 21: Loss = 0.8681601944331673, R-squared = 0.11431617237513536
	After epoch 22: Loss = 0.8438227946895914, R-squared = 0.1547299055371928
	After epoch 23: Loss = 0.8156085873876325, R-squared = 0.17621637238298213
	After epoch 24: Loss = 0.7825728057219504, R-squared = 0.20598314321976607
	After epoch 25: Loss = 0.74900769486177, R-squared = 0.24862258044468977
	After epoch 26: Loss = 0.7109667825866735, R-squared = 0.27855625845993304
	After epoch 27: Loss = 0.6693212464399055, R-squared = 0.30824467310902615
	After epoch 28: Loss = 0.6229970375938871, R-squared = 0.3658664335012025
	After epoch 29: Loss = 0.5722400918659787, R-squared = 0.42315429250510217
	After epoch 30: Loss = 0.5236291575096674, R-squared = 0.4750848328915933
	After epoch 31: Loss = 0.47262556527196153, R-squared = 0.5144828028403686
	After epoch 32: Loss = 0.4258788574326207, R-squared = 0.5779951312766627
	After epoch 33: Loss = 0.3783371093438673, R-squared = 0.6176910989882218
	After epoch 34: Loss = 0.33382014698182616, R-squared = 0.6641862026023905
	After epoch 35: Loss = 0.2940596208072363, R-squared = 0.700586287276345
	After epoch 36: Loss = 0.2594078008201929, R-squared = 0.7291468172415204
	After epoch 37: Loss = 0.23326890664251504, R-squared = 0.7602491484963596
	After epoch 38: Loss = 0.2070727459781542, R-squared = 0.7919279030008028
	After epoch 39: Loss = 0.18644634694203738, R-squared = 0.7904962779010779
	After epoch 40: Loss = 0.1654712194666192, R-squared = 0.8316098944416922
	After epoch 41: Loss = 0.15070638661319807, R-squared = 0.8447622325692631
	After epoch 42: Loss = 0.13494654656911662, R-squared = 0.867034954216439
	After epoch 43: Loss = 0.12166300773430323, R-squared = 0.8741898508966349
	After epoch 44: Loss = 0.11231175633462684, R-squared = 0.8867698457044348
	After epoch 45: Loss = 0.1007739587132935, R-squared = 0.8993843275216298
	After epoch 46: Loss = 0.0902098044903624, R-squared = 0.9093538098437154
	After epoch 47: Loss = 0.08293263801680148, R-squared = 0.9139684289724042
	After epoch 48: Loss = 0.07533469719011576, R-squared = 0.916761711251354
	After epoch 49: Loss = 0.0694027544411264, R-squared = 0.9291091684451477
	After epoch 50: Loss = 0.06391224730755168, R-squared = 0.928753065866289
Training process has finished.
Using CNN: NoPoolCNN1 with learning rate: 5e-05
	After epoch 1: Loss = 1.0521164465066026, R-squared = -0.21306434394757198
	After epoch 2: Loss = 1.0054858160037115, R-squared = -0.049161149202255526
	After epoch 3: Loss = 0.9856746611732055, R-squared = 0.003656276652932311
	After epoch 4: Loss = 0.9815220367856947, R-squared = -0.06331336580417285
	After epoch 5: Loss = 0.9664383326845151, R-squared = -0.017444127344225825
	After epoch 6: Loss = 0.9593834405555224, R-squared = 0.019801601405622114
	After epoch 7: Loss = 0.9340243979422288, R-squared = 0.03474105767908
	After epoch 8: Loss = 0.9046503561019652, R-squared = 0.08018017416309084
	After epoch 9: Loss = 0.8623531552330252, R-squared = 0.10721637769565691
	After epoch 10: Loss = 0.7939609091608605, R-squared = 0.18709239903627664
	After epoch 11: Loss = 0.6995067617932756, R-squared = 0.29530686161746733
	After epoch 12: Loss = 0.6120746828661627, R-squared = 0.38916051470554797
	After epoch 13: Loss = 0.5832434335343141, R-squared = 0.4194641872148822
	After epoch 14: Loss = 0.5673919597720284, R-squared = 0.4424528444118302
	After epoch 15: Loss = 0.5484445984814645, R-squared = 0.4609522273292062
	After epoch 16: Loss = 0.5267922768082316, R-squared = 0.47633253123243335
	After epoch 17: Loss = 0.5003781068147941, R-squared = 0.5057139933889289
	After epoch 18: Loss = 0.4652343470220986, R-squared = 0.5479176215927956
	After epoch 19: Loss = 0.422207920724206, R-squared = 0.5894084308701317
	After epoch 20: Loss = 0.36039912441270533, R-squared = 0.637492055079015
	After epoch 21: Loss = 0.2870185251300351, R-squared = 0.7101105572893452
	After epoch 22: Loss = 0.2328956874434545, R-squared = 0.7604136461995592
	After epoch 23: Loss = 0.17315793749990002, R-squared = 0.8237069299302254
	After epoch 24: Loss = 0.1342559659054294, R-squared = 0.864312610558138
	After epoch 25: Loss = 0.10343332108906907, R-squared = 0.8944726317400754
	After epoch 26: Loss = 0.0803838130579064, R-squared = 0.9115221388394115
	After epoch 27: Loss = 0.06873307467929168, R-squared = 0.9255111515041603
	After epoch 28: Loss = 0.06165177708177938, R-squared = 0.9225363181715123
	After epoch 29: Loss = 0.06253525495706946, R-squared = 0.9302864317128691
	After epoch 30: Loss = 0.0528544449987941, R-squared = 0.9376011793060484
	After epoch 31: Loss = 0.047389236289204516, R-squared = 0.9494431077453542
	After epoch 32: Loss = 0.04948731075881981, R-squared = 0.9440443249670676
	After epoch 33: Loss = 0.035325972556591034, R-squared = 0.9638704898273349
	After epoch 34: Loss = 0.03545902434347941, R-squared = 0.9622853304772765
	After epoch 35: Loss = 0.04372476358661366, R-squared = 0.9497075028704316
	After epoch 36: Loss = 0.04082684511934216, R-squared = 0.9465707991948598
	After epoch 37: Loss = 0.030122717793429798, R-squared = 0.9689341513289946
	After epoch 38: Loss = 0.027028089034210688, R-squared = 0.9730761479128975
	After epoch 39: Loss = 0.03069307792601985, R-squared = 0.9677528372637999
	After epoch 40: Loss = 0.025236031709007834, R-squared = 0.9728128844914817
	After epoch 41: Loss = 0.02658150566307537, R-squared = 0.9701201434845308
	After epoch 42: Loss = 0.030342009550763237, R-squared = 0.9658292430724723
	After epoch 43: Loss = 0.028466067815761952, R-squared = 0.9705000926416819
	After epoch 44: Loss = 0.024907475588434487, R-squared = 0.9749813285554516
	After epoch 45: Loss = 0.025091354120131283, R-squared = 0.9737348049051592
	After epoch 46: Loss = 0.02590128595258529, R-squared = 0.9713992307612154
	After epoch 47: Loss = 0.025235674892802186, R-squared = 0.9743133653386675
	After epoch 48: Loss = 0.022519864947639488, R-squared = 0.9745226850184687
	After epoch 49: Loss = 0.01971405866937579, R-squared = 0.9796374101009206
	After epoch 50: Loss = 0.020560485574837153, R-squared = 0.9775685983095196
Training process has finished.
Using CNN: NoPoolCNN1 with learning rate: 0.0001
	After epoch 1: Loss = 1.0166950123299485, R-squared = -0.02949025659642135
	After epoch 2: Loss = 0.9768201773510417, R-squared = 0.009654667692900454
	After epoch 3: Loss = 0.915821515115856, R-squared = 0.08149908245645449
	After epoch 4: Loss = 0.7752689993376098, R-squared = 0.19520241669804034
	After epoch 5: Loss = 0.5005098172896824, R-squared = 0.4807113416832802
	After epoch 6: Loss = 0.24058332348708977, R-squared = 0.7150787994172848
	After epoch 7: Loss = 0.08502534696837957, R-squared = 0.9082955740809607
	After epoch 8: Loss = 0.05910531279912098, R-squared = 0.939640164655728
	After epoch 9: Loss = 0.04657564546792358, R-squared = 0.9445812185161244
	After epoch 10: Loss = 0.04159147860715831, R-squared = 0.9469324313930867
	After epoch 11: Loss = 0.038512179465464695, R-squared = 0.9577929923920916
	After epoch 12: Loss = 0.034058320886262504, R-squared = 0.9605207533817792
	After epoch 13: Loss = 0.031405781672566725, R-squared = 0.9674966099583748
	After epoch 14: Loss = 0.030428632313943264, R-squared = 0.9669912079750009
	After epoch 15: Loss = 0.02848849264859706, R-squared = 0.96901758654207
	After epoch 16: Loss = 0.03212223056168696, R-squared = 0.9659446073823099
	After epoch 17: Loss = 0.032080307353261055, R-squared = 0.966101114962364
	After epoch 18: Loss = 0.030291034897105697, R-squared = 0.967281732619351
	After epoch 19: Loss = 0.0289810618570804, R-squared = 0.9484962755675641
	After epoch 20: Loss = 0.020319383586940545, R-squared = 0.9787980803789994
	After epoch 21: Loss = 0.021528497305510163, R-squared = 0.9761301589602477
	After epoch 22: Loss = 0.02184359593244747, R-squared = 0.9769709727314619
	After epoch 23: Loss = 0.02111166633580091, R-squared = 0.9783386277714279
	After epoch 24: Loss = 0.020311305965545614, R-squared = 0.9780904624334147
	After epoch 25: Loss = 0.016620896548114193, R-squared = 0.9828656436143189
	After epoch 26: Loss = 0.017088606317094718, R-squared = 0.9809508825615009
	After epoch 27: Loss = 0.014309402739035174, R-squared = 0.9847889662641546
	After epoch 28: Loss = 0.01442254131244906, R-squared = 0.9851084329471931
	After epoch 29: Loss = 0.012968447554042282, R-squared = 0.9865197082614771
	After epoch 30: Loss = 0.011879243092331206, R-squared = 0.9871623870221535
	After epoch 31: Loss = 0.011694292393966703, R-squared = 0.9871872531799148
	After epoch 32: Loss = 0.010791872374917282, R-squared = 0.9859918769800334
	After epoch 33: Loss = 0.011088704185665835, R-squared = 0.9877185591278554
	After epoch 34: Loss = 0.010576880187320175, R-squared = 0.9894301075255504
	After epoch 35: Loss = 0.008225990318292324, R-squared = 0.990865176029522
	After epoch 36: Loss = 0.008263573698429198, R-squared = 0.9914098728822236
	After epoch 37: Loss = 0.007313486733524272, R-squared = 0.9926925535345459
	After epoch 38: Loss = 0.009924925892262574, R-squared = 0.9890480620026766
	After epoch 39: Loss = 0.008954141285682, R-squared = 0.9885006209378417
	After epoch 40: Loss = 0.008214022630330409, R-squared = 0.9913488846699205
	After epoch 41: Loss = 0.008099794686663832, R-squared = 0.9914363229397709
	After epoch 42: Loss = 0.006871040104172966, R-squared = 0.9924108979239582
	After epoch 43: Loss = 0.006262858941325869, R-squared = 0.993779214224271
	After epoch 44: Loss = 0.0055391752500793204, R-squared = 0.9943424430932153
	After epoch 45: Loss = 0.004520548030219352, R-squared = 0.9953983336312643
	After epoch 46: Loss = 0.004136396688794269, R-squared = 0.9960456687962461
	After epoch 47: Loss = 0.004725223088537678, R-squared = 0.9950273973615223
	After epoch 48: Loss = 0.00511110962977372, R-squared = 0.9949669117724896
	After epoch 49: Loss = 0.005717234005717169, R-squared = 0.994390023951758
	After epoch 50: Loss = 0.003867482108202435, R-squared = 0.9959278573365049
Training process has finished.
Using CNN: NoPoolCNN1 with learning rate: 0.0005
	After epoch 1: Loss = 1.0266459791800089, R-squared = -0.08661465734467103
	After epoch 2: Loss = 0.7895162469689835, R-squared = 0.18957647034365452
	After epoch 3: Loss = 0.21325797233458532, R-squared = 0.7900420121811325
	After epoch 4: Loss = 0.06490361023042954, R-squared = 0.9295866767908183
	After epoch 5: Loss = 0.06319298164704479, R-squared = 0.9345536135815127
	After epoch 6: Loss = 0.053360634576850065, R-squared = 0.9477690565193659
	After epoch 7: Loss = 0.059110931197600636, R-squared = 0.9362266053565413
	After epoch 8: Loss = 0.05795090114738723, R-squared = 0.9383769722963959
	After epoch 9: Loss = 0.051728283041005775, R-squared = 0.9338187251655397
	After epoch 10: Loss = 0.028577573589210196, R-squared = 0.9700586530668959
	After epoch 11: Loss = 0.018810576632318804, R-squared = 0.9798266277981517
	After epoch 12: Loss = 0.013872083720005262, R-squared = 0.9841513981760626
	After epoch 13: Loss = 0.017880629041805058, R-squared = 0.9813850415938588
	After epoch 14: Loss = 0.032688571233971606, R-squared = 0.9536858735115267
	After epoch 15: Loss = 0.02221002912551407, R-squared = 0.9774774036903626
	After epoch 16: Loss = 0.023225961520893894, R-squared = 0.9753470037822357
	After epoch 17: Loss = 0.021439282711543578, R-squared = 0.9737518839847026
	After epoch 18: Loss = 0.009938984138555275, R-squared = 0.9894391920076879
	After epoch 19: Loss = 0.007569074947675095, R-squared = 0.9917939803355986
	After epoch 20: Loss = 0.007347663553775594, R-squared = 0.992447389920585
	After epoch 21: Loss = 0.009444941955140968, R-squared = 0.9903887999258666
	After epoch 22: Loss = 0.010246517510873404, R-squared = 0.989884964625588
	After epoch 23: Loss = 0.005922425654136391, R-squared = 0.9923831066111057
	After epoch 24: Loss = 0.0073026419494147485, R-squared = 0.9923998349426542
	After epoch 25: Loss = 0.005716452277527399, R-squared = 0.993682284844559
	After epoch 26: Loss = 0.004614263765319618, R-squared = 0.9954058283734775
	After epoch 27: Loss = 0.007031432261698491, R-squared = 0.9928111057326567
	After epoch 28: Loss = 0.003728512564506558, R-squared = 0.9963060997890268
	After epoch 29: Loss = 0.0020241956310765165, R-squared = 0.9976486149140082
	After epoch 30: Loss = 0.0021390877993296385, R-squared = 0.9976884057876629
	After epoch 31: Loss = 0.004735756929295805, R-squared = 0.9941510369906853
	After epoch 32: Loss = 0.0047061096149151, R-squared = 0.9947284645207162
	After epoch 33: Loss = 0.0018577100398156881, R-squared = 0.9979998001465639
	After epoch 34: Loss = 0.0019937824661286833, R-squared = 0.9976730087619217
	After epoch 35: Loss = 0.0012771154561659133, R-squared = 0.9987159456010277
	After epoch 36: Loss = 0.0013516702343926695, R-squared = 0.9985615306078304
	After epoch 37: Loss = 0.002032921747725217, R-squared = 0.9975425223862535
	After epoch 38: Loss = 0.0013714698378506707, R-squared = 0.9986159874764139
	After epoch 39: Loss = 0.0012501031000551042, R-squared = 0.9987001795605798
	After epoch 40: Loss = 0.0014916178707022156, R-squared = 0.9981370687953586
	After epoch 41: Loss = 0.002911285696654768, R-squared = 0.9967415602400648
	After epoch 42: Loss = 0.0015291990549011413, R-squared = 0.9984389063815773
	After epoch 43: Loss = 0.002764235901547435, R-squared = 0.9967854265681042
	After epoch 44: Loss = 0.0007924238633648685, R-squared = 0.9992087078187251
	After epoch 45: Loss = 0.000754522654949476, R-squared = 0.9991565418894452
	After epoch 46: Loss = 0.0007561814940534102, R-squared = 0.9992174444539723
	After epoch 47: Loss = 0.0006995356359086743, R-squared = 0.9991636066877501
	After epoch 48: Loss = 0.0008224585753786425, R-squared = 0.9990128457806815
	After epoch 49: Loss = 0.0010617579204799496, R-squared = 0.9985462797781306
	After epoch 50: Loss = 0.0010074089008085092, R-squared = 0.9988468211541075
Training process has finished.
Using CNN: NoPoolCNN1 with learning rate: 0.001
	After epoch 1: Loss = 1.033731324700088, R-squared = -0.07695154418544223
	After epoch 2: Loss = 0.8282688058262883, R-squared = 0.1344525219922054
	After epoch 3: Loss = 0.23638439851922924, R-squared = 0.7566584164177967
	After epoch 4: Loss = 0.11150577295637595, R-squared = 0.891656554246046
	After epoch 5: Loss = 0.06061773501431107, R-squared = 0.9376600092817012
	After epoch 6: Loss = 0.03848993912362111, R-squared = 0.9583411104269416
	After epoch 7: Loss = 0.027122923228222184, R-squared = 0.9659376983867609
	After epoch 8: Loss = 0.02600026700836333, R-squared = 0.9724176612541211
	After epoch 9: Loss = 0.02373820289015879, R-squared = 0.9751184399756253
	After epoch 10: Loss = 0.01632214668482073, R-squared = 0.9825014595191013
	After epoch 11: Loss = 0.01852147852022867, R-squared = 0.9782699653257148
	After epoch 12: Loss = 0.00932777586872266, R-squared = 0.9904383091772712
	After epoch 13: Loss = 0.01099377432134288, R-squared = 0.9886072548797957
	After epoch 14: Loss = 0.0050209392645745735, R-squared = 0.9950377199905927
	After epoch 15: Loss = 0.0034148240197686315, R-squared = 0.9957289581251528
	After epoch 16: Loss = 0.002609148062364589, R-squared = 0.9972222986535086
	After epoch 17: Loss = 0.002098842306144303, R-squared = 0.9974942914877296
	After epoch 18: Loss = 0.002518999880460202, R-squared = 0.9973801874657294
	After epoch 19: Loss = 0.0014320287507546116, R-squared = 0.998153707486348
	After epoch 20: Loss = 0.0013028621564453874, R-squared = 0.9984658705133345
	After epoch 21: Loss = 0.0012582618041726652, R-squared = 0.9985709573834176
	After epoch 22: Loss = 0.001536743043197279, R-squared = 0.9985064347657527
	After epoch 23: Loss = 0.001963693646916697, R-squared = 0.9979377489068335
	After epoch 24: Loss = 0.0006360384788864679, R-squared = 0.999224181807592
	After epoch 25: Loss = 0.0007647936969864775, R-squared = 0.9992268816586682
	After epoch 26: Loss = 0.00665440979813645, R-squared = 0.9921373137673768
	After epoch 27: Loss = 0.003885546786721192, R-squared = 0.9960776984323338
	After epoch 28: Loss = 0.003692801398861051, R-squared = 0.9962589041594747
	After epoch 29: Loss = 0.0011204628182145294, R-squared = 0.9987917734780597
	After epoch 30: Loss = 0.0036238230168805785, R-squared = 0.9961397095967115
	After epoch 31: Loss = 0.004849551783665237, R-squared = 0.9947993400343375
	After epoch 32: Loss = 0.004164174235477014, R-squared = 0.9950397968552714
	After epoch 33: Loss = 0.004473828190876822, R-squared = 0.9953874655884336
	After epoch 34: Loss = 0.012410545583399959, R-squared = 0.985326345132268
	After epoch 35: Loss = 0.009437739443793202, R-squared = 0.9899473377981245
	After epoch 36: Loss = 0.007865961580666249, R-squared = 0.9915466011639754
	After epoch 37: Loss = 0.004320631213203132, R-squared = 0.9957417303054029
	After epoch 38: Loss = 0.0012993348759529023, R-squared = 0.9986662682336742
	After epoch 39: Loss = 0.0007634696565377866, R-squared = 0.9989470083472742
	After epoch 40: Loss = 0.0006260650497142948, R-squared = 0.9993262528537054
	After epoch 41: Loss = 0.00046058067757262045, R-squared = 0.9994514934465364
	After epoch 42: Loss = 0.00032288101254080966, R-squared = 0.9996534446329453
	After epoch 43: Loss = 0.00044381317742685076, R-squared = 0.9995635187573578
	After epoch 44: Loss = 0.0006983164128696491, R-squared = 0.9992745940473646
	After epoch 45: Loss = 0.0004194157046098016, R-squared = 0.9994936846621725
	After epoch 46: Loss = 0.0006269599281696298, R-squared = 0.9992818481464394
	After epoch 47: Loss = 0.0003955966485337691, R-squared = 0.9995536314077824
	After epoch 48: Loss = 0.0003151082895112524, R-squared = 0.9996386708596571
	After epoch 49: Loss = 0.00026225418140934535, R-squared = 0.999674221107812
	After epoch 50: Loss = 0.00019616240080395963, R-squared = 0.9997785009393401
Training process has finished.
Using CNN: NoPoolCNN1 with learning rate: 0.005
	After epoch 1: Loss = 2.367140919372825, R-squared = -1.3677110006407782
	After epoch 2: Loss = 1.0349815491006344, R-squared = -0.08757142442063295
	After epoch 3: Loss = 0.8101268283537287, R-squared = 0.15773902358549838
	After epoch 4: Loss = 0.2736910788015319, R-squared = 0.6628285841572734
	After epoch 5: Loss = 0.12386861981448113, R-squared = 0.8717689610766632
	After epoch 6: Loss = 0.051259904964477264, R-squared = 0.9480521495305106
	After epoch 7: Loss = 0.037523247146518765, R-squared = 0.9624406048790345
	After epoch 8: Loss = 0.030437274921363618, R-squared = 0.9683260313057003
	After epoch 9: Loss = 0.01571135486518193, R-squared = 0.9832737115094421
	After epoch 10: Loss = 0.014994105124167462, R-squared = 0.9830354349503214
	After epoch 11: Loss = 0.010135561527461912, R-squared = 0.9900040586391073
	After epoch 12: Loss = 0.009616046123649113, R-squared = 0.9891750937729155
	After epoch 13: Loss = 0.015408761508361674, R-squared = 0.9818829202484048
	After epoch 14: Loss = 0.015559936179546291, R-squared = 0.9843839995622223
	After epoch 15: Loss = 0.0046340897531856415, R-squared = 0.9950016281639795
	After epoch 16: Loss = 0.01785730251005094, R-squared = 0.9825432043108064
	After epoch 17: Loss = 0.03196562479453174, R-squared = 0.9676765351037376
	After epoch 18: Loss = 0.0067958113651978135, R-squared = 0.9923570053418954
	After epoch 19: Loss = 0.0032480393724911476, R-squared = 0.9960486314846211
	After epoch 20: Loss = 0.0022100795634010296, R-squared = 0.997736992797137
	After epoch 21: Loss = 0.002781442764411778, R-squared = 0.9972340206710608
	After epoch 22: Loss = 0.002542839225273776, R-squared = 0.996642718796043
	After epoch 23: Loss = 0.002495594334237757, R-squared = 0.9974444632277617
	After epoch 24: Loss = 0.002265623812779438, R-squared = 0.9975534862246803
	After epoch 25: Loss = 0.0018497363649363362, R-squared = 0.9980681537255828
	After epoch 26: Loss = 0.0033528533616879763, R-squared = 0.9963352129410014
	After epoch 27: Loss = 0.0025702649112976225, R-squared = 0.9970510601628602
	After epoch 28: Loss = 0.0020165519721319822, R-squared = 0.9979611136873705
	After epoch 29: Loss = 0.0037255554367043925, R-squared = 0.9960254455257598
	After epoch 30: Loss = 0.00286949883397153, R-squared = 0.996837570821803
	After epoch 31: Loss = 0.003162282450404229, R-squared = 0.9965572486517651
	After epoch 32: Loss = 0.005797768432882722, R-squared = 0.9940324139599154
	After epoch 33: Loss = 0.005277440215254146, R-squared = 0.9936348429537396
	After epoch 34: Loss = 0.0021421676719054978, R-squared = 0.997545960933539
	After epoch 35: Loss = 0.002245706816012057, R-squared = 0.9975986419201733
	After epoch 36: Loss = 0.0036608125044812817, R-squared = 0.996262027129271
	After epoch 37: Loss = 0.0027684448955244195, R-squared = 0.9971531334998783
	After epoch 38: Loss = 0.0037528427313086874, R-squared = 0.9959149723702347
	After epoch 39: Loss = 0.0015870715475012887, R-squared = 0.9983903086302452
	After epoch 40: Loss = 0.0012616896058152303, R-squared = 0.9986759649185242
	After epoch 41: Loss = 0.0009627391093479235, R-squared = 0.9985674447190529
	After epoch 42: Loss = 0.0020516912275421978, R-squared = 0.9975741509112653
	After epoch 43: Loss = 0.005475334384639826, R-squared = 0.994383710169501
	After epoch 44: Loss = 0.006785481803710985, R-squared = 0.9932088651387623
	After epoch 45: Loss = 0.005217751722149099, R-squared = 0.9944744511374038
	After epoch 46: Loss = 0.0038119246994223503, R-squared = 0.9955854545730072
	After epoch 47: Loss = 0.007604430166101922, R-squared = 0.9891758110175933
	After epoch 48: Loss = 0.005205326537210531, R-squared = 0.9947775517516165
	After epoch 49: Loss = 0.002122010891719994, R-squared = 0.9978386278671509
	After epoch 50: Loss = 0.001229949996334188, R-squared = 0.9986327899321745
Training process has finished.
Time taken for NoPoolCNN1: 1310.7775497436523 seconds
Using CNN: NoPoolCNN3 with learning rate: 1e-05
	After epoch 1: Loss = 1.044674580487906, R-squared = -0.17750213115398206
	After epoch 2: Loss = 1.0304187440450785, R-squared = -0.07628312537305645
	After epoch 3: Loss = 1.021992783241124, R-squared = -0.058686372181889476
	After epoch 4: Loss = 1.0147958020003816, R-squared = -0.07031906819427766
	After epoch 5: Loss = 1.0005854623479862, R-squared = -0.0800196326901488
	After epoch 6: Loss = 0.9987112183166381, R-squared = -0.04665609930002677
	After epoch 7: Loss = 0.9886483257266538, R-squared = -0.11373984515145448
	After epoch 8: Loss = 0.9829495998853359, R-squared = -0.06483007001522874
	After epoch 9: Loss = 0.9785662026056837, R-squared = 0.014714748869623151
	After epoch 10: Loss = 0.9684402988587572, R-squared = -0.06826482557176419
	After epoch 11: Loss = 0.9701322084041042, R-squared = -0.0004937135921384561
	After epoch 12: Loss = 0.9549465305596, R-squared = 0.01620661261169797
	After epoch 13: Loss = 0.9540031367919404, R-squared = 0.03695707460114901
	After epoch 14: Loss = 0.9392372972407161, R-squared = 0.03607384644769505
	After epoch 15: Loss = 0.9295154736767621, R-squared = 0.057991427089121216
	After epoch 16: Loss = 0.911885097216841, R-squared = 0.05131069216245521
	After epoch 17: Loss = 0.8972878593041369, R-squared = 0.0935434637414301
	After epoch 18: Loss = 0.8781028783207395, R-squared = 0.10189332210370776
	After epoch 19: Loss = 0.8557983727801146, R-squared = 0.13136213562517124
	After epoch 20: Loss = 0.8274060008082167, R-squared = 0.15314804489930575
	After epoch 21: Loss = 0.7944873183887436, R-squared = 0.20118793671001525
	After epoch 22: Loss = 0.7535260438333741, R-squared = 0.24129413115067636
	After epoch 23: Loss = 0.7081343652481646, R-squared = 0.2848206868990973
	After epoch 24: Loss = 0.6594655842581261, R-squared = 0.3344183732509072
	After epoch 25: Loss = 0.6230282803082416, R-squared = 0.378917746474261
	After epoch 26: Loss = 0.6022251923436601, R-squared = 0.40243070995279295
	After epoch 27: Loss = 0.5809697622677763, R-squared = 0.43056084955307583
	After epoch 28: Loss = 0.5568817492305412, R-squared = 0.4379792707492278
	After epoch 29: Loss = 0.5330944640901272, R-squared = 0.4624916606765989
	After epoch 30: Loss = 0.5107591254074773, R-squared = 0.485837136873961
	After epoch 31: Loss = 0.47970919184162863, R-squared = 0.5195381950159123
	After epoch 32: Loss = 0.4471047062527047, R-squared = 0.5556390224772836
	After epoch 33: Loss = 0.4117994393912802, R-squared = 0.5880237235050482
	After epoch 34: Loss = 0.37546316018422854, R-squared = 0.6284996451318836
	After epoch 35: Loss = 0.3381066816841229, R-squared = 0.6577201861569737
	After epoch 36: Loss = 0.3024163747528748, R-squared = 0.7057252508746926
	After epoch 37: Loss = 0.2658466105213894, R-squared = 0.7341449819352157
	After epoch 38: Loss = 0.23897822721701628, R-squared = 0.7497559126005805
	After epoch 39: Loss = 0.20954990804215506, R-squared = 0.7808451916593638
	After epoch 40: Loss = 0.186620890839374, R-squared = 0.8095876931304286
	After epoch 41: Loss = 0.16439325520421216, R-squared = 0.8236593830935286
	After epoch 42: Loss = 0.1482211874451824, R-squared = 0.8505458038356052
	After epoch 43: Loss = 0.13183280155165306, R-squared = 0.8636929091568841
	After epoch 44: Loss = 0.11900910890636038, R-squared = 0.8697230579383188
	After epoch 45: Loss = 0.10766711130073839, R-squared = 0.8804890743459299
	After epoch 46: Loss = 0.09958050487196744, R-squared = 0.8977817353487898
	After epoch 47: Loss = 0.08986158460468156, R-squared = 0.8980949084284161
	After epoch 48: Loss = 0.09026646886432382, R-squared = 0.9064670825880354
	After epoch 49: Loss = 0.07577201329743613, R-squared = 0.9179187022141116
	After epoch 50: Loss = 0.0713946937433664, R-squared = 0.9215710926187626
Training process has finished.
Using CNN: NoPoolCNN3 with learning rate: 5e-05
	After epoch 1: Loss = 1.0259143255154917, R-squared = -0.067201843205147
	After epoch 2: Loss = 1.018557975603858, R-squared = -0.048772075691061546
	After epoch 3: Loss = 1.0120776585780782, R-squared = -0.04070748621784938
	After epoch 4: Loss = 0.9983540150960686, R-squared = -0.04535422844346659
	After epoch 5: Loss = 0.9772740079475378, R-squared = 0.0024919161937060562
	After epoch 6: Loss = 0.9353323929767313, R-squared = -0.13605607061976493
	After epoch 7: Loss = 0.8514100384160681, R-squared = 0.13680713302545092
	After epoch 8: Loss = 0.6857935955351048, R-squared = 0.2682155719252547
	After epoch 9: Loss = 0.41796063204911127, R-squared = 0.5664699860475564
	After epoch 10: Loss = 0.21368486109196164, R-squared = 0.7766254345987379
	After epoch 11: Loss = 0.126729372519166, R-squared = 0.8442880066791171
	After epoch 12: Loss = 0.0845374192829953, R-squared = 0.891510926935052
	After epoch 13: Loss = 0.07032118495028997, R-squared = 0.9269422408883612
	After epoch 14: Loss = 0.0574555834419153, R-squared = 0.9159680603967573
	After epoch 15: Loss = 0.048804474245900085, R-squared = 0.9468332693514103
	After epoch 16: Loss = 0.04318911628268366, R-squared = 0.9530878091292607
	After epoch 17: Loss = 0.04069411019850722, R-squared = 0.9563177467376105
	After epoch 18: Loss = 0.03871148507594775, R-squared = 0.957768101154237
	After epoch 19: Loss = 0.036670352676863104, R-squared = 0.9577503236836125
	After epoch 20: Loss = 0.03409729634363888, R-squared = 0.9641199075526105
	After epoch 21: Loss = 0.03384172763645564, R-squared = 0.9616549548689137
	After epoch 22: Loss = 0.03128471869724671, R-squared = 0.9680635729952993
	After epoch 23: Loss = 0.03056311885699404, R-squared = 0.9636358496717159
	After epoch 24: Loss = 0.02928094004514694, R-squared = 0.9699524124625512
	After epoch 25: Loss = 0.03209514693748121, R-squared = 0.9670042412936928
	After epoch 26: Loss = 0.028456822472193742, R-squared = 0.969353958335175
	After epoch 27: Loss = 0.023889188318934447, R-squared = 0.9756867907388391
	After epoch 28: Loss = 0.026251457178635924, R-squared = 0.9722085208823541
	After epoch 29: Loss = 0.024057577953925813, R-squared = 0.9739436328193334
	After epoch 30: Loss = 0.024004561636261686, R-squared = 0.975769559170861
	After epoch 31: Loss = 0.023259668088549616, R-squared = 0.9757107524964871
	After epoch 32: Loss = 0.021504917604026355, R-squared = 0.9783022134995711
	After epoch 33: Loss = 0.019874644170950185, R-squared = 0.9792962527929536
	After epoch 34: Loss = 0.017692112629664553, R-squared = 0.9823861461121302
	After epoch 35: Loss = 0.019267689007664627, R-squared = 0.9804159123009143
	After epoch 36: Loss = 0.02049941779867063, R-squared = 0.975793064443601
	After epoch 37: Loss = 0.023852561592973547, R-squared = 0.971963383326497
	After epoch 38: Loss = 0.018591643628400045, R-squared = 0.9816666265115567
	After epoch 39: Loss = 0.013343762057263255, R-squared = 0.9863852313486641
	After epoch 40: Loss = 0.012495526173946423, R-squared = 0.9871032807519697
	After epoch 41: Loss = 0.011761336710293068, R-squared = 0.9885353033183912
	After epoch 42: Loss = 0.010997686230472696, R-squared = 0.9884074467173718
	After epoch 43: Loss = 0.01101991059687099, R-squared = 0.9884900782423853
	After epoch 44: Loss = 0.00981004893591732, R-squared = 0.9898892610086882
	After epoch 45: Loss = 0.009991185760698679, R-squared = 0.9869449240966064
	After epoch 46: Loss = 0.008631014237173298, R-squared = 0.9911134807762423
	After epoch 47: Loss = 0.009161903683799868, R-squared = 0.9911112433198186
	After epoch 48: Loss = 0.007440067406459153, R-squared = 0.9922611805301293
	After epoch 49: Loss = 0.006796577677539407, R-squared = 0.9930283490883569
	After epoch 50: Loss = 0.006537088171844464, R-squared = 0.9930685244234251
Training process has finished.
Using CNN: NoPoolCNN3 with learning rate: 0.0001
	After epoch 1: Loss = 0.9787313987538896, R-squared = 0.0030251042629617308
	After epoch 2: Loss = 0.8856561412297739, R-squared = 0.09899247702189456
	After epoch 3: Loss = 0.6843085061239036, R-squared = 0.28616555399101834
	After epoch 4: Loss = 0.5395042832323155, R-squared = 0.46154352636939394
	After epoch 5: Loss = 0.35514256975078523, R-squared = 0.6485319163772335
	After epoch 6: Loss = 0.16102614707324997, R-squared = 0.8373929089560651
	After epoch 7: Loss = 0.09336985737860623, R-squared = 0.8975667250869245
	After epoch 8: Loss = 0.043652067872336844, R-squared = 0.9543608566874704
	After epoch 9: Loss = 0.039587050632433916, R-squared = 0.9579191084262376
	After epoch 10: Loss = 0.045194260829533664, R-squared = 0.9522230773047721
	After epoch 11: Loss = 0.03873130112643638, R-squared = 0.9598600437174569
	After epoch 12: Loss = 0.026645219172605168, R-squared = 0.9714697439806125
	After epoch 13: Loss = 0.024239815708608524, R-squared = 0.9729024561446259
	After epoch 14: Loss = 0.016587057779109557, R-squared = 0.9812825517457708
	After epoch 15: Loss = 0.016561995601275952, R-squared = 0.9817930866325095
	After epoch 16: Loss = 0.014615611287922292, R-squared = 0.9845385355220622
	After epoch 17: Loss = 0.013331479949359248, R-squared = 0.9863633455360648
	After epoch 18: Loss = 0.011849494763355293, R-squared = 0.9877570956301224
	After epoch 19: Loss = 0.011445449898939874, R-squared = 0.9878188267234398
	After epoch 20: Loss = 0.010803580499914301, R-squared = 0.9824391580004377
	After epoch 21: Loss = 0.010519644970920141, R-squared = 0.987753075244713
	After epoch 22: Loss = 0.011483720727730039, R-squared = 0.9870450492975003
	After epoch 23: Loss = 0.013132635327985925, R-squared = 0.9857383118519513
	After epoch 24: Loss = 0.0075008710556348345, R-squared = 0.9909106986904556
	After epoch 25: Loss = 0.007146350730583296, R-squared = 0.9912055205723806
	After epoch 26: Loss = 0.006143700634537401, R-squared = 0.9928996204821917
	After epoch 27: Loss = 0.006552962385880009, R-squared = 0.9922511438461047
	After epoch 28: Loss = 0.006299960789149628, R-squared = 0.993071973460993
	After epoch 29: Loss = 0.0047972875433817, R-squared = 0.9943581224023375
	After epoch 30: Loss = 0.004698500715366539, R-squared = 0.995397213336043
	After epoch 31: Loss = 0.004058501847928488, R-squared = 0.995619515121559
	After epoch 32: Loss = 0.0042993012106536015, R-squared = 0.9954966868694793
	After epoch 33: Loss = 0.00293940622450868, R-squared = 0.9969223286464167
	After epoch 34: Loss = 0.0034450167700377466, R-squared = 0.996425261886511
	After epoch 35: Loss = 0.0029010533950307752, R-squared = 0.997112243395405
	After epoch 36: Loss = 0.002585187693423469, R-squared = 0.9971271194806237
	After epoch 37: Loss = 0.0017470075378619525, R-squared = 0.9980041908626303
	After epoch 38: Loss = 0.002604785225482861, R-squared = 0.9968417460816339
	After epoch 39: Loss = 0.0038621708109425343, R-squared = 0.9956644121638127
	After epoch 40: Loss = 0.0015216398442875533, R-squared = 0.9983980153901365
	After epoch 41: Loss = 0.0020846896153227006, R-squared = 0.9978171701873224
	After epoch 42: Loss = 0.0014247460233315814, R-squared = 0.9983788585497113
	After epoch 43: Loss = 0.0017383615565440733, R-squared = 0.998191087552377
	After epoch 44: Loss = 0.002157236744741606, R-squared = 0.9977044678153953
	After epoch 45: Loss = 0.0014237260861029242, R-squared = 0.9985052041448998
	After epoch 46: Loss = 0.0020344989867062836, R-squared = 0.9978037263736905
	After epoch 47: Loss = 0.002814823592130045, R-squared = 0.9968266016109617
	After epoch 48: Loss = 0.00202912099095215, R-squared = 0.9978497612274009
	After epoch 49: Loss = 0.0012565258212919612, R-squared = 0.9986477480163524
	After epoch 50: Loss = 0.002538367634978592, R-squared = 0.9974738913638926
Training process has finished.
Using CNN: NoPoolCNN3 with learning rate: 0.0005
	After epoch 1: Loss = 0.9115907112584439, R-squared = 0.08303894047442142
	After epoch 2: Loss = 0.5522553671165122, R-squared = 0.4367268537507406
	After epoch 3: Loss = 0.19510328481362224, R-squared = 0.8073121545748778
	After epoch 4: Loss = 0.04512422427542874, R-squared = 0.9452878070814101
	After epoch 5: Loss = 0.03275032611619919, R-squared = 0.9664013752539236
	After epoch 6: Loss = 0.017813111919817055, R-squared = 0.9816401889957159
	After epoch 7: Loss = 0.014934166965831922, R-squared = 0.9851195661401742
	After epoch 8: Loss = 0.013884834978031155, R-squared = 0.9850841190614117
	After epoch 9: Loss = 0.02907655068444655, R-squared = 0.9650729731785326
	After epoch 10: Loss = 0.01761108576920912, R-squared = 0.9804956306436086
	After epoch 11: Loss = 0.013572190818138615, R-squared = 0.984963191984075
	After epoch 12: Loss = 0.011197763226177448, R-squared = 0.987904421047541
	After epoch 13: Loss = 0.00859399796699521, R-squared = 0.9903492143478363
	After epoch 14: Loss = 0.006867923334968759, R-squared = 0.9929549992631965
	After epoch 15: Loss = 0.014891378942795755, R-squared = 0.9824898435521984
	After epoch 16: Loss = 0.006885850930666589, R-squared = 0.9928577760329077
	After epoch 17: Loss = 0.004354959127786185, R-squared = 0.9953076386492897
	After epoch 18: Loss = 0.0030655196396747707, R-squared = 0.9969460181343948
	After epoch 19: Loss = 0.0033867447386729593, R-squared = 0.9964007519013409
	After epoch 20: Loss = 0.0019486553910552274, R-squared = 0.9979523459255472
	After epoch 21: Loss = 0.002886412785817132, R-squared = 0.996798958461533
	After epoch 22: Loss = 0.004129700250691048, R-squared = 0.9950055061085907
	After epoch 23: Loss = 0.010083152216115726, R-squared = 0.9890183571368496
	After epoch 24: Loss = 0.013952597870037572, R-squared = 0.9836218582180841
	After epoch 25: Loss = 0.007885740684327899, R-squared = 0.9914624808850607
	After epoch 26: Loss = 0.003647359510630942, R-squared = 0.9962997696398563
	After epoch 27: Loss = 0.0015860547416758804, R-squared = 0.9982017685428219
	After epoch 28: Loss = 0.0017660286973426313, R-squared = 0.9982340157084059
	After epoch 29: Loss = 0.0029379547432123254, R-squared = 0.9972402352174466
	After epoch 30: Loss = 0.0034333389303163224, R-squared = 0.9963373422625438
	After epoch 31: Loss = 0.006577784265046139, R-squared = 0.9937742437634514
	After epoch 32: Loss = 0.0078027338493733625, R-squared = 0.9910300859618456
	After epoch 33: Loss = 0.015912750460668264, R-squared = 0.9835089153729918
	After epoch 34: Loss = 0.007284528139972507, R-squared = 0.9923547168546294
	After epoch 35: Loss = 0.002146315834736426, R-squared = 0.9976564691325287
	After epoch 36: Loss = 0.001139014724777007, R-squared = 0.9987910129278781
	After epoch 37: Loss = 0.001984280045443356, R-squared = 0.9975760821956625
	After epoch 38: Loss = 0.0012357188646748515, R-squared = 0.9987638498836041
	After epoch 39: Loss = 0.0013469486850966497, R-squared = 0.9985886999117659
	After epoch 40: Loss = 0.0026513091280859777, R-squared = 0.9972603260325107
	After epoch 41: Loss = 0.004941914402335396, R-squared = 0.9947671763986916
	After epoch 42: Loss = 0.002599539411318399, R-squared = 0.9973239713293968
	After epoch 43: Loss = 0.002801044296609011, R-squared = 0.9970498943815865
	After epoch 44: Loss = 0.0016804753500091606, R-squared = 0.9981790218958302
	After epoch 45: Loss = 0.001422664453714374, R-squared = 0.9984420266951852
	After epoch 46: Loss = 0.0010729576152136327, R-squared = 0.9987144605085903
	After epoch 47: Loss = 0.0005502339667657143, R-squared = 0.999392510274766
	After epoch 48: Loss = 0.0014130086593936303, R-squared = 0.9984067789733105
	After epoch 49: Loss = 0.0005178397952487182, R-squared = 0.9994552251135664
	After epoch 50: Loss = 0.0006364572918880466, R-squared = 0.999289540708429
Training process has finished.
Using CNN: NoPoolCNN3 with learning rate: 0.001
	After epoch 1: Loss = 1.0342187689984865, R-squared = -0.20880393459339935
	After epoch 2: Loss = 0.9840302143141033, R-squared = -0.16415915989965746
	After epoch 3: Loss = 0.690424881468965, R-squared = 0.3103468777083548
	After epoch 4: Loss = 0.2021774986086946, R-squared = 0.7868620073058692
	After epoch 5: Loss = 0.06774384236011617, R-squared = 0.9046213093773099
	After epoch 6: Loss = 0.061976378396391286, R-squared = 0.9394263922449232
	After epoch 7: Loss = 0.08082551151056465, R-squared = 0.9053189281796481
	After epoch 8: Loss = 0.042980929966705224, R-squared = 0.9567440609264484
	After epoch 9: Loss = 0.032589415880288186, R-squared = 0.9611265914241937
	After epoch 10: Loss = 0.02932850865780846, R-squared = 0.9694652384628173
	After epoch 11: Loss = 0.02160084664838413, R-squared = 0.976268180752505
	After epoch 12: Loss = 0.02076168302781304, R-squared = 0.9736918235461187
	After epoch 13: Loss = 0.017549629126003573, R-squared = 0.9821814423942279
	After epoch 14: Loss = 0.019342797247715725, R-squared = 0.9799683113053419
	After epoch 15: Loss = 0.01728084445318197, R-squared = 0.9823971162318934
	After epoch 16: Loss = 0.010312240989334167, R-squared = 0.9891667256721368
	After epoch 17: Loss = 0.012199546948117156, R-squared = 0.9883101473996913
	After epoch 18: Loss = 0.00775040260836077, R-squared = 0.9923363920444892
	After epoch 19: Loss = 0.003240350052611815, R-squared = 0.9964152324384049
	After epoch 20: Loss = 0.0047564316638475405, R-squared = 0.9948684869488803
	After epoch 21: Loss = 0.0024146256114269174, R-squared = 0.9972683823311007
	After epoch 22: Loss = 0.003632438890473346, R-squared = 0.996320273483717
	After epoch 23: Loss = 0.002982589901441033, R-squared = 0.9968656665303521
	After epoch 24: Loss = 0.0025644434521636277, R-squared = 0.9972517846808449
	After epoch 25: Loss = 0.0018723038196154836, R-squared = 0.9979327600310748
	After epoch 26: Loss = 0.0017692033913170758, R-squared = 0.9981797906385376
	After epoch 27: Loss = 0.0015961523777932596, R-squared = 0.9982259022795243
	After epoch 28: Loss = 0.0010405195604404056, R-squared = 0.9988207715869203
	After epoch 29: Loss = 0.0015037440791748082, R-squared = 0.9983305651333001
	After epoch 30: Loss = 0.0015608467681155894, R-squared = 0.9982874869812306
	After epoch 31: Loss = 0.001389159391932277, R-squared = 0.9985564289014685
	After epoch 32: Loss = 0.001309781726704921, R-squared = 0.998513834146037
	After epoch 33: Loss = 0.0015183542535217144, R-squared = 0.9982663501188181
	After epoch 34: Loss = 0.0006798382648022805, R-squared = 0.9992800886699758
	After epoch 35: Loss = 0.000696936250138405, R-squared = 0.9992446110361239
	After epoch 36: Loss = 0.0005487799385471318, R-squared = 0.9994166695239644
	After epoch 37: Loss = 0.0005548531728726934, R-squared = 0.9994305305877071
	After epoch 38: Loss = 0.0007390581411058156, R-squared = 0.9991621846496745
	After epoch 39: Loss = 0.0013856718984954397, R-squared = 0.9984936358394391
	After epoch 40: Loss = 0.0007036127770187746, R-squared = 0.9992259750372492
	After epoch 41: Loss = 0.0005103848121695045, R-squared = 0.9992709301044614
	After epoch 42: Loss = 0.0003843043190808069, R-squared = 0.9996035056890868
	After epoch 43: Loss = 0.00028908158600841823, R-squared = 0.9995573333424357
	After epoch 44: Loss = 0.0002632058457156381, R-squared = 0.9996857103782159
	After epoch 45: Loss = 0.00037196909224887964, R-squared = 0.999606367954525
	After epoch 46: Loss = 0.00043242039917191133, R-squared = 0.999529246704606
	After epoch 47: Loss = 0.0005418000951996662, R-squared = 0.9994410430253211
	After epoch 48: Loss = 0.0006321217629383176, R-squared = 0.9992696639481891
	After epoch 49: Loss = 0.0006407572320947719, R-squared = 0.9992527941166909
	After epoch 50: Loss = 0.0005603194172939082, R-squared = 0.9993782360951566
Training process has finished.
Using CNN: NoPoolCNN3 with learning rate: 0.005
	After epoch 1: Loss = 23.10785279276077, R-squared = -16.64664628667747
	After epoch 2: Loss = 0.7457375757139639, R-squared = 0.24070852146899574
	After epoch 3: Loss = 0.18406529072253489, R-squared = 0.8152624491807134
	After epoch 4: Loss = 0.06933285260958806, R-squared = 0.9310793466422949
	After epoch 5: Loss = 0.07401734367409411, R-squared = 0.9235528474768369
	After epoch 6: Loss = 0.03341318514611744, R-squared = 0.9653188805206131
	After epoch 7: Loss = 0.03108825981284567, R-squared = 0.9650723407476309
	After epoch 8: Loss = 0.04067259863414607, R-squared = 0.956077189506126
	After epoch 9: Loss = 0.03964468098534651, R-squared = 0.9600018656403148
	After epoch 10: Loss = 0.020561399195310026, R-squared = 0.9774468884618465
	After epoch 11: Loss = 0.016342593735421573, R-squared = 0.9823236798829568
	After epoch 12: Loss = 0.020546108212882212, R-squared = 0.9781686478159399
	After epoch 13: Loss = 0.027956393364355292, R-squared = 0.9577174316612824
	After epoch 14: Loss = 0.01681230217320979, R-squared = 0.9812124172252865
	After epoch 15: Loss = 0.011327691964827639, R-squared = 0.9859189026587043
	After epoch 16: Loss = 0.034913670824330334, R-squared = 0.9643509771554164
	After epoch 17: Loss = 0.07417146615544502, R-squared = 0.9227155485563012
	After epoch 18: Loss = 0.04382477806912458, R-squared = 0.9534625467165487
	After epoch 19: Loss = 0.02180913762262889, R-squared = 0.977724852432328
	After epoch 20: Loss = 0.016160426086904142, R-squared = 0.9837412179618263
	After epoch 21: Loss = 0.006794525713953574, R-squared = 0.9917285744328159
	After epoch 22: Loss = 0.0043869388739430455, R-squared = 0.9949781743418956
	After epoch 23: Loss = 0.0041365531862132664, R-squared = 0.9961785575046518
	After epoch 24: Loss = 0.0020898359969182823, R-squared = 0.9976702881224178
	After epoch 25: Loss = 0.004731991151319491, R-squared = 0.9940117456987172
	After epoch 26: Loss = 0.006585473851329489, R-squared = 0.9931005103928493
	After epoch 27: Loss = 0.008666925594814651, R-squared = 0.9900489641487411
	After epoch 28: Loss = 0.005417356775505525, R-squared = 0.9943931442053984
	After epoch 29: Loss = 0.002952250991153156, R-squared = 0.996947222479714
	After epoch 30: Loss = 0.002534202604404287, R-squared = 0.9972387478192936
	After epoch 31: Loss = 0.004021202760326111, R-squared = 0.9957646516066001
	After epoch 32: Loss = 0.0023975970421894715, R-squared = 0.9969879531951855
	After epoch 33: Loss = 0.0013048050500226367, R-squared = 0.9985787602470808
	After epoch 34: Loss = 0.002262362357960396, R-squared = 0.9975258556139673
	After epoch 35: Loss = 0.003477586376578033, R-squared = 0.9966580151094714
	After epoch 36: Loss = 0.00832690860143416, R-squared = 0.9908867693134292
	After epoch 37: Loss = 0.0033797562028676257, R-squared = 0.9965125252838843
	After epoch 38: Loss = 0.0013071940865096506, R-squared = 0.9985645599704382
	After epoch 39: Loss = 0.0010949211039361973, R-squared = 0.9985645992955618
	After epoch 40: Loss = 0.0008545025897010823, R-squared = 0.9988683662445356
	After epoch 41: Loss = 0.0013338288935243073, R-squared = 0.9985914808799802
	After epoch 42: Loss = 0.002195175027444749, R-squared = 0.9972925616776639
	After epoch 43: Loss = 0.0010359039478149883, R-squared = 0.9988454288066757
	After epoch 44: Loss = 0.000917133532166014, R-squared = 0.9989153451639445
	After epoch 45: Loss = 0.0006693010880697552, R-squared = 0.9992950466281876
	After epoch 46: Loss = 0.0011412510276326941, R-squared = 0.9986673801743928
	After epoch 47: Loss = 0.000822514633139722, R-squared = 0.9990600145902773
	After epoch 48: Loss = 0.0009982490885369556, R-squared = 0.9989286184878126
	After epoch 49: Loss = 0.002076172110725768, R-squared = 0.9977774672256562
	After epoch 50: Loss = 0.003149041431386617, R-squared = 0.9963983076707125
Training process has finished.
Time taken for NoPoolCNN3: 1656.336142539978 seconds
Using CNN: NoPoolCNN4 with learning rate: 1e-05
	After epoch 1: Loss = 1.0352090018026456, R-squared = -0.053710041018862696
	After epoch 2: Loss = 1.0222230943002997, R-squared = -0.03213497727849346
	After epoch 3: Loss = 1.0081882376216171, R-squared = -0.06195562683493139
	After epoch 4: Loss = 1.002981974530401, R-squared = -0.2069781029264237
	After epoch 5: Loss = 0.9958710484559254, R-squared = -0.010473376275317348
	After epoch 6: Loss = 0.9934514972350772, R-squared = -0.004575635900286279
	After epoch 7: Loss = 0.9873257834936382, R-squared = 0.0006874129457450362
	After epoch 8: Loss = 0.9815224946629988, R-squared = 0.01260805483981251
	After epoch 9: Loss = 0.9715284800073581, R-squared = -0.05603896239527697
	After epoch 10: Loss = 0.9597774639353315, R-squared = 0.01676374799137583
	After epoch 11: Loss = 0.9429812138137631, R-squared = 0.03362812927258091
	After epoch 12: Loss = 0.9290806702163996, R-squared = 0.05960575032901627
	After epoch 13: Loss = 0.9042821588461487, R-squared = 0.05687809270594749
	After epoch 14: Loss = 0.8698312029593265, R-squared = 0.10811073504971644
	After epoch 15: Loss = 0.8332855393873873, R-squared = 0.12319333931936116
	After epoch 16: Loss = 0.7853456775007464, R-squared = 0.20626588786077757
	After epoch 17: Loss = 0.7214985374688423, R-squared = 0.2723632517065476
	After epoch 18: Loss = 0.646836065452572, R-squared = 0.32218390766306343
	After epoch 19: Loss = 0.5645928958461734, R-squared = 0.41665905086350613
	After epoch 20: Loss = 0.47650507408476744, R-squared = 0.517173851644374
	After epoch 21: Loss = 0.3873422769107106, R-squared = 0.6115085789673459
	After epoch 22: Loss = 0.3115893406033631, R-squared = 0.6861622617041153
	After epoch 23: Loss = 0.2402406369273053, R-squared = 0.7501256973978621
	After epoch 24: Loss = 0.18750222999190616, R-squared = 0.8118105007316426
	After epoch 25: Loss = 0.15186531879834603, R-squared = 0.8377787311300988
	After epoch 26: Loss = 0.13452589105149454, R-squared = 0.8576935682364679
	After epoch 27: Loss = 0.11226989727771279, R-squared = 0.8751667952257713
	After epoch 28: Loss = 0.09703678330469312, R-squared = 0.9033698424168062
	After epoch 29: Loss = 0.08505625392498065, R-squared = 0.9110396445519001
	After epoch 30: Loss = 0.07619539540602879, R-squared = 0.9180586878780673
	After epoch 31: Loss = 0.06684009130668045, R-squared = 0.9311482319399911
	After epoch 32: Loss = 0.060798858947423415, R-squared = 0.9355712708519077
	After epoch 33: Loss = 0.05515874820802378, R-squared = 0.90639076894583
	After epoch 34: Loss = 0.05284132973975806, R-squared = 0.9428117981516216
	After epoch 35: Loss = 0.04713183079215112, R-squared = 0.9509731509185546
	After epoch 36: Loss = 0.04614562397222247, R-squared = 0.9547100750247178
	After epoch 37: Loss = 0.04412723684674238, R-squared = 0.9538421577683376
	After epoch 38: Loss = 0.042904243401160204, R-squared = 0.9537183389096757
	After epoch 39: Loss = 0.03881413665091031, R-squared = 0.958443402638714
	After epoch 40: Loss = 0.03788027570512767, R-squared = 0.9577721256827496
	After epoch 41: Loss = 0.0365502148215508, R-squared = 0.9607123734942453
	After epoch 42: Loss = 0.036130660116564725, R-squared = 0.9617863591772006
	After epoch 43: Loss = 0.03615306546828392, R-squared = 0.9610038771426914
	After epoch 44: Loss = 0.033700256058747435, R-squared = 0.9641187547774475
	After epoch 45: Loss = 0.03309997471610016, R-squared = 0.9657222968417942
	After epoch 46: Loss = 0.03225931791111403, R-squared = 0.9650761958048116
	After epoch 47: Loss = 0.0315721697928965, R-squared = 0.9652783496948686
	After epoch 48: Loss = 0.03077275788708264, R-squared = 0.966781391779314
	After epoch 49: Loss = 0.030243465927565667, R-squared = 0.9678434338079309
	After epoch 50: Loss = 0.02908355750252567, R-squared = 0.9702426949252368
Training process has finished.
Using CNN: NoPoolCNN4 with learning rate: 5e-05
	After epoch 1: Loss = 0.999926319220822, R-squared = -0.029287124378921947
	After epoch 2: Loss = 0.9860134095926567, R-squared = -0.013973456189207246
	After epoch 3: Loss = 0.9728081245904943, R-squared = -0.005973375118504443
	After epoch 4: Loss = 0.94266374442159, R-squared = 0.036716239092317825
	After epoch 5: Loss = 0.8834823256640488, R-squared = 0.0965853602799809
	After epoch 6: Loss = 0.8100662806128863, R-squared = 0.17977446956328977
	After epoch 7: Loss = 0.7293603872218206, R-squared = 0.2758146597741248
	After epoch 8: Loss = 0.6882366605031598, R-squared = 0.31909562813133086
	After epoch 9: Loss = 0.6484219689919986, R-squared = 0.3529775277239727
	After epoch 10: Loss = 0.5738177703129539, R-squared = 0.42328775455343415
	After epoch 11: Loss = 0.4577668910096688, R-squared = 0.5511782058079708
	After epoch 12: Loss = 0.30272586196943757, R-squared = 0.6874565527100687
	After epoch 13: Loss = 0.2065402371341542, R-squared = 0.7638396540165988
	After epoch 14: Loss = 0.1408515252488265, R-squared = 0.8624583401519429
	After epoch 15: Loss = 0.08707620954947706, R-squared = 0.909581951085082
	After epoch 16: Loss = 0.06587400854581481, R-squared = 0.929065924269454
	After epoch 17: Loss = 0.05257929542785835, R-squared = 0.9374964771200555
	After epoch 18: Loss = 0.04279016563457446, R-squared = 0.9519032436144652
	After epoch 19: Loss = 0.039924002451021, R-squared = 0.9571961953588058
	After epoch 20: Loss = 0.03343495624051873, R-squared = 0.9655971840054625
	After epoch 21: Loss = 0.029975195711668467, R-squared = 0.9672932163041134
	After epoch 22: Loss = 0.026987074828364287, R-squared = 0.9730016346070256
	After epoch 23: Loss = 0.032028929420148705, R-squared = 0.9658956968308796
	After epoch 24: Loss = 0.0323474560937793, R-squared = 0.9650522697810633
	After epoch 25: Loss = 0.03171722711444162, R-squared = 0.9648640187342222
	After epoch 26: Loss = 0.029769343208633975, R-squared = 0.9713199912457865
	After epoch 27: Loss = 0.025700662885521707, R-squared = 0.9738717874703335
	After epoch 28: Loss = 0.02168245661918565, R-squared = 0.9776245121878315
	After epoch 29: Loss = 0.020640702731079073, R-squared = 0.9794215812432896
	After epoch 30: Loss = 0.028863981191372956, R-squared = 0.9617083894999832
	After epoch 31: Loss = 0.02747964904773529, R-squared = 0.9717264655627915
	After epoch 32: Loss = 0.023345879247946313, R-squared = 0.9747001798892342
	After epoch 33: Loss = 0.025102488141186752, R-squared = 0.9724218160815408
	After epoch 34: Loss = 0.02018177159689493, R-squared = 0.9793128587681872
	After epoch 35: Loss = 0.018504060143976982, R-squared = 0.9814368163515768
	After epoch 36: Loss = 0.018255045579037767, R-squared = 0.9778859669486654
	After epoch 37: Loss = 0.02285402707791165, R-squared = 0.9743808668074652
	After epoch 38: Loss = 0.017647605211479792, R-squared = 0.979966791174164
	After epoch 39: Loss = 0.01647504999060134, R-squared = 0.9832671254154219
	After epoch 40: Loss = 0.016657221891454976, R-squared = 0.982248283721981
	After epoch 41: Loss = 0.016345606511179882, R-squared = 0.9828322308559022
	After epoch 42: Loss = 0.01699861407747375, R-squared = 0.9805148408379756
	After epoch 43: Loss = 0.019083249574453322, R-squared = 0.9811004833533268
	After epoch 44: Loss = 0.01841514118420249, R-squared = 0.9801404469959974
	After epoch 45: Loss = 0.019381131130012143, R-squared = 0.9807962920428306
	After epoch 46: Loss = 0.018125332752516106, R-squared = 0.9820819326444695
	After epoch 47: Loss = 0.014633861793936392, R-squared = 0.9794685746632277
	After epoch 48: Loss = 0.012794731751372948, R-squared = 0.9868843487982757
	After epoch 49: Loss = 0.012046363373005301, R-squared = 0.9875940407465853
	After epoch 50: Loss = 0.01164777091001322, R-squared = 0.9877813414704573
Training process has finished.
Using CNN: NoPoolCNN4 with learning rate: 0.0001
	After epoch 1: Loss = 0.9784265366023573, R-squared = -0.031296419908502
	After epoch 2: Loss = 0.7261211571500962, R-squared = 0.23581166237188422
	After epoch 3: Loss = 0.28503229631282045, R-squared = 0.7095541155144752
	After epoch 4: Loss = 0.08146745484124127, R-squared = 0.918131615160193
	After epoch 5: Loss = 0.07248458689768537, R-squared = 0.9252590452993461
	After epoch 6: Loss = 0.0484751494382845, R-squared = 0.9471384341618683
	After epoch 7: Loss = 0.04328470251938608, R-squared = 0.9509826732980302
	After epoch 8: Loss = 0.02532809191979605, R-squared = 0.9737806054671587
	After epoch 9: Loss = 0.020719617138370096, R-squared = 0.9768719984578368
	After epoch 10: Loss = 0.01831497123889515, R-squared = 0.9811279144861235
	After epoch 11: Loss = 0.014695126922632227, R-squared = 0.9837483481232692
	After epoch 12: Loss = 0.01634272442397835, R-squared = 0.9829451439327533
	After epoch 13: Loss = 0.017645731657127323, R-squared = 0.9806668225185889
	After epoch 14: Loss = 0.018421220970678276, R-squared = 0.9796911955573371
	After epoch 15: Loss = 0.017623120240072974, R-squared = 0.9814214563169582
	After epoch 16: Loss = 0.010277009882562454, R-squared = 0.9890821676417415
	After epoch 17: Loss = 0.00986317112594594, R-squared = 0.989193276399168
	After epoch 18: Loss = 0.013905752705918876, R-squared = 0.9865309459571137
	After epoch 19: Loss = 0.008676256283404266, R-squared = 0.9908852192593262
	After epoch 20: Loss = 0.00810316956687575, R-squared = 0.9915191620542532
	After epoch 21: Loss = 0.006864618352102085, R-squared = 0.9924285244536764
	After epoch 22: Loss = 0.01286780261332951, R-squared = 0.985552378022818
	After epoch 23: Loss = 0.011699492124122747, R-squared = 0.9864770684333589
	After epoch 24: Loss = 0.008645672102749495, R-squared = 0.990205852033616
	After epoch 25: Loss = 0.007525030840353331, R-squared = 0.9922536298294095
	After epoch 26: Loss = 0.008349987111296432, R-squared = 0.9880820892759274
	After epoch 27: Loss = 0.005088527790595434, R-squared = 0.9945215912545835
	After epoch 28: Loss = 0.003938403350022084, R-squared = 0.9959319228530588
	After epoch 29: Loss = 0.004097989163071346, R-squared = 0.9953212705861715
	After epoch 30: Loss = 0.003724436860432436, R-squared = 0.9961504256569681
	After epoch 31: Loss = 0.0033897320042361916, R-squared = 0.9963595805432413
	After epoch 32: Loss = 0.002695733042534691, R-squared = 0.9966234772302363
	After epoch 33: Loss = 0.0028472440176298937, R-squared = 0.9971513213485789
	After epoch 34: Loss = 0.0038873179064064095, R-squared = 0.9958602119581167
	After epoch 35: Loss = 0.0035174068100054675, R-squared = 0.9962498024195602
	After epoch 36: Loss = 0.0018901948783938763, R-squared = 0.9980977379934795
	After epoch 37: Loss = 0.0032387537491631673, R-squared = 0.996429463780901
	After epoch 38: Loss = 0.0032766344626687276, R-squared = 0.9951555590724709
	After epoch 39: Loss = 0.0030628583829504863, R-squared = 0.9965319972450585
	After epoch 40: Loss = 0.003900670893492451, R-squared = 0.9955866431864207
	After epoch 41: Loss = 0.008988375260943463, R-squared = 0.9907295638618739
	After epoch 42: Loss = 0.010227003351861785, R-squared = 0.9866825571961109
	After epoch 43: Loss = 0.004538873427843955, R-squared = 0.9951303289019133
	After epoch 44: Loss = 0.0030291994034486692, R-squared = 0.9965871167019376
	After epoch 45: Loss = 0.0031543874009566535, R-squared = 0.9967016483065319
	After epoch 46: Loss = 0.00716202964822132, R-squared = 0.9919477271046002
	After epoch 47: Loss = 0.003185643700998847, R-squared = 0.9963036129765385
	After epoch 48: Loss = 0.002428381051819474, R-squared = 0.9975430205919217
	After epoch 49: Loss = 0.0012645641980294094, R-squared = 0.9984109363996913
	After epoch 50: Loss = 0.0009512460887301271, R-squared = 0.9989416597224207
Training process has finished.
Using CNN: NoPoolCNN4 with learning rate: 0.0005
	After epoch 1: Loss = 1.1052609677544054, R-squared = -0.1734999028330725
	After epoch 2: Loss = 0.9497814904848596, R-squared = 0.0008833133593779907
	After epoch 3: Loss = 0.6001310290880438, R-squared = 0.3790566187836636
	After epoch 4: Loss = 0.19878021650029035, R-squared = 0.7741267257860237
	After epoch 5: Loss = 0.036350623467600526, R-squared = 0.9606471151640967
	After epoch 6: Loss = 0.029969221098281623, R-squared = 0.9651550432424563
	After epoch 7: Loss = 0.04902918882797978, R-squared = 0.9506774266908284
	After epoch 8: Loss = 0.06605090190545113, R-squared = 0.9206169612270442
	After epoch 9: Loss = 0.027870375787689073, R-squared = 0.9697557764272219
	After epoch 10: Loss = 0.011473035294404329, R-squared = 0.9855850024708921
	After epoch 11: Loss = 0.015743753016349227, R-squared = 0.983677126595252
	After epoch 12: Loss = 0.010698604851450152, R-squared = 0.9879405403881544
	After epoch 13: Loss = 0.00916599357742404, R-squared = 0.9905257016460421
	After epoch 14: Loss = 0.010919602413941059, R-squared = 0.9892501819626055
	After epoch 15: Loss = 0.010047618334040978, R-squared = 0.9887478624585393
	After epoch 16: Loss = 0.011595864972312332, R-squared = 0.9870361582991052
	After epoch 17: Loss = 0.015596449440226829, R-squared = 0.9826903036244188
	After epoch 18: Loss = 0.013677611515581778, R-squared = 0.9852963942971591
	After epoch 19: Loss = 0.019542165097144362, R-squared = 0.9781458439325107
	After epoch 20: Loss = 0.010619606549231785, R-squared = 0.9892556621123696
	After epoch 21: Loss = 0.007349701207078336, R-squared = 0.9926902153113716
	After epoch 22: Loss = 0.00465295290638038, R-squared = 0.9929635524410989
	After epoch 23: Loss = 0.0034377362168088767, R-squared = 0.9959047893508739
	After epoch 24: Loss = 0.0020610130499008764, R-squared = 0.99776250445694
	After epoch 25: Loss = 0.0015329012332986002, R-squared = 0.9983523599430942
	After epoch 26: Loss = 0.001283443954132342, R-squared = 0.9984568478052414
	After epoch 27: Loss = 0.002219949112805876, R-squared = 0.9974221305016154
	After epoch 28: Loss = 0.005134901379446019, R-squared = 0.9954708700912651
	After epoch 29: Loss = 0.0043745784598364194, R-squared = 0.9943049835972069
	After epoch 30: Loss = 0.0037086295578684344, R-squared = 0.9964917586283455
	After epoch 31: Loss = 0.001962633857516238, R-squared = 0.9978103106212641
	After epoch 32: Loss = 0.0013038753968643293, R-squared = 0.9985961182868343
	After epoch 33: Loss = 0.002174294653213495, R-squared = 0.9977274130250787
	After epoch 34: Loss = 0.0014757119494439876, R-squared = 0.9985125899293381
	After epoch 35: Loss = 0.0020589164190749016, R-squared = 0.9979185157356945
	After epoch 36: Loss = 0.0018566176974395808, R-squared = 0.997931774431251
	After epoch 37: Loss = 0.0017502417147537638, R-squared = 0.9981131093338051
	After epoch 38: Loss = 0.003134627593154687, R-squared = 0.9966189331728647
	After epoch 39: Loss = 0.0013857858589269346, R-squared = 0.9980948115233893
	After epoch 40: Loss = 0.0013049702384756753, R-squared = 0.9986235551041854
	After epoch 41: Loss = 0.0012045631254197276, R-squared = 0.9988838535546876
	After epoch 42: Loss = 0.00271450502153327, R-squared = 0.9965891590382382
	After epoch 43: Loss = 0.0016738625011682288, R-squared = 0.9982856103607791
	After epoch 44: Loss = 0.0012735361647767147, R-squared = 0.9985347760159684
	After epoch 45: Loss = 0.001214246498957339, R-squared = 0.9986910382864614
	After epoch 46: Loss = 0.0005655696825480678, R-squared = 0.9993170533264125
	After epoch 47: Loss = 0.0007847798134078165, R-squared = 0.9990749810573828
	After epoch 48: Loss = 0.0004422304038035537, R-squared = 0.9995366571234839
	After epoch 49: Loss = 0.0014713073307547194, R-squared = 0.998110607202185
	After epoch 50: Loss = 0.0010327415274321904, R-squared = 0.9987133935891206
Training process has finished.
Using CNN: NoPoolCNN4 with learning rate: 0.001
	After epoch 1: Loss = 1.02976386517528, R-squared = -0.03237356347073774
	After epoch 2: Loss = 0.5069691648381054, R-squared = 0.4480128175090329
	After epoch 3: Loss = 0.1600945831774064, R-squared = 0.813091540872551
	After epoch 4: Loss = 0.06349559633758879, R-squared = 0.9185726396323265
	After epoch 5: Loss = 0.03532905802511079, R-squared = 0.9637939796894932
	After epoch 6: Loss = 0.027035655697976214, R-squared = 0.9706504654742231
	After epoch 7: Loss = 0.02291934667245965, R-squared = 0.974189624809448
	After epoch 8: Loss = 0.02018725931367122, R-squared = 0.9790104990253139
	After epoch 9: Loss = 0.027253730314098217, R-squared = 0.9671360210120493
	After epoch 10: Loss = 0.03960362955068114, R-squared = 0.9597007307897332
	After epoch 11: Loss = 0.05531607435309738, R-squared = 0.943404918698134
	After epoch 12: Loss = 0.01791880106125342, R-squared = 0.9783616357495228
	After epoch 13: Loss = 0.01622404905023017, R-squared = 0.9832633372992319
	After epoch 14: Loss = 0.014387355659736173, R-squared = 0.9847464572983631
	After epoch 15: Loss = 0.014022668835448757, R-squared = 0.9850214403960511
	After epoch 16: Loss = 0.015836866788873312, R-squared = 0.9833064545655998
	After epoch 17: Loss = 0.012049316750665133, R-squared = 0.9851249169283529
	After epoch 18: Loss = 0.009799871872978462, R-squared = 0.9898417920301373
	After epoch 19: Loss = 0.00849172525099518, R-squared = 0.9915448269923584
	After epoch 20: Loss = 0.005840160746694207, R-squared = 0.9936705815289265
	After epoch 21: Loss = 0.004026443207197397, R-squared = 0.9949428124496766
	After epoch 22: Loss = 0.003174905084952332, R-squared = 0.9966784414917909
	After epoch 23: Loss = 0.0020041691847462783, R-squared = 0.9976114492091069
	After epoch 24: Loss = 0.0024782954383390805, R-squared = 0.9973701232079166
	After epoch 25: Loss = 0.003632645541829978, R-squared = 0.9964149086962607
	After epoch 26: Loss = 0.003307420766232644, R-squared = 0.9963525581180847
	After epoch 27: Loss = 0.003849449959893299, R-squared = 0.9959317401445549
	After epoch 28: Loss = 0.0024032107468620906, R-squared = 0.9973042216466272
	After epoch 29: Loss = 0.0012347934101626598, R-squared = 0.9988139820000492
	After epoch 30: Loss = 0.0007222844427996909, R-squared = 0.9991799553344529
	After epoch 31: Loss = 0.0006423754988340444, R-squared = 0.9993463124045109
	After epoch 32: Loss = 0.0013507764465827744, R-squared = 0.9987290340813756
	After epoch 33: Loss = 0.0010415274540510203, R-squared = 0.998877186175846
	After epoch 34: Loss = 0.000592117815134263, R-squared = 0.9993214713456732
	After epoch 35: Loss = 0.0005597143287965736, R-squared = 0.9993529927298775
	After epoch 36: Loss = 0.0008556691885793718, R-squared = 0.9990468056832802
	After epoch 37: Loss = 0.0007120266161602313, R-squared = 0.9992649481568241
	After epoch 38: Loss = 0.0011185096237983192, R-squared = 0.9988809571077624
	After epoch 39: Loss = 0.0005004005257192858, R-squared = 0.9994636787641997
	After epoch 40: Loss = 0.0008268103457269302, R-squared = 0.9989284863711212
	After epoch 41: Loss = 0.0018066687002604494, R-squared = 0.9980246972607455
	After epoch 42: Loss = 0.0009387632887865125, R-squared = 0.9989602096116512
	After epoch 43: Loss = 0.0027230519551316385, R-squared = 0.9973120015137994
	After epoch 44: Loss = 0.003640284124823262, R-squared = 0.9962879266853168
	After epoch 45: Loss = 0.024797090550255897, R-squared = 0.9755888232481802
	After epoch 46: Loss = 0.018104771137795017, R-squared = 0.9833137338691229
	After epoch 47: Loss = 0.006677306263371113, R-squared = 0.99179679249646
	After epoch 48: Loss = 0.0050151438697992245, R-squared = 0.9949626844758066
	After epoch 49: Loss = 0.0018193339233605124, R-squared = 0.9980252801187793
	After epoch 50: Loss = 0.0019302743448577399, R-squared = 0.9980375605426041
Training process has finished.
Using CNN: NoPoolCNN4 with learning rate: 0.005
	After epoch 1: Loss = 227.66685530297977, R-squared = -463.06705801102146
	After epoch 2: Loss = 1.028818438796315, R-squared = -0.0458276908636698
	After epoch 3: Loss = 0.8926440112632491, R-squared = 0.07163884915809329
	After epoch 4: Loss = 0.42777029099344316, R-squared = 0.5326305997102818
	After epoch 5: Loss = 0.08251737620213898, R-squared = 0.9143122932507138
	After epoch 6: Loss = 0.051575353304476636, R-squared = 0.9423971934436715
	After epoch 7: Loss = 0.04792522640872741, R-squared = 0.950103507620419
	After epoch 8: Loss = 0.08440908742658165, R-squared = 0.9243120425069999
	After epoch 9: Loss = 0.06709915869226321, R-squared = 0.9303598556428145
	After epoch 10: Loss = 0.09738809082086308, R-squared = 0.9040648700003452
	After epoch 11: Loss = 0.05052694725232605, R-squared = 0.9492758139968324
	After epoch 12: Loss = 0.04167975118399264, R-squared = 0.9537110838641972
	After epoch 13: Loss = 0.030146797981681583, R-squared = 0.9696613002650384
	After epoch 14: Loss = 0.03421384932754209, R-squared = 0.9644235466196542
	After epoch 15: Loss = 0.026151865354407673, R-squared = 0.9721660482740935
	After epoch 16: Loss = 0.02803434542183955, R-squared = 0.9710859576466906
	After epoch 17: Loss = 0.025798586221440784, R-squared = 0.9685777055406983
	After epoch 18: Loss = 0.027145096602687862, R-squared = 0.9701992346997305
	After epoch 19: Loss = 0.029129677427547095, R-squared = 0.9706952217438962
	After epoch 20: Loss = 0.029957209142198914, R-squared = 0.9650628764983502
	After epoch 21: Loss = 0.032067100022071075, R-squared = 0.9628078320616327
	After epoch 22: Loss = 0.023607197676205657, R-squared = 0.9740174890278507
	After epoch 23: Loss = 0.024399773261685076, R-squared = 0.9736153835432855
	After epoch 24: Loss = 0.022465029425628613, R-squared = 0.9761504550160849
	After epoch 25: Loss = 0.025922454826972325, R-squared = 0.9747648989122263
	After epoch 26: Loss = 0.02167292613419672, R-squared = 0.9767244821802477
	After epoch 27: Loss = 0.019607895873896476, R-squared = 0.9796055934144906
	After epoch 28: Loss = 0.027216294831923414, R-squared = 0.9722853789560533
	After epoch 29: Loss = 0.024354804405326967, R-squared = 0.9751585571424902
	After epoch 30: Loss = 0.023324281348453903, R-squared = 0.9768081436251229
	After epoch 31: Loss = 0.0250948583011249, R-squared = 0.9733822001170823
	After epoch 32: Loss = 0.02160889974634194, R-squared = 0.977616805508393
	After epoch 33: Loss = 0.027193539361182566, R-squared = 0.9719029168761553
	After epoch 34: Loss = 0.021563916966066275, R-squared = 0.9722007061355653
	After epoch 35: Loss = 0.016922376084953193, R-squared = 0.9831551852293539
	After epoch 36: Loss = 0.014359011577923542, R-squared = 0.984366574448099
	After epoch 37: Loss = 0.01648180752281589, R-squared = 0.9830541322850233
	After epoch 38: Loss = 0.015152845466824466, R-squared = 0.9812622834909381
	After epoch 39: Loss = 0.0165006213650151, R-squared = 0.9828189579019977
	After epoch 40: Loss = 0.017503276865236877, R-squared = 0.9799806303239892
	After epoch 41: Loss = 0.024164585603942683, R-squared = 0.9726570421038714
	After epoch 42: Loss = 0.02172491460452896, R-squared = 0.9776050422710023
	After epoch 43: Loss = 0.02314811762682899, R-squared = 0.9681541485007449
	After epoch 44: Loss = 0.017813811091239133, R-squared = 0.9826303000783799
	After epoch 45: Loss = 0.01557820636847837, R-squared = 0.9836575213301157
	After epoch 46: Loss = 0.01029824802135343, R-squared = 0.9857087883002678
	After epoch 47: Loss = 0.014073751784840913, R-squared = 0.9855368766373201
	After epoch 48: Loss = 0.010672342887477173, R-squared = 0.9890702200150188
	After epoch 49: Loss = 0.01231816833521163, R-squared = 0.9856263938531841
	After epoch 50: Loss = 0.010633333796758798, R-squared = 0.9894917436402227
Training process has finished.
Time taken for NoPoolCNN4: 1840.7522277832031 seconds
gpu_utilization [%], mem_utilization [%], max_memory_usage [MiB], time [ms]
95 %, 56 %, 30670 MiB, 4829955 ms
