Thu Dec 12 19:07:59 2024       
+-----------------------------------------------------------------------------------------+
| NVIDIA-SMI 560.35.03              Driver Version: 560.35.03      CUDA Version: 12.6     |
|-----------------------------------------+------------------------+----------------------+
| GPU  Name                 Persistence-M | Bus-Id          Disp.A | Volatile Uncorr. ECC |
| Fan  Temp   Perf          Pwr:Usage/Cap |           Memory-Usage | GPU-Util  Compute M. |
|                                         |                        |               MIG M. |
|=========================================+========================+======================|
|   0  Tesla V100S-PCIE-32GB          On  |   00000000:25:00.0 Off |                    0 |
| N/A   31C    P0             26W /  250W |       1MiB /  32768MiB |      0%      Default |
|                                         |                        |                  N/A |
+-----------------------------------------+------------------------+----------------------+
                                                                                         
+-----------------------------------------------------------------------------------------+
| Processes:                                                                              |
|  GPU   GI   CI        PID   Type   Process name                              GPU Memory |
|        ID   ID                                                               Usage      |
|=========================================================================================|
|  No running processes found                                                             |
+-----------------------------------------------------------------------------------------+
Using device: cuda
Number of permeability values: 100
Number of images: 100
Using CNN: BasicCNN with learning rate: 1e-06
Training process has finished.
Using CNN: BasicCNN with learning rate: 5e-06
Training process has finished.
Using CNN: BasicCNN with learning rate: 1e-05
Training process has finished.
Using CNN: BasicCNN with learning rate: 5e-05
Training process has finished.
Using CNN: BasicCNN with learning rate: 0.0001
Training process has finished.
Using CNN: BasicCNN with learning rate: 0.0005
Training process has finished.
Using CNN: BasicCNN with learning rate: 0.001
Training process has finished.
Using CNN: BasicCNN with learning rate: 0.005
Training process has finished.
Using CNN: BasicCNN with learning rate: 0.01
Training process has finished.
Using CNN: BasicCNN with learning rate: 0.05
Training process has finished.
Using CNN: BasicCNN with learning rate: 0.1
Training process has finished.
Time taken for BasicCNN: 287.8190426826477 seconds
Using CNN: MLPCNN with learning rate: 1e-06
Training process has finished.
Using CNN: MLPCNN with learning rate: 5e-06
Training process has finished.
Using CNN: MLPCNN with learning rate: 1e-05
Training process has finished.
Using CNN: MLPCNN with learning rate: 5e-05
Training process has finished.
Using CNN: MLPCNN with learning rate: 0.0001
Training process has finished.
Using CNN: MLPCNN with learning rate: 0.0005
Training process has finished.
Using CNN: MLPCNN with learning rate: 0.001
Training process has finished.
Using CNN: MLPCNN with learning rate: 0.005
Training process has finished.
Using CNN: MLPCNN with learning rate: 0.01
Training process has finished.
Using CNN: MLPCNN with learning rate: 0.05
Training process has finished.
Using CNN: MLPCNN with learning rate: 0.1
Training process has finished.
Time taken for MLPCNN: 270.09002017974854 seconds
Using CNN: NoPoolCNN1 with learning rate: 1e-06
Training process has finished.
Using CNN: NoPoolCNN1 with learning rate: 5e-06
Training process has finished.
Using CNN: NoPoolCNN1 with learning rate: 1e-05
Training process has finished.
Using CNN: NoPoolCNN1 with learning rate: 5e-05
Training process has finished.
Using CNN: NoPoolCNN1 with learning rate: 0.0001
Training process has finished.
Using CNN: NoPoolCNN1 with learning rate: 0.0005
Training process has finished.
Using CNN: NoPoolCNN1 with learning rate: 0.001
Training process has finished.
Using CNN: NoPoolCNN1 with learning rate: 0.005
Training process has finished.
Using CNN: NoPoolCNN1 with learning rate: 0.01
Training process has finished.
Using CNN: NoPoolCNN1 with learning rate: 0.05
Training process has finished.
Using CNN: NoPoolCNN1 with learning rate: 0.1
Training process has finished.
Time taken for NoPoolCNN1: 576.4518268108368 seconds
Using CNN: NoPoolCNN2 with learning rate: 1e-06
Training process has finished.
Using CNN: NoPoolCNN2 with learning rate: 5e-06
Training process has finished.
Using CNN: NoPoolCNN2 with learning rate: 1e-05
Training process has finished.
Using CNN: NoPoolCNN2 with learning rate: 5e-05
Training process has finished.
Using CNN: NoPoolCNN2 with learning rate: 0.0001
Training process has finished.
Using CNN: NoPoolCNN2 with learning rate: 0.0005
Training process has finished.
Using CNN: NoPoolCNN2 with learning rate: 0.001
Training process has finished.
Using CNN: NoPoolCNN2 with learning rate: 0.005
Training process has finished.
Using CNN: NoPoolCNN2 with learning rate: 0.01
Training process has finished.
Using CNN: NoPoolCNN2 with learning rate: 0.05
Training process has finished.
Using CNN: NoPoolCNN2 with learning rate: 0.1
Training process has finished.
Time taken for NoPoolCNN2: 312.88428378105164 seconds
Using CNN: NoPoolCNN3 with learning rate: 1e-06
Training process has finished.
Using CNN: NoPoolCNN3 with learning rate: 5e-06
Training process has finished.
Using CNN: NoPoolCNN3 with learning rate: 1e-05
Training process has finished.
Using CNN: NoPoolCNN3 with learning rate: 5e-05
Training process has finished.
Using CNN: NoPoolCNN3 with learning rate: 0.0001
Training process has finished.
Using CNN: NoPoolCNN3 with learning rate: 0.0005
Training process has finished.
Using CNN: NoPoolCNN3 with learning rate: 0.001
Training process has finished.
Using CNN: NoPoolCNN3 with learning rate: 0.005
Training process has finished.
Using CNN: NoPoolCNN3 with learning rate: 0.01
Training process has finished.
Using CNN: NoPoolCNN3 with learning rate: 0.05
Training process has finished.
Using CNN: NoPoolCNN3 with learning rate: 0.1
Training process has finished.
Time taken for NoPoolCNN3: 1047.5993785858154 seconds
Using CNN: NoPoolCNN4 with learning rate: 1e-06
Training process has finished.
Using CNN: NoPoolCNN4 with learning rate: 5e-06
Training process has finished.
Using CNN: NoPoolCNN4 with learning rate: 1e-05
Training process has finished.
Using CNN: NoPoolCNN4 with learning rate: 5e-05
Training process has finished.
Using CNN: NoPoolCNN4 with learning rate: 0.0001
Training process has finished.
Using CNN: NoPoolCNN4 with learning rate: 0.0005
Training process has finished.
Using CNN: NoPoolCNN4 with learning rate: 0.001
Training process has finished.
Using CNN: NoPoolCNN4 with learning rate: 0.005
Training process has finished.
Using CNN: NoPoolCNN4 with learning rate: 0.01
Training process has finished.
Using CNN: NoPoolCNN4 with learning rate: 0.05
Training process has finished.
Using CNN: NoPoolCNN4 with learning rate: 0.1
Training process has finished.
Time taken for NoPoolCNN4: 1048.572074174881 seconds
gpu_utilization [%], mem_utilization [%], max_memory_usage [MiB], time [ms]
86 %, 59 %, 17100 MiB, 3570384 ms
