Tue Jan  7 23:16:43 2025       
+-----------------------------------------------------------------------------------------+
| NVIDIA-SMI 565.57.01              Driver Version: 565.57.01      CUDA Version: 12.7     |
|-----------------------------------------+------------------------+----------------------+
| GPU  Name                 Persistence-M | Bus-Id          Disp.A | Volatile Uncorr. ECC |
| Fan  Temp   Perf          Pwr:Usage/Cap |           Memory-Usage | GPU-Util  Compute M. |
|                                         |                        |               MIG M. |
|=========================================+========================+======================|
|   0  NVIDIA A100 80GB PCIe          On  |   00000000:16:00.0 Off |                    0 |
| N/A   76C    P0             65W /  300W |       1MiB /  81920MiB |      0%      Default |
|                                         |                        |             Disabled |
+-----------------------------------------+------------------------+----------------------+
                                                                                         
+-----------------------------------------------------------------------------------------+
| Processes:                                                                              |
|  GPU   GI   CI        PID   Type   Process name                              GPU Memory |
|        ID   ID                                                               Usage      |
|=========================================================================================|
|  No running processes found                                                             |
+-----------------------------------------------------------------------------------------+
Using device: cuda
Number of permeability values: 360
Number of images: 360
Using CNN: NoPoolCNN1 with learning rate: 5e-05
After epoch 1: Loss = 1.0651276055939713, R-squared = -0.10719387318287499
	Validation Loss = 1.772096904692378, Validation R-squared = -0.04497578738185448
After epoch 2: Loss = 1.047884109171844, R-squared = -0.07801801195286402
	Validation Loss = 1.7770945852196396, Validation R-squared = -0.04665326653297743
After epoch 3: Loss = 1.0360053308134767, R-squared = -0.23695626286544147
	Validation Loss = 1.7838920158771263, Validation R-squared = -0.04905196075315562
After epoch 4: Loss = 1.013595242308526, R-squared = -0.07164972905724883
	Validation Loss = 1.7930832158487384, Validation R-squared = -0.052623546334028694
After epoch 5: Loss = 0.9900806147701046, R-squared = -0.06008686258466874
	Validation Loss = 1.8073658290705217, Validation R-squared = -0.05879371693004929
After epoch 6: Loss = 0.9712922349911679, R-squared = 0.022105994254707273
	Validation Loss = 1.8322705535384374, Validation R-squared = -0.07075055613660568
After epoch 7: Loss = 0.9650306045263024, R-squared = 0.004331333099778993
	Validation Loss = 1.8720837707811364, Validation R-squared = -0.09128749514382584
After epoch 8: Loss = 0.9417664993729763, R-squared = 0.046092449586352245
	Validation Loss = 1.9045157512007063, Validation R-squared = -0.10853295974649287
After epoch 9: Loss = 0.9417153119694612, R-squared = 0.026296657591457124
	Validation Loss = 1.9253178235419919, Validation R-squared = -0.11970502871451265
After epoch 10: Loss = 0.9348149946666217, R-squared = 0.05283673094395217
	Validation Loss = 1.915802444745635, Validation R-squared = -0.11406841326405642
After epoch 11: Loss = 0.9211185036217925, R-squared = 0.05175796525040447
	Validation Loss = 1.887304850043119, Validation R-squared = -0.09785821369650445
After epoch 12: Loss = 0.9062608624643556, R-squared = 0.08847147072086607
	Validation Loss = 1.843347112244259, Validation R-squared = -0.07322133273291366
After epoch 13: Loss = 0.8956738988297662, R-squared = 0.09021153254134921
	Validation Loss = 1.8159081868553066, Validation R-squared = -0.05754220176203567
After epoch 14: Loss = 0.8800056292843736, R-squared = 0.08884484577273122
	Validation Loss = 1.7842547148365668, Validation R-squared = -0.03951776194880283
After epoch 15: Loss = 0.8622320409704661, R-squared = 0.12802361175341795
	Validation Loss = 1.774171890710505, Validation R-squared = -0.032826454291990693
After epoch 16: Loss = 0.8383694200944852, R-squared = 0.1484996691681548
	Validation Loss = 1.7513819705956175, Validation R-squared = -0.01911733716239537
After epoch 17: Loss = 0.8176567132213369, R-squared = 0.1616777770980641
	Validation Loss = 1.7331757471356806, Validation R-squared = -0.007765967291063251
After epoch 18: Loss = 0.788120027196085, R-squared = 0.20550666356474181
	Validation Loss = 1.6770247002960759, Validation R-squared = 0.0245912639478017
After epoch 19: Loss = 0.7558739259199662, R-squared = 0.2289476934666079
	Validation Loss = 1.6209436500333732, Validation R-squared = 0.05721027622414587
After epoch 20: Loss = 0.7110565360459428, R-squared = 0.2613768280195352
	Validation Loss = 1.5564559049150424, Validation R-squared = 0.0943836360073999
After epoch 21: Loss = 0.6667976582229177, R-squared = 0.3326233643377405
	Validation Loss = 1.5218669465295147, Validation R-squared = 0.1151265455958444
After epoch 22: Loss = 0.6175094422605426, R-squared = 0.3804374696963002
	Validation Loss = 1.5020398131892854, Validation R-squared = 0.12777806206696649
After epoch 23: Loss = 0.5780190864007152, R-squared = 0.421227587224982
	Validation Loss = 1.4827434647102453, Validation R-squared = 0.1400903260544713
After epoch 24: Loss = 0.5696164983541561, R-squared = 0.43282654488259853
	Validation Loss = 1.475465163122742, Validation R-squared = 0.14449257923976733
After epoch 25: Loss = 0.5699579855608511, R-squared = 0.4247739994972
	Validation Loss = 1.4671265498858805, Validation R-squared = 0.14935754382249114
After epoch 26: Loss = 0.5628482673126844, R-squared = 0.4286953774000319
	Validation Loss = 1.4574092150962918, Validation R-squared = 0.1550407516420121
After epoch 27: Loss = 0.5476080360475933, R-squared = 0.4495427605255811
	Validation Loss = 1.4461439854942688, Validation R-squared = 0.16166681260345311
After epoch 28: Loss = 0.5342652962082978, R-squared = 0.4660622882202794
	Validation Loss = 1.431901849376284, Validation R-squared = 0.1698810266678535
After epoch 29: Loss = 0.5194930319196631, R-squared = 0.4700306372800156
	Validation Loss = 1.4158640000620693, Validation R-squared = 0.17890257104993804
After epoch 30: Loss = 0.5110938426344837, R-squared = 0.4888932243780119
	Validation Loss = 1.3958473551759527, Validation R-squared = 0.19037819420545388
After epoch 31: Loss = 0.49296331533232696, R-squared = 0.5021153391971659
	Validation Loss = 1.3683191598808768, Validation R-squared = 0.20661015844918315
After epoch 32: Loss = 0.46749414781851195, R-squared = 0.5328658967379729
	Validation Loss = 1.3355048812999406, Validation R-squared = 0.22569405234320997
After epoch 33: Loss = 0.4421728292936075, R-squared = 0.5559956900854072
	Validation Loss = 1.284494343895102, Validation R-squared = 0.2552274697989081
After epoch 34: Loss = 0.3995858122792815, R-squared = 0.5995631229274885
	Validation Loss = 1.1983908168568873, Validation R-squared = 0.30492969078974075
After epoch 35: Loss = 0.356931630617787, R-squared = 0.6346114555932111
	Validation Loss = 1.0816223628329464, Validation R-squared = 0.37222773546684373
After epoch 36: Loss = 0.30108706094135046, R-squared = 0.6956842744441004
	Validation Loss = 1.0428866270925998, Validation R-squared = 0.3922192144573433
After epoch 37: Loss = 0.2590158371008669, R-squared = 0.7370209092626933
	Validation Loss = 0.8810707807969834, Validation R-squared = 0.48819325430465804
After epoch 38: Loss = 0.2100720582423193, R-squared = 0.7900956665042358
	Validation Loss = 0.8340427605977009, Validation R-squared = 0.5135036976162164
After epoch 39: Loss = 0.16450660100705197, R-squared = 0.833688358865499
	Validation Loss = 0.7136286194090271, Validation R-squared = 0.5835319663477668
After epoch 40: Loss = 0.1306557811852543, R-squared = 0.8683870901036014
	Validation Loss = 0.6411424408590151, Validation R-squared = 0.6250078091992729
After epoch 41: Loss = 0.10847238864605478, R-squared = 0.8579963123502091
	Validation Loss = 0.5281335985282851, Validation R-squared = 0.6919689906241185
After epoch 42: Loss = 0.08862037701140325, R-squared = 0.9032266714318188
	Validation Loss = 0.4942572545478086, Validation R-squared = 0.7108500014442282
After epoch 43: Loss = 0.06883229727357794, R-squared = 0.9216222173944525
	Validation Loss = 0.4495108247264103, Validation R-squared = 0.7364443561615522
After epoch 44: Loss = 0.05437034163094878, R-squared = 0.9374420678507875
	Validation Loss = 0.39285993912637734, Validation R-squared = 0.7704696090388286
After epoch 45: Loss = 0.053650843938150915, R-squared = 0.9209889036569224
	Validation Loss = 0.3740984345534144, Validation R-squared = 0.7813397706579672
After epoch 46: Loss = 0.04528814989642157, R-squared = 0.9465176426183834
	Validation Loss = 0.3729792844084752, Validation R-squared = 0.7813235385121664
After epoch 47: Loss = 0.032831166705982566, R-squared = 0.9662413964915745
	Validation Loss = 0.3171584268856083, Validation R-squared = 0.814909690074733
After epoch 48: Loss = 0.02808496435826999, R-squared = 0.9680514393318128
	Validation Loss = 0.3304632682208462, Validation R-squared = 0.8061858016813511
After epoch 49: Loss = 0.027378656550094766, R-squared = 0.9721918494605829
	Validation Loss = 0.30863612613634406, Validation R-squared = 0.819866528999906
After epoch 50: Loss = 0.021609612576271628, R-squared = 0.9776151413373381
	Validation Loss = 0.3079161595984895, Validation R-squared = 0.8201995910504003
Training process has finished.

Using CNN: NoPoolCNN1 with learning rate: 1e-04
After epoch 1: Loss = 1.0087540325586317, R-squared = -0.0291525918936566
	Validation Loss = 1.863506651989435, Validation R-squared = -0.09029264119315354
After epoch 2: Loss = 1.0046747943754122, R-squared = -0.04541931785380885
	Validation Loss = 1.8676892808542955, Validation R-squared = -0.09221827320445998
After epoch 3: Loss = 0.9966853245054645, R-squared = -0.004366705733645726
	Validation Loss = 1.8678817738452513, Validation R-squared = -0.09191740987672715
After epoch 4: Loss = 0.9859224932800519, R-squared = 0.006337006927178572
	Validation Loss = 1.8699007559840488, Validation R-squared = -0.09212759311841305
After epoch 5: Loss = 0.9669016194307272, R-squared = 0.015049892975449971
	Validation Loss = 1.8724656694665545, Validation R-squared = -0.09216462761065804
After epoch 6: Loss = 0.9469115719937821, R-squared = 0.039521416013784116
	Validation Loss = 1.8663632081176849, Validation R-squared = -0.08730848565791682
After epoch 7: Loss = 0.9241258010653298, R-squared = 0.06617809493463371
	Validation Loss = 1.8671532806217426, Validation R-squared = -0.0857208658078269
After epoch 8: Loss = 0.8820650466218888, R-squared = 0.11647801394641051
	Validation Loss = 1.819024064249289, Validation R-squared = -0.05704875099310227
After epoch 9: Loss = 0.8356497412384817, R-squared = 0.15777601479153636
	Validation Loss = 1.7439791182131044, Validation R-squared = -0.01335522290821232
After epoch 10: Loss = 0.7715695761185231, R-squared = 0.22549284271499223
	Validation Loss = 1.696229440568132, Validation R-squared = 0.01589770283428053
After epoch 11: Loss = 0.7164962281182202, R-squared = 0.2775187187452833
	Validation Loss = 1.6725757655727882, Validation R-squared = 0.03039140101686501
After epoch 12: Loss = 0.6875839056932157, R-squared = 0.30881565522195425
	Validation Loss = 1.6523801394504964, Validation R-squared = 0.04249412134041088
After epoch 13: Loss = 0.674656167884336, R-squared = 0.3277257798507734
	Validation Loss = 1.6342118530503187, Validation R-squared = 0.05299658537575915
After epoch 14: Loss = 0.6606477856482394, R-squared = 0.34199047848915337
	Validation Loss = 1.6078905436852748, Validation R-squared = 0.06812201577013012
After epoch 15: Loss = 0.6380399885654696, R-squared = 0.3616698648253743
	Validation Loss = 1.5674812765980752, Validation R-squared = 0.09176112158111084
After epoch 16: Loss = 0.6072449892565136, R-squared = 0.39199892973254497
	Validation Loss = 1.51960829140931, Validation R-squared = 0.11944877955730789
After epoch 17: Loss = 0.5680374568484631, R-squared = 0.42981907896019383
	Validation Loss = 1.4458278786462946, Validation R-squared = 0.16223032391870595
After epoch 18: Loss = 0.5074113604762024, R-squared = 0.49013085234326964
	Validation Loss = 1.3343490322869442, Validation R-squared = 0.22660112866936388
After epoch 19: Loss = 0.4234710731033801, R-squared = 0.5735529571888391
	Validation Loss = 1.1871768450387734, Validation R-squared = 0.3112135032356607
After epoch 20: Loss = 0.33973985012094515, R-squared = 0.6611578988692267
	Validation Loss = 0.98213436467909, Validation R-squared = 0.4296660284929299
After epoch 21: Loss = 0.24231161084968558, R-squared = 0.7570076596224595
	Validation Loss = 0.7640358791256384, Validation R-squared = 0.5557736244745737
After epoch 22: Loss = 0.15253214910531085, R-squared = 0.8365295311721899
	Validation Loss = 0.5878703995742508, Validation R-squared = 0.6571820043746607
After epoch 23: Loss = 0.14191613349125426, R-squared = 0.848141444412974
	Validation Loss = 0.4351189374658162, Validation R-squared = 0.7458830620307312
After epoch 24: Loss = 0.11505241198291294, R-squared = 0.8449310226678189
	Validation Loss = 0.36435466902991775, Validation R-squared = 0.7864225545688862
After epoch 25: Loss = 0.05542965611495412, R-squared = 0.9442209248805296
	Validation Loss = 0.2958730913033289, Validation R-squared = 0.8266834755879632
After epoch 26: Loss = 0.049465378994077484, R-squared = 0.948254198600766
	Validation Loss = 0.26861348293660575, Validation R-squared = 0.8418627477042228
After epoch 27: Loss = 0.06721694895638941, R-squared = 0.9333752245382222
	Validation Loss = 0.23344800743239028, Validation R-squared = 0.8630442405185241
After epoch 28: Loss = 0.05375744114692563, R-squared = 0.9478748492720062
	Validation Loss = 0.2699624970728256, Validation R-squared = 0.8394899944692926
After epoch 29: Loss = 0.06032633115536116, R-squared = 0.9201534666101009
	Validation Loss = 0.21137213325303128, Validation R-squared = 0.8762308258975935
After epoch 30: Loss = 0.032620664993803734, R-squared = 0.968365248811855
	Validation Loss = 0.21626244825702934, Validation R-squared = 0.8732613985146161
After epoch 31: Loss = 0.026721029646928452, R-squared = 0.9734842752363226
	Validation Loss = 0.2297970317938284, Validation R-squared = 0.864908833221064
After epoch 32: Loss = 0.02325667095331228, R-squared = 0.9756687948986161
	Validation Loss = 0.22045746751829767, Validation R-squared = 0.8710492595310243
After epoch 33: Loss = 0.02097022875200441, R-squared = 0.9788781849029965
	Validation Loss = 0.22298488107084483, Validation R-squared = 0.8697718224504527
After epoch 34: Loss = 0.010322459940087556, R-squared = 0.9874490873650698
	Validation Loss = 0.22867223069920586, Validation R-squared = 0.8665543659239819
After epoch 35: Loss = 0.00970329557800207, R-squared = 0.9889770456937992
	Validation Loss = 0.23245161095715758, Validation R-squared = 0.8643797230716702
After epoch 36: Loss = 0.007998913204797238, R-squared = 0.9914474177286752
	Validation Loss = 0.23883806799812737, Validation R-squared = 0.8604648851108362
After epoch 37: Loss = 0.008080467624523054, R-squared = 0.9901888958152597
	Validation Loss = 0.23699066395344434, Validation R-squared = 0.8617627389647927
After epoch 38: Loss = 0.005519561281944475, R-squared = 0.9941781474994199
	Validation Loss = 0.24191695593932408, Validation R-squared = 0.8588304023870469
After epoch 39: Loss = 0.005218067754812789, R-squared = 0.9946599664398624
	Validation Loss = 0.24035352302690194, Validation R-squared = 0.8598406441776131
After epoch 40: Loss = 0.003985062843165494, R-squared = 0.9958995853184648
	Validation Loss = 0.24471948701842763, Validation R-squared = 0.8571931935019471
After epoch 41: Loss = 0.00387080834897408, R-squared = 0.9956416547933079
	Validation Loss = 0.24289890754561558, Validation R-squared = 0.8583633773786262
After epoch 42: Loss = 0.0034757915554706545, R-squared = 0.9964360215023197
	Validation Loss = 0.24516886143265618, Validation R-squared = 0.8569964885546142
After epoch 43: Loss = 0.00345639985858031, R-squared = 0.9964246211930642
	Validation Loss = 0.24702130669254327, Validation R-squared = 0.8558907730645705
After epoch 44: Loss = 0.0028779690492796114, R-squared = 0.9970125489957268
	Validation Loss = 0.246146909081727, Validation R-squared = 0.8564699918441977
After epoch 45: Loss = 0.0024624153888821118, R-squared = 0.9975313190541742
	Validation Loss = 0.2494437382732824, Validation R-squared = 0.8544400849568947
After epoch 46: Loss = 0.002792728046099648, R-squared = 0.997157303629551
	Validation Loss = 0.24666365800735846, Validation R-squared = 0.8561370408017045
After epoch 47: Loss = 0.002295061883291132, R-squared = 0.9975402805870514
	Validation Loss = 0.2474097044340484, Validation R-squared = 0.8557125494165488
After epoch 48: Loss = 0.002181886160075195, R-squared = 0.9977610392009627
	Validation Loss = 0.25091342704585784, Validation R-squared = 0.8536082351916471
After epoch 49: Loss = 0.0016804737854771226, R-squared = 0.9980371932258726
	Validation Loss = 0.24752298697147637, Validation R-squared = 0.8556357318662675
After epoch 50: Loss = 0.0017268549657539576, R-squared = 0.9982767686592163
	Validation Loss = 0.2507012915282145, Validation R-squared = 0.8537021235986858
Training process has finished.

Using CNN: NoPoolCNN1 with learning rate: 5e-04
After epoch 1: Loss = 0.9998704876268665, R-squared = -0.002622816504031696
	Validation Loss = 1.894371150188502, Validation R-squared = -0.10620953953281027
After epoch 2: Loss = 0.9803742535732874, R-squared = 0.009909852458886204
	Validation Loss = 1.8330451715460603, Validation R-squared = -0.07140757067897606
After epoch 3: Loss = 0.9184102961970068, R-squared = 0.05349300469591319
	Validation Loss = 1.697694664756131, Validation R-squared = 0.006136371857137317
After epoch 4: Loss = 0.7896022853054259, R-squared = 0.20643113132848454
	Validation Loss = 1.4039780703971305, Validation R-squared = 0.18287958432078044
After epoch 5: Loss = 0.5358290066302934, R-squared = 0.4338406823627654
	Validation Loss = 0.855763975268362, Validation R-squared = 0.5002762057199069
After epoch 6: Loss = 0.19086252568955697, R-squared = 0.7889115018119427
	Validation Loss = 1.1695155740101417, Validation R-squared = 0.2844411792811235
After epoch 7: Loss = 0.3527396530920692, R-squared = 0.6632269772358024
	Validation Loss = 0.4772910876524164, Validation R-squared = 0.71817542282276
After epoch 8: Loss = 0.10424271056837749, R-squared = 0.8938354622275392
	Validation Loss = 0.5370490738829162, Validation R-squared = 0.6783967514091319
After epoch 9: Loss = 0.15286973950254104, R-squared = 0.8503666236879832
	Validation Loss = 0.4411208476008461, Validation R-squared = 0.7419105613045819
After epoch 10: Loss = 0.14265869751975643, R-squared = 0.8533544624120749
	Validation Loss = 0.29376709363591286, Validation R-squared = 0.8272625275992994
After epoch 11: Loss = 0.043536588809493904, R-squared = 0.9443617927424984
	Validation Loss = 0.28316065480734526, Validation R-squared = 0.8298234853678809
After epoch 12: Loss = 0.03903195156579586, R-squared = 0.962200384858856
	Validation Loss = 0.1572871560726016, Validation R-squared = 0.9054020573936997
After epoch 13: Loss = 0.02511500803999188, R-squared = 0.9740747203336344
	Validation Loss = 0.14645582416361883, Validation R-squared = 0.912383702343885
After epoch 14: Loss = 0.031401915523844685, R-squared = 0.968238414487272
	Validation Loss = 0.15996011635063587, Validation R-squared = 0.9039874210603275
After epoch 15: Loss = 0.014481743879477251, R-squared = 0.9853313655144974
	Validation Loss = 0.21426960145552323, Validation R-squared = 0.8716191587403026
After epoch 16: Loss = 0.01147972622272232, R-squared = 0.9876295141896932
	Validation Loss = 0.23354859456549137, Validation R-squared = 0.8609851440339741
After epoch 17: Loss = 0.010010049583239767, R-squared = 0.9892135695710227
	Validation Loss = 0.2450656787514399, Validation R-squared = 0.8547196894942172
After epoch 18: Loss = 0.005492459471160108, R-squared = 0.9945165528018262
	Validation Loss = 0.26103687394108294, Validation R-squared = 0.8448051683135899
After epoch 19: Loss = 0.002760851771064701, R-squared = 0.997242779479372
	Validation Loss = 0.25356509652844683, Validation R-squared = 0.8489598958651596
After epoch 20: Loss = 0.004642919655447072, R-squared = 0.9942034186638461
	Validation Loss = 0.2663379321496108, Validation R-squared = 0.841194249421712
After epoch 21: Loss = 0.005453890515599319, R-squared = 0.9944412625274168
	Validation Loss = 0.25723588369667905, Validation R-squared = 0.8470405582183993
After epoch 22: Loss = 0.0034313856283554483, R-squared = 0.9963845798609117
	Validation Loss = 0.26105444453314436, Validation R-squared = 0.8449771750738476
After epoch 23: Loss = 0.003077200182683371, R-squared = 0.9951031662221119
	Validation Loss = 0.2517022881158129, Validation R-squared = 0.8504615275239518
After epoch 24: Loss = 0.002403639684514664, R-squared = 0.9973565035664017
	Validation Loss = 0.24046197331446653, Validation R-squared = 0.8568883810609607
After epoch 25: Loss = 0.0020954047483407127, R-squared = 0.9977452636676439
	Validation Loss = 0.24120720450548475, Validation R-squared = 0.8561653188946425
After epoch 26: Loss = 0.0025241101284434932, R-squared = 0.997342502441224
	Validation Loss = 0.23428251100704234, Validation R-squared = 0.8603688514082158
After epoch 27: Loss = 0.002334944081785976, R-squared = 0.9977390262803189
	Validation Loss = 0.24905268618462292, Validation R-squared = 0.8516513925554215
After epoch 28: Loss = 0.00200455763624084, R-squared = 0.9979421528515792
	Validation Loss = 0.24599599016125342, Validation R-squared = 0.8538740001903521
After epoch 29: Loss = 0.002270750159010132, R-squared = 0.9975942528653583
	Validation Loss = 0.2563229082552228, Validation R-squared = 0.8476518658429318
After epoch 30: Loss = 0.0018003102342499316, R-squared = 0.9982083014517276
	Validation Loss = 0.2469811736177626, Validation R-squared = 0.8532394304865044
After epoch 31: Loss = 0.0021755700366584544, R-squared = 0.997652826816566
	Validation Loss = 0.2525873956752473, Validation R-squared = 0.8496006022285575
After epoch 32: Loss = 0.002129958316612357, R-squared = 0.9979574182348001
	Validation Loss = 0.23888938510098945, Validation R-squared = 0.8579287024241288
After epoch 33: Loss = 0.0021300111573744843, R-squared = 0.9977931820867633
	Validation Loss = 0.24532142585197747, Validation R-squared = 0.8540082418618155
After epoch 34: Loss = 0.0017806533867870346, R-squared = 0.9979399428971761
	Validation Loss = 0.2407668036723167, Validation R-squared = 0.8568458269703833
After epoch 35: Loss = 0.0014634118491770214, R-squared = 0.998508222924886
	Validation Loss = 0.24053624120938513, Validation R-squared = 0.8568622783310507
After epoch 36: Loss = 0.0015745789369734232, R-squared = 0.9982789736845895
	Validation Loss = 0.23396220948347926, Validation R-squared = 0.8608063536498581
After epoch 37: Loss = 0.0015829924848554256, R-squared = 0.9982782932936011
	Validation Loss = 0.23556380705699823, Validation R-squared = 0.8597905832639697
After epoch 38: Loss = 0.0015178632934336027, R-squared = 0.9984747353421212
	Validation Loss = 0.23732149762707777, Validation R-squared = 0.8588219837459455
After epoch 39: Loss = 0.0011249707872313826, R-squared = 0.9988162962079672
	Validation Loss = 0.2353627053884352, Validation R-squared = 0.8601285159847731
After epoch 40: Loss = 0.0010967248300714494, R-squared = 0.9988772210640303
	Validation Loss = 0.24547824842250743, Validation R-squared = 0.8538857211420448
After epoch 41: Loss = 0.0011840947463854128, R-squared = 0.9987590413564907
	Validation Loss = 0.23333935162737185, Validation R-squared = 0.8613398544500822
After epoch 42: Loss = 0.0012044356317429956, R-squared = 0.9987135879827914
	Validation Loss = 0.24154510605061705, Validation R-squared = 0.8562117017838542
After epoch 43: Loss = 0.0011875765927760159, R-squared = 0.9988319923393996
	Validation Loss = 0.2335051184830077, Validation R-squared = 0.8611670802519305
After epoch 44: Loss = 0.001537881528619399, R-squared = 0.9984493245361935
	Validation Loss = 0.22974607717469694, Validation R-squared = 0.8635169782632414
After epoch 45: Loss = 0.000979515987930054, R-squared = 0.9989712430117358
	Validation Loss = 0.23745343399495844, Validation R-squared = 0.8585827054581033
After epoch 46: Loss = 0.0012162526205252702, R-squared = 0.9984485158703711
	Validation Loss = 0.2243393076784743, Validation R-squared = 0.8665884963777568
After epoch 47: Loss = 0.0009667836490645309, R-squared = 0.9990293380075007
	Validation Loss = 0.2282176302492567, Validation R-squared = 0.8641618927697
After epoch 48: Loss = 0.0008476163327753422, R-squared = 0.999040319657395
	Validation Loss = 0.23049221684323748, Validation R-squared = 0.862898117055769
After epoch 49: Loss = 0.0009327380515534942, R-squared = 0.9989901451516544
	Validation Loss = 0.22974771346028336, Validation R-squared = 0.863472658428564
After epoch 50: Loss = 0.0007983524115094441, R-squared = 0.9991819557619727
	Validation Loss = 0.23453537177987135, Validation R-squared = 0.8603780197826096
Training process has finished.

Using CNN: NoPoolCNN1 with learning rate: 1e-03
After epoch 1: Loss = 1.026803253037144, R-squared = -0.03767330985439835
	Validation Loss = 2.0601475190184053, Validation R-squared = -0.19837052776046696
After epoch 2: Loss = 1.0168830086536054, R-squared = -0.017326238576266844
	Validation Loss = 1.9190854719701236, Validation R-squared = -0.11941213256282414
After epoch 3: Loss = 1.0120947497434372, R-squared = -0.045496449357925184
	Validation Loss = 1.8694117029247816, Validation R-squared = -0.08899979993867667
After epoch 4: Loss = 0.9259938087761759, R-squared = 0.07218521338869395
	Validation Loss = 1.6388840949236567, Validation R-squared = 0.04287254942961871
After epoch 5: Loss = 0.6942256482620381, R-squared = 0.2406614002992454
	Validation Loss = 0.8920240099487216, Validation R-squared = 0.47568010900695934
After epoch 6: Loss = 0.276755681857423, R-squared = 0.7087581418017894
	Validation Loss = 0.1606108668479956, Validation R-squared = 0.9000956894857683
After epoch 7: Loss = 0.5175295223927306, R-squared = 0.5316020198034513
	Validation Loss = 4.3762018049522124, Validation R-squared = -1.5783566033788397
After epoch 8: Loss = 1.4878471662307062, R-squared = -0.5301172066450905
	Validation Loss = 2.071973414119985, Validation R-squared = -0.20477424180879744
After epoch 9: Loss = 1.0203249588474719, R-squared = -0.02980555872362552
	Validation Loss = 2.0988856344680067, Validation R-squared = -0.219808397126001
After epoch 10: Loss = 1.0276562119368797, R-squared = -0.03664948446089422
	Validation Loss = 2.1036474466255677, Validation R-squared = -0.22248209213986758
After epoch 11: Loss = 1.0259540143844372, R-squared = -0.033052001389499784
	Validation Loss = 2.080586395374126, Validation R-squared = -0.2096350086054354
After epoch 12: Loss = 1.0208035992499391, R-squared = -0.047953231104389614
	Validation Loss = 2.0655279133461404, Validation R-squared = -0.20142904866926434
After epoch 13: Loss = 1.0241748196247764, R-squared = -0.02963059480220413
	Validation Loss = 2.064264028660577, Validation R-squared = -0.20071696467569333
After epoch 14: Loss = 1.0213249897839656, R-squared = -0.07033366502679095
	Validation Loss = 2.062746740974155, Validation R-squared = -0.19986230285278161
After epoch 15: Loss = 1.0250399659761602, R-squared = -0.03442613237057671
	Validation Loss = 2.06135917138287, Validation R-squared = -0.19908089328515485
After epoch 16: Loss = 1.0253057792269888, R-squared = -0.4639094663374268
	Validation Loss = 2.0600184419932686, Validation R-squared = -0.1983260301447567
After epoch 17: Loss = 1.0251039631640828, R-squared = -0.08508399556137898
	Validation Loss = 2.0584165919429327, Validation R-squared = -0.1974243026908508
After epoch 18: Loss = 1.0220312251507793, R-squared = -0.024754940990391255
	Validation Loss = 2.0424905428326983, Validation R-squared = -0.18862941560817
After epoch 19: Loss = 1.0226263919356968, R-squared = -0.02747038617966509
	Validation Loss = 2.06540224863415, Validation R-squared = -0.20118149598268728
After epoch 20: Loss = 1.0174827760548182, R-squared = -0.06335696546614156
	Validation Loss = 2.0643890167045087, Validation R-squared = -0.20059967075373056
After epoch 21: Loss = 1.021844775674783, R-squared = -0.025115203080104103
	Validation Loss = 2.064093192213227, Validation R-squared = -0.20040624684950115
After epoch 22: Loss = 1.0211191672393678, R-squared = -0.04045076547888057
	Validation Loss = 2.074343088342314, Validation R-squared = -0.20595528356691664
After epoch 23: Loss = 1.0238833533895948, R-squared = -0.029246052818542423
	Validation Loss = 2.0915874671160295, Validation R-squared = -0.21551311362817463
After epoch 24: Loss = 1.0196663036556293, R-squared = -0.0263360860495101
	Validation Loss = 2.0654324914846893, Validation R-squared = -0.20095785041809047
After epoch 25: Loss = 1.0185068466958656, R-squared = -0.05354411213707181
	Validation Loss = 2.0524836374256927, Validation R-squared = -0.1937527359170512
After epoch 26: Loss = 1.014665036073611, R-squared = -0.026473606134431577
	Validation Loss = 2.0420175818468205, Validation R-squared = -0.18802677619768315
After epoch 27: Loss = 1.0246765586869104, R-squared = -0.06495928614145736
	Validation Loss = 2.0587601578621886, Validation R-squared = -0.19701471719754127
After epoch 28: Loss = 1.005838108389938, R-squared = -0.037794442724701637
	Validation Loss = 2.046272117859635, Validation R-squared = -0.18997880145486826
After epoch 29: Loss = 1.009899457867451, R-squared = -0.030217188335155076
	Validation Loss = 2.041332470298461, Validation R-squared = -0.1869586226956131
After epoch 30: Loss = 0.9976269625968447, R-squared = -0.001171718703247578
	Validation Loss = 2.0244154982003653, Validation R-squared = -0.1774478531892234
After epoch 31: Loss = 0.9567414343238031, R-squared = 0.013185939157622006
	Validation Loss = 2.177961034757494, Validation R-squared = -0.2646906017955209
After epoch 32: Loss = 0.9530080379316249, R-squared = 0.03637931719937685
	Validation Loss = 2.111408435809085, Validation R-squared = -0.22590100020445666
After epoch 33: Loss = 0.9273570423829028, R-squared = 0.06928851229029005
	Validation Loss = 1.9538970293026374, Validation R-squared = -0.13420084064599092
After epoch 34: Loss = 0.8916084731057049, R-squared = 0.10466456800633354
	Validation Loss = 1.9679944534504257, Validation R-squared = -0.1452769506239881
After epoch 35: Loss = 0.8904842855666656, R-squared = 0.11131764301521756
	Validation Loss = 1.868798046172959, Validation R-squared = -0.08556947130465775
After epoch 36: Loss = 0.7319615652503274, R-squared = 0.2671973295816576
	Validation Loss = 1.6193925914529972, Validation R-squared = 0.060130269868207964
After epoch 37: Loss = 0.6321604711440294, R-squared = 0.32184481237922546
	Validation Loss = 1.7233495341565985, Validation R-squared = -0.009932545159883047
After epoch 38: Loss = 0.7024753606517201, R-squared = 0.21686331611861046
	Validation Loss = 1.0001465437504318, Validation R-squared = 0.4158773600493697
After epoch 39: Loss = 0.3268443249195028, R-squared = 0.6767536518705833
	Validation Loss = 0.9103291709466452, Validation R-squared = 0.47086691929981406
After epoch 40: Loss = 0.21874680796126153, R-squared = 0.7804967436434777
	Validation Loss = 0.6858917189544687, Validation R-squared = 0.6022496609598673
After epoch 41: Loss = 0.138156649943302, R-squared = 0.8477167721608398
	Validation Loss = 0.5103873080258063, Validation R-squared = 0.699606228127732
After epoch 42: Loss = 0.16016707321016935, R-squared = 0.8422443615120997
	Validation Loss = 0.36383013704587536, Validation R-squared = 0.7853794374673791
After epoch 43: Loss = 0.08811475804633218, R-squared = 0.9120112712432421
	Validation Loss = 0.5808231613353613, Validation R-squared = 0.6593412984806489
After epoch 44: Loss = 0.0917555997162925, R-squared = 0.9070902483589486
	Validation Loss = 0.3644762022745347, Validation R-squared = 0.7865661455864013
After epoch 45: Loss = 0.045285041845525564, R-squared = 0.949967244522007
	Validation Loss = 0.35531658117322246, Validation R-squared = 0.7898067547142947
After epoch 46: Loss = 0.045020544011155884, R-squared = 0.9453219782777081
	Validation Loss = 0.3283281320923853, Validation R-squared = 0.8095361708794157
After epoch 47: Loss = 0.020006548853317888, R-squared = 0.9760706650498882
	Validation Loss = 0.5139890822637573, Validation R-squared = 0.7004476513534023
After epoch 48: Loss = 0.021613545175198947, R-squared = 0.9776674210328048
	Validation Loss = 0.40122750960675635, Validation R-squared = 0.7668863821387691
After epoch 49: Loss = 0.009264656580749302, R-squared = 0.9898000274336214
	Validation Loss = 0.3486200593146797, Validation R-squared = 0.7959774486563139
After epoch 50: Loss = 0.015378783994213689, R-squared = 0.9837104470758087
	Validation Loss = 0.29438258957027813, Validation R-squared = 0.829124136992331
Training process has finished.

Using CNN: NoPoolCNN1 with learning rate: 5e-03
After epoch 1: Loss = 2.294127132797591, R-squared = -1.2316633818738478
	Validation Loss = 2.033041633412473, Validation R-squared = -0.18236484493130764
After epoch 2: Loss = 1.0101989117311188, R-squared = -0.01682276087322491
	Validation Loss = 1.9141983672781742, Validation R-squared = -0.11754066196321016
After epoch 3: Loss = 1.0073817108670071, R-squared = -0.011881748506240722
	Validation Loss = 1.867999653441683, Validation R-squared = -0.09260863275996845
After epoch 4: Loss = 1.0013667232960344, R-squared = -0.0027925679277988427
	Validation Loss = 1.8836619684985283, Validation R-squared = -0.10074465345638395
After epoch 5: Loss = 0.9978378989067836, R-squared = -0.04637997592626083
	Validation Loss = 1.8622470837733596, Validation R-squared = -0.08863236164488424
After epoch 6: Loss = 0.994054019617136, R-squared = -0.0870881064846483
	Validation Loss = 1.8151029183204068, Validation R-squared = -0.06101696256208283
After epoch 7: Loss = 0.9353861681285118, R-squared = 0.039673721447959
	Validation Loss = 1.5252482727909262, Validation R-squared = 0.10307131321189576
After epoch 8: Loss = 0.7512712610511373, R-squared = 0.22529051764493602
	Validation Loss = 0.8606172607798248, Validation R-squared = 0.4977515879114532
After epoch 9: Loss = 0.23762042480176068, R-squared = 0.7511853004478635
	Validation Loss = 0.9626949255061343, Validation R-squared = 0.41518177899077663
After epoch 10: Loss = 0.342601956106402, R-squared = 0.6587301549348804
	Validation Loss = 0.3550867089371795, Validation R-squared = 0.7921224024897114
After epoch 11: Loss = 0.1799904391158554, R-squared = 0.8191095880933729
	Validation Loss = 0.15398968328778276, Validation R-squared = 0.907800837757124
After epoch 12: Loss = 0.11852519621635454, R-squared = 0.8527673593492091
	Validation Loss = 0.16954604382967844, Validation R-squared = 0.8985172196260115
After epoch 13: Loss = 0.09170228246036417, R-squared = 0.9068517207950019
	Validation Loss = 0.10416328970823352, Validation R-squared = 0.937909544981804
After epoch 14: Loss = 0.06075333637993397, R-squared = 0.9393241715412498
	Validation Loss = 0.19804152559912205, Validation R-squared = 0.8801827401234741
After epoch 15: Loss = 0.04548234848190441, R-squared = 0.9510355322939393
	Validation Loss = 0.07823379532768325, Validation R-squared = 0.9536472871080504
After epoch 16: Loss = 0.03877834961603455, R-squared = 0.9603499049043132
	Validation Loss = 0.10859957970184453, Validation R-squared = 0.9347290607400188
After epoch 17: Loss = 0.03481096718269441, R-squared = 0.9647479591585942
	Validation Loss = 0.05511376870545671, Validation R-squared = 0.9668796365679002
After epoch 18: Loss = 0.0283912475125917, R-squared = 0.9716153254295508
	Validation Loss = 0.09454823514736853, Validation R-squared = 0.9434312571280609
After epoch 19: Loss = 0.019729969540244283, R-squared = 0.97986563878793
	Validation Loss = 0.08676154654381092, Validation R-squared = 0.9479136982419124
After epoch 20: Loss = 0.011524492176956369, R-squared = 0.9880885951324011
	Validation Loss = 0.16083288523089304, Validation R-squared = 0.9045319264638562
After epoch 21: Loss = 0.014947796564009417, R-squared = 0.9846535296906609
	Validation Loss = 0.12118511243836494, Validation R-squared = 0.9273989053858435
After epoch 22: Loss = 0.006503702601267207, R-squared = 0.993323266859111
	Validation Loss = 0.09461899159322289, Validation R-squared = 0.9432275819428003
After epoch 23: Loss = 0.006298568701448831, R-squared = 0.9936510876881623
	Validation Loss = 0.11519498998925687, Validation R-squared = 0.9315015678205582
After epoch 24: Loss = 0.00832375332001179, R-squared = 0.9913396851514215
	Validation Loss = 0.07647194098221202, Validation R-squared = 0.9541026200365802
After epoch 25: Loss = 0.005172319529358454, R-squared = 0.9949734863832186
	Validation Loss = 0.07898038466843539, Validation R-squared = 0.9526282734911297
After epoch 26: Loss = 0.003602941734398237, R-squared = 0.9960066245319359
	Validation Loss = 0.10746406067878485, Validation R-squared = 0.9360303282508307
After epoch 27: Loss = 0.005171486038727509, R-squared = 0.9947977273866787
	Validation Loss = 0.0841193559124686, Validation R-squared = 0.9493237516491851
After epoch 28: Loss = 0.006749392601032291, R-squared = 0.9927874200641517
	Validation Loss = 0.10050570233292154, Validation R-squared = 0.9399876900028277
After epoch 29: Loss = 0.0035926701823514404, R-squared = 0.9963612358249138
	Validation Loss = 0.09104451830611889, Validation R-squared = 0.9455382494594083
After epoch 30: Loss = 0.0038572029851239586, R-squared = 0.9959555216924801
	Validation Loss = 0.0813870730685185, Validation R-squared = 0.9511567763384052
After epoch 31: Loss = 0.005611201271844034, R-squared = 0.9946113081198663
	Validation Loss = 0.11451031850998845, Validation R-squared = 0.9315945528082102
After epoch 32: Loss = 0.007627602132780041, R-squared = 0.992389481162761
	Validation Loss = 0.09337258592873014, Validation R-squared = 0.9438002374171846
After epoch 33: Loss = 0.007600333422898178, R-squared = 0.9924867878862429
	Validation Loss = 0.10683725058212505, Validation R-squared = 0.9363095173320065
After epoch 34: Loss = 0.00674778605459084, R-squared = 0.9927777905311181
	Validation Loss = 0.08651289640223037, Validation R-squared = 0.9479821938976748
After epoch 35: Loss = 0.007196165102305832, R-squared = 0.9923859321846532
	Validation Loss = 0.1125310906033228, Validation R-squared = 0.9328296620594833
After epoch 36: Loss = 0.00507647981024797, R-squared = 0.995113355635764
	Validation Loss = 0.1121518561335224, Validation R-squared = 0.933107386102666
After epoch 37: Loss = 0.004131753544267827, R-squared = 0.9942972018488874
	Validation Loss = 0.09389043996629752, Validation R-squared = 0.9435364246499004
After epoch 38: Loss = 0.0027697470054090846, R-squared = 0.9962856782869892
	Validation Loss = 0.12331635699602815, Validation R-squared = 0.9266139177350642
After epoch 39: Loss = 0.0039458917839481885, R-squared = 0.9954863048806523
	Validation Loss = 0.10588274622612344, Validation R-squared = 0.9364705224348508
After epoch 40: Loss = 0.0028824410300090186, R-squared = 0.9969718343348876
	Validation Loss = 0.11707840157472786, Validation R-squared = 0.9299545045794008
After epoch 41: Loss = 0.002887329396314606, R-squared = 0.9965057212540285
	Validation Loss = 0.10508378402523207, Validation R-squared = 0.9368288793330208
After epoch 42: Loss = 0.004502719762473874, R-squared = 0.9956768956931278
	Validation Loss = 0.15206909231150922, Validation R-squared = 0.9098748918714833
After epoch 43: Loss = 0.005739447890545812, R-squared = 0.9930786955527391
	Validation Loss = 0.10669361416090405, Validation R-squared = 0.9358204539024723
After epoch 44: Loss = 0.004354452503198858, R-squared = 0.9954274629321805
	Validation Loss = 0.1188527455375843, Validation R-squared = 0.929116382171394
After epoch 45: Loss = 0.0022495154823275044, R-squared = 0.9977730389786229
	Validation Loss = 0.11443015305835029, Validation R-squared = 0.9316892177847449
After epoch 46: Loss = 0.0033540499897914172, R-squared = 0.9968139082003744
	Validation Loss = 0.10737691256440134, Validation R-squared = 0.935553423045743
After epoch 47: Loss = 0.003493247416450832, R-squared = 0.9968865122580862
	Validation Loss = 0.13637603357009348, Validation R-squared = 0.9189559154297918
After epoch 48: Loss = 0.004545852905694626, R-squared = 0.9952879888448001
	Validation Loss = 0.1146444218589898, Validation R-squared = 0.9311380554937695
After epoch 49: Loss = 0.0019039942143778982, R-squared = 0.9979589868181392
	Validation Loss = 0.12191769827676367, Validation R-squared = 0.9273434376025191
After epoch 50: Loss = 0.0016940835826498024, R-squared = 0.9983533275869053
	Validation Loss = 0.10948111883164054, Validation R-squared = 0.9343703615506151
Training process has finished.

Using CNN: NoPoolCNN1 with learning rate: 1e-02
After epoch 1: Loss = 1.5985151644223023, R-squared = -0.626436299739754
	Validation Loss = 2.018914490298358, Validation R-squared = -0.17554287866399018
After epoch 2: Loss = 1.0073198901977494, R-squared = -0.008824577628174938
	Validation Loss = 1.8338195290254273, Validation R-squared = -0.07501261709873248
After epoch 3: Loss = 1.0143197225901108, R-squared = -0.043335881513479224
	Validation Loss = 1.8391126626931886, Validation R-squared = -0.07773002841907113
After epoch 4: Loss = 1.0084395161160953, R-squared = -0.04859410263740386
	Validation Loss = 1.8727233908675986, Validation R-squared = -0.10190328584428399
After epoch 5: Loss = 1.041758528553796, R-squared = -0.150639849598501
	Validation Loss = 1.8502707401890521, Validation R-squared = -0.08350820201498414
After epoch 6: Loss = 1.0055441797685887, R-squared = -0.017249279578003856
	Validation Loss = 1.856059027907029, Validation R-squared = -0.0865294840064309
After epoch 7: Loss = 1.0018246642729602, R-squared = -0.09792794733092469
	Validation Loss = 1.8609007875156731, Validation R-squared = -0.0890680086580059
After epoch 8: Loss = 1.007143987120522, R-squared = -0.027057349675326137
	Validation Loss = 1.8677863282254608, Validation R-squared = -0.09269451066344121
After epoch 9: Loss = 1.00157809010873, R-squared = -0.009444723691191795
	Validation Loss = 1.873352906360249, Validation R-squared = -0.09563946520980104
After epoch 10: Loss = 1.0007415708624237, R-squared = -0.022968226661716534
	Validation Loss = 1.8785146102404005, Validation R-squared = -0.09838000622834601
After epoch 11: Loss = 1.0020342876047585, R-squared = -0.004068043110167692
	Validation Loss = 1.8840136446115794, Validation R-squared = -0.1013093883423521
After epoch 12: Loss = 1.0066838813446035, R-squared = -0.06635171357907832
	Validation Loss = 1.8906031660203546, Validation R-squared = -0.10483211576198248
After epoch 13: Loss = 1.0021131305934317, R-squared = -0.012643004258590032
	Validation Loss = 1.895359070593597, Validation R-squared = -0.10738254204681245
After epoch 14: Loss = 0.9995922352194669, R-squared = -0.015905453155877252
	Validation Loss = 1.8986942997582015, Validation R-squared = -0.10917488951250376
After epoch 15: Loss = 1.0028093494733294, R-squared = -0.0062752803953597764
	Validation Loss = 1.902491601842082, Validation R-squared = -0.11121920369639833
After epoch 16: Loss = 0.9988840151345183, R-squared = -0.010486668816569974
	Validation Loss = 1.9044890508156431, Validation R-squared = -0.11229606438594757
After epoch 17: Loss = 0.999480397671313, R-squared = -0.0026181818425957313
	Validation Loss = 1.9068626352129259, Validation R-squared = -0.11357702988972185
After epoch 18: Loss = 1.0004201803834192, R-squared = -0.027601647690886244
	Validation Loss = 1.9093110314401558, Validation R-squared = -0.11489984419999233
After epoch 19: Loss = 0.9995203674480652, R-squared = -0.033414042072813066
	Validation Loss = 1.9102880831232951, Validation R-squared = -0.11542813433402233
After epoch 20: Loss = 1.0016235637868656, R-squared = -0.015545032882601229
	Validation Loss = 1.9124289636243106, Validation R-squared = -0.11658651024420925
After epoch 21: Loss = 1.0047196276184607, R-squared = -0.0742592194454242
	Validation Loss = 1.9145387104789464, Validation R-squared = -0.11772910610540692
After epoch 22: Loss = 1.0018120880264803, R-squared = -0.016610871553275713
	Validation Loss = 1.9157747124687283, Validation R-squared = -0.11839898306369623
After epoch 23: Loss = 1.0039278115006651, R-squared = -0.10583772954748964
	Validation Loss = 1.9173032521446507, Validation R-squared = -0.1192278939831563
After epoch 24: Loss = 0.997893817402287, R-squared = -0.006589148197159907
	Validation Loss = 1.9159009220060874, Validation R-squared = -0.11846740484240652
After epoch 25: Loss = 0.9988351052938717, R-squared = -0.018349947993430444
	Validation Loss = 1.9153254554795758, Validation R-squared = -0.11815545792908959
After epoch 26: Loss = 0.999585766934476, R-squared = -9.379564198715624e-05
	Validation Loss = 1.9147092213181045, Validation R-squared = -0.11782149689768369
After epoch 27: Loss = 1.0024693499163468, R-squared = -0.06261653910573044
	Validation Loss = 1.9156092480981168, Validation R-squared = -0.11830928569196097
After epoch 28: Loss = 1.000991886689607, R-squared = -0.0431736566624236
	Validation Loss = 1.9146277991681753, Validation R-squared = -0.11777737770207215
After epoch 29: Loss = 1.0026724908728666, R-squared = -0.00832099065143869
	Validation Loss = 1.9146502178626152, Validation R-squared = -0.11778952528378013
After epoch 30: Loss = 1.0007372478571173, R-squared = -0.00720981696557114
	Validation Loss = 1.9138123750551304, Validation R-squared = -0.11733561949916715
After epoch 31: Loss = 1.0032879824547736, R-squared = -0.03825300330003434
	Validation Loss = 1.9147017171671656, Validation R-squared = -0.1178174306532553
After epoch 32: Loss = 0.9958022115000967, R-squared = -0.12054536145364365
	Validation Loss = 1.911699065015733, Validation R-squared = -0.11619145729400437
After epoch 33: Loss = 1.003267857898095, R-squared = -0.03298694645477777
	Validation Loss = 1.9130933079067944, Validation R-squared = -0.11694619240195707
After epoch 34: Loss = 1.0000417742563288, R-squared = -0.011927276490326655
	Validation Loss = 1.9118085584015614, Validation R-squared = -0.11625071178537179
After epoch 35: Loss = 1.002466633671463, R-squared = -0.030831591182771383
	Validation Loss = 1.9118162555741385, Validation R-squared = -0.11625487736893814
After epoch 36: Loss = 1.0024395591177024, R-squared = -0.04755306948490534
	Validation Loss = 1.9116240455617246, Validation R-squared = -0.11615086070145623
After epoch 37: Loss = 1.002428984915461, R-squared = -0.03826570442749596
	Validation Loss = 1.9127804316029495, Validation R-squared = -0.11677678524298936
After epoch 38: Loss = 1.000131199501351, R-squared = -0.028642217477271654
	Validation Loss = 1.9115109108179749, Validation R-squared = -0.11608964066132214
After epoch 39: Loss = 0.9983017402144122, R-squared = -0.052943762694384645
	Validation Loss = 1.9107560262711036, Validation R-squared = -0.11568123238547494
After epoch 40: Loss = 1.0059228519964145, R-squared = -0.1569920296375608
	Validation Loss = 1.912278095292921, Validation R-squared = -0.11650484331975804
After epoch 41: Loss = 0.9976706559684675, R-squared = -0.03727334380846722
	Validation Loss = 1.9106919065566101, Validation R-squared = -0.11564654860313528
After epoch 42: Loss = 1.007810347323871, R-squared = -0.10704321722868186
	Validation Loss = 1.9132401050987626, Validation R-squared = -0.11702568384865875
After epoch 43: Loss = 0.996359131540351, R-squared = -0.03923119869036721
	Validation Loss = 1.9114238119418534, Validation R-squared = -0.11604251136933648
After epoch 44: Loss = 1.0013749985794722, R-squared = -0.015920889735231425
	Validation Loss = 1.9122374057564995, Validation R-squared = -0.11648281848911834
After epoch 45: Loss = 0.9998741871265837, R-squared = -0.003128759386848534
	Validation Loss = 1.9123049776949272, Validation R-squared = -0.11651939470561339
After epoch 46: Loss = 1.0021237738517914, R-squared = -0.034824174723195066
	Validation Loss = 1.9124627290699234, Validation R-squared = -0.11660478864533115
After epoch 47: Loss = 0.9979002001303569, R-squared = -0.021979501921353117
	Validation Loss = 1.9110831153085817, Validation R-squared = -0.11585817755328127
After epoch 48: Loss = 1.002453186167137, R-squared = -0.0811101822714085
	Validation Loss = 1.913085878405263, Validation R-squared = -0.1169421694233234
After epoch 49: Loss = 0.9985076097628548, R-squared = -0.008685483358064072
	Validation Loss = 1.9125269124971005, Validation R-squared = -0.11663953409635446
After epoch 50: Loss = 0.998708710588398, R-squared = -0.009234558859242847
	Validation Loss = 1.9121071983629208, Validation R-squared = -0.11641234120522892
Training process has finished.

Using CNN: NoPoolCNN1 with learning rate: 5e-02
After epoch 1: Loss = 120098654038.88312, R-squared = -107240062715.86104
	Validation Loss = 108003.92897377028, Validation R-squared = -67591.26635404864
After epoch 2: Loss = 101049651.26817913, R-squared = -105671505.15528941
	Validation Loss = 56567902.97415816, Validation R-squared = -35309481.45683135
After epoch 3: Loss = 22114245.34444637, R-squared = -22943394.51362845
	Validation Loss = 269125.074977409, Validation R-squared = -167718.8278968008
After epoch 4: Loss = 167779.2041978681, R-squared = -168166.09222245458
	Validation Loss = 219118.44213930258, Validation R-squared = -136424.41694759406
After epoch 5: Loss = 81399.95987506614, R-squared = -144652.1096222886
	Validation Loss = 1.7437582077843388, Validation R-squared = -0.03776827113722995
After epoch 6: Loss = 1.159424800341674, R-squared = -0.18019139144708265
	Validation Loss = 1.7434823548703313, Validation R-squared = -0.03862702853873168
After epoch 7: Loss = 1.1717220755234792, R-squared = -0.1885447479602329
	Validation Loss = 1.7435953734401124, Validation R-squared = -0.039470343607515
After epoch 8: Loss = 1.1820532159139754, R-squared = -0.24737994537004102
	Validation Loss = 1.743861994312784, Validation R-squared = -0.0402189219208291
After epoch 9: Loss = 1.1878971998210848, R-squared = -0.3441281542894816
	Validation Loss = 1.7441669318013424, Validation R-squared = -0.040848915971251475
After epoch 10: Loss = 1.1932796629185276, R-squared = -0.5261133768095739
	Validation Loss = 1.7444566939309933, Validation R-squared = -0.04136212950191065
After epoch 11: Loss = 1.1968510429774453, R-squared = -0.31274526175076844
	Validation Loss = 1.7447096329168499, Validation R-squared = -0.04177124230007464
After epoch 12: Loss = 1.2001403560903758, R-squared = -0.2036814294544634
	Validation Loss = 1.744920087519181, Validation R-squared = -0.04209239881196991
After epoch 13: Loss = 1.2027644801291275, R-squared = -0.22512146387610232
	Validation Loss = 1.745089968917555, Validation R-squared = -0.04234167705509991
After epoch 14: Loss = 1.203301349401962, R-squared = -0.2744781049228778
	Validation Loss = 1.7452243141218664, Validation R-squared = -0.042533511061458786
After epoch 15: Loss = 1.2056776835699545, R-squared = -0.2544406011457081
	Validation Loss = 1.7453290169799087, Validation R-squared = -0.04268015197735101
After epoch 16: Loss = 1.207390955646635, R-squared = -0.2347676769891706
	Validation Loss = 1.7454097526708165, Validation R-squared = -0.04279165927161351
After epoch 17: Loss = 1.207281140211001, R-squared = -0.3966642517059716
	Validation Loss = 1.7454715016437437, Validation R-squared = -0.042876081506725984
After epoch 18: Loss = 1.2062135771395504, R-squared = -0.22839520215420764
	Validation Loss = 1.7455184379856352, Validation R-squared = -0.042939776239366845
After epoch 19: Loss = 1.2101889198470221, R-squared = -0.27329149756269494
	Validation Loss = 1.745553937323514, Validation R-squared = -0.042987687084525494
After epoch 20: Loss = 1.2095857799438552, R-squared = -0.24709200915199636
	Validation Loss = 1.7455806803956226, Validation R-squared = -0.04302363438535939
After epoch 21: Loss = 1.2091178937448843, R-squared = -0.24714574343503992
	Validation Loss = 1.7456007610329596, Validation R-squared = -0.04305054544985246
After epoch 22: Loss = 1.2077753814214336, R-squared = -0.3119182833088359
	Validation Loss = 1.7456157953481188, Validation R-squared = -0.043070648994238625
After epoch 23: Loss = 1.2096083405496427, R-squared = -0.2777271902613665
	Validation Loss = 1.7456270171122306, Validation R-squared = -0.043085629809986314
After epoch 24: Loss = 1.210746617646162, R-squared = -0.29449499958075775
	Validation Loss = 1.7456353760015728, Validation R-squared = -0.043096775154144194
After epoch 25: Loss = 1.2103067260376115, R-squared = -0.21232980432142234
	Validation Loss = 1.7456415876353655, Validation R-squared = -0.04310504997762125
After epoch 26: Loss = 1.2105390051824774, R-squared = -0.21459665437666472
	Validation Loss = 1.745646190033831, Validation R-squared = -0.0431111769683998
After epoch 27: Loss = 1.2088942332740682, R-squared = -0.28720797825436994
	Validation Loss = 1.7456495877004727, Validation R-squared = -0.043115697920493
After epoch 28: Loss = 1.2095751750023955, R-squared = -0.31901736812744175
	Validation Loss = 1.745652086716141, Validation R-squared = -0.04311902191878347
After epoch 29: Loss = 1.207183318941828, R-squared = -0.2524302633317761
	Validation Loss = 1.7456539168247265, Validation R-squared = -0.0431214555419868
After epoch 30: Loss = 1.2109476865057585, R-squared = -0.22620022769081624
	Validation Loss = 1.7456552467906776, Validation R-squared = -0.04312322374816335
After epoch 31: Loss = 1.2116284237829973, R-squared = -0.2812819367603389
	Validation Loss = 1.7456562032850973, Validation R-squared = -0.04312449524129969
After epoch 32: Loss = 1.2111382031090228, R-squared = -0.3766117653296015
	Validation Loss = 1.7456568817513929, Validation R-squared = -0.04312539705411955
After epoch 33: Loss = 1.2093813072214186, R-squared = -0.28453725737569185
	Validation Loss = 1.7456573591502433, Validation R-squared = -0.04312603156458328
After epoch 34: Loss = 1.2113494523246195, R-squared = -0.2133820405843633
	Validation Loss = 1.7456576813831004, Validation R-squared = -0.04312645982309615
After epoch 35: Loss = 1.2084741831629995, R-squared = -0.22231664352091593
	Validation Loss = 1.7456578899723565, Validation R-squared = -0.04312673703637008
After epoch 36: Loss = 1.2084467563202514, R-squared = -0.3814416242370011
	Validation Loss = 1.745658014690367, Validation R-squared = -0.043126902782124645
After epoch 37: Loss = 1.2098943204046977, R-squared = -0.2312594756786106
	Validation Loss = 1.7456580725921018, Validation R-squared = -0.04312697973059021
After epoch 38: Loss = 1.2082721846971356, R-squared = -0.597266708810449
	Validation Loss = 1.7456580859688373, Validation R-squared = -0.0431269975075154
After epoch 39: Loss = 1.2088286700772075, R-squared = -0.21415245970574678
	Validation Loss = 1.7456580610656154, Validation R-squared = -0.04312696441251892
After epoch 40: Loss = 1.211097762055427, R-squared = -0.296920164406359
	Validation Loss = 1.7456580073436376, Validation R-squared = -0.043126893018654945
After epoch 41: Loss = 1.211422109840639, R-squared = -0.2416367495313593
	Validation Loss = 1.7456579351954824, Validation R-squared = -0.043126797136571415
After epoch 42: Loss = 1.209862401426317, R-squared = -0.24055301855751265
	Validation Loss = 1.7456578512055934, Validation R-squared = -0.04312668551622031
After epoch 43: Loss = 1.2081536644535265, R-squared = -0.5505043374527709
	Validation Loss = 1.7456577573824428, Validation R-squared = -0.043126560826367934
After epoch 44: Loss = 1.2080452695842823, R-squared = -0.2588825171908906
	Validation Loss = 1.7456576508982782, Validation R-squared = -0.043126419308445886
After epoch 45: Loss = 1.2083385594190668, R-squared = -0.5737071734291032
	Validation Loss = 1.7456575407174484, Validation R-squared = -0.0431262728756987
After epoch 46: Loss = 1.2097949333150915, R-squared = -0.21359795128721074
	Validation Loss = 1.745657419182473, Validation R-squared = -0.04312611135075376
After epoch 47: Loss = 1.2100214667733147, R-squared = -0.2505452669787213
	Validation Loss = 1.7456572905730494, Validation R-squared = -0.04312594042096374
After epoch 48: Loss = 1.2089922546094587, R-squared = -0.22130478773071638
	Validation Loss = 1.7456571629683175, Validation R-squared = -0.04312577082381356
After epoch 49: Loss = 1.208299597483208, R-squared = -0.3275027777443571
	Validation Loss = 1.7456570338661974, Validation R-squared = -0.0431255992338175
After epoch 50: Loss = 1.2110154871730445, R-squared = -0.21289708290592166
	Validation Loss = 1.745656898812897, Validation R-squared = -0.04312541973119107
Training process has finished.

Time taken for NoPoolCNN1, 7 learning rates: 591.4305129051208 seconds

gpu_utilization [%], mem_utilization [%], max_memory_usage [MiB], time [ms]
78 %, 18 %, 25630 MiB, 618833 ms
