Tue Jan  7 22:54:32 2025       
+-----------------------------------------------------------------------------------------+
| NVIDIA-SMI 565.57.01              Driver Version: 565.57.01      CUDA Version: 12.7     |
|-----------------------------------------+------------------------+----------------------+
| GPU  Name                 Persistence-M | Bus-Id          Disp.A | Volatile Uncorr. ECC |
| Fan  Temp   Perf          Pwr:Usage/Cap |           Memory-Usage | GPU-Util  Compute M. |
|                                         |                        |               MIG M. |
|=========================================+========================+======================|
|   0  NVIDIA A100 80GB PCIe          On  |   00000000:16:00.0 Off |                    0 |
| N/A   44C    P0             46W /  300W |       1MiB /  81920MiB |      0%      Default |
|                                         |                        |             Disabled |
+-----------------------------------------+------------------------+----------------------+
                                                                                         
+-----------------------------------------------------------------------------------------+
| Processes:                                                                              |
|  GPU   GI   CI        PID   Type   Process name                              GPU Memory |
|        ID   ID                                                               Usage      |
|=========================================================================================|
|  No running processes found                                                             |
+-----------------------------------------------------------------------------------------+
Using device: cuda
Number of permeability values: 455
Number of images: 455
Using CNN: NoPoolCNN1 with learning rate: 5e-05
After epoch 1: Loss = 1.045401350217582, R-squared = -0.12658249721600637
	Validation Loss = 1.268705969696522, Validation R-squared = -17.326825527874426
After epoch 2: Loss = 0.9743773379443532, R-squared = 0.011886494827506455
	Validation Loss = 1.2251133459590222, Validation R-squared = -6.466295976433389
After epoch 3: Loss = 0.9468672786875129, R-squared = 0.035435484460194434
	Validation Loss = 1.2106796095756414, Validation R-squared = -3.8801395781471224
After epoch 4: Loss = 0.9121372362664143, R-squared = 0.08216375128048586
	Validation Loss = 1.1615336659098496, Validation R-squared = -5.602729933170765
After epoch 5: Loss = 0.8660762708927658, R-squared = 0.131145633476824
	Validation Loss = 1.0879860621021884, Validation R-squared = -2.75307054432659
After epoch 6: Loss = 0.7809184833946171, R-squared = 0.2148492441563262
	Validation Loss = 0.9403312361943185, Validation R-squared = -2.328164572085702
After epoch 7: Loss = 0.6464434970085445, R-squared = 0.3470152425235714
	Validation Loss = 0.8178821668514656, Validation R-squared = 0.03825314890938614
After epoch 8: Loss = 0.5956777227949881, R-squared = 0.3998509125302492
	Validation Loss = 0.7837202891106513, Validation R-squared = -0.20291092156871582
After epoch 9: Loss = 0.552185812004297, R-squared = 0.45417569123593626
	Validation Loss = 0.7033467845707159, Validation R-squared = -0.009282214529495588
After epoch 10: Loss = 0.47706315683405487, R-squared = 0.5293523048606331
	Validation Loss = 0.5684337138247485, Validation R-squared = -0.019655896242452047
After epoch 11: Loss = 0.37428001121889093, R-squared = 0.6352344006209544
	Validation Loss = 0.38575734595750233, Validation R-squared = -1.6068032541248074
After epoch 12: Loss = 0.2596122834878192, R-squared = 0.738110658967354
	Validation Loss = 0.2439810757012428, Validation R-squared = -1.4512051081474262
After epoch 13: Loss = 0.18045079020465746, R-squared = 0.8128967253869227
	Validation Loss = 0.1588387818118294, Validation R-squared = -0.23021625473782384
After epoch 14: Loss = 0.11671573137948917, R-squared = 0.8749435064931911
	Validation Loss = 0.09448906202580282, Validation R-squared = -0.3308492954431204
After epoch 15: Loss = 0.08403256382689972, R-squared = 0.9003555812763283
	Validation Loss = 0.07249842658564544, Validation R-squared = 0.3201109813997187
After epoch 16: Loss = 0.05898000091217197, R-squared = 0.9349789095397506
	Validation Loss = 0.06601889782224361, Validation R-squared = 0.10949126897181882
After epoch 17: Loss = 0.05459887630747743, R-squared = 0.9394665865501999
	Validation Loss = 0.06247763756617947, Validation R-squared = 0.09613319179230391
After epoch 18: Loss = 0.04371671994069019, R-squared = 0.953056090369623
	Validation Loss = 0.036372204334568135, Validation R-squared = 0.6049066006781346
After epoch 19: Loss = 0.04005938925421024, R-squared = 0.9554833531486489
	Validation Loss = 0.05979947747514016, Validation R-squared = -0.7222527155332052
After epoch 20: Loss = 0.03357408159171036, R-squared = 0.9644736367965377
	Validation Loss = 0.042161085708137515, Validation R-squared = 0.3141099144583473
After epoch 21: Loss = 0.02664073156750419, R-squared = 0.9709336640212575
	Validation Loss = 0.02361883820084788, Validation R-squared = 0.8766585135463328
After epoch 22: Loss = 0.02050095256608988, R-squared = 0.9767866357958847
	Validation Loss = 0.025122955450633224, Validation R-squared = 0.7872761644210874
After epoch 23: Loss = 0.021070881506750787, R-squared = 0.9770288618830252
	Validation Loss = 0.019058624577064986, Validation R-squared = 0.9434438312017118
After epoch 24: Loss = 0.02386089704482604, R-squared = 0.9742177984892612
	Validation Loss = 0.026456943669755043, Validation R-squared = 0.4153044191617022
After epoch 25: Loss = 0.02291457164602994, R-squared = 0.9741426128787758
	Validation Loss = 0.02636461041786625, Validation R-squared = 0.74249851139206
After epoch 26: Loss = 0.02128890035320146, R-squared = 0.9776545824674668
	Validation Loss = 0.02167977287480091, Validation R-squared = 0.8946272070925566
After epoch 27: Loss = 0.015243625352102812, R-squared = 0.9836329102226937
	Validation Loss = 0.017926194330539515, Validation R-squared = 0.8514722381088834
After epoch 28: Loss = 0.014908729816399227, R-squared = 0.9843779244210265
	Validation Loss = 0.027001506260550534, Validation R-squared = 0.3772808003500616
After epoch 29: Loss = 0.013673353380166878, R-squared = 0.9861992443581624
	Validation Loss = 0.01609577567253959, Validation R-squared = 0.9855444125537026
After epoch 30: Loss = 0.010337270748336822, R-squared = 0.9896266826618902
	Validation Loss = 0.017029997726113095, Validation R-squared = 0.8898392712916365
After epoch 31: Loss = 0.009999988732045021, R-squared = 0.9902788195307831
	Validation Loss = 0.011200355226291979, Validation R-squared = 0.9838789379138541
After epoch 32: Loss = 0.008181255329352717, R-squared = 0.9883960341800865
	Validation Loss = 0.012101161134933758, Validation R-squared = 0.9903047849166006
After epoch 33: Loss = 0.008343163485042934, R-squared = 0.9915988787857231
	Validation Loss = 0.01253615552279469, Validation R-squared = 0.8518245379714392
After epoch 34: Loss = 0.007916810042935523, R-squared = 0.9918325357740605
	Validation Loss = 0.013293192311143079, Validation R-squared = 0.857564933815136
After epoch 35: Loss = 0.008303405239239475, R-squared = 0.9912931465723457
	Validation Loss = 0.011868405052898991, Validation R-squared = 0.7354865642033955
After epoch 36: Loss = 0.007174632633784569, R-squared = 0.9926633231098719
	Validation Loss = 0.00749596754006799, Validation R-squared = 0.987510225636239
After epoch 37: Loss = 0.006345184330324556, R-squared = 0.9930846416717831
	Validation Loss = 0.011827639091203502, Validation R-squared = 0.9808250506720707
After epoch 38: Loss = 0.006881715818480022, R-squared = 0.9931308871430767
	Validation Loss = 0.011699052404034184, Validation R-squared = 0.9025659712706872
After epoch 39: Loss = 0.006691494873753574, R-squared = 0.9929454022648043
	Validation Loss = 0.007540088433377612, Validation R-squared = 0.9903209570306603
After epoch 40: Loss = 0.004176867260130988, R-squared = 0.9954094913877769
	Validation Loss = 0.006443698531765037, Validation R-squared = 0.9372672184586536
After epoch 41: Loss = 0.004517651815129159, R-squared = 0.995146425584632
	Validation Loss = 0.008526008500610166, Validation R-squared = 0.9588877352000508
After epoch 42: Loss = 0.004167539746978914, R-squared = 0.9958182160615004
	Validation Loss = 0.006227040349088001, Validation R-squared = 0.9721232227927809
After epoch 43: Loss = 0.0034766711039845855, R-squared = 0.995783939553767
	Validation Loss = 0.005596324707751913, Validation R-squared = 0.9759389024080183
After epoch 44: Loss = 0.004635669775736604, R-squared = 0.9950236933719413
	Validation Loss = 0.00523457557322379, Validation R-squared = 0.9428047452560312
After epoch 45: Loss = 0.0045060946334166225, R-squared = 0.9948743396069096
	Validation Loss = 0.007593272701248914, Validation R-squared = 0.8382804044660969
After epoch 46: Loss = 0.0036174543481262257, R-squared = 0.9959539802173835
	Validation Loss = 0.004748552433833251, Validation R-squared = 0.950955841091696
After epoch 47: Loss = 0.0034943319725515634, R-squared = 0.9960766867082181
	Validation Loss = 0.004293847204297883, Validation R-squared = 0.9677494920740483
After epoch 48: Loss = 0.0025753361358757847, R-squared = 0.996820859994649
	Validation Loss = 0.005153155345169545, Validation R-squared = 0.9374736023929519
After epoch 49: Loss = 0.003580210843941032, R-squared = 0.996446125322132
	Validation Loss = 0.00378921775927454, Validation R-squared = 0.9910295347242277
After epoch 50: Loss = 0.0026804480977009786, R-squared = 0.9970502496825796
	Validation Loss = 0.007640253619551978, Validation R-squared = 0.9442877798784829
Training process has finished.

Using CNN: NoPoolCNN1 with learning rate: 1e-04
After epoch 1: Loss = 1.0001908231197576, R-squared = -0.017808513288086313
	Validation Loss = 1.250042009184258, Validation R-squared = -9.728251943380867
After epoch 2: Loss = 0.9444450488997175, R-squared = 0.04557511243632571
	Validation Loss = 1.158190122573513, Validation R-squared = -4.029960858246903
After epoch 3: Loss = 0.8028663620719456, R-squared = 0.19799144207402508
	Validation Loss = 0.9357080399568559, Validation R-squared = -0.021425176507447612
After epoch 4: Loss = 0.6404925544562117, R-squared = 0.36684210331672384
	Validation Loss = 0.7259369763825395, Validation R-squared = -0.18186262657195032
After epoch 5: Loss = 0.42174901391263264, R-squared = 0.5844444089895527
	Validation Loss = 0.3345311424223731, Validation R-squared = 0.007270438164167133
After epoch 6: Loss = 0.21364548394385968, R-squared = 0.739681775108632
	Validation Loss = 0.3637474427632886, Validation R-squared = -5.0309454455011995
After epoch 7: Loss = 0.14536295571041916, R-squared = 0.8487741277784675
	Validation Loss = 0.054596798568106876, Validation R-squared = 0.5111368721736437
After epoch 8: Loss = 0.06325982061160088, R-squared = 0.9314875318789223
	Validation Loss = 0.07378681563062255, Validation R-squared = -1.3955183543412293
After epoch 9: Loss = 0.055495264054939965, R-squared = 0.9438480481220468
	Validation Loss = 0.04578201900900005, Validation R-squared = 0.558185548861824
After epoch 10: Loss = 0.03645859853128361, R-squared = 0.962724842067843
	Validation Loss = 0.03290810775691173, Validation R-squared = 0.47222648302816794
After epoch 11: Loss = 0.028971914662569036, R-squared = 0.9702438929165643
	Validation Loss = 0.026220362682963988, Validation R-squared = 0.7826679623884355
After epoch 12: Loss = 0.02073717173579396, R-squared = 0.9750393142569322
	Validation Loss = 0.022226847047335237, Validation R-squared = 0.8569324259977448
After epoch 13: Loss = 0.022167037716018422, R-squared = 0.9757973074611186
	Validation Loss = 0.022374006433066376, Validation R-squared = 0.8746519618574777
After epoch 14: Loss = 0.021821987709863273, R-squared = 0.9770404896253648
	Validation Loss = 0.021931463345280903, Validation R-squared = 0.6452120268194195
After epoch 15: Loss = 0.01665277286164071, R-squared = 0.9817962665451183
	Validation Loss = 0.013320691017902576, Validation R-squared = 0.8837562365778746
After epoch 16: Loss = 0.01370186462006128, R-squared = 0.9850056461708411
	Validation Loss = 0.02542627604731872, Validation R-squared = 0.3579281294693493
After epoch 17: Loss = 0.01439262510542227, R-squared = 0.9842817834421356
	Validation Loss = 0.015388190390897796, Validation R-squared = 0.6833995311233384
After epoch 18: Loss = 0.011999493519947104, R-squared = 0.9871618956855182
	Validation Loss = 0.012391970261333415, Validation R-squared = 0.8253206722868992
After epoch 19: Loss = 0.009166088661765699, R-squared = 0.990432665180991
	Validation Loss = 0.013263126708574302, Validation R-squared = 0.6703171545977878
After epoch 20: Loss = 0.010428081978306959, R-squared = 0.9880952872772115
	Validation Loss = 0.008960061581931678, Validation R-squared = 0.9173655278722698
After epoch 21: Loss = 0.010838192933606388, R-squared = 0.985395836602591
	Validation Loss = 0.013221922559132343, Validation R-squared = 0.960146501688932
After epoch 22: Loss = 0.008300408458285665, R-squared = 0.991386814829878
	Validation Loss = 0.012933460681728766, Validation R-squared = 0.9546228376385582
After epoch 23: Loss = 0.008174748838036225, R-squared = 0.9912071692487944
	Validation Loss = 0.00978215811140798, Validation R-squared = 0.7498156987252206
After epoch 24: Loss = 0.006568691709794669, R-squared = 0.99284052678526
	Validation Loss = 0.010927442193253529, Validation R-squared = 0.7500197307622125
After epoch 25: Loss = 0.008142834356351363, R-squared = 0.9887028551145821
	Validation Loss = 0.0107674086354912, Validation R-squared = 0.8015261708318787
After epoch 26: Loss = 0.006937887654940955, R-squared = 0.99264708800251
	Validation Loss = 0.006616539271784496, Validation R-squared = 0.8728090995607619
After epoch 27: Loss = 0.004696309376365857, R-squared = 0.9946118797982123
	Validation Loss = 0.005202815181278446, Validation R-squared = 0.9372795191752713
After epoch 28: Loss = 0.003404145422739647, R-squared = 0.9963446100954003
	Validation Loss = 0.006139615419314087, Validation R-squared = 0.9825309288505171
After epoch 29: Loss = 0.0038660315264740356, R-squared = 0.9957243841935568
	Validation Loss = 0.003944787036380071, Validation R-squared = 0.9913466164645911
After epoch 30: Loss = 0.004167909378085651, R-squared = 0.9957329072884671
	Validation Loss = 0.0028414811761207654, Validation R-squared = 0.9940141314707326
After epoch 31: Loss = 0.00461089459206856, R-squared = 0.9948792158341428
	Validation Loss = 0.0034494362638459587, Validation R-squared = 0.9441710403385372
After epoch 32: Loss = 0.0029961979270299367, R-squared = 0.996580534919144
	Validation Loss = 0.0024553590141408762, Validation R-squared = 0.9942465961939951
After epoch 33: Loss = 0.0034740170240630357, R-squared = 0.9963420007645725
	Validation Loss = 0.004803037745218706, Validation R-squared = 0.8694650168571302
After epoch 34: Loss = 0.0036932291493369683, R-squared = 0.9959598655529079
	Validation Loss = 0.007658133341523166, Validation R-squared = 0.7478047683873811
After epoch 35: Loss = 0.005955834489335119, R-squared = 0.9937223192230737
	Validation Loss = 0.017410914976424028, Validation R-squared = 0.3382193537116445
After epoch 36: Loss = 0.007980946078537955, R-squared = 0.9893764712262414
	Validation Loss = 0.008872251232442166, Validation R-squared = 0.9231396480887105
After epoch 37: Loss = 0.003038132763544791, R-squared = 0.9967308836350638
	Validation Loss = 0.003273753742115023, Validation R-squared = 0.9398290907914112
After epoch 38: Loss = 0.003645414522686393, R-squared = 0.9962517078890049
	Validation Loss = 0.00577562911106743, Validation R-squared = 0.7965351485431177
After epoch 39: Loss = 0.002858622240516873, R-squared = 0.9967985578031214
	Validation Loss = 0.002517751747888862, Validation R-squared = 0.9974118943568991
After epoch 40: Loss = 0.002517645102922178, R-squared = 0.9968493605404138
	Validation Loss = 0.007461491526323769, Validation R-squared = 0.7305543891618326
After epoch 41: Loss = 0.003725687710339162, R-squared = 0.9961621364663443
	Validation Loss = 0.007309163950567338, Validation R-squared = 0.8439912247149545
After epoch 42: Loss = 0.004252309947237151, R-squared = 0.9952194112201683
	Validation Loss = 0.007576024624177241, Validation R-squared = 0.798051664306015
After epoch 43: Loss = 0.0024599692200393273, R-squared = 0.9973127221837347
	Validation Loss = 0.00178537503282038, Validation R-squared = 0.9937918761418163
After epoch 44: Loss = 0.001942170069897423, R-squared = 0.9977873087124838
	Validation Loss = 0.0026783406696762485, Validation R-squared = 0.9631303274882091
After epoch 45: Loss = 0.0016992613409194841, R-squared = 0.9982683964306265
	Validation Loss = 0.0015228045423580688, Validation R-squared = 0.9978154092443416
After epoch 46: Loss = 0.00145058398966352, R-squared = 0.9983888221115036
	Validation Loss = 0.0014469262764916235, Validation R-squared = 0.9981594410297999
After epoch 47: Loss = 0.0012131284995669043, R-squared = 0.9985801751072234
	Validation Loss = 0.0015608975738330743, Validation R-squared = 0.9951552672335574
After epoch 48: Loss = 0.0018087568253367606, R-squared = 0.9980803334861935
	Validation Loss = 0.0038021335923648283, Validation R-squared = 0.9103776135957262
After epoch 49: Loss = 0.0022668181920871984, R-squared = 0.997221581051672
	Validation Loss = 0.001839128619014204, Validation R-squared = 0.9831060119128378
After epoch 50: Loss = 0.002778103918949205, R-squared = 0.996742624426456
	Validation Loss = 0.00245916480433961, Validation R-squared = 0.9607146591708089
Training process has finished.

Using CNN: NoPoolCNN1 with learning rate: 5e-04
After epoch 1: Loss = 0.9557541542130517, R-squared = 0.014953497213613397
	Validation Loss = 1.0203272866840623, Validation R-squared = -19.112556314291194
After epoch 2: Loss = 0.515810648724938, R-squared = 0.3830083911649325
	Validation Loss = 0.23454471435104848, Validation R-squared = -1.043936907845388
After epoch 3: Loss = 0.12518870628483658, R-squared = 0.844878767745046
	Validation Loss = 0.18790874471954233, Validation R-squared = 0.3186872237091381
After epoch 4: Loss = 0.06364671307019731, R-squared = 0.9371741916994809
	Validation Loss = 0.040187914228495554, Validation R-squared = 0.9132863873649318
After epoch 5: Loss = 0.04926461610152555, R-squared = 0.9518898302258639
	Validation Loss = 0.02950101084321301, Validation R-squared = 0.8289752132255345
After epoch 6: Loss = 0.03576832752999772, R-squared = 0.9407974605987903
	Validation Loss = 0.06278000420957795, Validation R-squared = 0.5724021517169787
After epoch 7: Loss = 0.027794611027674426, R-squared = 0.9688567107842958
	Validation Loss = 0.025220793608853445, Validation R-squared = 0.6818206699718307
After epoch 8: Loss = 0.021306470687097883, R-squared = 0.9751459319360958
	Validation Loss = 0.02959958555747542, Validation R-squared = 0.9115805278875388
After epoch 9: Loss = 0.021282208218976112, R-squared = 0.9763187272186666
	Validation Loss = 0.019707263244756978, Validation R-squared = 0.8658585362297654
After epoch 10: Loss = 0.01847052673525015, R-squared = 0.9811275976104369
	Validation Loss = 0.019000964762269493, Validation R-squared = 0.7335571716005235
After epoch 11: Loss = 0.014081519688203915, R-squared = 0.9838745308187395
	Validation Loss = 0.013792783365200406, Validation R-squared = 0.9373917679069604
After epoch 12: Loss = 0.009583326813195018, R-squared = 0.9900221968855331
	Validation Loss = 0.01014850569681862, Validation R-squared = 0.9069477922193224
After epoch 13: Loss = 0.011941910390582795, R-squared = 0.986656380510853
	Validation Loss = 0.014948377564857689, Validation R-squared = 0.7065237391332064
After epoch 14: Loss = 0.010142147190272316, R-squared = 0.9900194423927635
	Validation Loss = 0.007248953243433183, Validation R-squared = 0.8879575190762822
After epoch 15: Loss = 0.009757912811465898, R-squared = 0.9909840458735244
	Validation Loss = 0.005454380258502942, Validation R-squared = 0.9653371931081377
After epoch 16: Loss = 0.011313265501447617, R-squared = 0.9869119444001827
	Validation Loss = 0.024861624555767747, Validation R-squared = 0.7358243344302804
After epoch 17: Loss = 0.01414934646922585, R-squared = 0.9866635936693975
	Validation Loss = 0.007137940384984187, Validation R-squared = 0.9127622674331771
After epoch 18: Loss = 0.005730346462451152, R-squared = 0.9934823264495393
	Validation Loss = 0.00854637920245623, Validation R-squared = 0.8691503801082567
After epoch 19: Loss = 0.005637369025422407, R-squared = 0.9927382508212588
	Validation Loss = 0.006145029423118404, Validation R-squared = 0.9688145215475893
After epoch 20: Loss = 0.0063899828229131775, R-squared = 0.9930552568506918
	Validation Loss = 0.004170117958231168, Validation R-squared = 0.9491385601736503
After epoch 21: Loss = 0.0031598446325575404, R-squared = 0.9966123575641719
	Validation Loss = 0.0033686490313477127, Validation R-squared = 0.9446642211154516
After epoch 22: Loss = 0.0015933968059398701, R-squared = 0.9980476857190081
	Validation Loss = 0.0025825220278983163, Validation R-squared = 0.977254274224499
After epoch 23: Loss = 0.0011642254073848932, R-squared = 0.9988586140596555
	Validation Loss = 0.002178163085957126, Validation R-squared = 0.9618649634702092
After epoch 24: Loss = 0.0019313379677032266, R-squared = 0.9980040232557379
	Validation Loss = 0.001703300896465293, Validation R-squared = 0.9702721686811954
After epoch 25: Loss = 0.004172061312421491, R-squared = 0.9957951651270852
	Validation Loss = 0.0017307243262907844, Validation R-squared = 0.9930275072344306
After epoch 26: Loss = 0.0046905397938878015, R-squared = 0.9954535779164104
	Validation Loss = 0.0038241234236932203, Validation R-squared = 0.9738062591797418
After epoch 27: Loss = 0.004485986083193259, R-squared = 0.9951443431769735
	Validation Loss = 0.0021814836696581194, Validation R-squared = 0.9878803397251564
After epoch 28: Loss = 0.0025694637671408852, R-squared = 0.9968390975873704
	Validation Loss = 0.0023841542835781864, Validation R-squared = 0.9857892210010079
After epoch 29: Loss = 0.0012017465469273503, R-squared = 0.9987560142852754
	Validation Loss = 0.0014717824924162291, Validation R-squared = 0.992574803446625
After epoch 30: Loss = 0.001044764474226475, R-squared = 0.9985767922466673
	Validation Loss = 0.0014813094497749093, Validation R-squared = 0.9957047311977169
After epoch 31: Loss = 0.0007758420104175797, R-squared = 0.9990836644079021
	Validation Loss = 0.001302083877114624, Validation R-squared = 0.9738560111157474
After epoch 32: Loss = 0.0008295066966701922, R-squared = 0.9991089183484207
	Validation Loss = 0.0013813855694907113, Validation R-squared = 0.9955060129577996
After epoch 33: Loss = 0.0013488855328314345, R-squared = 0.9985981928597958
	Validation Loss = 0.004255346344639483, Validation R-squared = 0.9731876674385443
After epoch 34: Loss = 0.007576576045278695, R-squared = 0.9913490829278938
	Validation Loss = 0.013604697253206384, Validation R-squared = 0.7883463509288839
After epoch 35: Loss = 0.007996558707742029, R-squared = 0.9905946400796533
	Validation Loss = 0.029381219653931135, Validation R-squared = 0.6327476349897798
After epoch 36: Loss = 0.017546516367660952, R-squared = 0.9834829659188978
	Validation Loss = 0.017565093823861865, Validation R-squared = 0.8046706378051507
After epoch 37: Loss = 0.005132700788237867, R-squared = 0.9941603091536948
	Validation Loss = 0.006728695458689263, Validation R-squared = 0.9758401456059899
After epoch 38: Loss = 0.0036076092099499154, R-squared = 0.996053893142211
	Validation Loss = 0.003342412967974879, Validation R-squared = 0.8983172912268765
After epoch 39: Loss = 0.002302570980146734, R-squared = 0.9973660661389848
	Validation Loss = 0.002571974840478007, Validation R-squared = 0.9365638466367546
After epoch 40: Loss = 0.0016766286439493239, R-squared = 0.9982556902339675
	Validation Loss = 0.001408635013686539, Validation R-squared = 0.9634580419604482
After epoch 41: Loss = 0.001147862941948669, R-squared = 0.9988054385676799
	Validation Loss = 0.0010548371778981473, Validation R-squared = 0.9833112163088963
After epoch 42: Loss = 0.001333527769538734, R-squared = 0.9984774647702921
	Validation Loss = 0.0010594004426731937, Validation R-squared = 0.9968480755739763
After epoch 43: Loss = 0.0010245898379990296, R-squared = 0.9988409478558126
	Validation Loss = 0.001702014803469044, Validation R-squared = 0.9519714112845036
After epoch 44: Loss = 0.0011291384941437745, R-squared = 0.9987914069235933
	Validation Loss = 0.0011969739301270301, Validation R-squared = 0.9928771498067218
After epoch 45: Loss = 0.0011210669360500502, R-squared = 0.9986419087457049
	Validation Loss = 0.0009155489730900313, Validation R-squared = 0.9973193405316421
After epoch 46: Loss = 0.0014905768246879568, R-squared = 0.9983397251382794
	Validation Loss = 0.0008998973374679766, Validation R-squared = 0.9965034656670287
After epoch 47: Loss = 0.0013612940133832393, R-squared = 0.9986265419898089
	Validation Loss = 0.001813897019666909, Validation R-squared = 0.9898195430153077
After epoch 48: Loss = 0.0009028983492719034, R-squared = 0.9991074852073124
	Validation Loss = 0.0025661660707891145, Validation R-squared = 0.9735960919723046
After epoch 49: Loss = 0.0026791660113387643, R-squared = 0.9972426570551518
	Validation Loss = 0.007287952795892594, Validation R-squared = 0.9051937056216071
After epoch 50: Loss = 0.0020371241223605405, R-squared = 0.9976210787206716
	Validation Loss = 0.00268297768264488, Validation R-squared = 0.9784835025998061
Training process has finished.

Using CNN: NoPoolCNN1 with learning rate: 1e-03
After epoch 1: Loss = 0.9802979626710012, R-squared = 0.008691610399082695
	Validation Loss = 1.1389317149417202, Validation R-squared = -4.306602884911083
After epoch 2: Loss = 0.48630000079250724, R-squared = 0.4780446718578647
	Validation Loss = 0.2192029457496253, Validation R-squared = 0.4741561010254278
After epoch 3: Loss = 0.18137944160455488, R-squared = 0.8085300413974901
	Validation Loss = 0.3651034785334942, Validation R-squared = 0.265432207569507
After epoch 4: Loss = 0.22165735898219427, R-squared = 0.7619321891119389
	Validation Loss = 0.15519346296875683, Validation R-squared = -0.41783554696569064
After epoch 5: Loss = 0.0747599270410344, R-squared = 0.9281347203010941
	Validation Loss = 0.06605057158184852, Validation R-squared = -0.3399171722360393
After epoch 6: Loss = 0.039881886191197494, R-squared = 0.9563696783984312
	Validation Loss = 0.035160065956026935, Validation R-squared = 0.6280005472373102
After epoch 7: Loss = 0.024049427476554752, R-squared = 0.9749669062047082
	Validation Loss = 0.02281588174749455, Validation R-squared = 0.91289818829075
After epoch 8: Loss = 0.024553336133088965, R-squared = 0.9717293450583885
	Validation Loss = 0.022132084496081103, Validation R-squared = 0.8747460737029745
After epoch 9: Loss = 0.01879973857956112, R-squared = 0.9798950150456784
	Validation Loss = 0.02695457845967437, Validation R-squared = 0.8071580914714792
After epoch 10: Loss = 0.015250046369131322, R-squared = 0.9833052775622193
	Validation Loss = 0.010889273161846723, Validation R-squared = 0.9208057229802163
After epoch 11: Loss = 0.007994477402897101, R-squared = 0.9907664831294072
	Validation Loss = 0.007152067168674948, Validation R-squared = 0.9206677663819333
After epoch 12: Loss = 0.004757432759223475, R-squared = 0.9946462016612854
	Validation Loss = 0.0045656462408933075, Validation R-squared = 0.9435833655692086
After epoch 13: Loss = 0.004385806920716001, R-squared = 0.9946068590578792
	Validation Loss = 0.007056396362674049, Validation R-squared = 0.860221074207948
After epoch 14: Loss = 0.006571105649357865, R-squared = 0.9933056152445809
	Validation Loss = 0.009623107967895998, Validation R-squared = 0.9097789025972434
After epoch 15: Loss = 0.006704115946607141, R-squared = 0.9928073585944659
	Validation Loss = 0.0053504408929296475, Validation R-squared = 0.7901701594403346
After epoch 16: Loss = 0.0032383612015673474, R-squared = 0.9964762463129035
	Validation Loss = 0.0021505798512126283, Validation R-squared = 0.9756619193161503
After epoch 17: Loss = 0.0024069762174436637, R-squared = 0.997157053361313
	Validation Loss = 0.0023648783031011184, Validation R-squared = 0.9414595029190891
After epoch 18: Loss = 0.002411843138794581, R-squared = 0.9974735906882193
	Validation Loss = 0.0033104545738744232, Validation R-squared = 0.8858724542905548
After epoch 19: Loss = 0.002039853411122319, R-squared = 0.9978902302974884
	Validation Loss = 0.0028438838580694312, Validation R-squared = 0.9397090428863554
After epoch 20: Loss = 0.002517968269425529, R-squared = 0.9971935941238825
	Validation Loss = 0.00303043391569784, Validation R-squared = 0.9897731775995823
After epoch 21: Loss = 0.0020350852900756465, R-squared = 0.9975896760608878
	Validation Loss = 0.0013639524059385934, Validation R-squared = 0.992214515089289
After epoch 22: Loss = 0.0010842721808605605, R-squared = 0.9988052773693454
	Validation Loss = 0.0034264180265226388, Validation R-squared = 0.9856294584829607
After epoch 23: Loss = 0.001842029921985531, R-squared = 0.9975879640896987
	Validation Loss = 0.004102471347342412, Validation R-squared = 0.9722287275921815
After epoch 24: Loss = 0.0019740544522938784, R-squared = 0.9975917564993377
	Validation Loss = 0.0036818472495750644, Validation R-squared = 0.9163702017297757
After epoch 25: Loss = 0.0015831851043415436, R-squared = 0.9982214368352805
	Validation Loss = 0.0026461038402008585, Validation R-squared = 0.9872215113735695
After epoch 26: Loss = 0.0036925642508083023, R-squared = 0.9962332195750723
	Validation Loss = 0.00944187393830328, Validation R-squared = 0.916833699515888
After epoch 27: Loss = 0.004953738306785476, R-squared = 0.992757264270106
	Validation Loss = 0.0037948886166800882, Validation R-squared = 0.8718504003489587
After epoch 28: Loss = 0.004382938828122618, R-squared = 0.9951253287915313
	Validation Loss = 0.004832501995119342, Validation R-squared = 0.7712281685657104
After epoch 29: Loss = 0.004056611148881015, R-squared = 0.9950740228312368
	Validation Loss = 0.0014848365212472446, Validation R-squared = 0.9566970760416506
After epoch 30: Loss = 0.0037736029807715495, R-squared = 0.9954126297571261
	Validation Loss = 0.006119097911326712, Validation R-squared = 0.8749710151001099
After epoch 31: Loss = 0.0033256326583549546, R-squared = 0.9963901671830488
	Validation Loss = 0.004221655896346284, Validation R-squared = 0.8177845446439123
After epoch 32: Loss = 0.0018479933569045994, R-squared = 0.9979968918798967
	Validation Loss = 0.0029072231840044835, Validation R-squared = 0.9293327351202589
After epoch 33: Loss = 0.0016451697699225525, R-squared = 0.9981275168275016
	Validation Loss = 0.001613046619148113, Validation R-squared = 0.9692786805671031
After epoch 34: Loss = 0.00092616741925789, R-squared = 0.9991066755953961
	Validation Loss = 0.001336730518993698, Validation R-squared = 0.983951819088804
After epoch 35: Loss = 0.0006722594558791281, R-squared = 0.9992856007369296
	Validation Loss = 0.001280290640513353, Validation R-squared = 0.9979836185509093
After epoch 36: Loss = 0.0005940286741850808, R-squared = 0.9993339924961763
	Validation Loss = 0.0012717127541026399, Validation R-squared = 0.9891301622867719
After epoch 37: Loss = 0.0004745434830193138, R-squared = 0.9994880372329676
	Validation Loss = 0.0012392571044581124, Validation R-squared = 0.9819635019491297
After epoch 38: Loss = 0.0004084346981054796, R-squared = 0.9995018075252133
	Validation Loss = 0.0011382911387298664, Validation R-squared = 0.99839809097832
After epoch 39: Loss = 0.0003064540677516822, R-squared = 0.9996965228419963
	Validation Loss = 0.0009429840576310652, Validation R-squared = 0.9978618375914575
After epoch 40: Loss = 0.00042323461708467235, R-squared = 0.9995431912590448
	Validation Loss = 0.0012795542205327455, Validation R-squared = 0.9979449527449425
After epoch 41: Loss = 0.00040608489877983444, R-squared = 0.9995729524861015
	Validation Loss = 0.001035495205247383, Validation R-squared = 0.9990847360753521
After epoch 42: Loss = 0.00037974620893274364, R-squared = 0.9995988455738198
	Validation Loss = 0.0012017242042590421, Validation R-squared = 0.9825873419960867
After epoch 43: Loss = 0.0002930016215196666, R-squared = 0.9996786196830577
	Validation Loss = 0.001386983265720233, Validation R-squared = 0.9946606839327444
After epoch 44: Loss = 0.0002795507910535822, R-squared = 0.9997055284077068
	Validation Loss = 0.0015051327501438864, Validation R-squared = 0.9867208891154705
After epoch 45: Loss = 0.0011389103900240716, R-squared = 0.9988256346689317
	Validation Loss = 0.007056558978009963, Validation R-squared = 0.990018806427818
After epoch 46: Loss = 0.0012744557301284955, R-squared = 0.998658588497037
	Validation Loss = 0.0015009847653483365, Validation R-squared = 0.9975641113282173
After epoch 47: Loss = 0.000497288438697973, R-squared = 0.9993262141893421
	Validation Loss = 0.0008683790877697912, Validation R-squared = 0.997350922774543
After epoch 48: Loss = 0.0003136856872309344, R-squared = 0.9996604911444287
	Validation Loss = 0.001031775492021351, Validation R-squared = 0.9826606281006777
After epoch 49: Loss = 0.0005665199617270369, R-squared = 0.9994138288096284
	Validation Loss = 0.0009391950245177622, Validation R-squared = 0.9930208204394043
After epoch 50: Loss = 0.0010576950629068817, R-squared = 0.9989993925540634
	Validation Loss = 0.002024626112128358, Validation R-squared = 0.9975456325160824
Training process has finished.

Using CNN: NoPoolCNN1 with learning rate: 5e-03
After epoch 1: Loss = 1.1198439648574425, R-squared = -0.09646585939067423
	Validation Loss = 1.2902035912007788, Validation R-squared = -5.3659210593588975
After epoch 2: Loss = 0.9497517261682809, R-squared = 0.011420726515856572
	Validation Loss = 1.1139138944390892, Validation R-squared = -4.916647405076531
After epoch 3: Loss = 1.0180842155653902, R-squared = -0.02390167701360161
	Validation Loss = 1.2772935014818068, Validation R-squared = -11.32266887934606
After epoch 4: Loss = 1.0106127647297156, R-squared = -0.018321803984289065
	Validation Loss = 1.276706752990766, Validation R-squared = -11.813906917336668
After epoch 5: Loss = 1.0009711482284822, R-squared = -0.018379607281282205
	Validation Loss = 1.2767395958450314, Validation R-squared = -11.7872111517301
After epoch 6: Loss = 1.0006031371325708, R-squared = -0.024403915002802923
	Validation Loss = 1.2771514888237216, Validation R-squared = -11.492702896051808
After epoch 7: Loss = 1.0033948157471844, R-squared = -0.011133137977100005
	Validation Loss = 1.2777742118987565, Validation R-squared = -11.136820781912588
After epoch 8: Loss = 1.0026893356355242, R-squared = -0.009986957824244302
	Validation Loss = 1.2784771979783698, Validation R-squared = -10.80777838733868
After epoch 9: Loss = 1.006454657650694, R-squared = -0.035139941453126974
	Validation Loss = 1.279380400362758, Validation R-squared = -10.452471207534218
After epoch 10: Loss = 0.9997107735951112, R-squared = -0.021230859613370366
	Validation Loss = 1.2794841069918728, Validation R-squared = -10.41520476172913
After epoch 11: Loss = 0.9983659107923591, R-squared = -0.016873414191417656
	Validation Loss = 1.2796885596844414, Validation R-squared = -10.343497548533973
After epoch 12: Loss = 0.9965585327582005, R-squared = -0.15048250100774724
	Validation Loss = 1.2795761395483152, Validation R-squared = -10.382644940946916
After epoch 13: Loss = 0.9994468029695709, R-squared = -0.031130058928185746
	Validation Loss = 1.2801606838571393, Validation R-squared = -10.185963383846241
After epoch 14: Loss = 1.0011852752009087, R-squared = -0.05173558261706188
	Validation Loss = 1.280417922754335, Validation R-squared = -10.104336565628556
After epoch 15: Loss = 0.9999554380457856, R-squared = -0.12446251468180788
	Validation Loss = 1.2809702676553638, Validation R-squared = -9.93771833369459
After epoch 16: Loss = 0.9993178492121203, R-squared = -0.023705030880717116
	Validation Loss = 1.280971331669578, Validation R-squared = -9.937407805902934
After epoch 17: Loss = 1.0015740521183916, R-squared = -0.04929487140054336
	Validation Loss = 1.2814044209022988, Validation R-squared = -9.814030654279522
After epoch 18: Loss = 0.9970810897096445, R-squared = -0.016673814732854276
	Validation Loss = 1.2810387738526876, Validation R-squared = -9.917801915627603
After epoch 19: Loss = 1.000773258197071, R-squared = -0.07472443340855524
	Validation Loss = 1.2806106829028179, Validation R-squared = -10.044913596996542
After epoch 20: Loss = 1.0005867498669931, R-squared = -0.016372976151610617
	Validation Loss = 1.2812694888907619, Validation R-squared = -9.851842306653365
After epoch 21: Loss = 0.9983658532327017, R-squared = -0.041574529632351684
	Validation Loss = 1.2811251253870086, Validation R-squared = -9.892916396128122
After epoch 22: Loss = 0.9997947468466506, R-squared = -0.021458704521142534
	Validation Loss = 1.28144567241185, Validation R-squared = -9.802579213583
After epoch 23: Loss = 1.002290959364087, R-squared = -0.025325708526904123
	Validation Loss = 1.2816353038250474, Validation R-squared = -9.75056885845468
After epoch 24: Loss = 0.9991746180284855, R-squared = -0.01797110835984588
	Validation Loss = 1.2812538170321492, Validation R-squared = -9.856269814355363
After epoch 25: Loss = 1.0034958678689132, R-squared = -0.02932677148341285
	Validation Loss = 1.2814264768129375, Validation R-squared = -9.807901700157686
After epoch 26: Loss = 1.0009160365123952, R-squared = -0.04369756749552049
	Validation Loss = 1.2810775978703528, Validation R-squared = -9.906583381527609
After epoch 27: Loss = 0.9965727659663608, R-squared = -0.03337824255956161
	Validation Loss = 1.2805893397928134, Validation R-squared = -10.051423042114228
After epoch 28: Loss = 0.9993477536997544, R-squared = -0.01158648798712827
	Validation Loss = 1.2809004017982175, Validation R-squared = -9.958191900193002
After epoch 29: Loss = 1.0011124970454368, R-squared = -0.039862841960339866
	Validation Loss = 1.2816118332556732, Validation R-squared = -9.75695094489929
After epoch 30: Loss = 1.0033454710728793, R-squared = -0.02875520664410127
	Validation Loss = 1.2816059479377537, Validation R-squared = -9.758553683699013
After epoch 31: Loss = 1.000926431722586, R-squared = -0.018603561631968434
	Validation Loss = 1.2811646165239112, Validation R-squared = -9.881615353486064
After epoch 32: Loss = 0.9983042901304087, R-squared = -0.04329654625365831
	Validation Loss = 1.2809624870738237, Validation R-squared = -9.939990214365261
After epoch 33: Loss = 0.9987212779250004, R-squared = -0.05582959486542649
	Validation Loss = 1.2805164494085755, Validation R-squared = -10.073784074520068
After epoch 34: Loss = 0.9993083936601396, R-squared = -0.11445671901990176
	Validation Loss = 1.2803363155203629, Validation R-squared = -10.129935041384702
After epoch 35: Loss = 0.9983245512772326, R-squared = -0.029130120287440952
	Validation Loss = 1.280669040894449, Validation R-squared = -10.027201667953168
After epoch 36: Loss = 1.0011872742692742, R-squared = -0.006618059164775781
	Validation Loss = 1.2813828733858998, Validation R-squared = -9.820032221218488
After epoch 37: Loss = 1.0013700039146172, R-squared = -0.019622841539434655
	Validation Loss = 1.2815169634592576, Validation R-squared = -9.782905723562216
After epoch 38: Loss = 1.0011152113554649, R-squared = -0.01832179629513788
	Validation Loss = 1.2814494257691305, Validation R-squared = -9.801539756808365
After epoch 39: Loss = 1.000022235834772, R-squared = -0.03585302799631973
	Validation Loss = 1.2814262681916868, Validation R-squared = -9.807959605278112
After epoch 40: Loss = 0.999577399746993, R-squared = -0.03637437433412447
	Validation Loss = 1.2817679015176762, Validation R-squared = -9.714797782667075
After epoch 41: Loss = 1.0036717976026743, R-squared = -0.08095263928502638
	Validation Loss = 1.2818417522365049, Validation R-squared = -9.695080587600911
After epoch 42: Loss = 1.001150265250322, R-squared = -0.015876961745793693
	Validation Loss = 1.2815302942389686, Validation R-squared = -9.77924321491401
After epoch 43: Loss = 0.9981367954535386, R-squared = -0.0493760502639559
	Validation Loss = 1.280845976887927, Validation R-squared = -9.974256102621432
After epoch 44: Loss = 1.0027484338806143, R-squared = -0.03195828800998959
	Validation Loss = 1.281326154495539, Validation R-squared = -9.835896189790573
After epoch 45: Loss = 1.0009071505359697, R-squared = -0.022989370476980176
	Validation Loss = 1.281703892538575, Validation R-squared = -9.732005661783115
After epoch 46: Loss = 1.001549070704854, R-squared = -0.04560800115017503
	Validation Loss = 1.2810755218774266, Validation R-squared = -9.907182015442961
After epoch 47: Loss = 0.9981556341760005, R-squared = -0.04389170189820215
	Validation Loss = 1.2805709585780014, Validation R-squared = -10.057042892506633
After epoch 48: Loss = 0.9991503097216121, R-squared = -0.022970731570453463
	Validation Loss = 1.281106557909663, Validation R-squared = -9.898246993872778
After epoch 49: Loss = 0.9964491523494224, R-squared = -0.08429616095482098
	Validation Loss = 1.2809016572742806, Validation R-squared = -9.95782253203835
After epoch 50: Loss = 1.001297913765433, R-squared = -0.03812733586448127
	Validation Loss = 1.281464596084002, Validation R-squared = -9.797342668617366
Training process has finished.

Using CNN: NoPoolCNN1 with learning rate: 1e-02
After epoch 1: Loss = 227.9550239205531, R-squared = -153.60274132986316
	Validation Loss = 1.2958709480486923, Validation R-squared = -0.9238896174267733
After epoch 2: Loss = 1.02985489924323, R-squared = -0.05669673139314502
	Validation Loss = 1.2824458510332961, Validation R-squared = -17.21342449813119
After epoch 3: Loss = 1.0201424604058797, R-squared = -0.4757089762984589
	Validation Loss = 1.2829824458937693, Validation R-squared = -17.392516019737467
After epoch 4: Loss = 1.0228050134849842, R-squared = -0.07410327201484261
	Validation Loss = 1.2829758729889276, Validation R-squared = -17.390358873574502
After epoch 5: Loss = 51.71166080193135, R-squared = -406.12217099730617
	Validation Loss = 2.5941796276102935, Validation R-squared = -98.13739880427819
After epoch 6: Loss = 1.1671449977704467, R-squared = -0.2559892471165319
	Validation Loss = 1.285948959914419, Validation R-squared = -18.310572591097685
After epoch 7: Loss = 1.972142563577543, R-squared = -1.1595021078236638
	Validation Loss = 1.2779942186549815, Validation R-squared = -8.48128726904548
After epoch 8: Loss = 1.0283133642961968, R-squared = -0.03343833377108689
	Validation Loss = 1.269885024999829, Validation R-squared = -9.327628203281487
After epoch 9: Loss = 1.0022186320922588, R-squared = -0.0372572867280736
	Validation Loss = 1.2685623284361904, Validation R-squared = -13.191351565729242
After epoch 10: Loss = 0.9984995943163227, R-squared = -0.04387753379681897
	Validation Loss = 1.270365310855871, Validation R-squared = -5.463309484374096
After epoch 11: Loss = 0.9727988501101951, R-squared = 0.00595049089139924
	Validation Loss = 1.2345558346984011, Validation R-squared = -8.141689793925066
After epoch 12: Loss = 0.9403259132146596, R-squared = 0.04729928522658946
	Validation Loss = 1.1684368515706205, Validation R-squared = -2.397441895315931
After epoch 13: Loss = 0.8536914233692332, R-squared = 0.1388831210125665
	Validation Loss = 1.1024071384013718, Validation R-squared = 0.2159263376156861
After epoch 14: Loss = 0.789398186803645, R-squared = 0.2112905159060658
	Validation Loss = 1.0090907685643695, Validation R-squared = -0.20379166023811637
After epoch 15: Loss = 0.7439292673197163, R-squared = 0.2639381506765877
	Validation Loss = 0.9799078355174666, Validation R-squared = -0.561430209886202
After epoch 16: Loss = 0.7232936428883872, R-squared = 0.27777574466306226
	Validation Loss = 0.9613521074452048, Validation R-squared = -0.3758150439010978
After epoch 17: Loss = 0.7169032639740077, R-squared = 0.29426931195170686
	Validation Loss = 0.9603703320972037, Validation R-squared = -0.2642666639725273
After epoch 18: Loss = 0.7111214089660209, R-squared = 0.29377532749403995
	Validation Loss = 0.9513016307069865, Validation R-squared = -1.9814246896621457
After epoch 19: Loss = 0.7080309498532223, R-squared = 0.2915395899489862
	Validation Loss = 0.9822975046680001, Validation R-squared = -4.767888878134316
After epoch 20: Loss = 0.7204164291853827, R-squared = 0.2704500780252027
	Validation Loss = 0.9375049186728007, Validation R-squared = -0.541050441221679
After epoch 21: Loss = 0.6896404698801806, R-squared = 0.30402232914279603
	Validation Loss = 0.914362088158593, Validation R-squared = -0.9366906988757447
After epoch 22: Loss = 0.6742624727136706, R-squared = 0.3258837245474167
	Validation Loss = 0.9017055109033625, Validation R-squared = -0.6076691225849823
After epoch 23: Loss = 0.6629808101745687, R-squared = 0.3370999522010724
	Validation Loss = 0.8932705432161273, Validation R-squared = -0.6945157874737472
After epoch 24: Loss = 0.6537684725305348, R-squared = 0.3482105668608496
	Validation Loss = 0.8821118992552134, Validation R-squared = -0.9237805045595193
After epoch 25: Loss = 0.6473929018206086, R-squared = 0.35753674066366137
	Validation Loss = 0.879790013851924, Validation R-squared = -0.37351758547315544
After epoch 26: Loss = 0.6436746397992901, R-squared = 0.3567968137347509
	Validation Loss = 0.8647622111452414, Validation R-squared = -1.4798312046697415
After epoch 27: Loss = 0.631235115299166, R-squared = 0.36646893378006573
	Validation Loss = 0.8471337637285005, Validation R-squared = -0.6567747050226768
After epoch 28: Loss = 0.6223071118447971, R-squared = 0.38070740226682764
	Validation Loss = 0.8360472324331564, Validation R-squared = -0.3892347348644442
After epoch 29: Loss = 0.6141175766052276, R-squared = 0.38964497553457234
	Validation Loss = 0.8271446515247961, Validation R-squared = -0.25729063288403725
After epoch 30: Loss = 0.6127018778789308, R-squared = 0.39167905893906513
	Validation Loss = 0.8278487348774921, Validation R-squared = -0.9812579332940058
After epoch 31: Loss = 0.6032141292453131, R-squared = 0.403062541839453
	Validation Loss = 0.8186058508526107, Validation R-squared = -1.0276217457440964
After epoch 32: Loss = 0.5956987387689059, R-squared = 0.40843996573400504
	Validation Loss = 0.8022632104538333, Validation R-squared = -0.0478934723323966
After epoch 33: Loss = 0.5903031879405438, R-squared = 0.4148208174747209
	Validation Loss = 0.7999473538861109, Validation R-squared = -0.19049145330639816
After epoch 34: Loss = 0.5895718649397521, R-squared = 0.40733214148917274
	Validation Loss = 0.7877869012017283, Validation R-squared = 0.0498794682179321
After epoch 35: Loss = 0.5771498455578066, R-squared = 0.4222214888011151
	Validation Loss = 0.7824904352433881, Validation R-squared = -0.7187204321649562
After epoch 36: Loss = 0.5737740962009796, R-squared = 0.4346743864543862
	Validation Loss = 0.768988318077697, Validation R-squared = -0.09816663717278407
After epoch 37: Loss = 0.5614972745046858, R-squared = 0.4530301291657546
	Validation Loss = 0.7628239238377152, Validation R-squared = -0.37133935412031266
After epoch 38: Loss = 0.5573205162312295, R-squared = 0.43533170230058715
	Validation Loss = 0.7332868064762229, Validation R-squared = -0.05968850682440056
After epoch 39: Loss = 0.6201016497630492, R-squared = 0.37191754265790383
	Validation Loss = 0.6687753805622224, Validation R-squared = -3.5820823284201047
After epoch 40: Loss = 0.967099745467338, R-squared = -0.10919295702749694
	Validation Loss = 1.2859802759265846, Validation R-squared = -24.66134972357941
After epoch 41: Loss = 1.0560697743646568, R-squared = -0.17101604951652816
	Validation Loss = 1.3843987431476827, Validation R-squared = -33.56229282893905
After epoch 42: Loss = 1.1583075075854645, R-squared = -0.25075143458792454
	Validation Loss = 1.3670006910297765, Validation R-squared = -31.480658826482028
After epoch 43: Loss = 1.0783898413859239, R-squared = -0.22060138100689683
	Validation Loss = 1.2762837022582747, Validation R-squared = -12.235865626473002
After epoch 44: Loss = 1.0001333002269044, R-squared = -0.030427283171264752
	Validation Loss = 1.2962710983747943, Validation R-squared = -7.199755903884636
After epoch 45: Loss = 1.0092506737560516, R-squared = -0.033506417491983756
	Validation Loss = 1.2800907328967626, Validation R-squared = -10.208648324029323
After epoch 46: Loss = 1.0067931765816218, R-squared = -0.01984813789327986
	Validation Loss = 1.2820897895667034, Validation R-squared = -9.629893860260719
After epoch 47: Loss = 1.0049531293548188, R-squared = -0.02938695283690229
	Validation Loss = 1.2760105735497091, Validation R-squared = -12.725495562288044
After epoch 48: Loss = 1.0025288565893056, R-squared = -0.03184827630902402
	Validation Loss = 1.2840825323638574, Validation R-squared = -9.154914549887328
After epoch 49: Loss = 1.001508995247148, R-squared = -0.02612995343916642
	Validation Loss = 1.279990030320732, Validation R-squared = -10.241691502963954
After epoch 50: Loss = 1.0000062557646099, R-squared = -0.02037631964680873
	Validation Loss = 1.281161586512536, Validation R-squared = -9.882480687332356
Training process has finished.

Using CNN: NoPoolCNN1 with learning rate: 5e-02
After epoch 1: Loss = 10331877942.628405, R-squared = -12075069477.688093
	Validation Loss = 89900848.53151411, Validation R-squared = -3972650042.844816
After epoch 2: Loss = 19422509.814581458, R-squared = -17086724.431341585
	Validation Loss = 984886.5833757875, Validation R-squared = -43479037.215730466
After epoch 3: Loss = 127113.6356707024, R-squared = -176059.71245657775
	Validation Loss = 1.4100306828782088, Validation R-squared = -36.449937508654266
After epoch 4: Loss = 1.1954106268366966, R-squared = -0.31458909436332966
	Validation Loss = 1.4174523383935036, Validation R-squared = -37.25397702971478
After epoch 5: Loss = 1.2035401986708785, R-squared = -0.44737532205633884
	Validation Loss = 1.4203980524092792, Validation R-squared = -37.56963548803345
After epoch 6: Loss = 1.2063212616118206, R-squared = -0.28153060384182904
	Validation Loss = 1.4215358975897434, Validation R-squared = -37.69105837773913
After epoch 7: Loss = 1.2062967336391697, R-squared = -0.3090183141972453
	Validation Loss = 1.4219658763549592, Validation R-squared = -37.736870299663764
After epoch 8: Loss = 1.2094144544001257, R-squared = -0.32029230768598527
	Validation Loss = 1.4221241779612495, Validation R-squared = -37.75372653987702
After epoch 9: Loss = 1.2076365236104738, R-squared = -0.23566931562438187
	Validation Loss = 1.42217978772484, Validation R-squared = -37.759646700339125
After epoch 10: Loss = 1.2056090192677478, R-squared = -0.2846615122174647
	Validation Loss = 1.422196843222939, Validation R-squared = -37.761462279873214
After epoch 11: Loss = 1.2075535075264923, R-squared = -0.260851310691016
	Validation Loss = 1.4221993710601464, Validation R-squared = -37.76173136610071
After epoch 12: Loss = 1.2054594434008634, R-squared = -0.4046668995875268
	Validation Loss = 1.4221962491936113, Validation R-squared = -37.76139904573405
After epoch 13: Loss = 1.210075452762458, R-squared = -0.3916975520087417
	Validation Loss = 1.422190810603305, Validation R-squared = -37.76082010689333
After epoch 14: Loss = 1.206908554850091, R-squared = -0.32564636911785466
	Validation Loss = 1.4221850190717367, Validation R-squared = -37.76020359047454
After epoch 15: Loss = 1.2093821198500572, R-squared = -0.3154113244028117
	Validation Loss = 1.4221781206512099, Validation R-squared = -37.75946923490206
After epoch 16: Loss = 1.2067045440667528, R-squared = -0.689856237651005
	Validation Loss = 1.422171130682001, Validation R-squared = -37.7587251233907
After epoch 17: Loss = 1.2069985207290057, R-squared = -0.39705318910224496
	Validation Loss = 1.422163935747174, Validation R-squared = -37.757959181566086
After epoch 18: Loss = 1.205949348016762, R-squared = -0.3061262720421881
	Validation Loss = 1.422156275467005, Validation R-squared = -37.757143688962856
After epoch 19: Loss = 1.2073979952774563, R-squared = -0.25056565361891214
	Validation Loss = 1.422148551826357, Validation R-squared = -37.756321438524864
After epoch 20: Loss = 1.2046584611693691, R-squared = -0.3036847589436039
	Validation Loss = 1.4221406370390914, Validation R-squared = -37.75547882564559
After epoch 21: Loss = 1.2060452831605797, R-squared = -0.3886579656081352
	Validation Loss = 1.4221323135019646, Validation R-squared = -37.75459268262471
After epoch 22: Loss = 1.206659941341996, R-squared = -0.29295412929518183
	Validation Loss = 1.422123781287316, Validation R-squared = -37.753684307996515
After epoch 23: Loss = 1.2058375580367493, R-squared = -0.29717175485716674
	Validation Loss = 1.4221151307108582, Validation R-squared = -37.75276331625322
After epoch 24: Loss = 1.207240309386209, R-squared = -0.36850340257001335
	Validation Loss = 1.4221061439509997, Validation R-squared = -37.751806515546164
After epoch 25: Loss = 1.2057726025016193, R-squared = -0.2934310256070615
	Validation Loss = 1.4220969392765948, Validation R-squared = -37.750826496116325
After epoch 26: Loss = 1.2063964437145818, R-squared = -0.31566924270135066
	Validation Loss = 1.4220879892973315, Validation R-squared = -37.74987357670624
After epoch 27: Loss = 1.2084486515784048, R-squared = -0.3468441484524871
	Validation Loss = 1.4220778499858218, Validation R-squared = -37.748794006461466
After epoch 28: Loss = 1.2078501692635681, R-squared = -0.26025100014347374
	Validation Loss = 1.422068359038916, Validation R-squared = -37.74778345015823
After epoch 29: Loss = 1.210065926642806, R-squared = -0.3012318059939316
	Validation Loss = 1.422058143998856, Validation R-squared = -37.746695773995604
After epoch 30: Loss = 1.2061299595402089, R-squared = -0.24337939653390234
	Validation Loss = 1.4220481378422536, Validation R-squared = -37.7456303177442
After epoch 31: Loss = 1.206511845457646, R-squared = -0.2668690741437758
	Validation Loss = 1.4220379092874615, Validation R-squared = -37.74454115845793
After epoch 32: Loss = 1.205579634311137, R-squared = -0.39901350252788415
	Validation Loss = 1.4220275099611552, Validation R-squared = -37.74343379217401
After epoch 33: Loss = 1.2070209505788285, R-squared = -0.2901871616043482
	Validation Loss = 1.4220168227642895, Validation R-squared = -37.74229574813444
After epoch 34: Loss = 1.20739690629305, R-squared = -0.2847830372466471
	Validation Loss = 1.422005693552794, Validation R-squared = -37.74111060954028
After epoch 35: Loss = 1.206109155619388, R-squared = -0.2740980513079278
	Validation Loss = 1.4219945447207973, Validation R-squared = -37.73992335509411
After epoch 36: Loss = 1.2084748576002358, R-squared = -0.39287422547554324
	Validation Loss = 1.4219834206329505, Validation R-squared = -37.738738709263785
After epoch 37: Loss = 1.208239395890712, R-squared = -0.3640031577309005
	Validation Loss = 1.4219715140426092, Validation R-squared = -37.737470702561545
After epoch 38: Loss = 1.2090709660189538, R-squared = -0.2878584776313187
	Validation Loss = 1.4219601571159046, Validation R-squared = -37.73626120476932
After epoch 39: Loss = 1.2067153629721032, R-squared = -0.31972904524246226
	Validation Loss = 1.421948279232885, Validation R-squared = -37.73499619637109
After epoch 40: Loss = 1.2079624985433324, R-squared = -0.35380488565467405
	Validation Loss = 1.4219360466857136, Validation R-squared = -37.73369338435932
After epoch 41: Loss = 1.2085304742365512, R-squared = -0.36599736663391425
	Validation Loss = 1.4219236122198045, Validation R-squared = -37.732369034517475
After epoch 42: Loss = 1.2071139237854016, R-squared = -0.28735864708712017
	Validation Loss = 1.42191126373047, Validation R-squared = -37.73105380906842
After epoch 43: Loss = 1.2054857792586682, R-squared = -0.33649623490191294
	Validation Loss = 1.421898714077401, Validation R-squared = -37.72971712451717
After epoch 44: Loss = 1.206494171767602, R-squared = -0.27036190200792704
	Validation Loss = 1.42188565213543, Validation R-squared = -37.72832583950618
After epoch 45: Loss = 1.205352228019287, R-squared = -0.3290176470211471
	Validation Loss = 1.421873051467193, Validation R-squared = -37.726983652270164
After epoch 46: Loss = 1.2075657188991131, R-squared = -0.3442986374269167
	Validation Loss = 1.4218599208797817, Validation R-squared = -37.72558498347902
After epoch 47: Loss = 1.207446138834396, R-squared = -0.5663777274288333
	Validation Loss = 1.4218464490923752, Validation R-squared = -37.72414993182812
After epoch 48: Loss = 1.2072426468563324, R-squared = -0.26629435183973726
	Validation Loss = 1.4218333369977423, Validation R-squared = -37.72275315840617
After epoch 49: Loss = 1.205845995551164, R-squared = -0.4413170650703515
	Validation Loss = 1.421820206764405, Validation R-squared = -37.72135441594137
After epoch 50: Loss = 1.2073628434138257, R-squared = -0.2949397213272681
	Validation Loss = 1.4218062146898143, Validation R-squared = -37.71986382238173
Training process has finished.

Time taken for NoPoolCNN1, 7 learning rates: 1289.714367866516 seconds

gpu_utilization [%], mem_utilization [%], max_memory_usage [MiB], time [ms]
88 %, 17 %, 13274 MiB, 1308368 ms
