Mon Dec 16 17:43:50 2024       
+-----------------------------------------------------------------------------------------+
| NVIDIA-SMI 565.57.01              Driver Version: 565.57.01      CUDA Version: 12.7     |
|-----------------------------------------+------------------------+----------------------+
| GPU  Name                 Persistence-M | Bus-Id          Disp.A | Volatile Uncorr. ECC |
| Fan  Temp   Perf          Pwr:Usage/Cap |           Memory-Usage | GPU-Util  Compute M. |
|                                         |                        |               MIG M. |
|=========================================+========================+======================|
|   0  NVIDIA A100 80GB PCIe          On  |   00000000:16:00.0 Off |                   On |
| N/A   58C    P0            149W /  300W |    1528MiB /  81920MiB |     N/A      Default |
|                                         |                        |              Enabled |
+-----------------------------------------+------------------------+----------------------+

+-----------------------------------------------------------------------------------------+
| MIG devices:                                                                            |
+------------------+----------------------------------+-----------+-----------------------+
| GPU  GI  CI  MIG |                     Memory-Usage |        Vol|        Shared         |
|      ID  ID  Dev |                       BAR1-Usage | SM     Unc| CE ENC  DEC  OFA  JPG |
|                  |                                  |        ECC|                       |
|==================+==================================+===========+=======================|
|  0   11   0   0  |              13MiB /  9728MiB    | 14      0 |  1   0    0    0    0 |
|                  |                 0MiB / 16383MiB  |           |                       |
+------------------+----------------------------------+-----------+-----------------------+
                                                                                         
+-----------------------------------------------------------------------------------------+
| Processes:                                                                              |
|  GPU   GI   CI        PID   Type   Process name                              GPU Memory |
|        ID   ID                                                               Usage      |
|=========================================================================================|
|  No running processes found                                                             |
+-----------------------------------------------------------------------------------------+
Using device: cuda
Number of permeability values: 455
Number of images: 455
Using CNN: NoPoolCNN1 with learning rate: 1e-05
	After epoch 1: Loss = 1.0048199626057968, R-squared = -0.035428636282956026
	After epoch 2: Loss = 1.0098209063421244, R-squared = -0.06348905839933884
	After epoch 3: Loss = 1.00345228498248, R-squared = -0.1326659662033445
	After epoch 4: Loss = 1.0036934166899187, R-squared = -0.034480071531110754
	After epoch 5: Loss = 1.003081248333875, R-squared = -0.018479583446249514
	After epoch 6: Loss = 1.001731819534724, R-squared = -0.04860483352376912
	After epoch 7: Loss = 1.0035614900790608, R-squared = -0.02254548679577615
	After epoch 8: Loss = 0.9998233224948908, R-squared = -0.071839835669577
	After epoch 9: Loss = 1.0005720281775112, R-squared = -0.029654211729658708
	After epoch 10: Loss = 1.0007854750180665, R-squared = -0.020303935913679426
	After epoch 11: Loss = 0.9959008649303784, R-squared = -0.015061165836814727
	After epoch 12: Loss = 0.9971026361085263, R-squared = -0.024278161847346824
	After epoch 13: Loss = 0.9962950050962247, R-squared = -0.04048977332401639
	After epoch 14: Loss = 0.9974056905905592, R-squared = -0.014573177593813635
	After epoch 15: Loss = 0.9930825294012269, R-squared = -0.029223437790160567
	After epoch 16: Loss = 0.9977404747299744, R-squared = -0.029546915998801226
	After epoch 17: Loss = 0.9914798401420024, R-squared = -0.006094759770684499
	After epoch 18: Loss = 0.9851079924535744, R-squared = -0.0406496027382804
	After epoch 19: Loss = 0.9916898508649767, R-squared = -0.04978992025993836
	After epoch 20: Loss = 0.9837555920435642, R-squared = 0.0012029330365024848
	After epoch 21: Loss = 0.9822977869239763, R-squared = -0.0066461086565026695
	After epoch 22: Loss = 0.9764067276173218, R-squared = -0.0004929834902511532
	After epoch 23: Loss = 0.9769716830205724, R-squared = -0.010450157743315513
	After epoch 24: Loss = 0.9698803988219803, R-squared = 0.008753070675767605
	After epoch 25: Loss = 0.9674971885035817, R-squared = -0.008260317894713775
	After epoch 26: Loss = 0.9625074140331116, R-squared = 0.02250490837069753
	After epoch 27: Loss = 0.953525279114291, R-squared = 0.016553213221009232
	After epoch 28: Loss = 0.9471306096945454, R-squared = -0.0012976898141204174
	After epoch 29: Loss = 0.9392174944868575, R-squared = 0.02824359758601793
	After epoch 30: Loss = 0.9284420044564538, R-squared = 0.0545218911957888
	After epoch 31: Loss = 0.9167630835905746, R-squared = 0.07496760767742511
	After epoch 32: Loss = 0.9034913498816659, R-squared = 0.05380612824078137
	After epoch 33: Loss = 0.8871586015372109, R-squared = 0.07879185198903903
	After epoch 34: Loss = 0.8692037340293547, R-squared = 0.12387766855356638
	After epoch 35: Loss = 0.8489088436195029, R-squared = 0.13597878306770497
	After epoch 36: Loss = 0.8237187924761079, R-squared = 0.15942577430576832
	After epoch 37: Loss = 0.7966299813420038, R-squared = 0.1845096748910478
	After epoch 38: Loss = 0.7654516000392022, R-squared = 0.22600868839166116
	After epoch 39: Loss = 0.7346365790450198, R-squared = 0.2688477051715236
	After epoch 40: Loss = 0.7011569591465985, R-squared = 0.2882108230511481
	After epoch 41: Loss = 0.6649554864748237, R-squared = 0.33610312842522483
	After epoch 42: Loss = 0.6291160131096113, R-squared = 0.3602804414717561
	After epoch 43: Loss = 0.5975111014639832, R-squared = 0.4040038935155955
	After epoch 44: Loss = 0.5621892329878516, R-squared = 0.4389711693464067
	After epoch 45: Loss = 0.5323901253195837, R-squared = 0.46999939306549693
	After epoch 46: Loss = 0.5044594915164834, R-squared = 0.4903509287694381
	After epoch 47: Loss = 0.47581803538750955, R-squared = 0.5229796051745605
	After epoch 48: Loss = 0.446643524276442, R-squared = 0.5506262678357501
	After epoch 49: Loss = 0.42102454788828575, R-squared = 0.5748424969418242
	After epoch 50: Loss = 0.39326102875653, R-squared = 0.6049721738339603
Training process has finished.
Using CNN: NoPoolCNN1 with learning rate: 5e-05
	After epoch 1: Loss = 1.0237385497848819, R-squared = -0.07081071646760487
	After epoch 2: Loss = 1.0146174693371888, R-squared = -0.05171025627256611
	After epoch 3: Loss = 1.002957732775395, R-squared = -0.04706763904694503
	After epoch 4: Loss = 0.9890327497693823, R-squared = -0.04226076035469749
	After epoch 5: Loss = 0.9763619313636596, R-squared = -0.045273892868436215
	After epoch 6: Loss = 0.9550279229451203, R-squared = 0.02116762469601464
	After epoch 7: Loss = 0.9342183392508323, R-squared = 0.05574618013564846
	After epoch 8: Loss = 0.9056501957706129, R-squared = 0.08335053404907009
	After epoch 9: Loss = 0.8630912421953006, R-squared = 0.13347048911873097
	After epoch 10: Loss = 0.8048857512285055, R-squared = 0.1826475352887716
	After epoch 11: Loss = 0.7227741725324197, R-squared = 0.27291777556538455
	After epoch 12: Loss = 0.6369528260788148, R-squared = 0.36471213329658414
	After epoch 13: Loss = 0.5790992101727491, R-squared = 0.4189716495471929
	After epoch 14: Loss = 0.5122314666683907, R-squared = 0.49577683727957494
	After epoch 15: Loss = 0.436502755154262, R-squared = 0.5668162650312908
	After epoch 16: Loss = 0.3461329937860292, R-squared = 0.6550324280337793
	After epoch 17: Loss = 0.2707049864666465, R-squared = 0.7221865756151312
	After epoch 18: Loss = 0.20738674789174114, R-squared = 0.7891152949228684
	After epoch 19: Loss = 0.18014020843496042, R-squared = 0.8149912314071898
	After epoch 20: Loss = 0.14897462128035002, R-squared = 0.8517450356828494
	After epoch 21: Loss = 0.1246268419038266, R-squared = 0.8681760272504994
	After epoch 22: Loss = 0.09732221396450681, R-squared = 0.8912246718939644
	After epoch 23: Loss = 0.07402716372356019, R-squared = 0.9232815925297617
	After epoch 24: Loss = 0.06352489467432142, R-squared = 0.9320512203851721
	After epoch 25: Loss = 0.054446685185107355, R-squared = 0.9428049373291989
	After epoch 26: Loss = 0.04694083701881185, R-squared = 0.9515847132332278
	After epoch 27: Loss = 0.04152210400964691, R-squared = 0.9542133322380139
	After epoch 28: Loss = 0.035452483411934674, R-squared = 0.960047664191541
	After epoch 29: Loss = 0.033760588231194266, R-squared = 0.9392362349951432
	After epoch 30: Loss = 0.029345452503786375, R-squared = 0.9686631451445014
	After epoch 31: Loss = 0.02770012266965634, R-squared = 0.9694324818631636
	After epoch 32: Loss = 0.023486139254774253, R-squared = 0.9762586081632477
	After epoch 33: Loss = 0.020610102599926326, R-squared = 0.9781263230038174
	After epoch 34: Loss = 0.018908682224955946, R-squared = 0.9804020529456661
	After epoch 35: Loss = 0.01685268066157823, R-squared = 0.9822529354649729
	After epoch 36: Loss = 0.016364402460802247, R-squared = 0.9809573903790095
	After epoch 37: Loss = 0.01562667616338691, R-squared = 0.9833682380524197
	After epoch 38: Loss = 0.015582265652687177, R-squared = 0.9842543051793644
	After epoch 39: Loss = 0.01690981098187787, R-squared = 0.9809636644519951
	After epoch 40: Loss = 0.017609052090041467, R-squared = 0.9790986728466142
	After epoch 41: Loss = 0.01334251263095496, R-squared = 0.9857207473211153
	After epoch 42: Loss = 0.013155576463100954, R-squared = 0.9863799272595056
	After epoch 43: Loss = 0.01212274034864574, R-squared = 0.9872746079030946
	After epoch 44: Loss = 0.013009393020813123, R-squared = 0.9865936003033591
	After epoch 45: Loss = 0.011937742477535726, R-squared = 0.987765943233536
	After epoch 46: Loss = 0.010644043092833011, R-squared = 0.9882431237908051
	After epoch 47: Loss = 0.010348403920013561, R-squared = 0.9891076505756713
	After epoch 48: Loss = 0.01005489663479735, R-squared = 0.9895097351118114
	After epoch 49: Loss = 0.009668796382120122, R-squared = 0.9903118110473323
	After epoch 50: Loss = 0.010488360654896726, R-squared = 0.9887366797668429
Training process has finished.
Using CNN: NoPoolCNN1 with learning rate: 0.0001
	After epoch 1: Loss = 1.043427694806686, R-squared = -0.04938715658203354
	After epoch 2: Loss = 1.021752158481455, R-squared = -0.03931312393022244
	After epoch 3: Loss = 1.0010443163115421, R-squared = -0.0285382732060517
	After epoch 4: Loss = 0.9795230133294373, R-squared = -0.020694119433195733
	After epoch 5: Loss = 0.9366071183817318, R-squared = 0.035273495265319435
	After epoch 6: Loss = 0.8485129293277197, R-squared = 0.05630972984737692
	After epoch 7: Loss = 0.6765454523131761, R-squared = 0.2973630430937451
	After epoch 8: Loss = 0.424402876365337, R-squared = 0.5523212510199123
	After epoch 9: Loss = 0.20430223923183047, R-squared = 0.7841237653172347
	After epoch 10: Loss = 0.07997365894425452, R-squared = 0.9082270855142134
	After epoch 11: Loss = 0.06407105010286254, R-squared = 0.9303894178665004
	After epoch 12: Loss = 0.04891430879929881, R-squared = 0.9463478762535914
	After epoch 13: Loss = 0.042585809385566324, R-squared = 0.9502723851664946
	After epoch 14: Loss = 0.0425932358068918, R-squared = 0.9512003706886587
	After epoch 15: Loss = 0.05107292640546326, R-squared = 0.9425668443434617
	After epoch 16: Loss = 0.039109562274524244, R-squared = 0.9571538450325873
	After epoch 17: Loss = 0.03355358678657958, R-squared = 0.9631688535978824
	After epoch 18: Loss = 0.03219282719089879, R-squared = 0.9664828188970134
	After epoch 19: Loss = 0.03601005845885278, R-squared = 0.9579381862365338
	After epoch 20: Loss = 0.02983518737177777, R-squared = 0.968733564908168
	After epoch 21: Loss = 0.028016225088105407, R-squared = 0.9682829813116761
	After epoch 22: Loss = 0.026061974578440294, R-squared = 0.9733263315741935
	After epoch 23: Loss = 0.025532403013252648, R-squared = 0.9741109700378281
	After epoch 24: Loss = 0.02511929855333469, R-squared = 0.9727761673281087
	After epoch 25: Loss = 0.021079240821012184, R-squared = 0.9769149106377256
	After epoch 26: Loss = 0.021311117185471774, R-squared = 0.9767270497038485
	After epoch 27: Loss = 0.023122662359009262, R-squared = 0.9681604797926149
	After epoch 28: Loss = 0.030766296880387584, R-squared = 0.9684064092652239
	After epoch 29: Loss = 0.032756645798655094, R-squared = 0.962864874427472
	After epoch 30: Loss = 0.024045094857920307, R-squared = 0.9766889885449628
	After epoch 31: Loss = 0.031303741590900463, R-squared = 0.9666979655550356
	After epoch 32: Loss = 0.027696701335305766, R-squared = 0.9515774965667314
	After epoch 33: Loss = 0.02007515732684325, R-squared = 0.9764078569663596
	After epoch 34: Loss = 0.015840282353812067, R-squared = 0.9815988187152408
	After epoch 35: Loss = 0.014913316737878246, R-squared = 0.98365814950287
	After epoch 36: Loss = 0.015059475843705924, R-squared = 0.9837797277145048
	After epoch 37: Loss = 0.01424811548981986, R-squared = 0.9836653594368039
	After epoch 38: Loss = 0.014200483255720753, R-squared = 0.9852800591523214
	After epoch 39: Loss = 0.014142655153214103, R-squared = 0.9850458737723446
	After epoch 40: Loss = 0.013689050647210987, R-squared = 0.9836848777909605
	After epoch 41: Loss = 0.015413939549054189, R-squared = 0.983740141091282
	After epoch 42: Loss = 0.013744600129017995, R-squared = 0.9860749306212643
	After epoch 43: Loss = 0.011644807871285233, R-squared = 0.9865556454358153
	After epoch 44: Loss = 0.011864292732959145, R-squared = 0.9881842514448029
	After epoch 45: Loss = 0.010736352764642259, R-squared = 0.9892686925101707
	After epoch 46: Loss = 0.010055504685453895, R-squared = 0.9895304157707046
	After epoch 47: Loss = 0.010537839361307642, R-squared = 0.9882279241356697
	After epoch 48: Loss = 0.011196628042040918, R-squared = 0.987615304779102
	After epoch 49: Loss = 0.00929881922254342, R-squared = 0.9889368315335959
	After epoch 50: Loss = 0.008181293727658173, R-squared = 0.9913459121590685
Training process has finished.
Using CNN: NoPoolCNN1 with learning rate: 0.0005
	After epoch 1: Loss = 0.9871818411124245, R-squared = 0.0011540239275725118
	After epoch 2: Loss = 0.8900004231571662, R-squared = 0.10140541889452911
	After epoch 3: Loss = 0.6592757491782141, R-squared = 0.333891951404068
	After epoch 4: Loss = 0.5220588625768832, R-squared = 0.4729023143498673
	After epoch 5: Loss = 0.189822653470683, R-squared = 0.7907468246712173
	After epoch 6: Loss = 0.09422690524178814, R-squared = 0.8845386852357258
	After epoch 7: Loss = 0.031515326598898594, R-squared = 0.9610367812273098
	After epoch 8: Loss = 0.03897483479060966, R-squared = 0.9510262317985552
	After epoch 9: Loss = 0.019915531751560748, R-squared = 0.9796814545361983
	After epoch 10: Loss = 0.02322652303474478, R-squared = 0.97587867096181
	After epoch 11: Loss = 0.03526676483569846, R-squared = 0.9619168622728145
	After epoch 12: Loss = 0.02668840760429378, R-squared = 0.9698266554386002
	After epoch 13: Loss = 0.024441240270522312, R-squared = 0.9744361455427212
	After epoch 14: Loss = 0.020068476259111956, R-squared = 0.9794907178163597
	After epoch 15: Loss = 0.021802832150482926, R-squared = 0.9724658832776367
	After epoch 16: Loss = 0.03395233155794301, R-squared = 0.9610460971986395
	After epoch 17: Loss = 0.017906532230797877, R-squared = 0.9813476665186645
	After epoch 18: Loss = 0.016027693110596868, R-squared = 0.9799571928170334
	After epoch 19: Loss = 0.012084071539443787, R-squared = 0.9870649293109185
	After epoch 20: Loss = 0.010254198499210892, R-squared = 0.9891810407276214
	After epoch 21: Loss = 0.014623248952928814, R-squared = 0.9838964258460585
	After epoch 22: Loss = 0.01697660347607176, R-squared = 0.9815086246658973
	After epoch 23: Loss = 0.008380923327834326, R-squared = 0.9911393281784708
	After epoch 24: Loss = 0.006678867522812699, R-squared = 0.9927198325375277
	After epoch 25: Loss = 0.006535247707017501, R-squared = 0.9933964762863455
	After epoch 26: Loss = 0.005226318464253975, R-squared = 0.9941213387447574
	After epoch 27: Loss = 0.0037225038570080755, R-squared = 0.9958428831704147
	After epoch 28: Loss = 0.005677879402001473, R-squared = 0.9939696229707475
	After epoch 29: Loss = 0.003867026186916876, R-squared = 0.9959371288824042
	After epoch 30: Loss = 0.00786143228240034, R-squared = 0.9916904928827492
	After epoch 31: Loss = 0.005017484198074529, R-squared = 0.9945262612681722
	After epoch 32: Loss = 0.011202426236188159, R-squared = 0.9863626024438051
	After epoch 33: Loss = 0.007228670199293083, R-squared = 0.9927569836609427
	After epoch 34: Loss = 0.003144291145391683, R-squared = 0.9968388892766745
	After epoch 35: Loss = 0.001337508838133675, R-squared = 0.9986257104906343
	After epoch 36: Loss = 0.0009229888390253759, R-squared = 0.9989551758953243
	After epoch 37: Loss = 0.0013219342236864228, R-squared = 0.9982185796499025
	After epoch 38: Loss = 0.00144622136326888, R-squared = 0.9985176759310755
	After epoch 39: Loss = 0.0028561584149022746, R-squared = 0.996965957819064
	After epoch 40: Loss = 0.001484802608588421, R-squared = 0.9984458818985755
	After epoch 41: Loss = 0.002016181926474663, R-squared = 0.9973565701207596
	After epoch 42: Loss = 0.0013485631164645612, R-squared = 0.9985152712585481
	After epoch 43: Loss = 0.001291106770338613, R-squared = 0.9985580435470846
	After epoch 44: Loss = 0.0009298742610984107, R-squared = 0.9989898680688689
	After epoch 45: Loss = 0.0013200768305745053, R-squared = 0.9985688027015174
	After epoch 46: Loss = 0.0033526957250275685, R-squared = 0.9964901714412532
	After epoch 47: Loss = 0.0012297867894582018, R-squared = 0.9983153988390532
	After epoch 48: Loss = 0.0010535537501875454, R-squared = 0.9988455482217529
	After epoch 49: Loss = 0.001361523887999074, R-squared = 0.9986333964935982
	After epoch 50: Loss = 0.0008879818950333562, R-squared = 0.998986760606267
Training process has finished.
Using CNN: NoPoolCNN1 with learning rate: 0.001
	After epoch 1: Loss = 1.0060067763637468, R-squared = -0.08680643884417646
	After epoch 2: Loss = 0.5396267384054978, R-squared = 0.41290534664489054
	After epoch 3: Loss = 0.12324276806461847, R-squared = 0.8079784335934249
	After epoch 4: Loss = 0.05180157321710729, R-squared = 0.9390321159309316
	After epoch 5: Loss = 0.030273064874170724, R-squared = 0.9672008792344953
	After epoch 6: Loss = 0.033601757254462836, R-squared = 0.965142322771773
	After epoch 7: Loss = 0.03342654315878528, R-squared = 0.9640052624764393
	After epoch 8: Loss = 0.020446462508865403, R-squared = 0.9751383546594674
	After epoch 9: Loss = 0.023182099197580165, R-squared = 0.9737665732622436
	After epoch 10: Loss = 0.016090868977684487, R-squared = 0.9818181884172642
	After epoch 11: Loss = 0.025269516605678787, R-squared = 0.9735145514176082
	After epoch 12: Loss = 0.016069367676597092, R-squared = 0.9839461585035743
	After epoch 13: Loss = 0.01819067344019511, R-squared = 0.98234087508812
	After epoch 14: Loss = 0.008792427375921941, R-squared = 0.9908674544882597
	After epoch 15: Loss = 0.008070029327705992, R-squared = 0.9917079191476909
	After epoch 16: Loss = 0.011104155917144651, R-squared = 0.9873402924780459
	After epoch 17: Loss = 0.011299767112246784, R-squared = 0.9860600071473016
	After epoch 18: Loss = 0.00575833086881211, R-squared = 0.9935718348876724
	After epoch 19: Loss = 0.0048223804061817395, R-squared = 0.9951879273090496
	After epoch 20: Loss = 0.006257137760827697, R-squared = 0.991160840840597
	After epoch 21: Loss = 0.009444638121818814, R-squared = 0.9898910363466215
	After epoch 22: Loss = 0.008913855148544961, R-squared = 0.9905534609675646
	After epoch 23: Loss = 0.005136240917059419, R-squared = 0.9941481479230111
	After epoch 24: Loss = 0.005222000838532902, R-squared = 0.9941959246903895
	After epoch 25: Loss = 0.004593615075725569, R-squared = 0.9950396230551741
	After epoch 26: Loss = 0.002354595209877737, R-squared = 0.9973638105204978
	After epoch 27: Loss = 0.004446545409392965, R-squared = 0.9954960512093898
	After epoch 28: Loss = 0.003299589475756115, R-squared = 0.9967837529047566
	After epoch 29: Loss = 0.008315023267666897, R-squared = 0.9910218340533747
	After epoch 30: Loss = 0.003020265106291365, R-squared = 0.9963991476515377
	After epoch 31: Loss = 0.004345460588864125, R-squared = 0.9946513792374585
	After epoch 32: Loss = 0.01721971613260037, R-squared = 0.9812935836072822
	After epoch 33: Loss = 0.015490060578237031, R-squared = 0.9824623266631894
	After epoch 34: Loss = 0.007702848904101649, R-squared = 0.991736486871876
	After epoch 35: Loss = 0.0047920327973918694, R-squared = 0.9930708320137237
	After epoch 36: Loss = 0.0034759865634124212, R-squared = 0.9962976369077886
	After epoch 37: Loss = 0.003031195128175365, R-squared = 0.9969723437360395
	After epoch 38: Loss = 0.0041237465043227305, R-squared = 0.9958250546739184
	After epoch 39: Loss = 0.0039700410478421926, R-squared = 0.9958770499623242
	After epoch 40: Loss = 0.0018551255606966226, R-squared = 0.9977306323352806
	After epoch 41: Loss = 0.002243517879695358, R-squared = 0.9975476334740186
	After epoch 42: Loss = 0.0014908208262052287, R-squared = 0.9978002964195782
	After epoch 43: Loss = 0.004835791802625578, R-squared = 0.9953796762149135
	After epoch 44: Loss = 0.010936506534766363, R-squared = 0.9887055765824149
	After epoch 45: Loss = 0.009219947508222224, R-squared = 0.99102260052273
	After epoch 46: Loss = 0.01776772695787515, R-squared = 0.9790126196962229
	After epoch 47: Loss = 0.0156340680901857, R-squared = 0.9820484518450938
	After epoch 48: Loss = 0.011979819586160994, R-squared = 0.9863530196506805
	After epoch 49: Loss = 0.00850982147566322, R-squared = 0.9914023296827823
	After epoch 50: Loss = 0.003485594303322472, R-squared = 0.9964286781756515
Training process has finished.
Using CNN: NoPoolCNN1 with learning rate: 0.005
	After epoch 1: Loss = 1.145467506926442, R-squared = -0.14749310473993452
	After epoch 2: Loss = 0.6790661999912697, R-squared = 0.283676959581176
	After epoch 3: Loss = 0.09142526548323118, R-squared = 0.9047073453345147
	After epoch 4: Loss = 0.04676757993146739, R-squared = 0.9483671434239769
	After epoch 5: Loss = 0.02219540079805924, R-squared = 0.9768754015598665
	After epoch 6: Loss = 0.024436402677275336, R-squared = 0.9716564130101342
	After epoch 7: Loss = 0.036496473602132457, R-squared = 0.9600522841042773
	After epoch 8: Loss = 0.03352794320419877, R-squared = 0.9597068329044905
	After epoch 9: Loss = 0.037180193316236815, R-squared = 0.9568095342938507
	After epoch 10: Loss = 0.029586568383787572, R-squared = 0.9709763538433336
	After epoch 11: Loss = 0.02915819831348516, R-squared = 0.9664638827291363
	After epoch 12: Loss = 0.02618386030719928, R-squared = 0.9718912183436215
	After epoch 13: Loss = 0.03743008100422573, R-squared = 0.9584004974133963
	After epoch 14: Loss = 0.04592255745921325, R-squared = 0.9524638125308403
	After epoch 15: Loss = 0.022858365847173295, R-squared = 0.9772867942068517
	After epoch 16: Loss = 0.02489071789818678, R-squared = 0.974688269402128
	After epoch 17: Loss = 0.019340214122248626, R-squared = 0.9770790575790442
	After epoch 18: Loss = 0.017859776188997246, R-squared = 0.9811930963717094
	After epoch 19: Loss = 0.01884833352530006, R-squared = 0.9797379086578324
	After epoch 20: Loss = 0.019134033715102153, R-squared = 0.9797452359536164
	After epoch 21: Loss = 0.006749602775692717, R-squared = 0.9931704683967487
	After epoch 22: Loss = 0.009278366934999314, R-squared = 0.9875169239853143
	After epoch 23: Loss = 0.006334390617715352, R-squared = 0.9934723420380924
	After epoch 24: Loss = 0.0068063935188861805, R-squared = 0.9892563285079758
	After epoch 25: Loss = 0.009430640485494383, R-squared = 0.9906196415492712
	After epoch 26: Loss = 0.006839172760158385, R-squared = 0.9925903791731508
	After epoch 27: Loss = 0.012152212140797957, R-squared = 0.9873233777794544
	After epoch 28: Loss = 0.005809131183389891, R-squared = 0.993520862292255
	After epoch 29: Loss = 0.009062067066427837, R-squared = 0.9898431970337761
	After epoch 30: Loss = 0.006813403871675833, R-squared = 0.9923520812160989
	After epoch 31: Loss = 0.005169854801892604, R-squared = 0.994293120925337
	After epoch 32: Loss = 0.0043431519699893735, R-squared = 0.9950607369284278
	After epoch 33: Loss = 0.003959126030907163, R-squared = 0.9954359264783186
	After epoch 34: Loss = 0.0018398483482083329, R-squared = 0.9976909694327277
	After epoch 35: Loss = 0.0031501537540061715, R-squared = 0.996971339033081
	After epoch 36: Loss = 0.001612073192589442, R-squared = 0.9982142747670121
	After epoch 37: Loss = 0.001935740430961641, R-squared = 0.9977583632875129
	After epoch 38: Loss = 0.004004641761603397, R-squared = 0.9958473518526706
	After epoch 39: Loss = 0.0027953048923032645, R-squared = 0.9970775226862244
	After epoch 40: Loss = 0.0026852427088842495, R-squared = 0.9966842826882208
	After epoch 41: Loss = 0.0030428877537360126, R-squared = 0.9969714959424365
	After epoch 42: Loss = 0.0035909165655211273, R-squared = 0.9963576644350469
	After epoch 43: Loss = 0.003615567026561417, R-squared = 0.9962022822784146
	After epoch 44: Loss = 0.001662225476296128, R-squared = 0.9980180392162007
	After epoch 45: Loss = 0.001628890168573698, R-squared = 0.9983155049730019
	After epoch 46: Loss = 0.007217155924168467, R-squared = 0.9900505823337165
	After epoch 47: Loss = 0.01916248749443335, R-squared = 0.9777357701736882
	After epoch 48: Loss = 0.012376613035764063, R-squared = 0.9867705779061234
	After epoch 49: Loss = 0.006293396910277154, R-squared = 0.993149324657135
	After epoch 50: Loss = 0.006168378649688912, R-squared = 0.992819145302686
Training process has finished.
Time taken for NoPoolCNN1: 521.6567466259003 seconds
Using CNN: NoPoolCNN3 with learning rate: 1e-05
	After epoch 1: Loss = 1.00259949402377, R-squared = -0.08308867716621424
	After epoch 2: Loss = 1.00275426295398, R-squared = -0.027677429479064396
	After epoch 3: Loss = 0.9996228746755959, R-squared = -0.11850804528105445
	After epoch 4: Loss = 0.9984049580003749, R-squared = -0.021772564765873182
	After epoch 5: Loss = 1.0006846636046796, R-squared = -0.04241775174292299
	After epoch 6: Loss = 0.9966846903871514, R-squared = -0.01243519383062367
	After epoch 7: Loss = 0.996153296247533, R-squared = -0.015656718263727033
	After epoch 8: Loss = 0.9984191144436704, R-squared = -0.09130975412738347
	After epoch 9: Loss = 0.9914789722303221, R-squared = -0.05030360818633223
	After epoch 10: Loss = 0.9918605391044043, R-squared = -0.018182361920793543
	After epoch 11: Loss = 0.9888236039790563, R-squared = -0.06662305857153347
	After epoch 12: Loss = 0.9917734236853002, R-squared = -0.030059944222026826
	After epoch 13: Loss = 0.9868289758031314, R-squared = -0.0271454907797787
	After epoch 14: Loss = 0.9797364261886917, R-squared = -0.03832756447778043
	After epoch 15: Loss = 0.9767252476267139, R-squared = -0.02070442446635885
	After epoch 16: Loss = 0.9745078831917982, R-squared = -0.1347029967545425
	After epoch 17: Loss = 0.9728242932359199, R-squared = 0.011216165309977466
	After epoch 18: Loss = 0.9632232029178148, R-squared = -0.016900430833595638
	After epoch 19: Loss = 0.9572243333564044, R-squared = 0.018332686491260818
	After epoch 20: Loss = 0.9470613682401161, R-squared = 0.020040142422794793
	After epoch 21: Loss = 0.9358347061988879, R-squared = 0.003964197997821006
	After epoch 22: Loss = 0.9261391893391885, R-squared = 0.06246378240368761
	After epoch 23: Loss = 0.9119723552382399, R-squared = 0.06534920789009639
	After epoch 24: Loss = 0.8971899990167319, R-squared = 0.0582003433892202
	After epoch 25: Loss = 0.8740072431641901, R-squared = 0.11179405233437811
	After epoch 26: Loss = 0.8504686481400814, R-squared = 0.1410584404988159
	After epoch 27: Loss = 0.8223059737675242, R-squared = 0.16567024606507025
	After epoch 28: Loss = 0.7906324026113494, R-squared = 0.190660882013815
	After epoch 29: Loss = 0.7581246837729227, R-squared = 0.23863879581005812
	After epoch 30: Loss = 0.7215653625320786, R-squared = 0.274486893805443
	After epoch 31: Loss = 0.6864327207320231, R-squared = 0.314824694772588
	After epoch 32: Loss = 0.6528480525058253, R-squared = 0.3450245710395818
	After epoch 33: Loss = 0.6214147954242226, R-squared = 0.3807652964098213
	After epoch 34: Loss = 0.5852790504153251, R-squared = 0.40694715056094644
	After epoch 35: Loss = 0.5483176690232979, R-squared = 0.4495385074822257
	After epoch 36: Loss = 0.5081695125454442, R-squared = 0.488542109868998
	After epoch 37: Loss = 0.46262831319490577, R-squared = 0.5457224455401862
	After epoch 38: Loss = 0.4159458224064716, R-squared = 0.5816880662426427
	After epoch 39: Loss = 0.3780666330191321, R-squared = 0.6201278845469053
	After epoch 40: Loss = 0.341556791726655, R-squared = 0.648938519040675
	After epoch 41: Loss = 0.3069553071622219, R-squared = 0.6795376499760823
	After epoch 42: Loss = 0.2717833761860269, R-squared = 0.7253239795052976
	After epoch 43: Loss = 0.24760768168039937, R-squared = 0.7507858848028045
	After epoch 44: Loss = 0.22250298784088987, R-squared = 0.7710863328260533
	After epoch 45: Loss = 0.2040150290192842, R-squared = 0.7766146679315795
	After epoch 46: Loss = 0.18395803336939887, R-squared = 0.8105728218945234
	After epoch 47: Loss = 0.16921369321399513, R-squared = 0.8211760339367558
	After epoch 48: Loss = 0.1537223339522043, R-squared = 0.838526079297114
	After epoch 49: Loss = 0.1455737643791996, R-squared = 0.8524274921218773
	After epoch 50: Loss = 0.13209798731790717, R-squared = 0.8632825360334344
Training process has finished.
Using CNN: NoPoolCNN3 with learning rate: 5e-05
	After epoch 1: Loss = 1.0703529473107098, R-squared = -0.16716808256810578
	After epoch 2: Loss = 1.0247045885088446, R-squared = -0.10693845613857503
	After epoch 3: Loss = 0.9741995579174555, R-squared = 0.0022156799311715434
	After epoch 4: Loss = 0.9491907927968842, R-squared = 0.009665474778372197
	After epoch 5: Loss = 0.9272965750672967, R-squared = 0.05670572693839504
	After epoch 6: Loss = 0.8882414292161913, R-squared = 0.10194413644610152
	After epoch 7: Loss = 0.8265828992784489, R-squared = 0.1465087073525459
	After epoch 8: Loss = 0.741438011842221, R-squared = 0.25017555079781884
	After epoch 9: Loss = 0.6483042235410313, R-squared = 0.35253328237450016
	After epoch 10: Loss = 0.6032607501242703, R-squared = 0.39281558411638
	After epoch 11: Loss = 0.5821281307590516, R-squared = 0.41835217546089937
	After epoch 12: Loss = 0.5507938831529107, R-squared = 0.4682715323271006
	After epoch 13: Loss = 0.5041367674542523, R-squared = 0.5118687842817138
	After epoch 14: Loss = 0.44442072565061774, R-squared = 0.5578587856360572
	After epoch 15: Loss = 0.36416285989053193, R-squared = 0.6355894536441609
	After epoch 16: Loss = 0.25896798765321816, R-squared = 0.7370400030330873
	After epoch 17: Loss = 0.17438187077331727, R-squared = 0.8233752916456576
	After epoch 18: Loss = 0.12288742213437207, R-squared = 0.8632733842579882
	After epoch 19: Loss = 0.08121794684310872, R-squared = 0.9110008066943811
	After epoch 20: Loss = 0.05883760051827673, R-squared = 0.9380587189872716
	After epoch 21: Loss = 0.043005350430876055, R-squared = 0.9523503759831543
	After epoch 22: Loss = 0.0378524588828026, R-squared = 0.9559255444417489
	After epoch 23: Loss = 0.039159310069730065, R-squared = 0.943488725158247
	After epoch 24: Loss = 0.03703668190274293, R-squared = 0.9629077040264686
	After epoch 25: Loss = 0.031356719088638914, R-squared = 0.9674152776333468
	After epoch 26: Loss = 0.02385243493645896, R-squared = 0.9743217024540177
	After epoch 27: Loss = 0.02314560587093959, R-squared = 0.9725686839406322
	After epoch 28: Loss = 0.018883157377568304, R-squared = 0.9765631653375472
	After epoch 29: Loss = 0.018016601688351636, R-squared = 0.9798625174668665
	After epoch 30: Loss = 0.022183490282231436, R-squared = 0.9717077264289424
	After epoch 31: Loss = 0.02100643982806772, R-squared = 0.9700355787158521
	After epoch 32: Loss = 0.019314526826193147, R-squared = 0.9798856350561262
	After epoch 33: Loss = 0.023761781119207435, R-squared = 0.9727857484822442
	After epoch 34: Loss = 0.017148450788972903, R-squared = 0.9812554399375382
	After epoch 35: Loss = 0.01658240650631636, R-squared = 0.9825241792953543
	After epoch 36: Loss = 0.015498459793161303, R-squared = 0.9833196901193769
	After epoch 37: Loss = 0.013450419331588668, R-squared = 0.9855648134552298
	After epoch 38: Loss = 0.013319314418035424, R-squared = 0.9860817342605916
	After epoch 39: Loss = 0.012996929077084024, R-squared = 0.9854423343299328
	After epoch 40: Loss = 0.012270993910312125, R-squared = 0.9868350389756717
	After epoch 41: Loss = 0.01111214875530691, R-squared = 0.9881429024195858
	After epoch 42: Loss = 0.01277907982888606, R-squared = 0.9864606409003983
	After epoch 43: Loss = 0.012438220012405849, R-squared = 0.98711304609572
	After epoch 44: Loss = 0.011075861256166674, R-squared = 0.9885438429443114
	After epoch 45: Loss = 0.010185219062844371, R-squared = 0.9893795580809932
	After epoch 46: Loss = 0.009954238159533262, R-squared = 0.9897446385321892
	After epoch 47: Loss = 0.012539164903001374, R-squared = 0.9848558411043395
	After epoch 48: Loss = 0.014196395425697108, R-squared = 0.9851916745621867
	After epoch 49: Loss = 0.01235868679136133, R-squared = 0.986590895928672
	After epoch 50: Loss = 0.00904515776672119, R-squared = 0.9905177841514904
Training process has finished.
Using CNN: NoPoolCNN3 with learning rate: 0.0001
	After epoch 1: Loss = 1.00485272803254, R-squared = -0.019283102149437625
	After epoch 2: Loss = 0.974631358566481, R-squared = -0.019384576398748177
	After epoch 3: Loss = 0.9360350414875367, R-squared = 0.044272854916840666
	After epoch 4: Loss = 0.8283237446334661, R-squared = 0.16177721035244455
	After epoch 5: Loss = 0.7229202955448562, R-squared = 0.27948085971798325
	After epoch 6: Loss = 0.6512611275495719, R-squared = 0.3583464737877642
	After epoch 7: Loss = 0.5077948744182413, R-squared = 0.508161752935483
	After epoch 8: Loss = 0.2562621841991975, R-squared = 0.7394888251254036
	After epoch 9: Loss = 0.14629895736419987, R-squared = 0.8126708924268643
	After epoch 10: Loss = 0.1042193884929065, R-squared = 0.8815748434888926
	After epoch 11: Loss = 0.06835590790424363, R-squared = 0.9280210158857563
	After epoch 12: Loss = 0.04883926103151236, R-squared = 0.9497472645127983
	After epoch 13: Loss = 0.04792629648484946, R-squared = 0.9492947568561017
	After epoch 14: Loss = 0.038846358304689174, R-squared = 0.961100981846214
	After epoch 15: Loss = 0.030773106351659512, R-squared = 0.9690172724824198
	After epoch 16: Loss = 0.029549313432720402, R-squared = 0.9689195222723589
	After epoch 17: Loss = 0.021906454804397762, R-squared = 0.977704718049865
	After epoch 18: Loss = 0.02014747681872383, R-squared = 0.9784818048146064
	After epoch 19: Loss = 0.020083436881114483, R-squared = 0.9782091089005821
	After epoch 20: Loss = 0.017182009562737452, R-squared = 0.9824952543487708
	After epoch 21: Loss = 0.016830747168104815, R-squared = 0.9821048575851211
	After epoch 22: Loss = 0.01857412736154068, R-squared = 0.9804731038148107
	After epoch 23: Loss = 0.013961978982274142, R-squared = 0.9849001482357613
	After epoch 24: Loss = 0.012971724907368393, R-squared = 0.9862833412859
	After epoch 25: Loss = 0.011839902745972821, R-squared = 0.9874991903099591
	After epoch 26: Loss = 0.010507384291478463, R-squared = 0.9881851826170888
	After epoch 27: Loss = 0.009856120146028482, R-squared = 0.9892797541244456
	After epoch 28: Loss = 0.01029934102490661, R-squared = 0.9892266042087637
	After epoch 29: Loss = 0.012662186192480284, R-squared = 0.9848579519571219
	After epoch 30: Loss = 0.009774094036925456, R-squared = 0.9889241054879114
	After epoch 31: Loss = 0.009516136146641981, R-squared = 0.9901105745096986
	After epoch 32: Loss = 0.014167589167988054, R-squared = 0.9853727648120542
	After epoch 33: Loss = 0.014426617510513185, R-squared = 0.9843858799578934
	After epoch 34: Loss = 0.009427509571612718, R-squared = 0.9904024513413466
	After epoch 35: Loss = 0.00843671989083355, R-squared = 0.9859490925610027
	After epoch 36: Loss = 0.007572093110002576, R-squared = 0.9924073024007866
	After epoch 37: Loss = 0.00932102060804105, R-squared = 0.9909900529041419
	After epoch 38: Loss = 0.011614557333903461, R-squared = 0.9841551358859879
	After epoch 39: Loss = 0.014136312572580112, R-squared = 0.9829258418777818
	After epoch 40: Loss = 0.011705595942334104, R-squared = 0.9866205357139733
	After epoch 41: Loss = 0.010205756027715418, R-squared = 0.9893729465502865
	After epoch 42: Loss = 0.01019488007028514, R-squared = 0.9884529705955553
	After epoch 43: Loss = 0.012652107996854418, R-squared = 0.9858958182392579
	After epoch 44: Loss = 0.009848648639225667, R-squared = 0.9885089042073141
	After epoch 45: Loss = 0.00972438094934161, R-squared = 0.9880214858795187
	After epoch 46: Loss = 0.005675020464486886, R-squared = 0.993866478209131
	After epoch 47: Loss = 0.0044212280533193135, R-squared = 0.9953242422676738
	After epoch 48: Loss = 0.0051381419416613415, R-squared = 0.9945409207392182
	After epoch 49: Loss = 0.005104104591915718, R-squared = 0.99452090660466
	After epoch 50: Loss = 0.004706633521438796, R-squared = 0.9951737745373
Training process has finished.
Using CNN: NoPoolCNN3 with learning rate: 0.0005
	After epoch 1: Loss = 1.0059629039090783, R-squared = -0.03407631412792471
	After epoch 2: Loss = 0.6406277019692233, R-squared = 0.3469732368343711
	After epoch 3: Loss = 0.12338286392391859, R-squared = 0.8707808508637587
	After epoch 4: Loss = 0.1606351919194637, R-squared = 0.8199342171720557
	After epoch 5: Loss = 0.07606875995372203, R-squared = 0.9262140537437716
	After epoch 6: Loss = 0.040343954276344615, R-squared = 0.9570413388675691
	After epoch 7: Loss = 0.027257981442273517, R-squared = 0.9714034637195386
	After epoch 8: Loss = 0.020778876945602077, R-squared = 0.9729792570829193
	After epoch 9: Loss = 0.016917184725523206, R-squared = 0.9827828074148897
	After epoch 10: Loss = 0.015879106145840538, R-squared = 0.9832994452160226
	After epoch 11: Loss = 0.015234787443417358, R-squared = 0.9831534064964107
	After epoch 12: Loss = 0.01877619988043749, R-squared = 0.9816256596252038
	After epoch 13: Loss = 0.019613658069748522, R-squared = 0.9788780751991728
	After epoch 14: Loss = 0.022961902392116797, R-squared = 0.9754447286064896
	After epoch 15: Loss = 0.014521413001196259, R-squared = 0.983820292026717
	After epoch 16: Loss = 0.012119226797366368, R-squared = 0.9880727225366188
	After epoch 17: Loss = 0.015869937788513654, R-squared = 0.9821061967978275
	After epoch 18: Loss = 0.012824997053055337, R-squared = 0.9848830723340761
	After epoch 19: Loss = 0.015124391166620423, R-squared = 0.9843562990750939
	After epoch 20: Loss = 0.010808948963145016, R-squared = 0.9884636248426416
	After epoch 21: Loss = 0.008398828221212712, R-squared = 0.9900681991586691
	After epoch 22: Loss = 0.00442314117872513, R-squared = 0.9953954486100842
	After epoch 23: Loss = 0.007523372950773886, R-squared = 0.9911095031506733
	After epoch 24: Loss = 0.005938224673294926, R-squared = 0.9938241286470302
	After epoch 25: Loss = 0.003382776650927685, R-squared = 0.9964759689906584
	After epoch 26: Loss = 0.0024108420058328857, R-squared = 0.9968399746866299
	After epoch 27: Loss = 0.005138572955175171, R-squared = 0.9947248932374462
	After epoch 28: Loss = 0.01607392537501364, R-squared = 0.98144337522494
	After epoch 29: Loss = 0.010490859614251396, R-squared = 0.9881158820835594
	After epoch 30: Loss = 0.0077233926311568585, R-squared = 0.9918050539761442
	After epoch 31: Loss = 0.005196728492283828, R-squared = 0.9947000684022409
	After epoch 32: Loss = 0.0028522595297797437, R-squared = 0.9970425482358447
	After epoch 33: Loss = 0.002002133082532114, R-squared = 0.9978842641681848
	After epoch 34: Loss = 0.0018203052885407034, R-squared = 0.9973378869924943
	After epoch 35: Loss = 0.0016102209517977774, R-squared = 0.9981994357275626
	After epoch 36: Loss = 0.00521505055700981, R-squared = 0.9950852708660312
	After epoch 37: Loss = 0.0058090927545422725, R-squared = 0.9944403703746525
	After epoch 38: Loss = 0.005691045210871958, R-squared = 0.9888403173202125
	After epoch 39: Loss = 0.005456299173912789, R-squared = 0.9946667457788763
	After epoch 40: Loss = 0.0036838492481502242, R-squared = 0.9965818266211643
	After epoch 41: Loss = 0.001797832465736229, R-squared = 0.9979496710548761
	After epoch 42: Loss = 0.0021416531791645893, R-squared = 0.9978077029564734
	After epoch 43: Loss = 0.0017332785061324502, R-squared = 0.9982861031169763
	After epoch 44: Loss = 0.001187858681665754, R-squared = 0.9984516129282526
	After epoch 45: Loss = 0.0015536384326295422, R-squared = 0.9984375454329832
	After epoch 46: Loss = 0.0024362078555872197, R-squared = 0.9975452553275757
	After epoch 47: Loss = 0.0010380946072695442, R-squared = 0.9988546233521779
	After epoch 48: Loss = 0.0010207015233297946, R-squared = 0.998837573532429
	After epoch 49: Loss = 0.0008946834879853623, R-squared = 0.9990074112534326
	After epoch 50: Loss = 0.0018717382352508877, R-squared = 0.9980987878493695
Training process has finished.
Using CNN: NoPoolCNN3 with learning rate: 0.001
	After epoch 1: Loss = 1.0031189118028574, R-squared = -0.043547492678993126
	After epoch 2: Loss = 0.9475330891996248, R-squared = 0.03150578011171623
	After epoch 3: Loss = 0.49510536655300597, R-squared = 0.4662814038623836
	After epoch 4: Loss = 0.2516476178290513, R-squared = 0.7327079834776844
	After epoch 5: Loss = 0.14693591562374544, R-squared = 0.8313546600928413
	After epoch 6: Loss = 0.07042902424179608, R-squared = 0.9237260354776105
	After epoch 7: Loss = 0.033389942487127365, R-squared = 0.9552319936467079
	After epoch 8: Loss = 0.02115342651817226, R-squared = 0.9776339682419968
	After epoch 9: Loss = 0.025808006722470477, R-squared = 0.9743920119329091
	After epoch 10: Loss = 0.02260379248331896, R-squared = 0.9748064199194401
	After epoch 11: Loss = 0.021507380801632274, R-squared = 0.9739136021309864
	After epoch 12: Loss = 0.019946962588627774, R-squared = 0.9797147163160196
	After epoch 13: Loss = 0.018189379285704133, R-squared = 0.9777121223545657
	After epoch 14: Loss = 0.01998943191623183, R-squared = 0.9792985286151346
	After epoch 15: Loss = 0.025017086327018156, R-squared = 0.9725855909729744
	After epoch 16: Loss = 0.027517999252749576, R-squared = 0.9738948820708156
	After epoch 17: Loss = 0.025245231322613342, R-squared = 0.9754864276371065
	After epoch 18: Loss = 0.012553625642715713, R-squared = 0.986843234212297
	After epoch 19: Loss = 0.014371775090026332, R-squared = 0.9836957248535143
	After epoch 20: Loss = 0.014316797795856387, R-squared = 0.9838345991073112
	After epoch 21: Loss = 0.014661035142501128, R-squared = 0.9850984376817815
	After epoch 22: Loss = 0.013406069313280939, R-squared = 0.9868236481763757
	After epoch 23: Loss = 0.00793023930890556, R-squared = 0.9912003879985395
	After epoch 24: Loss = 0.011694319511854682, R-squared = 0.9873011133579631
	After epoch 25: Loss = 0.009350452988063867, R-squared = 0.9898370104363627
	After epoch 26: Loss = 0.008071950278483297, R-squared = 0.9909875606473364
	After epoch 27: Loss = 0.006640176017392342, R-squared = 0.9924237969363201
	After epoch 28: Loss = 0.008769498281766815, R-squared = 0.9868169496882295
	After epoch 29: Loss = 0.01856474396379177, R-squared = 0.979210404341053
	After epoch 30: Loss = 0.0127882598650756, R-squared = 0.9856001691088864
	After epoch 31: Loss = 0.006597304344711297, R-squared = 0.9925681024584977
	After epoch 32: Loss = 0.005827674302320456, R-squared = 0.9940263136304319
	After epoch 33: Loss = 0.0032636629727411785, R-squared = 0.9959180614604743
	After epoch 34: Loss = 0.00310094163660127, R-squared = 0.9965993776610803
	After epoch 35: Loss = 0.0029469577874172994, R-squared = 0.9969379039199067
	After epoch 36: Loss = 0.0020769512167336172, R-squared = 0.997797622670588
	After epoch 37: Loss = 0.002287763295988949, R-squared = 0.9975409218231619
	After epoch 38: Loss = 0.0019413321591340155, R-squared = 0.9979552117007449
	After epoch 39: Loss = 0.0029004817237437744, R-squared = 0.9970293897888108
	After epoch 40: Loss = 0.004340937897300461, R-squared = 0.9951170924961193
	After epoch 41: Loss = 0.005419928600927527, R-squared = 0.9942717000831929
	After epoch 42: Loss = 0.002331728636911309, R-squared = 0.9975714699059035
	After epoch 43: Loss = 0.001454417860383302, R-squared = 0.998498613742159
	After epoch 44: Loss = 0.0014771325792248755, R-squared = 0.9982880817494353
	After epoch 45: Loss = 0.0014757227695642182, R-squared = 0.9983952993758528
	After epoch 46: Loss = 0.0011168409865266627, R-squared = 0.9986912849843739
	After epoch 47: Loss = 0.0014681587722834557, R-squared = 0.9983696327188772
	After epoch 48: Loss = 0.0020614616802148945, R-squared = 0.9978554092429259
	After epoch 49: Loss = 0.0024351623166185836, R-squared = 0.997075080376043
	After epoch 50: Loss = 0.0017510544166738167, R-squared = 0.9980597693364757
Training process has finished.
Using CNN: NoPoolCNN3 with learning rate: 0.005
	After epoch 1: Loss = 1.3340237464137163, R-squared = -0.3285279214777302
	After epoch 2: Loss = 0.577910753685876, R-squared = 0.4197703187351108
	After epoch 3: Loss = 0.12832463460174443, R-squared = 0.8837278394656195
	After epoch 4: Loss = 0.06315306493447503, R-squared = 0.9368642457329104
	After epoch 5: Loss = 0.0481620773712924, R-squared = 0.9533332617661836
	After epoch 6: Loss = 0.040477416669544415, R-squared = 0.9554468885506451
	After epoch 7: Loss = 0.046410665412481705, R-squared = 0.9460349813387522
	After epoch 8: Loss = 0.0430175373508139, R-squared = 0.9541313536142761
	After epoch 9: Loss = 0.03183786527820494, R-squared = 0.9653772795079222
	After epoch 10: Loss = 0.017393436428285135, R-squared = 0.982476144744699
	After epoch 11: Loss = 0.010442242163884745, R-squared = 0.9890027383836137
	After epoch 12: Loss = 0.007959354358952182, R-squared = 0.9914067293602951
	After epoch 13: Loss = 0.006249432200581227, R-squared = 0.9933909837605096
	After epoch 14: Loss = 0.006783449872420318, R-squared = 0.9905629300530663
	After epoch 15: Loss = 0.008094147487751014, R-squared = 0.9918844101721603
	After epoch 16: Loss = 0.00798980744631731, R-squared = 0.9889971614851018
	After epoch 17: Loss = 0.006391248273290523, R-squared = 0.9930221845194286
	After epoch 18: Loss = 0.004838945642699941, R-squared = 0.99496080321013
	After epoch 19: Loss = 0.004953211883237165, R-squared = 0.9939346839555945
	After epoch 20: Loss = 0.0043873955879071115, R-squared = 0.995502164127914
	After epoch 21: Loss = 0.002642334405446069, R-squared = 0.9970163071404805
	After epoch 22: Loss = 0.002627904223165467, R-squared = 0.997081190791364
	After epoch 23: Loss = 0.0039045831296267764, R-squared = 0.9961039881242956
	After epoch 24: Loss = 0.016705713663122443, R-squared = 0.983496624859143
	After epoch 25: Loss = 0.01117382412967489, R-squared = 0.9891168332435484
	After epoch 26: Loss = 0.04646061378712629, R-squared = 0.9502875440166049
	After epoch 27: Loss = 0.04404372165225824, R-squared = 0.9555769708956252
	After epoch 28: Loss = 0.01689995374909306, R-squared = 0.973774591715495
	After epoch 29: Loss = 0.010725141007819267, R-squared = 0.9886401326093557
	After epoch 30: Loss = 0.010056343235824052, R-squared = 0.988511915687582
	After epoch 31: Loss = 0.02278470241903795, R-squared = 0.9789822334167795
	After epoch 32: Loss = 0.01259866843845196, R-squared = 0.9871317611852348
	After epoch 33: Loss = 0.0066468270854933035, R-squared = 0.9934671851501801
	After epoch 34: Loss = 0.006288194598073139, R-squared = 0.9933473431446632
	After epoch 35: Loss = 0.007353103081405264, R-squared = 0.9921823110005572
	After epoch 36: Loss = 0.0021349178810998394, R-squared = 0.9977379868462657
	After epoch 37: Loss = 0.0023841255385312547, R-squared = 0.9975208216536127
	After epoch 38: Loss = 0.001529416329072575, R-squared = 0.9984304089790081
	After epoch 39: Loss = 0.0014010251787314333, R-squared = 0.9984263122736161
	After epoch 40: Loss = 0.0015809352594153391, R-squared = 0.9984653279442511
	After epoch 41: Loss = 0.0009365908378837992, R-squared = 0.9990563220999494
	After epoch 42: Loss = 0.001089759392087054, R-squared = 0.9988314797386671
	After epoch 43: Loss = 0.0034178899421976007, R-squared = 0.997396591481081
	After epoch 44: Loss = 0.004792754243304588, R-squared = 0.9936123733701825
	After epoch 45: Loss = 0.0023522353595311265, R-squared = 0.9974755562468058
	After epoch 46: Loss = 0.002800727992334842, R-squared = 0.9969044327144075
	After epoch 47: Loss = 0.0014270804516630506, R-squared = 0.9979649152582784
	After epoch 48: Loss = 0.0016165487959797769, R-squared = 0.9980236308879789
	After epoch 49: Loss = 0.0014909607898282618, R-squared = 0.9984757484391595
	After epoch 50: Loss = 0.0009801608887913763, R-squared = 0.9989289725191253
Training process has finished.
Time taken for NoPoolCNN3: 668.9024319648743 seconds
Using CNN: NoPoolCNN4 with learning rate: 1e-05
	After epoch 1: Loss = 1.0061322893092914, R-squared = -0.016977283459975623
	After epoch 2: Loss = 1.001145215851632, R-squared = -0.04783636108619991
	After epoch 3: Loss = 1.0007397357589638, R-squared = -0.4554264890614693
	After epoch 4: Loss = 0.9951121274970476, R-squared = -0.01300642934447419
	After epoch 5: Loss = 0.9876299466415361, R-squared = -0.018677207895723434
	After epoch 6: Loss = 0.9824414807764841, R-squared = -0.007119193701677962
	After epoch 7: Loss = 0.9768129339730803, R-squared = -0.0007389153142353444
	After epoch 8: Loss = 0.9666876194701421, R-squared = 0.015925215405054073
	After epoch 9: Loss = 0.9571893391377315, R-squared = -0.008926620265639196
	After epoch 10: Loss = 0.9470763167907406, R-squared = -0.017616467488528843
	After epoch 11: Loss = 0.9349473676927772, R-squared = 0.035499649238015595
	After epoch 12: Loss = 0.9150712100773928, R-squared = 0.03710824190261018
	After epoch 13: Loss = 0.8910505952668876, R-squared = 0.07832231612687775
	After epoch 14: Loss = 0.864268142357193, R-squared = 0.09653854582902385
	After epoch 15: Loss = 0.8263361068654724, R-squared = 0.1465886486846239
	After epoch 16: Loss = 0.782288712628019, R-squared = 0.21016493842926903
	After epoch 17: Loss = 0.7307645387421307, R-squared = 0.26229982871676855
	After epoch 18: Loss = 0.6765795790172846, R-squared = 0.3213045599785384
	After epoch 19: Loss = 0.6149867122917991, R-squared = 0.3841471772416462
	After epoch 20: Loss = 0.5551221283460918, R-squared = 0.4519831733701036
	After epoch 21: Loss = 0.4946043841908091, R-squared = 0.5045110620210609
	After epoch 22: Loss = 0.437321495588609, R-squared = 0.5611793441638225
	After epoch 23: Loss = 0.386685793023476, R-squared = 0.6212872553822838
	After epoch 24: Loss = 0.3285356685493169, R-squared = 0.6602045956825139
	After epoch 25: Loss = 0.28988904355517586, R-squared = 0.7071005856522795
	After epoch 26: Loss = 0.2546622083017464, R-squared = 0.735178549601778
	After epoch 27: Loss = 0.22631781233371556, R-squared = 0.734435089036946
	After epoch 28: Loss = 0.1984839007867353, R-squared = 0.7920381353894456
	After epoch 29: Loss = 0.18028324279572386, R-squared = 0.8075692679906157
	After epoch 30: Loss = 0.16415314799160705, R-squared = 0.8300670647108552
	After epoch 31: Loss = 0.14757238081242766, R-squared = 0.8417153908540375
	After epoch 32: Loss = 0.13350613666220232, R-squared = 0.8586369802931548
	After epoch 33: Loss = 0.1258715309341708, R-squared = 0.8672137431506025
	After epoch 34: Loss = 0.11326858165029792, R-squared = 0.8779813110808515
	After epoch 35: Loss = 0.10339821716255541, R-squared = 0.884603213637944
	After epoch 36: Loss = 0.09315635645783713, R-squared = 0.903767960978833
	After epoch 37: Loss = 0.08642934435676783, R-squared = 0.9092170811438282
	After epoch 38: Loss = 0.08028890523176503, R-squared = 0.9135522042348198
	After epoch 39: Loss = 0.07421204702952833, R-squared = 0.9182327214812698
	After epoch 40: Loss = 0.06907114626168134, R-squared = 0.9268320676443083
	After epoch 41: Loss = 0.06584368188680739, R-squared = 0.9345536086933762
	After epoch 42: Loss = 0.06167416774306861, R-squared = 0.9315386721236063
	After epoch 43: Loss = 0.06030285797032888, R-squared = 0.9365006891701162
	After epoch 44: Loss = 0.05483962201494978, R-squared = 0.9424593666921771
	After epoch 45: Loss = 0.052722387515010315, R-squared = 0.9405805477370824
	After epoch 46: Loss = 0.051969024331518975, R-squared = 0.9449861728152775
	After epoch 47: Loss = 0.04873436407847982, R-squared = 0.9493546127888111
	After epoch 48: Loss = 0.04594361715676274, R-squared = 0.950402179057652
	After epoch 49: Loss = 0.04417980158958495, R-squared = 0.9266679469248096
	After epoch 50: Loss = 0.04109037040156175, R-squared = 0.9579826827749398
Training process has finished.
Using CNN: NoPoolCNN4 with learning rate: 5e-05
	After epoch 1: Loss = 1.0325649198080842, R-squared = -0.08437610326320906
	After epoch 2: Loss = 0.9684584922278482, R-squared = 0.005457607133619635
	After epoch 3: Loss = 0.9229186633706217, R-squared = 0.06496524968963675
	After epoch 4: Loss = 0.848125180353669, R-squared = 0.14128279246145362
	After epoch 5: Loss = 0.7039236773263844, R-squared = 0.2719704650539095
	After epoch 6: Loss = 0.5307741177327198, R-squared = 0.3867451945690659
	After epoch 7: Loss = 0.3937570155183697, R-squared = 0.6096141679828986
	After epoch 8: Loss = 0.2803098900981107, R-squared = 0.7108028999213822
	After epoch 9: Loss = 0.20882588140977484, R-squared = 0.7767030716188147
	After epoch 10: Loss = 0.14304927073271978, R-squared = 0.849030308485419
	After epoch 11: Loss = 0.1076463951138276, R-squared = 0.8838334059141364
	After epoch 12: Loss = 0.07150533277695081, R-squared = 0.9254012595091761
	After epoch 13: Loss = 0.0597997110553925, R-squared = 0.9362378553435479
	After epoch 14: Loss = 0.05009843024625173, R-squared = 0.9480260691050784
	After epoch 15: Loss = 0.036995722181440975, R-squared = 0.9609861061719087
	After epoch 16: Loss = 0.03165663074993937, R-squared = 0.9644922511794316
	After epoch 17: Loss = 0.0300865233230543, R-squared = 0.9685424082496272
	After epoch 18: Loss = 0.028707898719952725, R-squared = 0.9709214809152062
	After epoch 19: Loss = 0.025947170812896735, R-squared = 0.9725703177009775
	After epoch 20: Loss = 0.02395825134832324, R-squared = 0.9746721188013696
	After epoch 21: Loss = 0.025142013475728836, R-squared = 0.9754743778351125
	After epoch 22: Loss = 0.023813237232046213, R-squared = 0.9749460003504856
	After epoch 23: Loss = 0.024350246468688223, R-squared = 0.9734424725788597
	After epoch 24: Loss = 0.023314294129377057, R-squared = 0.975276688975328
	After epoch 25: Loss = 0.021992156227177147, R-squared = 0.9760261159926115
	After epoch 26: Loss = 0.0194379842888937, R-squared = 0.9794624550260199
	After epoch 27: Loss = 0.025473703853463352, R-squared = 0.9725951480292233
	After epoch 28: Loss = 0.021585601145637894, R-squared = 0.9725333719182305
	After epoch 29: Loss = 0.02508156391036436, R-squared = 0.9738661885416514
	After epoch 30: Loss = 0.023608993877889877, R-squared = 0.9733135426930873
	After epoch 31: Loss = 0.02368280879477213, R-squared = 0.9735554891192588
	After epoch 32: Loss = 0.018588649382814963, R-squared = 0.9794744366482521
	After epoch 33: Loss = 0.015858863263676255, R-squared = 0.983431996390699
	After epoch 34: Loss = 0.017251034613512135, R-squared = 0.9821048712290926
	After epoch 35: Loss = 0.015619692836021912, R-squared = 0.9832012791215293
	After epoch 36: Loss = 0.018077343363215974, R-squared = 0.9794154368084518
	After epoch 37: Loss = 0.018281589767346895, R-squared = 0.9807813082589956
	After epoch 38: Loss = 0.01571387133298894, R-squared = 0.983484040731169
	After epoch 39: Loss = 0.019168105836846642, R-squared = 0.9787057817504461
	After epoch 40: Loss = 0.01603771684594503, R-squared = 0.9825375890076142
	After epoch 41: Loss = 0.022522116639526135, R-squared = 0.9745561231387528
	After epoch 42: Loss = 0.0155291838933703, R-squared = 0.9817711617789883
	After epoch 43: Loss = 0.012272325607715365, R-squared = 0.9863953137125788
	After epoch 44: Loss = 0.01265013735834678, R-squared = 0.9857337586702128
	After epoch 45: Loss = 0.013057105776343761, R-squared = 0.9854963774440678
	After epoch 46: Loss = 0.011884560393047718, R-squared = 0.9872066014814151
	After epoch 47: Loss = 0.010097390583734184, R-squared = 0.9896238431623889
	After epoch 48: Loss = 0.010096547611898245, R-squared = 0.9894144649366081
	After epoch 49: Loss = 0.009651111961437552, R-squared = 0.9896962902443265
	After epoch 50: Loss = 0.00893141523449197, R-squared = 0.9900938815981581
Training process has finished.
Using CNN: NoPoolCNN4 with learning rate: 0.0001
	After epoch 1: Loss = 1.025174634849575, R-squared = -0.05194398923382667
	After epoch 2: Loss = 0.960810841537822, R-squared = 0.012771110971472576
	After epoch 3: Loss = 0.8757441561585602, R-squared = 0.1120724387853173
	After epoch 4: Loss = 0.7081850948839394, R-squared = 0.2932858746489749
	After epoch 5: Loss = 0.6439751473858883, R-squared = 0.3549988609111826
	After epoch 6: Loss = 0.5767313225753319, R-squared = 0.42869228045945534
	After epoch 7: Loss = 0.42935793254571053, R-squared = 0.5717600938112569
	After epoch 8: Loss = 0.19897016836868292, R-squared = 0.8073263605056781
	After epoch 9: Loss = 0.10231428877956336, R-squared = 0.8881505444559098
	After epoch 10: Loss = 0.058683967627834545, R-squared = 0.9210697820100602
	After epoch 11: Loss = 0.028068879689594695, R-squared = 0.9695010043502308
	After epoch 12: Loss = 0.030985392065994648, R-squared = 0.9658100320816729
	After epoch 13: Loss = 0.02652326938800636, R-squared = 0.9726275219341097
	After epoch 14: Loss = 0.02592108045141094, R-squared = 0.9698990019199858
	After epoch 15: Loss = 0.022122419731370545, R-squared = 0.9760325062199204
	After epoch 16: Loss = 0.02078168181070652, R-squared = 0.9775760875052759
	After epoch 17: Loss = 0.026233266798436, R-squared = 0.9666319788493294
	After epoch 18: Loss = 0.022561791003266024, R-squared = 0.9776957572947778
	After epoch 19: Loss = 0.022320031625070468, R-squared = 0.9768523602089365
	After epoch 20: Loss = 0.022159977751886537, R-squared = 0.9775888383297942
	After epoch 21: Loss = 0.015510334777444929, R-squared = 0.9837175465847311
	After epoch 22: Loss = 0.013287963603164676, R-squared = 0.9850182464284212
	After epoch 23: Loss = 0.012543368350558543, R-squared = 0.9867811335943971
	After epoch 24: Loss = 0.012942800553165948, R-squared = 0.986188298926181
	After epoch 25: Loss = 0.01150277443994201, R-squared = 0.9880829152293723
	After epoch 26: Loss = 0.009479679661240418, R-squared = 0.988795335014707
	After epoch 27: Loss = 0.00973085196174087, R-squared = 0.989709289864863
	After epoch 28: Loss = 0.008207011394253446, R-squared = 0.9911632947343735
	After epoch 29: Loss = 0.007967501317621285, R-squared = 0.9917132966428974
	After epoch 30: Loss = 0.007000022463755988, R-squared = 0.9923731274495065
	After epoch 31: Loss = 0.008702228446420691, R-squared = 0.9912501312388622
	After epoch 32: Loss = 0.008941797170477866, R-squared = 0.9897993723704284
	After epoch 33: Loss = 0.007397875571916027, R-squared = 0.9903775812012702
	After epoch 34: Loss = 0.0068547027903778, R-squared = 0.9928512049161713
	After epoch 35: Loss = 0.011353517076862654, R-squared = 0.9846592407555989
	After epoch 36: Loss = 0.0063298230590392805, R-squared = 0.9938550154188949
	After epoch 37: Loss = 0.009092162424400887, R-squared = 0.9898808972914092
	After epoch 38: Loss = 0.008828567590179004, R-squared = 0.9899697844309706
	After epoch 39: Loss = 0.0069542957217034514, R-squared = 0.992628151471072
	After epoch 40: Loss = 0.004617927292436407, R-squared = 0.9953106662517206
	After epoch 41: Loss = 0.004839612155996382, R-squared = 0.9951018262949873
	After epoch 42: Loss = 0.004151039630145711, R-squared = 0.9955975843728787
	After epoch 43: Loss = 0.0034304244847538105, R-squared = 0.9964088261332831
	After epoch 44: Loss = 0.003344880197064032, R-squared = 0.9965185309002578
	After epoch 45: Loss = 0.0031151641442732202, R-squared = 0.9968011864383319
	After epoch 46: Loss = 0.0031025841617692727, R-squared = 0.9967890796249833
	After epoch 47: Loss = 0.003536046466542003, R-squared = 0.9963317681005023
	After epoch 48: Loss = 0.002886389454708411, R-squared = 0.997077451341393
	After epoch 49: Loss = 0.0031725500816324357, R-squared = 0.9965408078986743
	After epoch 50: Loss = 0.002484317951452775, R-squared = 0.997308626658213
Training process has finished.
Using CNN: NoPoolCNN4 with learning rate: 0.0005
	After epoch 1: Loss = 1.0242837858211224, R-squared = -0.06594304683417028
	After epoch 2: Loss = 0.6813698585303304, R-squared = 0.3057276213839226
	After epoch 3: Loss = 0.29449985656628735, R-squared = 0.7146132069465194
	After epoch 4: Loss = 0.06781622640242532, R-squared = 0.9298100384682038
	After epoch 5: Loss = 0.0367654410226577, R-squared = 0.962097573408065
	After epoch 6: Loss = 0.023906842345647, R-squared = 0.9756509049538279
	After epoch 7: Loss = 0.029778537312946197, R-squared = 0.9694471671041898
	After epoch 8: Loss = 0.02878608799698097, R-squared = 0.9700467091626932
	After epoch 9: Loss = 0.023978672440686303, R-squared = 0.9697519256275944
	After epoch 10: Loss = 0.018091364580554777, R-squared = 0.9791039412714747
	After epoch 11: Loss = 0.0221571826381362, R-squared = 0.9717414774099996
	After epoch 12: Loss = 0.020133797696211132, R-squared = 0.9777603942264561
	After epoch 13: Loss = 0.01764128596517807, R-squared = 0.9804926553791706
	After epoch 14: Loss = 0.013894582025858401, R-squared = 0.9861119263789346
	After epoch 15: Loss = 0.011659300914812239, R-squared = 0.9872107736569863
	After epoch 16: Loss = 0.011470864327811048, R-squared = 0.9878986816935555
	After epoch 17: Loss = 0.018964024293498975, R-squared = 0.9814369067978699
	After epoch 18: Loss = 0.038283895840940683, R-squared = 0.9636418313060254
	After epoch 19: Loss = 0.019131792470901552, R-squared = 0.9802086637506428
	After epoch 20: Loss = 0.016079530731579195, R-squared = 0.9841828319963607
	After epoch 21: Loss = 0.012916779497394563, R-squared = 0.9867752480670265
	After epoch 22: Loss = 0.017844235760515123, R-squared = 0.9804507070993432
	After epoch 23: Loss = 0.012989343253867585, R-squared = 0.9838877066530067
	After epoch 24: Loss = 0.011560630318230939, R-squared = 0.9883097013568799
	After epoch 25: Loss = 0.010757439887627817, R-squared = 0.9901132006824259
	After epoch 26: Loss = 0.007219578868497276, R-squared = 0.9901681436048051
	After epoch 27: Loss = 0.02270339019127881, R-squared = 0.9711722593878112
	After epoch 28: Loss = 0.015087446511740071, R-squared = 0.982303176643866
	After epoch 29: Loss = 0.013567659792301184, R-squared = 0.9846737358944851
	After epoch 30: Loss = 0.010775368729000591, R-squared = 0.9887603339649285
	After epoch 31: Loss = 0.00743582815794998, R-squared = 0.9921540271201416
	After epoch 32: Loss = 0.006688168315489325, R-squared = 0.9924473481991563
	After epoch 33: Loss = 0.004598870568288916, R-squared = 0.9949193771645195
	After epoch 34: Loss = 0.0038400623966176354, R-squared = 0.995960669117335
	After epoch 35: Loss = 0.003582056816183244, R-squared = 0.9962120740623849
	After epoch 36: Loss = 0.003307720312159391, R-squared = 0.9961075363885181
	After epoch 37: Loss = 0.008826408009752668, R-squared = 0.9911617329185216
	After epoch 38: Loss = 0.009014709496386197, R-squared = 0.9917612767183328
	After epoch 39: Loss = 0.0045067242692212305, R-squared = 0.9950558310808229
	After epoch 40: Loss = 0.006906496889083439, R-squared = 0.9931057570113406
	After epoch 41: Loss = 0.006914562060681376, R-squared = 0.9926701706600374
	After epoch 42: Loss = 0.01956106222084704, R-squared = 0.9814634218546721
	After epoch 43: Loss = 0.04126755083997644, R-squared = 0.9624025413666498
	After epoch 44: Loss = 0.016756828564394664, R-squared = 0.9796038219698021
	After epoch 45: Loss = 0.009549923924184965, R-squared = 0.9890855284938629
	After epoch 46: Loss = 0.009468284569015228, R-squared = 0.9907961044882164
	After epoch 47: Loss = 0.008128250034899769, R-squared = 0.9916756230272255
	After epoch 48: Loss = 0.005859945640378551, R-squared = 0.993090376127842
	After epoch 49: Loss = 0.0052025747064200645, R-squared = 0.9942375447916918
	After epoch 50: Loss = 0.0034444165780611207, R-squared = 0.996526177369913
Training process has finished.
Using CNN: NoPoolCNN4 with learning rate: 0.001
	After epoch 1: Loss = 0.9396168120726445, R-squared = 0.030724953123621678
	After epoch 2: Loss = 0.37531288748753155, R-squared = 0.6182851854579887
	After epoch 3: Loss = 0.20693677153827403, R-squared = 0.7801743430224322
	After epoch 4: Loss = 0.07399824176006495, R-squared = 0.9234453271442249
	After epoch 5: Loss = 0.04917229864826054, R-squared = 0.9486768396939158
	After epoch 6: Loss = 0.047426780294091274, R-squared = 0.9552403237226252
	After epoch 7: Loss = 0.035300340034123676, R-squared = 0.9649875084192233
	After epoch 8: Loss = 0.043216811823235605, R-squared = 0.9540008553477233
	After epoch 9: Loss = 0.02379567743032403, R-squared = 0.9741193699043997
	After epoch 10: Loss = 0.02022549368071319, R-squared = 0.9793833898838621
	After epoch 11: Loss = 0.020930581950187075, R-squared = 0.9785565929958648
	After epoch 12: Loss = 0.015474103474518209, R-squared = 0.9842550055031097
	After epoch 13: Loss = 0.015774335360064794, R-squared = 0.9834515700240664
	After epoch 14: Loss = 0.0212737547496085, R-squared = 0.9768399398022801
	After epoch 15: Loss = 0.01608553966602491, R-squared = 0.9835850730652462
	After epoch 16: Loss = 0.014251631730534814, R-squared = 0.9848267539199949
	After epoch 17: Loss = 0.010050383362282473, R-squared = 0.9896848524716912
	After epoch 18: Loss = 0.015087601848834278, R-squared = 0.9849012921239411
	After epoch 19: Loss = 0.03043487060346105, R-squared = 0.9604977391565539
	After epoch 20: Loss = 0.022090818731222206, R-squared = 0.9770008611962829
	After epoch 21: Loss = 0.006089286408306089, R-squared = 0.9936437497712898
	After epoch 22: Loss = 0.0077793652053394875, R-squared = 0.9922879489306865
	After epoch 23: Loss = 0.005584539863801983, R-squared = 0.9933298549969626
	After epoch 24: Loss = 0.004927400368923254, R-squared = 0.9950150131718782
	After epoch 25: Loss = 0.005519754714704986, R-squared = 0.9938938033043275
	After epoch 26: Loss = 0.0038523037873299166, R-squared = 0.9961438598629202
	After epoch 27: Loss = 0.004032718107527615, R-squared = 0.9956899706522575
	After epoch 28: Loss = 0.0028253866226812733, R-squared = 0.9969033095787854
	After epoch 29: Loss = 0.0032986260219711972, R-squared = 0.9965713457985521
	After epoch 30: Loss = 0.0023602265643777125, R-squared = 0.9958035516301733
	After epoch 31: Loss = 0.0034636779582436403, R-squared = 0.9961917105199651
	After epoch 32: Loss = 0.009530653730760317, R-squared = 0.9872718009386607
	After epoch 33: Loss = 0.006025651065257109, R-squared = 0.993503591424213
	After epoch 34: Loss = 0.00946054534561296, R-squared = 0.9904912386121977
	After epoch 35: Loss = 0.012782912330439305, R-squared = 0.9870715505733095
	After epoch 36: Loss = 0.004338365570049732, R-squared = 0.9954413926122898
	After epoch 37: Loss = 0.004195279765542478, R-squared = 0.9956882930361981
	After epoch 38: Loss = 0.0024691125374082514, R-squared = 0.9972054007695167
	After epoch 39: Loss = 0.0020141867491196342, R-squared = 0.9978896690467941
	After epoch 40: Loss = 0.002069328332335281, R-squared = 0.9976199058605788
	After epoch 41: Loss = 0.0024774703842299307, R-squared = 0.9973687351188465
	After epoch 42: Loss = 0.0025445073447680757, R-squared = 0.9972938242710507
	After epoch 43: Loss = 0.004238560807349636, R-squared = 0.9951236907486619
	After epoch 44: Loss = 0.0024891526290720736, R-squared = 0.9973788314978002
	After epoch 45: Loss = 0.0021308035730090115, R-squared = 0.9978348783106015
	After epoch 46: Loss = 0.0032878248482230894, R-squared = 0.9962017428657438
	After epoch 47: Loss = 0.011733391831323443, R-squared = 0.9888478968673837
	After epoch 48: Loss = 0.016060740368776385, R-squared = 0.9827695971028014
	After epoch 49: Loss = 0.006225921593699449, R-squared = 0.9929569325354921
	After epoch 50: Loss = 0.005265064274885992, R-squared = 0.9946901660447345
Training process has finished.
Using CNN: NoPoolCNN4 with learning rate: 0.005
	After epoch 1: Loss = 2.3023012308284363, R-squared = -1.0787500014690874
	After epoch 2: Loss = 0.8987449437032892, R-squared = 0.04005212515278271
	After epoch 3: Loss = 0.5843590974293472, R-squared = 0.3394284832459609
	After epoch 4: Loss = 0.15407111063435888, R-squared = 0.8394827390391939
	After epoch 5: Loss = 0.061018787323801796, R-squared = 0.9263511088500541
	After epoch 6: Loss = 0.08361325067912442, R-squared = 0.8955735801047812
	After epoch 7: Loss = 0.043154437603375076, R-squared = 0.9537904166930001
	After epoch 8: Loss = 0.02433209464282964, R-squared = 0.974529938483626
	After epoch 9: Loss = 0.022780330993851114, R-squared = 0.9745112222679133
	After epoch 10: Loss = 0.028095329371887506, R-squared = 0.971760237937622
	After epoch 11: Loss = 0.025634745062188463, R-squared = 0.9663348533784177
	After epoch 12: Loss = 0.034420709872015655, R-squared = 0.9671842581338902
	After epoch 13: Loss = 0.03621722541446856, R-squared = 0.9528495940760393
	After epoch 14: Loss = 0.04314546704976009, R-squared = 0.9558721061026896
	After epoch 15: Loss = 0.026703366720653616, R-squared = 0.9701099707640447
	After epoch 16: Loss = 0.01876478948177864, R-squared = 0.9798380574156106
	After epoch 17: Loss = 0.013065960888669436, R-squared = 0.9861127319996722
	After epoch 18: Loss = 0.016015932349281968, R-squared = 0.9830638527816473
	After epoch 19: Loss = 0.012919689812514495, R-squared = 0.9824685984781093
	After epoch 20: Loss = 0.014003193767033757, R-squared = 0.9852273637552074
	After epoch 21: Loss = 0.011283065391573394, R-squared = 0.9883853876125291
	After epoch 22: Loss = 0.011112625899779061, R-squared = 0.9878150579932574
	After epoch 23: Loss = 0.006602868960722545, R-squared = 0.9930706502468354
	After epoch 24: Loss = 0.005200657862096714, R-squared = 0.9942572736691634
	After epoch 25: Loss = 0.003995207139938789, R-squared = 0.9952042500140525
	After epoch 26: Loss = 0.010579830996758657, R-squared = 0.988725487780066
	After epoch 27: Loss = 0.025944059323979984, R-squared = 0.9702897378095579
	After epoch 28: Loss = 0.01152741750800334, R-squared = 0.9884943757080922
	After epoch 29: Loss = 0.009389742419563928, R-squared = 0.9906573113048124
	After epoch 30: Loss = 0.004872816708970915, R-squared = 0.9943549070741098
	After epoch 31: Loss = 0.004431153110827683, R-squared = 0.9954401728337295
	After epoch 32: Loss = 0.003996681940514629, R-squared = 0.9958067413265972
	After epoch 33: Loss = 0.0018504784535448473, R-squared = 0.9980427519194135
	After epoch 34: Loss = 0.0034047632993996274, R-squared = 0.9965657315049464
	After epoch 35: Loss = 0.011160855022327207, R-squared = 0.9869280623174597
	After epoch 36: Loss = 0.0033433591620496356, R-squared = 0.9962890899108487
	After epoch 37: Loss = 0.004249460569623494, R-squared = 0.9957375937658284
	After epoch 38: Loss = 0.004214216126729628, R-squared = 0.9952758281238486
	After epoch 39: Loss = 0.014589759181430401, R-squared = 0.9861175825553978
	After epoch 40: Loss = 0.01886872689712335, R-squared = 0.9690294958772254
	After epoch 41: Loss = 0.012402363280896087, R-squared = 0.9869941379672094
	After epoch 42: Loss = 0.007603149944658205, R-squared = 0.9912191047495884
	After epoch 43: Loss = 0.003135211814670212, R-squared = 0.9967226644349803
	After epoch 44: Loss = 0.002830878394021962, R-squared = 0.9966678909924092
	After epoch 45: Loss = 0.003947275204084185, R-squared = 0.9955795837189676
	After epoch 46: Loss = 0.003722415425613018, R-squared = 0.9959625051215942
	After epoch 47: Loss = 0.003469378728910425, R-squared = 0.9958447710339058
	After epoch 48: Loss = 0.0021679614976961546, R-squared = 0.9975557869794548
	After epoch 49: Loss = 0.0020434744226405415, R-squared = 0.9978119349779229
	After epoch 50: Loss = 0.0010036076916405678, R-squared = 0.9987234915111125
Training process has finished.
Time taken for NoPoolCNN4: 640.4095377922058 seconds
