Mon Dec 16 16:28:12 2024       
+-----------------------------------------------------------------------------------------+
| NVIDIA-SMI 565.57.01              Driver Version: 565.57.01      CUDA Version: 12.7     |
|-----------------------------------------+------------------------+----------------------+
| GPU  Name                 Persistence-M | Bus-Id          Disp.A | Volatile Uncorr. ECC |
| Fan  Temp   Perf          Pwr:Usage/Cap |           Memory-Usage | GPU-Util  Compute M. |
|                                         |                        |               MIG M. |
|=========================================+========================+======================|
|   0  Tesla V100S-PCIE-32GB          On  |   00000000:25:00.0 Off |                    0 |
| N/A   32C    P0             26W /  250W |       1MiB /  32768MiB |      0%      Default |
|                                         |                        |                  N/A |
+-----------------------------------------+------------------------+----------------------+
                                                                                         
+-----------------------------------------------------------------------------------------+
| Processes:                                                                              |
|  GPU   GI   CI        PID   Type   Process name                              GPU Memory |
|        ID   ID                                                               Usage      |
|=========================================================================================|
|  No running processes found                                                             |
+-----------------------------------------------------------------------------------------+
Using device: cuda
Number of permeability values: 455
Number of images: 455
Using CNN: NoPoolCNN1 with learning rate: 1e-05
	After epoch 1: Loss = 1.0694942117623358, R-squared = -0.2602490244602781
	After epoch 2: Loss = 1.0598478836559697, R-squared = -0.10022874816995324
	After epoch 3: Loss = 1.0529068497499021, R-squared = -0.08103471534544432
	After epoch 4: Loss = 1.0459693422657144, R-squared = -0.08879215587770554
	After epoch 5: Loss = 1.0402874562725963, R-squared = -0.11749224968738703
	After epoch 6: Loss = 1.0336593164674528, R-squared = -0.09680803189565275
	After epoch 7: Loss = 1.0290328291658983, R-squared = -0.06252391849753314
	After epoch 8: Loss = 1.0209778952513986, R-squared = -0.0856706875948871
	After epoch 9: Loss = 1.0118828438516905, R-squared = -0.08500784636385553
	After epoch 10: Loss = 1.0075240211764134, R-squared = -0.052169532904146644
	After epoch 11: Loss = 0.9987014204684146, R-squared = -0.04610870521880822
	After epoch 12: Loss = 0.9978017765938123, R-squared = -0.02580437139776075
	After epoch 13: Loss = 0.988315226448879, R-squared = -0.005010471047172704
	After epoch 14: Loss = 0.9827382248833064, R-squared = -0.0053657233926937995
	After epoch 15: Loss = 0.9780729937504156, R-squared = 0.012115147294142392
	After epoch 16: Loss = 0.9754808362122247, R-squared = -0.03504006398004279
	After epoch 17: Loss = 0.9657549960992947, R-squared = 0.003899379283187032
	After epoch 18: Loss = 0.9644627437358387, R-squared = 0.010921807861700984
	After epoch 19: Loss = 0.9656818928904578, R-squared = -0.013787351120222257
	After epoch 20: Loss = 0.9609592577520181, R-squared = 0.018204078529401358
	After epoch 21: Loss = 0.9549284001525331, R-squared = 0.008905642020267945
	After epoch 22: Loss = 0.9508510400483579, R-squared = -0.025195347792168664
	After epoch 23: Loss = 0.9473066354089508, R-squared = 0.0435280709425732
	After epoch 24: Loss = 0.9425572052110217, R-squared = 0.015290284458534264
	After epoch 25: Loss = 0.9399886961034161, R-squared = 0.036244157719425504
	After epoch 26: Loss = 0.9362587158574289, R-squared = 0.049598564578995995
	After epoch 27: Loss = 0.9333352115078088, R-squared = 0.043124671971150316
	After epoch 28: Loss = 0.9277079332052137, R-squared = 0.066424508647664
	After epoch 29: Loss = 0.9206392962717148, R-squared = 0.05724124336539903
	After epoch 30: Loss = 0.9138660669628527, R-squared = 0.07918033995191459
	After epoch 31: Loss = 0.9092911253482419, R-squared = 0.05849363238644044
	After epoch 32: Loss = 0.8986377775295711, R-squared = 0.08638396875808331
	After epoch 33: Loss = 0.892190894430251, R-squared = 0.09738502507745363
	After epoch 34: Loss = 0.8812991452407155, R-squared = 0.08832275450367669
	After epoch 35: Loss = 0.8750291288124193, R-squared = 0.11484132161679761
	After epoch 36: Loss = 0.8659910894695706, R-squared = 0.12687302403221387
	After epoch 37: Loss = 0.8553775302863865, R-squared = 0.13768496051495305
	After epoch 38: Loss = 0.8419373834434929, R-squared = 0.14202192876876835
	After epoch 39: Loss = 0.8262013358351874, R-squared = 0.15458605541554676
	After epoch 40: Loss = 0.811017014901443, R-squared = 0.17891801339974714
	After epoch 41: Loss = 0.7966038643619835, R-squared = 0.13585652998154402
	After epoch 42: Loss = 0.7796441962561997, R-squared = 0.21666069795987425
	After epoch 43: Loss = 0.7627341377109201, R-squared = 0.2214647402534143
	After epoch 44: Loss = 0.7411217227371883, R-squared = 0.2548165323243741
	After epoch 45: Loss = 0.720921392762742, R-squared = 0.2727710424903349
	After epoch 46: Loss = 0.6912862774143795, R-squared = 0.30466718498130224
	After epoch 47: Loss = 0.6634095644459759, R-squared = 0.3355798248836934
	After epoch 48: Loss = 0.6344391681364383, R-squared = 0.35941746641893285
	After epoch 49: Loss = 0.6132339191761195, R-squared = 0.3941737136689002
	After epoch 50: Loss = 0.5957291458237003, R-squared = 0.4157016583521635
Training process has finished.
Using CNN: NoPoolCNN1 with learning rate: 5e-05
	After epoch 1: Loss = 0.9994511655844853, R-squared = -0.054987335533583794
	After epoch 2: Loss = 0.9903092424909815, R-squared = -0.01556641896710632
	After epoch 3: Loss = 0.9678387740284234, R-squared = 0.004055094114970204
	After epoch 4: Loss = 0.9440210733621337, R-squared = 0.032312703822893515
	After epoch 5: Loss = 0.9053663257979603, R-squared = 0.056204869785814474
	After epoch 6: Loss = 0.8480633433094148, R-squared = 0.12388255237118159
	After epoch 7: Loss = 0.7683589219331386, R-squared = 0.2234981103050465
	After epoch 8: Loss = 0.6785767284681383, R-squared = 0.3195423146257987
	After epoch 9: Loss = 0.5895450612786696, R-squared = 0.40308250314663086
	After epoch 10: Loss = 0.4950091351373535, R-squared = 0.5123997428059388
	After epoch 11: Loss = 0.37540683678602527, R-squared = 0.6364173564647697
	After epoch 12: Loss = 0.28122892557870494, R-squared = 0.7208705072895512
	After epoch 13: Loss = 0.20232685802060346, R-squared = 0.7925878398875702
	After epoch 14: Loss = 0.14623902946648498, R-squared = 0.8550280230123832
	After epoch 15: Loss = 0.11488179015882868, R-squared = 0.8786671263123068
	After epoch 16: Loss = 0.08337036024979153, R-squared = 0.9129781417894616
	After epoch 17: Loss = 0.06858447149524735, R-squared = 0.9259682678437466
	After epoch 18: Loss = 0.061454677453439174, R-squared = 0.9316209651506758
	After epoch 19: Loss = 0.05076651920776232, R-squared = 0.9454057207976716
	After epoch 20: Loss = 0.04323440719908453, R-squared = 0.954294227201131
	After epoch 21: Loss = 0.040367668343007465, R-squared = 0.9583119138930426
	After epoch 22: Loss = 0.031154823308003336, R-squared = 0.9677005964822619
	After epoch 23: Loss = 0.03433806740909953, R-squared = 0.9637214763154546
	After epoch 24: Loss = 0.03432693340791178, R-squared = 0.9634245100088087
	After epoch 25: Loss = 0.02677186426729968, R-squared = 0.9714618702716221
	After epoch 26: Loss = 0.024421463661177794, R-squared = 0.9745579117859222
	After epoch 27: Loss = 0.02274530474245112, R-squared = 0.9755578127698833
	After epoch 28: Loss = 0.020268059091800468, R-squared = 0.9792519446781277
	After epoch 29: Loss = 0.020627468358053857, R-squared = 0.9768242460544254
	After epoch 30: Loss = 0.028928480037769218, R-squared = 0.9688905989557016
	After epoch 31: Loss = 0.021537176095349036, R-squared = 0.9752697130725396
	After epoch 32: Loss = 0.02061305980905482, R-squared = 0.9768285950236141
	After epoch 33: Loss = 0.021352870730509878, R-squared = 0.9767724604669453
	After epoch 34: Loss = 0.016181109898549477, R-squared = 0.9833836470917247
	After epoch 35: Loss = 0.015383645133699175, R-squared = 0.9832913566985777
	After epoch 36: Loss = 0.015136413472620893, R-squared = 0.9828435932857079
	After epoch 37: Loss = 0.01513450418147804, R-squared = 0.983882585849079
	After epoch 38: Loss = 0.016569355981127017, R-squared = 0.9821175620444935
	After epoch 39: Loss = 0.014103455779702387, R-squared = 0.9856058035114519
	After epoch 40: Loss = 0.01362511548665198, R-squared = 0.9860238243297961
	After epoch 41: Loss = 0.014073370069501248, R-squared = 0.986049057863301
	After epoch 42: Loss = 0.013550169907339805, R-squared = 0.9854084335641975
	After epoch 43: Loss = 0.012330863538050069, R-squared = 0.9872958999988668
	After epoch 44: Loss = 0.011949075206817159, R-squared = 0.9872624217118716
	After epoch 45: Loss = 0.011319615333673623, R-squared = 0.9883130553388423
	After epoch 46: Loss = 0.01094428071420809, R-squared = 0.9888548321414872
	After epoch 47: Loss = 0.010736642858387954, R-squared = 0.9889423441515692
	After epoch 48: Loss = 0.012072037029758493, R-squared = 0.9816717217014744
	After epoch 49: Loss = 0.013179463933183389, R-squared = 0.9856392839808938
	After epoch 50: Loss = 0.012848547857683652, R-squared = 0.9871071202286904
Training process has finished.
Using CNN: NoPoolCNN1 with learning rate: 0.0001
	After epoch 1: Loss = 1.0392055544995862, R-squared = -0.05451080635242185
	After epoch 2: Loss = 0.9934147952835094, R-squared = -0.002847411898634833
	After epoch 3: Loss = 0.960979272397655, R-squared = -0.008971884170947807
	After epoch 4: Loss = 0.8904262796425046, R-squared = 0.09364422568354833
	After epoch 5: Loss = 0.7384335634422889, R-squared = 0.24876199798511922
	After epoch 6: Loss = 0.46931766954614285, R-squared = 0.4882783252660937
	After epoch 7: Loss = 0.21996958114870666, R-squared = 0.7679916402854847
	After epoch 8: Loss = 0.10053399547971213, R-squared = 0.8953418211577123
	After epoch 9: Loss = 0.07539548863696281, R-squared = 0.9180220092419813
	After epoch 10: Loss = 0.04832704805768318, R-squared = 0.9470661836832377
	After epoch 11: Loss = 0.03914277601147679, R-squared = 0.9577737806080986
	After epoch 12: Loss = 0.040125206699643715, R-squared = 0.9558980342525064
	After epoch 13: Loss = 0.036480609464874136, R-squared = 0.9617945309527123
	After epoch 14: Loss = 0.03509356312853211, R-squared = 0.9605478509182142
	After epoch 15: Loss = 0.034421169204642534, R-squared = 0.9642108647098201
	After epoch 16: Loss = 0.036153859335753546, R-squared = 0.96247274541608
	After epoch 17: Loss = 0.03717604998891296, R-squared = 0.9596549729959687
	After epoch 18: Loss = 0.03050178125514193, R-squared = 0.9651371842584571
	After epoch 19: Loss = 0.034557470019342174, R-squared = 0.9653356195309566
	After epoch 20: Loss = 0.027502421238796114, R-squared = 0.9699678831368477
	After epoch 21: Loss = 0.033205702819283714, R-squared = 0.9649333907894043
	After epoch 22: Loss = 0.029374748969852933, R-squared = 0.9696524247290276
	After epoch 23: Loss = 0.025087318416251135, R-squared = 0.9742109495123421
	After epoch 24: Loss = 0.021810891884358065, R-squared = 0.9773115582708204
	After epoch 25: Loss = 0.022201547433698378, R-squared = 0.975919017211514
	After epoch 26: Loss = 0.022072534932398087, R-squared = 0.9655504493311404
	After epoch 27: Loss = 0.021764182120648776, R-squared = 0.9750600570488359
	After epoch 28: Loss = 0.03010072022273429, R-squared = 0.9671940295252366
	After epoch 29: Loss = 0.024364920445646338, R-squared = 0.9726084749709498
	After epoch 30: Loss = 0.01899259790854588, R-squared = 0.97972652904265
	After epoch 31: Loss = 0.016177485656880354, R-squared = 0.9820544158215002
	After epoch 32: Loss = 0.015603555788964923, R-squared = 0.9836354728210693
	After epoch 33: Loss = 0.01743763209188016, R-squared = 0.9824000572295402
	After epoch 34: Loss = 0.021666076264302083, R-squared = 0.9786227076601357
	After epoch 35: Loss = 0.015235342787685268, R-squared = 0.9841509832331752
	After epoch 36: Loss = 0.013883979398692828, R-squared = 0.9854146964351271
	After epoch 37: Loss = 0.014130976260761027, R-squared = 0.9851261465533243
	After epoch 38: Loss = 0.014331018965533932, R-squared = 0.9849300385740796
	After epoch 39: Loss = 0.011851604615263665, R-squared = 0.9875647324421373
	After epoch 40: Loss = 0.012129543598342049, R-squared = 0.9871165432863351
	After epoch 41: Loss = 0.012916253677945693, R-squared = 0.9862737569195286
	After epoch 42: Loss = 0.013330494702370133, R-squared = 0.986210820620984
	After epoch 43: Loss = 0.011499041394096344, R-squared = 0.9880002042306739
	After epoch 44: Loss = 0.01133152285405671, R-squared = 0.9861122243486431
	After epoch 45: Loss = 0.011167855739861262, R-squared = 0.9869987146839657
	After epoch 46: Loss = 0.014092406196401225, R-squared = 0.9843954586547566
	After epoch 47: Loss = 0.01355884394731805, R-squared = 0.9854784457974637
	After epoch 48: Loss = 0.00949914439887049, R-squared = 0.9890014682014702
	After epoch 49: Loss = 0.009093795877070883, R-squared = 0.9906066654618693
	After epoch 50: Loss = 0.008564417335591877, R-squared = 0.9891098236596013
Training process has finished.
Using CNN: NoPoolCNN1 with learning rate: 0.0005
	After epoch 1: Loss = 1.007758726204579, R-squared = -0.03734773449635781
	After epoch 2: Loss = 0.9165838368056164, R-squared = 0.06491544680447547
	After epoch 3: Loss = 0.4028827620177625, R-squared = 0.5710246440756498
	After epoch 4: Loss = 0.162221107087878, R-squared = 0.8149209668821179
	After epoch 5: Loss = 0.20377847096055293, R-squared = 0.7706449748990339
	After epoch 6: Loss = 0.08962070949470152, R-squared = 0.9014032389103012
	After epoch 7: Loss = 0.0506007808942087, R-squared = 0.94401980055468
	After epoch 8: Loss = 0.038599796060170194, R-squared = 0.9579878820700488
	After epoch 9: Loss = 0.038527732416394816, R-squared = 0.9532784361021285
	After epoch 10: Loss = 0.033864139036917935, R-squared = 0.9636609294258021
	After epoch 11: Loss = 0.02718421528753149, R-squared = 0.971102160771629
	After epoch 12: Loss = 0.023696633810725228, R-squared = 0.9765080772330339
	After epoch 13: Loss = 0.022411827878608636, R-squared = 0.9758512915845363
	After epoch 14: Loss = 0.022215981617702406, R-squared = 0.9760862958311203
	After epoch 15: Loss = 0.02410540373600635, R-squared = 0.9760738536818062
	After epoch 16: Loss = 0.026492491432563624, R-squared = 0.9690888235316935
	After epoch 17: Loss = 0.030456276390206326, R-squared = 0.9546921238811876
	After epoch 18: Loss = 0.019586359053976578, R-squared = 0.9797144665346181
	After epoch 19: Loss = 0.016453150909054765, R-squared = 0.9830059805048199
	After epoch 20: Loss = 0.013277166109948297, R-squared = 0.9863057180685668
	After epoch 21: Loss = 0.012592084896588737, R-squared = 0.9869083727172029
	After epoch 22: Loss = 0.013483613316943343, R-squared = 0.9856596494598117
	After epoch 23: Loss = 0.011509040540506383, R-squared = 0.9883300003115425
	After epoch 24: Loss = 0.010866970609823935, R-squared = 0.9882723819342493
	After epoch 25: Loss = 0.011950753735312503, R-squared = 0.9852822249736602
	After epoch 26: Loss = 0.011246362895036319, R-squared = 0.9875937233724947
	After epoch 27: Loss = 0.009518883071054524, R-squared = 0.9900199182973622
	After epoch 28: Loss = 0.011839751740545554, R-squared = 0.9873021103709798
	After epoch 29: Loss = 0.00877868655904038, R-squared = 0.9907135979854285
	After epoch 30: Loss = 0.007391765880505283, R-squared = 0.9914682139213593
	After epoch 31: Loss = 0.006536642789183704, R-squared = 0.9927731288030683
	After epoch 32: Loss = 0.010772915014965708, R-squared = 0.9898832780800257
	After epoch 33: Loss = 0.007447771367260865, R-squared = 0.9918361808923561
	After epoch 34: Loss = 0.005522550256409643, R-squared = 0.994233642076372
	After epoch 35: Loss = 0.004159472040722099, R-squared = 0.9957196993093167
	After epoch 36: Loss = 0.005446044752102625, R-squared = 0.9944969672878361
	After epoch 37: Loss = 0.005062775388894168, R-squared = 0.9947242924157488
	After epoch 38: Loss = 0.003394845006356573, R-squared = 0.9963421333386229
	After epoch 39: Loss = 0.003932290277455408, R-squared = 0.9955925385482909
	After epoch 40: Loss = 0.0033895160251293964, R-squared = 0.9962901602702262
	After epoch 41: Loss = 0.003388319379122513, R-squared = 0.9956415768202069
	After epoch 42: Loss = 0.003086881983998907, R-squared = 0.9966561865289962
	After epoch 43: Loss = 0.0037394024366536826, R-squared = 0.9958749304916301
	After epoch 44: Loss = 0.0030396550797684497, R-squared = 0.996161796741464
	After epoch 45: Loss = 0.00251700959717389, R-squared = 0.9973620142898139
	After epoch 46: Loss = 0.0017027611753385684, R-squared = 0.9980864052923571
	After epoch 47: Loss = 0.0019079911139169865, R-squared = 0.997886015133223
	After epoch 48: Loss = 0.001507477459934298, R-squared = 0.9981872642292086
	After epoch 49: Loss = 0.0024769418604361796, R-squared = 0.9971724881432185
	After epoch 50: Loss = 0.0022343861724787844, R-squared = 0.9976005396312955
Training process has finished.
Using CNN: NoPoolCNN1 with learning rate: 0.001
	After epoch 1: Loss = 0.9596390594000475, R-squared = -0.022773388382681014
	After epoch 2: Loss = 0.46559503769571997, R-squared = 0.4342184045641577
	After epoch 3: Loss = 0.1838646598162008, R-squared = 0.8124151709009793
	After epoch 4: Loss = 0.12994537112647336, R-squared = 0.8686432911348877
	After epoch 5: Loss = 0.045174019979325505, R-squared = 0.9511773886132004
	After epoch 6: Loss = 0.03204485541374781, R-squared = 0.9584550217951227
	After epoch 7: Loss = 0.0332256217472381, R-squared = 0.9666253606570574
	After epoch 8: Loss = 0.04997008643514914, R-squared = 0.9472567702563721
	After epoch 9: Loss = 0.025445413738260626, R-squared = 0.9737323990558465
	After epoch 10: Loss = 0.0207684784133108, R-squared = 0.9780950117655038
	After epoch 11: Loss = 0.02709276207302045, R-squared = 0.9663985069987946
	After epoch 12: Loss = 0.042833275433721216, R-squared = 0.9507704270984076
	After epoch 13: Loss = 0.019060861974548052, R-squared = 0.9805144998898276
	After epoch 14: Loss = 0.0389071895132806, R-squared = 0.9551339216033353
	After epoch 15: Loss = 0.042419531553146414, R-squared = 0.950082135704271
	After epoch 16: Loss = 0.054834700886659274, R-squared = 0.9464672632153841
	After epoch 17: Loss = 0.03347417116910685, R-squared = 0.9592572744366802
	After epoch 18: Loss = 0.01232591761602483, R-squared = 0.9872075881558958
	After epoch 19: Loss = 0.0205481366498592, R-squared = 0.976780355196085
	After epoch 20: Loss = 0.013738328169102953, R-squared = 0.986147918707321
	After epoch 21: Loss = 0.011409292383594841, R-squared = 0.9883956844393609
	After epoch 22: Loss = 0.010898316981779116, R-squared = 0.9866747172393426
	After epoch 23: Loss = 0.008488479970396494, R-squared = 0.9911313058074114
	After epoch 24: Loss = 0.004755273649454082, R-squared = 0.9949169049044752
	After epoch 25: Loss = 0.0031548911677628222, R-squared = 0.9966011912981166
	After epoch 26: Loss = 0.002086255480645797, R-squared = 0.9977908817765211
	After epoch 27: Loss = 0.0015350394646898187, R-squared = 0.9981649545311585
	After epoch 28: Loss = 0.0013005338767656176, R-squared = 0.9985953124657752
	After epoch 29: Loss = 0.0011554164463973564, R-squared = 0.9988340692917592
	After epoch 30: Loss = 0.0011731770663146828, R-squared = 0.9987470280300176
	After epoch 31: Loss = 0.005500350232161315, R-squared = 0.9942113233947397
	After epoch 32: Loss = 0.002646920756532597, R-squared = 0.997100986174422
	After epoch 33: Loss = 0.0016939628293322247, R-squared = 0.9980923768054542
	After epoch 34: Loss = 0.0015340028309919604, R-squared = 0.9984235087064428
	After epoch 35: Loss = 0.0011463326878747033, R-squared = 0.9986753731134126
	After epoch 36: Loss = 0.0008908623138100784, R-squared = 0.9989457240501537
	After epoch 37: Loss = 0.0008708363293191679, R-squared = 0.9989053894497129
	After epoch 38: Loss = 0.0010621152397973794, R-squared = 0.9987996937936284
	After epoch 39: Loss = 0.0010919840054945708, R-squared = 0.9988794075002876
	After epoch 40: Loss = 0.0006899643244832087, R-squared = 0.9993022915468117
	After epoch 41: Loss = 0.0006513641540243311, R-squared = 0.9992644965578421
	After epoch 42: Loss = 0.0005807827194594553, R-squared = 0.9994046916404828
	After epoch 43: Loss = 0.0006756765935590908, R-squared = 0.9992096947544656
	After epoch 44: Loss = 0.0005035374954548425, R-squared = 0.9994022425286401
	After epoch 45: Loss = 0.0005171258739969428, R-squared = 0.9993628166729485
	After epoch 46: Loss = 0.0005303700697505095, R-squared = 0.9994509848834945
	After epoch 47: Loss = 0.0010560483238893396, R-squared = 0.9988786215067258
	After epoch 48: Loss = 0.0013791130073652048, R-squared = 0.9985041929743007
	After epoch 49: Loss = 0.0014611528608526195, R-squared = 0.9984550518985793
	After epoch 50: Loss = 0.0012029418327624143, R-squared = 0.9988497222742894
Training process has finished.
Using CNN: NoPoolCNN1 with learning rate: 0.005
	After epoch 1: Loss = 1.5763617883180188, R-squared = -0.9004173121137414
	After epoch 2: Loss = 0.6887103288806325, R-squared = 0.21006667125269063
	After epoch 3: Loss = 0.15780948693747268, R-squared = 0.8352532866382903
	After epoch 4: Loss = 0.069623105541673, R-squared = 0.9206861152007784
	After epoch 5: Loss = 0.03686752978305004, R-squared = 0.9565904815337667
	After epoch 6: Loss = 0.04421345522599797, R-squared = 0.9547334318745204
	After epoch 7: Loss = 0.042118587796210014, R-squared = 0.9461553877373063
	After epoch 8: Loss = 0.03572952250838825, R-squared = 0.963929962025037
	After epoch 9: Loss = 0.02035862331448659, R-squared = 0.9761930577791411
	After epoch 10: Loss = 0.014878764982786955, R-squared = 0.9838671697078658
	After epoch 11: Loss = 0.018111283921235306, R-squared = 0.9785234773529531
	After epoch 12: Loss = 0.008772301873008906, R-squared = 0.9883182286449783
	After epoch 13: Loss = 0.013776612704165503, R-squared = 0.9850501466103203
	After epoch 14: Loss = 0.007432537967292631, R-squared = 0.9913322643024092
	After epoch 15: Loss = 0.004973303824093013, R-squared = 0.9944531833694796
	After epoch 16: Loss = 0.004209883178879903, R-squared = 0.9951993658082822
	After epoch 17: Loss = 0.0029529086722732798, R-squared = 0.9967783944610427
	After epoch 18: Loss = 0.003509065770456829, R-squared = 0.9961177711090625
	After epoch 19: Loss = 0.004220371575094195, R-squared = 0.9955156197089912
	After epoch 20: Loss = 0.005094125156147808, R-squared = 0.9947998051835742
	After epoch 21: Loss = 0.002942293321319565, R-squared = 0.9965441087291553
	After epoch 22: Loss = 0.0036281795362199595, R-squared = 0.9960841198882949
	After epoch 23: Loss = 0.00690398658511229, R-squared = 0.9921187754241083
	After epoch 24: Loss = 0.007225460959427056, R-squared = 0.9922954843729649
	After epoch 25: Loss = 0.006021292017285689, R-squared = 0.9934749535385633
	After epoch 26: Loss = 0.007468595154906467, R-squared = 0.9916205042865938
	After epoch 27: Loss = 0.006600234238502399, R-squared = 0.993319321941655
	After epoch 28: Loss = 0.007083859177574724, R-squared = 0.9927126888773575
	After epoch 29: Loss = 0.0071147081813510375, R-squared = 0.9923347661020474
	After epoch 30: Loss = 0.004791538157739188, R-squared = 0.9935987011436735
	After epoch 31: Loss = 0.0042108267412735495, R-squared = 0.995227971646437
	After epoch 32: Loss = 0.004833019142556188, R-squared = 0.9947473753689667
	After epoch 33: Loss = 0.0036026452285958114, R-squared = 0.995948499832328
	After epoch 34: Loss = 0.003592010092533824, R-squared = 0.9959359825625673
	After epoch 35: Loss = 0.0014809777593729051, R-squared = 0.998358528405142
	After epoch 36: Loss = 0.0026687096083497694, R-squared = 0.9970757815062956
	After epoch 37: Loss = 0.004468936883402039, R-squared = 0.9959822291366734
	After epoch 38: Loss = 0.015382132479993515, R-squared = 0.9842509436259492
	After epoch 39: Loss = 0.0030850188039408437, R-squared = 0.9967300530463415
	After epoch 40: Loss = 0.0034044778330902165, R-squared = 0.9961537354308877
	After epoch 41: Loss = 0.0027627095655797067, R-squared = 0.9962360021526951
	After epoch 42: Loss = 0.0023290526242386493, R-squared = 0.9973625920998247
	After epoch 43: Loss = 0.0020345871707664826, R-squared = 0.9977927187283587
	After epoch 44: Loss = 0.006516195168144464, R-squared = 0.9929010921982305
	After epoch 45: Loss = 0.00969902217593269, R-squared = 0.9898625699454081
	After epoch 46: Loss = 0.008264534431547123, R-squared = 0.9917950083515376
	After epoch 47: Loss = 0.015049104647689748, R-squared = 0.9840210630550519
	After epoch 48: Loss = 0.011658561002866507, R-squared = 0.9844145122511042
	After epoch 49: Loss = 0.010724412740661871, R-squared = 0.9843546923976121
	After epoch 50: Loss = 0.005164324172659669, R-squared = 0.9944056905714207
Training process has finished.
Time taken for NoPoolCNN1: 854.641932964325 seconds
Using CNN: NoPoolCNN3 with learning rate: 1e-05
	After epoch 1: Loss = 1.021902997844278, R-squared = -0.040316678791776986
	After epoch 2: Loss = 1.0164723745551327, R-squared = -0.2619006902481626
	After epoch 3: Loss = 1.0162190168901977, R-squared = -0.1622229740212313
	After epoch 4: Loss = 1.0110627034931743, R-squared = -0.05256886243713199
	After epoch 5: Loss = 1.000044813988567, R-squared = -0.08457891872813271
	After epoch 6: Loss = 0.9998143240465375, R-squared = -0.011414168041159311
	After epoch 7: Loss = 1.0006178215370238, R-squared = -0.051747792750529695
	After epoch 8: Loss = 0.9934946328538148, R-squared = -0.04011284844748845
	After epoch 9: Loss = 0.9920167516770271, R-squared = -0.01970858828032577
	After epoch 10: Loss = 0.9861495055403843, R-squared = 0.0011030766865673613
	After epoch 11: Loss = 0.9822055242280567, R-squared = -0.16034579602918772
	After epoch 12: Loss = 0.9766168090166666, R-squared = -0.0007709137400361387
	After epoch 13: Loss = 0.9781494133025344, R-squared = -0.02787061738695743
	After epoch 14: Loss = 0.9699091500466741, R-squared = 0.0006119003478035401
	After epoch 15: Loss = 0.9653613502632137, R-squared = -0.015152425763681032
	After epoch 16: Loss = 0.9596011677447567, R-squared = 0.025049080820477486
	After epoch 17: Loss = 0.9511580176672852, R-squared = -0.02765884349879901
	After epoch 18: Loss = 0.9472900834642429, R-squared = 0.004227877506934053
	After epoch 19: Loss = 0.9327784584115733, R-squared = 0.04622394916435603
	After epoch 20: Loss = 0.9230947073061844, R-squared = 0.04655655757759578
	After epoch 21: Loss = 0.9025523865477354, R-squared = 0.04897047002181788
	After epoch 22: Loss = 0.8888903189806794, R-squared = 0.062131405134764416
	After epoch 23: Loss = 0.8702966353947745, R-squared = 0.12040742672704549
	After epoch 24: Loss = 0.8491830315062954, R-squared = 0.04664620119972649
	After epoch 25: Loss = 0.8179870431109277, R-squared = 0.17549528133976053
	After epoch 26: Loss = 0.784962610850781, R-squared = 0.20913581819669905
	After epoch 27: Loss = 0.752725125383699, R-squared = 0.24148477508174332
	After epoch 28: Loss = 0.722625820338917, R-squared = 0.27284550042946065
	After epoch 29: Loss = 0.6966997885159054, R-squared = 0.29003476530101624
	After epoch 30: Loss = 0.6687407820557947, R-squared = 0.3317911503226957
	After epoch 31: Loss = 0.6531888284793217, R-squared = 0.34765783926443294
	After epoch 32: Loss = 0.6333069155047395, R-squared = 0.3769687096425372
	After epoch 33: Loss = 0.6137409606337363, R-squared = 0.3898514056867504
	After epoch 34: Loss = 0.5991166446518764, R-squared = 0.41800208494977287
	After epoch 35: Loss = 0.5801314811865824, R-squared = 0.4340198460890587
	After epoch 36: Loss = 0.5545065950653212, R-squared = 0.45121715164117165
	After epoch 37: Loss = 0.5292279039060408, R-squared = 0.47058551367468493
	After epoch 38: Loss = 0.5032407708470007, R-squared = 0.4962023504400948
	After epoch 39: Loss = 0.47218911200919356, R-squared = 0.5268218338653707
	After epoch 40: Loss = 0.43823854007546015, R-squared = 0.5713968938901175
	After epoch 41: Loss = 0.40834730419476617, R-squared = 0.5954856521730297
	After epoch 42: Loss = 0.37568187934194464, R-squared = 0.6259430131522882
	After epoch 43: Loss = 0.34307048463882367, R-squared = 0.6534586184914053
	After epoch 44: Loss = 0.3132081430804686, R-squared = 0.682250073348278
	After epoch 45: Loss = 0.28208305717529747, R-squared = 0.7177883563019991
	After epoch 46: Loss = 0.2564040241040745, R-squared = 0.7235297940887333
	After epoch 47: Loss = 0.23144754268816142, R-squared = 0.7611963145409715
	After epoch 48: Loss = 0.21203607152941933, R-squared = 0.7811031572011045
	After epoch 49: Loss = 0.19050728969440256, R-squared = 0.803312154257305
	After epoch 50: Loss = 0.1732532681707824, R-squared = 0.8236844880203673
Training process has finished.
Using CNN: NoPoolCNN3 with learning rate: 5e-05
	After epoch 1: Loss = 1.0041770273277493, R-squared = -0.03412283172263536
	After epoch 2: Loss = 0.999580040944536, R-squared = -0.07116520601281616
	After epoch 3: Loss = 0.9895782688258699, R-squared = -0.013601850954283123
	After epoch 4: Loss = 0.971266739568865, R-squared = 0.015050111044361426
	After epoch 5: Loss = 0.9437902734943162, R-squared = 0.03910012080442209
	After epoch 6: Loss = 0.8690341628754448, R-squared = 0.12219885493373114
	After epoch 7: Loss = 0.756306364633484, R-squared = 0.22526888610617357
	After epoch 8: Loss = 0.6992525396354115, R-squared = 0.31288624751047484
	After epoch 9: Loss = 0.6645275811642859, R-squared = 0.3447107341862074
	After epoch 10: Loss = 0.6028718963894716, R-squared = 0.4028147710335987
	After epoch 11: Loss = 0.5047635043061612, R-squared = 0.5006675166649301
	After epoch 12: Loss = 0.34442808489499893, R-squared = 0.6562188098075317
	After epoch 13: Loss = 0.21352119022940813, R-squared = 0.7678474082376268
	After epoch 14: Loss = 0.1355352777042806, R-squared = 0.862291859032184
	After epoch 15: Loss = 0.08619236281470614, R-squared = 0.890659805688756
	After epoch 16: Loss = 0.058509348326328633, R-squared = 0.9399716984080888
	After epoch 17: Loss = 0.043988719055100864, R-squared = 0.9474221761034771
	After epoch 18: Loss = 0.032914706912256585, R-squared = 0.9653704605771477
	After epoch 19: Loss = 0.027127900053166655, R-squared = 0.9721461147966346
	After epoch 20: Loss = 0.02546833476020293, R-squared = 0.9733684021704164
	After epoch 21: Loss = 0.024895454957768667, R-squared = 0.9738723422710619
	After epoch 22: Loss = 0.024385786778632856, R-squared = 0.9748138044894732
	After epoch 23: Loss = 0.020963041503047564, R-squared = 0.9768743703840475
	After epoch 24: Loss = 0.017912488433766176, R-squared = 0.9812082944429334
	After epoch 25: Loss = 0.017103576447374046, R-squared = 0.9812071103499396
	After epoch 26: Loss = 0.016190763067310508, R-squared = 0.9833472597439824
	After epoch 27: Loss = 0.01581058816108073, R-squared = 0.9837556261816136
	After epoch 28: Loss = 0.019432816001556795, R-squared = 0.9791348336917747
	After epoch 29: Loss = 0.01471029325462278, R-squared = 0.9839504088723678
	After epoch 30: Loss = 0.016082054341389176, R-squared = 0.9819320611635909
	After epoch 31: Loss = 0.013860429588978814, R-squared = 0.9860795660438594
	After epoch 32: Loss = 0.012178529212377085, R-squared = 0.9874343846713849
	After epoch 33: Loss = 0.011393697151400041, R-squared = 0.9883899023497802
	After epoch 34: Loss = 0.00956943647402742, R-squared = 0.9899156884019307
	After epoch 35: Loss = 0.008801636758208697, R-squared = 0.9911219852717595
	After epoch 36: Loss = 0.008874393159119037, R-squared = 0.991284971364658
	After epoch 37: Loss = 0.008555084000406893, R-squared = 0.9912483091365326
	After epoch 38: Loss = 0.009074084014797014, R-squared = 0.9903872840770755
	After epoch 39: Loss = 0.007851634960351747, R-squared = 0.9916527677906872
	After epoch 40: Loss = 0.00681403527621594, R-squared = 0.9933230371680081
	After epoch 41: Loss = 0.006517480424314088, R-squared = 0.9930036371224024
	After epoch 42: Loss = 0.006520807987301096, R-squared = 0.9932183292854898
	After epoch 43: Loss = 0.006470541791342631, R-squared = 0.993252172218898
	After epoch 44: Loss = 0.005401131086077478, R-squared = 0.9946829162788127
	After epoch 45: Loss = 0.004741216423817218, R-squared = 0.9949524251619145
	After epoch 46: Loss = 0.005639982624234359, R-squared = 0.9942327674863496
	After epoch 47: Loss = 0.007460465345575047, R-squared = 0.9909850234301862
	After epoch 48: Loss = 0.007757485128596785, R-squared = 0.9916247188567178
	After epoch 49: Loss = 0.005708367218559114, R-squared = 0.9939806481774281
	After epoch 50: Loss = 0.004127224635392527, R-squared = 0.9955769589981083
Training process has finished.
Using CNN: NoPoolCNN3 with learning rate: 0.0001
	After epoch 1: Loss = 1.0057607322858542, R-squared = -0.052449870486332206
	After epoch 2: Loss = 0.9795449029426828, R-squared = 0.00337814700530229
	After epoch 3: Loss = 0.900528203943094, R-squared = 0.09938958427172878
	After epoch 4: Loss = 0.7422395184182589, R-squared = 0.2652763928505121
	After epoch 5: Loss = 0.5117804908337904, R-squared = 0.48458963107693653
	After epoch 6: Loss = 0.2576378601554871, R-squared = 0.7354064574797106
	After epoch 7: Loss = 0.18495421775502802, R-squared = 0.7945692747090248
	After epoch 8: Loss = 0.08658751150609592, R-squared = 0.8991923707958567
	After epoch 9: Loss = 0.050891309731080206, R-squared = 0.9466070009091746
	After epoch 10: Loss = 0.03946302855451808, R-squared = 0.9571321462085987
	After epoch 11: Loss = 0.027009129931771292, R-squared = 0.9699824759683896
	After epoch 12: Loss = 0.02718659340120765, R-squared = 0.9689022939518498
	After epoch 13: Loss = 0.02796597091946018, R-squared = 0.9719725880326033
	After epoch 14: Loss = 0.025447037297540876, R-squared = 0.9724051732713118
	After epoch 15: Loss = 0.022332632318569634, R-squared = 0.9780788622448444
	After epoch 16: Loss = 0.013676473567416548, R-squared = 0.9844661671651582
	After epoch 17: Loss = 0.01580889607602268, R-squared = 0.9841430125061572
	After epoch 18: Loss = 0.020434834803187772, R-squared = 0.9784792500191057
	After epoch 19: Loss = 0.016790441023501006, R-squared = 0.9827897264305703
	After epoch 20: Loss = 0.015205537009817405, R-squared = 0.9832812088487645
	After epoch 21: Loss = 0.010024917807579125, R-squared = 0.9900971329836727
	After epoch 22: Loss = 0.009674838846049609, R-squared = 0.9899285014628418
	After epoch 23: Loss = 0.008137970652747597, R-squared = 0.9917762136618249
	After epoch 24: Loss = 0.007809000161401093, R-squared = 0.9919682973290455
	After epoch 25: Loss = 0.007558883639394842, R-squared = 0.9917355507155536
	After epoch 26: Loss = 0.006622939341410146, R-squared = 0.9930591230786
	After epoch 27: Loss = 0.00874336560898417, R-squared = 0.9910376854346694
	After epoch 28: Loss = 0.0076760673664634, R-squared = 0.9917444142636518
	After epoch 29: Loss = 0.012027738608587149, R-squared = 0.9871677579612808
	After epoch 30: Loss = 0.010858429534489759, R-squared = 0.9893179508825405
	After epoch 31: Loss = 0.011363896080190044, R-squared = 0.9876532166383182
	After epoch 32: Loss = 0.006681729503331535, R-squared = 0.992860699013067
	After epoch 33: Loss = 0.006517989203111113, R-squared = 0.9930157235608285
	After epoch 34: Loss = 0.010624379821248338, R-squared = 0.9869490413844616
	After epoch 35: Loss = 0.009350921685055576, R-squared = 0.9902967228847374
	After epoch 36: Loss = 0.0074055394097253, R-squared = 0.9908796846196057
	After epoch 37: Loss = 0.005067919359177956, R-squared = 0.9949107235175786
	After epoch 38: Loss = 0.004545349637957748, R-squared = 0.9948601736750528
	After epoch 39: Loss = 0.003710055529633543, R-squared = 0.9957898202968056
	After epoch 40: Loss = 0.003875166491163341, R-squared = 0.9960335444294156
	After epoch 41: Loss = 0.0033093168781449752, R-squared = 0.9965983963514393
	After epoch 42: Loss = 0.0033937809899448656, R-squared = 0.9965464567316056
	After epoch 43: Loss = 0.003011022629683527, R-squared = 0.996787726947083
	After epoch 44: Loss = 0.002455763765040039, R-squared = 0.9973987029612574
	After epoch 45: Loss = 0.003081629467840738, R-squared = 0.9969888628862492
	After epoch 46: Loss = 0.00409339691646114, R-squared = 0.9957617501267488
	After epoch 47: Loss = 0.002158956802162489, R-squared = 0.9975879291354552
	After epoch 48: Loss = 0.0033749552173834504, R-squared = 0.9964116307139177
	After epoch 49: Loss = 0.004053381765222398, R-squared = 0.9956149327087698
	After epoch 50: Loss = 0.0029068015474997206, R-squared = 0.9970358877673833
Training process has finished.
Using CNN: NoPoolCNN3 with learning rate: 0.0005
	After epoch 1: Loss = 0.9702064983771479, R-squared = -0.010492447597690257
	After epoch 2: Loss = 0.44122612522724464, R-squared = 0.5604087839342389
	After epoch 3: Loss = 0.08405406813825536, R-squared = 0.9001201259153934
	After epoch 4: Loss = 0.1200744024727624, R-squared = 0.79638215866315
	After epoch 5: Loss = 0.05535126173068609, R-squared = 0.9398471918373941
	After epoch 6: Loss = 0.032342257368234616, R-squared = 0.9676809670848087
	After epoch 7: Loss = 0.02339767284656768, R-squared = 0.973257436381276
	After epoch 8: Loss = 0.023243654884372137, R-squared = 0.9774167564372641
	After epoch 9: Loss = 0.01906500137147457, R-squared = 0.9799069647679637
	After epoch 10: Loss = 0.01607702347233348, R-squared = 0.9841209433805809
	After epoch 11: Loss = 0.013354466351029496, R-squared = 0.9863429516359721
	After epoch 12: Loss = 0.012584625978049418, R-squared = 0.986389985427096
	After epoch 13: Loss = 0.01659805617330324, R-squared = 0.9813988035358296
	After epoch 14: Loss = 0.0134897880267036, R-squared = 0.986166764885472
	After epoch 15: Loss = 0.010427361090613178, R-squared = 0.9887318002132359
	After epoch 16: Loss = 0.008330739401344201, R-squared = 0.9913600515652543
	After epoch 17: Loss = 0.0037917927135933905, R-squared = 0.9961267083968028
	After epoch 18: Loss = 0.004343724031221559, R-squared = 0.9947581536771051
	After epoch 19: Loss = 0.005683209353202831, R-squared = 0.9945537066712852
	After epoch 20: Loss = 0.011547229325787492, R-squared = 0.9872338612131312
	After epoch 21: Loss = 0.010487259466347825, R-squared = 0.9874530562761462
	After epoch 22: Loss = 0.007582470296719499, R-squared = 0.9913589048754818
	After epoch 23: Loss = 0.00476674847604829, R-squared = 0.993037874159676
	After epoch 24: Loss = 0.0066866721266281345, R-squared = 0.9930912941379131
	After epoch 25: Loss = 0.011610149928402248, R-squared = 0.9892390921928177
	After epoch 26: Loss = 0.006192787628569513, R-squared = 0.9935655580204035
	After epoch 27: Loss = 0.004021137866160025, R-squared = 0.9953840635878658
	After epoch 28: Loss = 0.0022111137523711114, R-squared = 0.9973073641218976
	After epoch 29: Loss = 0.0018104702873888445, R-squared = 0.9980706084191778
	After epoch 30: Loss = 0.001954671394845027, R-squared = 0.9979837839381036
	After epoch 31: Loss = 0.002076691482275407, R-squared = 0.9979505798994589
	After epoch 32: Loss = 0.004377972667019675, R-squared = 0.995398673824252
	After epoch 33: Loss = 0.005442723621850925, R-squared = 0.9932760356894208
	After epoch 34: Loss = 0.002888878950750639, R-squared = 0.9966724473957929
	After epoch 35: Loss = 0.002794850960825533, R-squared = 0.996717730432011
	After epoch 36: Loss = 0.0017590325347734245, R-squared = 0.9978573963393593
	After epoch 37: Loss = 0.0014401507005260743, R-squared = 0.9984878520717897
	After epoch 38: Loss = 0.0011164279386449876, R-squared = 0.9987708447489373
	After epoch 39: Loss = 0.0020617807732980576, R-squared = 0.9976523322184597
	After epoch 40: Loss = 0.004473151553907242, R-squared = 0.9957038418081089
	After epoch 41: Loss = 0.004652856765469006, R-squared = 0.9945949148418597
	After epoch 42: Loss = 0.005587373641271107, R-squared = 0.9949445771694222
	After epoch 43: Loss = 0.0038394017212814665, R-squared = 0.9961670172831202
	After epoch 44: Loss = 0.0015555020762975102, R-squared = 0.9980374751677757
	After epoch 45: Loss = 0.0012266798517081793, R-squared = 0.9987052581800422
	After epoch 46: Loss = 0.0011297368613458127, R-squared = 0.9985889628836848
	After epoch 47: Loss = 0.0008120710978799427, R-squared = 0.9991275665117201
	After epoch 48: Loss = 0.0006280868835589517, R-squared = 0.9992552638219312
	After epoch 49: Loss = 0.0011420233433349699, R-squared = 0.9987709063665614
	After epoch 50: Loss = 0.002038309733644339, R-squared = 0.9977910808832912
Training process has finished.
Using CNN: NoPoolCNN3 with learning rate: 0.001
	After epoch 1: Loss = 1.0229129702474764, R-squared = -0.08440481551412987
	After epoch 2: Loss = 0.9800991496227965, R-squared = 0.008154829986551714
	After epoch 3: Loss = 0.7159522727684189, R-squared = 0.258669199270185
	After epoch 4: Loss = 0.29673377787351224, R-squared = 0.6898269290514608
	After epoch 5: Loss = 0.08572286181034985, R-squared = 0.9126601075230205
	After epoch 6: Loss = 0.2065376818903944, R-squared = 0.7664959774376314
	After epoch 7: Loss = 0.07457086386954148, R-squared = 0.9219441308948223
	After epoch 8: Loss = 0.024056310961281933, R-squared = 0.971041821115147
	After epoch 9: Loss = 0.019354899535010586, R-squared = 0.9793289624201158
	After epoch 10: Loss = 0.014259822321434006, R-squared = 0.972917131362412
	After epoch 11: Loss = 0.015718183163439946, R-squared = 0.98259786142479
	After epoch 12: Loss = 0.01210499485468067, R-squared = 0.9876217008331775
	After epoch 13: Loss = 0.009828564528480922, R-squared = 0.9894286519716836
	After epoch 14: Loss = 0.008041861626847701, R-squared = 0.9915225673375462
	After epoch 15: Loss = 0.008307184683702232, R-squared = 0.9913408251821257
	After epoch 16: Loss = 0.011219771946629934, R-squared = 0.9880451544868913
	After epoch 17: Loss = 0.008849898543513817, R-squared = 0.9892960893316365
	After epoch 18: Loss = 0.008417181440447835, R-squared = 0.989847819840282
	After epoch 19: Loss = 0.01251166881265984, R-squared = 0.9846434102734349
	After epoch 20: Loss = 0.010584205464822648, R-squared = 0.9874499371867899
	After epoch 21: Loss = 0.008932692777988162, R-squared = 0.9892796508955671
	After epoch 22: Loss = 0.00803719104698839, R-squared = 0.9905086958937643
	After epoch 23: Loss = 0.003356931477319148, R-squared = 0.9962415958955638
	After epoch 24: Loss = 0.0038433909887018573, R-squared = 0.9961927534796091
	After epoch 25: Loss = 0.0033168284557284905, R-squared = 0.99590929866203
	After epoch 26: Loss = 0.0022891990792037733, R-squared = 0.9974565183262571
	After epoch 27: Loss = 0.003489634778276503, R-squared = 0.996469571708683
	After epoch 28: Loss = 0.0026013446162886384, R-squared = 0.9971866973852797
	After epoch 29: Loss = 0.003024314006013803, R-squared = 0.9970074293891041
	After epoch 30: Loss = 0.0028940933146255473, R-squared = 0.996331657504658
	After epoch 31: Loss = 0.002152581180719665, R-squared = 0.9977574815252854
	After epoch 32: Loss = 0.0018870337464710844, R-squared = 0.9979833029647478
	After epoch 33: Loss = 0.0017005441653961599, R-squared = 0.9980894860815164
	After epoch 34: Loss = 0.0023076491091508057, R-squared = 0.9975037658915487
	After epoch 35: Loss = 0.0032450968583222746, R-squared = 0.9968634495219186
	After epoch 36: Loss = 0.003567738256392368, R-squared = 0.9952721196500004
	After epoch 37: Loss = 0.007486170866303772, R-squared = 0.9926220939152872
	After epoch 38: Loss = 0.011109781676376492, R-squared = 0.9825338691682509
	After epoch 39: Loss = 0.007055406670283792, R-squared = 0.9928796421392047
	After epoch 40: Loss = 0.0030030966571715713, R-squared = 0.9966117131484374
	After epoch 41: Loss = 0.0017753439769557506, R-squared = 0.998096758154811
	After epoch 42: Loss = 0.0016410859132667092, R-squared = 0.9976588547963507
	After epoch 43: Loss = 0.0030470532120464395, R-squared = 0.9968265639267473
	After epoch 44: Loss = 0.004247435570476186, R-squared = 0.9946684284949059
	After epoch 45: Loss = 0.002954713609214693, R-squared = 0.9969255925382056
	After epoch 46: Loss = 0.003173726764478068, R-squared = 0.996266625098626
	After epoch 47: Loss = 0.002238620390555549, R-squared = 0.9976234156289637
	After epoch 48: Loss = 0.003725623600750292, R-squared = 0.9956907871639242
	After epoch 49: Loss = 0.013394686713539907, R-squared = 0.9874967043124835
	After epoch 50: Loss = 0.006020466051182022, R-squared = 0.9927168156311517
Training process has finished.
Using CNN: NoPoolCNN3 with learning rate: 0.005
	After epoch 1: Loss = 2.091950913520953, R-squared = -1.4200464740395098
	After epoch 2: Loss = 1.0373703110214803, R-squared = -0.09997786555470448
	After epoch 3: Loss = 1.0124091631918577, R-squared = -0.04296585001472568
	After epoch 4: Loss = 1.013110422434314, R-squared = -0.042298030874506475
	After epoch 5: Loss = 0.6897243014507608, R-squared = 0.29179265999730897
	After epoch 6: Loss = 0.27384932384603256, R-squared = 0.7379986885024417
	After epoch 7: Loss = 0.28421092268907594, R-squared = 0.7316018756787507
	After epoch 8: Loss = 0.10266252191194329, R-squared = 0.8867903076266966
	After epoch 9: Loss = 0.05585920311813082, R-squared = 0.9418003569229544
	After epoch 10: Loss = 0.031213920308302584, R-squared = 0.9654911002662547
	After epoch 11: Loss = 0.02777807729769552, R-squared = 0.9703414689531199
	After epoch 12: Loss = 0.022802236988063006, R-squared = 0.9772757110306879
	After epoch 13: Loss = 0.016983203428122366, R-squared = 0.9813253363987589
	After epoch 14: Loss = 0.016083593239873073, R-squared = 0.9836160610053364
	After epoch 15: Loss = 0.017045750282641037, R-squared = 0.9814195551775153
	After epoch 16: Loss = 0.017202227644233133, R-squared = 0.9834828620814553
	After epoch 17: Loss = 0.020985188849899097, R-squared = 0.9779414640548708
	After epoch 18: Loss = 0.01940704442589471, R-squared = 0.9793825497897275
	After epoch 19: Loss = 0.014613614638148703, R-squared = 0.9841907863223532
	After epoch 20: Loss = 0.010243864149332052, R-squared = 0.9887062659944308
	After epoch 21: Loss = 0.0094791261162307, R-squared = 0.9898318153212975
	After epoch 22: Loss = 0.008277660440502124, R-squared = 0.9894969697299695
	After epoch 23: Loss = 0.005760848210885171, R-squared = 0.9940877453916273
	After epoch 24: Loss = 0.006212484866523492, R-squared = 0.9940841779041572
	After epoch 25: Loss = 0.026335523685731756, R-squared = 0.9742845178904369
	After epoch 26: Loss = 0.014659803322378328, R-squared = 0.9845918379839798
	After epoch 27: Loss = 0.012881785215923255, R-squared = 0.9861772994640179
	After epoch 28: Loss = 0.006026610086255879, R-squared = 0.9935954404448761
	After epoch 29: Loss = 0.007736414378429243, R-squared = 0.9912850878261417
	After epoch 30: Loss = 0.006327694158550702, R-squared = 0.9934212501288151
	After epoch 31: Loss = 0.01992439578120491, R-squared = 0.9796733705008787
	After epoch 32: Loss = 0.009057358476423843, R-squared = 0.9904915337507891
	After epoch 33: Loss = 0.003456825159333686, R-squared = 0.9962471137176404
	After epoch 34: Loss = 0.004784400256106606, R-squared = 0.9949325112654952
	After epoch 35: Loss = 0.004776406160134696, R-squared = 0.9951520881446824
	After epoch 36: Loss = 0.0032590042341192255, R-squared = 0.9967531606029162
	After epoch 37: Loss = 0.004400680877196985, R-squared = 0.9956732984995463
	After epoch 38: Loss = 0.008435580876570509, R-squared = 0.9895436344742852
	After epoch 39: Loss = 0.008648997408475079, R-squared = 0.990953667658202
	After epoch 40: Loss = 0.005348360574782854, R-squared = 0.9939503696747346
	After epoch 41: Loss = 0.002731451187352532, R-squared = 0.9970904096186597
	After epoch 42: Loss = 0.0011751257876355876, R-squared = 0.9987448976762741
	After epoch 43: Loss = 0.0010785606151592307, R-squared = 0.9988432603960785
	After epoch 44: Loss = 0.0009965490335972801, R-squared = 0.9986679117194743
	After epoch 45: Loss = 0.0012838328543500904, R-squared = 0.9978894077203153
	After epoch 46: Loss = 0.001645906055329918, R-squared = 0.9981351325464713
	After epoch 47: Loss = 0.0026779353781875674, R-squared = 0.9962008520456813
	After epoch 48: Loss = 0.0018400324502823538, R-squared = 0.9981538192159025
	After epoch 49: Loss = 0.00047894469629965636, R-squared = 0.9994967903184359
	After epoch 50: Loss = 0.0005242020446663512, R-squared = 0.9994171751160763
Training process has finished.
Time taken for NoPoolCNN3: 888.6213495731354 seconds
Using CNN: NoPoolCNN4 with learning rate: 1e-05
	After epoch 1: Loss = 1.0569224658401257, R-squared = -0.13474850271368544
	After epoch 2: Loss = 1.0410429834432717, R-squared = -0.06382843781651062
	After epoch 3: Loss = 1.0321969780058153, R-squared = -0.12439062549932971
	After epoch 4: Loss = 1.0230711885109416, R-squared = -0.6313058135829028
	After epoch 5: Loss = 1.0070284124265694, R-squared = -0.03166523825960479
	After epoch 6: Loss = 0.9934231936478801, R-squared = -0.07782586029550069
	After epoch 7: Loss = 0.9876500950706175, R-squared = -0.0997951013287928
	After epoch 8: Loss = 0.9804488668915508, R-squared = -0.01366642850611539
	After epoch 9: Loss = 0.9788775562760375, R-squared = -0.25153624082564285
	After epoch 10: Loss = 0.9681281109284564, R-squared = -0.020584697900384953
	After epoch 11: Loss = 0.9581883816333907, R-squared = 0.0026109973986813253
	After epoch 12: Loss = 0.9495936254795441, R-squared = 0.026430854988521445
	After epoch 13: Loss = 0.9398217337729939, R-squared = 0.037661544626972555
	After epoch 14: Loss = 0.9327431403523642, R-squared = 0.0265533401277667
	After epoch 15: Loss = 0.9116751103298812, R-squared = 0.07342422668317558
	After epoch 16: Loss = 0.8962719605421074, R-squared = 0.07311164996730224
	After epoch 17: Loss = 0.8720361695894707, R-squared = 0.11977035171157872
	After epoch 18: Loss = 0.8464076701383721, R-squared = 0.1404742660436707
	After epoch 19: Loss = 0.8114116977683541, R-squared = 0.16144634410883069
	After epoch 20: Loss = 0.7728383755637964, R-squared = 0.2258114756264038
	After epoch 21: Loss = 0.7243752260299144, R-squared = 0.2705016127369032
	After epoch 22: Loss = 0.6793779236401329, R-squared = 0.31902579765323785
	After epoch 23: Loss = 0.6401283952843457, R-squared = 0.3614081715883167
	After epoch 24: Loss = 0.6128493885518711, R-squared = 0.38408252967231915
	After epoch 25: Loss = 0.5925462038657778, R-squared = 0.4083745086759258
	After epoch 26: Loss = 0.5702887935861554, R-squared = 0.4296051376509495
	After epoch 27: Loss = 0.5492002202019937, R-squared = 0.45653670643259475
	After epoch 28: Loss = 0.5240084026147889, R-squared = 0.47688793143518193
	After epoch 29: Loss = 0.4955113284507221, R-squared = 0.5175753145615747
	After epoch 30: Loss = 0.4579844769751985, R-squared = 0.5381278645687557
	After epoch 31: Loss = 0.4234188068506916, R-squared = 0.5885897727742118
	After epoch 32: Loss = 0.3820090963194508, R-squared = 0.6167444110157285
	After epoch 33: Loss = 0.3391486882447251, R-squared = 0.634210558787434
	After epoch 34: Loss = 0.29941015894206724, R-squared = 0.6959719104432781
	After epoch 35: Loss = 0.260733120370671, R-squared = 0.7349187926347696
	After epoch 36: Loss = 0.2272216956750337, R-squared = 0.7692079338675353
	After epoch 37: Loss = 0.19745232624070685, R-squared = 0.8007376747565701
	After epoch 38: Loss = 0.17176500957870494, R-squared = 0.822701834222903
	After epoch 39: Loss = 0.1528567865201575, R-squared = 0.8466987985056977
	After epoch 40: Loss = 0.1372197356535975, R-squared = 0.8557262409956998
	After epoch 41: Loss = 0.1176469239892333, R-squared = 0.8770399196461703
	After epoch 42: Loss = 0.10781121330529186, R-squared = 0.8816801287721721
	After epoch 43: Loss = 0.09750571388007263, R-squared = 0.8979789017685891
	After epoch 44: Loss = 0.09104574467662964, R-squared = 0.8923673933599403
	After epoch 45: Loss = 0.08051032057981401, R-squared = 0.9148656429367608
	After epoch 46: Loss = 0.0726207735864778, R-squared = 0.9249698937450382
	After epoch 47: Loss = 0.0670269008452681, R-squared = 0.9318220810416626
	After epoch 48: Loss = 0.06234436706455373, R-squared = 0.9339944779613683
	After epoch 49: Loss = 0.060837010716350406, R-squared = 0.9320694895212371
	After epoch 50: Loss = 0.0543730434700332, R-squared = 0.9411297168722854
Training process has finished.
Using CNN: NoPoolCNN4 with learning rate: 5e-05
	After epoch 1: Loss = 0.9981297658356715, R-squared = -0.027567058134444943
	After epoch 2: Loss = 0.9881818897328161, R-squared = -0.046038074187184905
	After epoch 3: Loss = 0.9509757259455747, R-squared = 0.03871271512466197
	After epoch 4: Loss = 0.8795471598024905, R-squared = 0.10359662969612367
	After epoch 5: Loss = 0.7578960497817759, R-squared = 0.23941185115100438
	After epoch 6: Loss = 0.5755653341712373, R-squared = 0.42353339411608737
	After epoch 7: Loss = 0.33867353545051443, R-squared = 0.6619653927617225
	After epoch 8: Loss = 0.2013417395850198, R-squared = 0.7875755062018971
	After epoch 9: Loss = 0.1668893681048534, R-squared = 0.8242659457896698
	After epoch 10: Loss = 0.11825854890905033, R-squared = 0.8810976557495632
	After epoch 11: Loss = 0.08373662606896523, R-squared = 0.9097097714275438
	After epoch 12: Loss = 0.06896702765355149, R-squared = 0.9199988478518261
	After epoch 13: Loss = 0.05019300133940293, R-squared = 0.9475642827298072
	After epoch 14: Loss = 0.044897061069538634, R-squared = 0.9516563328343233
	After epoch 15: Loss = 0.04343208965968888, R-squared = 0.9536430266454703
	After epoch 16: Loss = 0.045950379849798724, R-squared = 0.9427700434788739
	After epoch 17: Loss = 0.04732365925060959, R-squared = 0.9508028201802479
	After epoch 18: Loss = 0.039227292163688074, R-squared = 0.9589316142153127
	After epoch 19: Loss = 0.02920515861850742, R-squared = 0.9687005497851316
	After epoch 20: Loss = 0.030345625072964445, R-squared = 0.9684440813877213
	After epoch 21: Loss = 0.02331901255546389, R-squared = 0.9767797245932497
	After epoch 22: Loss = 0.020329214427581576, R-squared = 0.9774057481416246
	After epoch 23: Loss = 0.02117496761396818, R-squared = 0.9776644687003051
	After epoch 24: Loss = 0.02211522173529356, R-squared = 0.9753128013131663
	After epoch 25: Loss = 0.020291776629075935, R-squared = 0.9755582919481277
	After epoch 26: Loss = 0.017110109261222417, R-squared = 0.9815745138577722
	After epoch 27: Loss = 0.014837928556358394, R-squared = 0.9808949369598633
	After epoch 28: Loss = 0.01256553977041329, R-squared = 0.9864583709735767
	After epoch 29: Loss = 0.016021439325637817, R-squared = 0.984974554803351
	After epoch 30: Loss = 0.01618447587295737, R-squared = 0.9811647335616612
	After epoch 31: Loss = 0.015423484693200701, R-squared = 0.9839685012908113
	After epoch 32: Loss = 0.015482251465562752, R-squared = 0.9828437807788148
	After epoch 33: Loss = 0.011651381824735981, R-squared = 0.9877716449202703
	After epoch 34: Loss = 0.010767142798218254, R-squared = 0.9892196848190146
	After epoch 35: Loss = 0.010437351758050568, R-squared = 0.9892942002915864
	After epoch 36: Loss = 0.008495418301198772, R-squared = 0.9911643167493807
	After epoch 37: Loss = 0.008732983857342088, R-squared = 0.9909409815460222
	After epoch 38: Loss = 0.0098982022815579, R-squared = 0.9883337499730505
	After epoch 39: Loss = 0.010066847820871205, R-squared = 0.9890877066480911
	After epoch 40: Loss = 0.009186693190898872, R-squared = 0.9903258788429075
	After epoch 41: Loss = 0.00632314800908094, R-squared = 0.9932235562516718
	After epoch 42: Loss = 0.005607056382165925, R-squared = 0.9941780776883633
	After epoch 43: Loss = 0.005818377420694697, R-squared = 0.9931352033233922
	After epoch 44: Loss = 0.005754142490801843, R-squared = 0.9934981631360099
	After epoch 45: Loss = 0.005254871116980436, R-squared = 0.9943386147012253
	After epoch 46: Loss = 0.00469018126507042, R-squared = 0.9951897232284104
	After epoch 47: Loss = 0.004873977229982366, R-squared = 0.9948842796131666
	After epoch 48: Loss = 0.004560159184643975, R-squared = 0.995281700666529
	After epoch 49: Loss = 0.004414925496394787, R-squared = 0.9954286437167825
	After epoch 50: Loss = 0.005051707751352316, R-squared = 0.9947973250694238
Training process has finished.
Using CNN: NoPoolCNN4 with learning rate: 0.0001
	After epoch 1: Loss = 1.018561220739936, R-squared = -0.03541874685504591
	After epoch 2: Loss = 0.9497505469868045, R-squared = 0.03122850197114927
	After epoch 3: Loss = 0.7650177759627772, R-squared = 0.19552902267248293
	After epoch 4: Loss = 0.432912114185812, R-squared = 0.5505445741020519
	After epoch 5: Loss = 0.13063203857408706, R-squared = 0.8603607000744979
	After epoch 6: Loss = 0.08480219876197677, R-squared = 0.9102426554131229
	After epoch 7: Loss = 0.08414382092211599, R-squared = 0.9078825853011097
	After epoch 8: Loss = 0.051211192470750996, R-squared = 0.9408639190210757
	After epoch 9: Loss = 0.0483705407788662, R-squared = 0.9482381906100874
	After epoch 10: Loss = 0.053011014671863185, R-squared = 0.9484000207155056
	After epoch 11: Loss = 0.032685634865888595, R-squared = 0.9663402097867536
	After epoch 12: Loss = 0.02886837609417085, R-squared = 0.9693073710134004
	After epoch 13: Loss = 0.025894742282202027, R-squared = 0.9729471676924684
	After epoch 14: Loss = 0.02296783193161998, R-squared = 0.9766640645179331
	After epoch 15: Loss = 0.024447036416060726, R-squared = 0.9726588428421191
	After epoch 16: Loss = 0.016783795466098223, R-squared = 0.9797893434897091
	After epoch 17: Loss = 0.013767792394279865, R-squared = 0.9856655698162978
	After epoch 18: Loss = 0.012241315768000905, R-squared = 0.9859823583251011
	After epoch 19: Loss = 0.013072438180447668, R-squared = 0.987701393719259
	After epoch 20: Loss = 0.008321593681057641, R-squared = 0.991432916232886
	After epoch 21: Loss = 0.009402160845724995, R-squared = 0.9906069735130851
	After epoch 22: Loss = 0.0051631677226246005, R-squared = 0.9945668105557678
	After epoch 23: Loss = 0.004226362883504557, R-squared = 0.9953348183595667
	After epoch 24: Loss = 0.005572437848562441, R-squared = 0.9942248345668423
	After epoch 25: Loss = 0.0041672095949461686, R-squared = 0.9957697597432269
	After epoch 26: Loss = 0.002932159958090873, R-squared = 0.9969130727355177
	After epoch 27: Loss = 0.0018208288299472165, R-squared = 0.99811324753088
	After epoch 28: Loss = 0.0025393059908282267, R-squared = 0.9973912441272871
	After epoch 29: Loss = 0.0015086559793516285, R-squared = 0.9984711296457949
	After epoch 30: Loss = 0.00158063181006989, R-squared = 0.998326481381465
	After epoch 31: Loss = 0.0018777570759446777, R-squared = 0.9980624396473757
	After epoch 32: Loss = 0.002076856715147416, R-squared = 0.9977385827495411
	After epoch 33: Loss = 0.001979240741958369, R-squared = 0.9976597248033112
	After epoch 34: Loss = 0.0018754741237198788, R-squared = 0.9979640506446801
	After epoch 35: Loss = 0.003885526138080767, R-squared = 0.9960733107266982
	After epoch 36: Loss = 0.001525418404842878, R-squared = 0.9983284793383586
	After epoch 37: Loss = 0.0016705618360948848, R-squared = 0.9982174578661521
	After epoch 38: Loss = 0.0019779744612735267, R-squared = 0.9978494298343108
	After epoch 39: Loss = 0.0010531963158644702, R-squared = 0.9984488840302943
	After epoch 40: Loss = 0.0013098905264391542, R-squared = 0.9987468534477004
	After epoch 41: Loss = 0.0017124553774731158, R-squared = 0.9979467604594208
	After epoch 42: Loss = 0.00284320442994328, R-squared = 0.9969732279568934
	After epoch 43: Loss = 0.006528354523079783, R-squared = 0.9929802629403206
	After epoch 44: Loss = 0.003826404232787488, R-squared = 0.9962681192369939
	After epoch 45: Loss = 0.0020148505180818664, R-squared = 0.9975068979825213
	After epoch 46: Loss = 0.0009628003519647318, R-squared = 0.9989047092132715
	After epoch 47: Loss = 0.0013848491436943544, R-squared = 0.9984516524306699
	After epoch 48: Loss = 0.0028580865942078146, R-squared = 0.9966901840383414
	After epoch 49: Loss = 0.002161697869613233, R-squared = 0.997726199748487
	After epoch 50: Loss = 0.0023817499610171546, R-squared = 0.9971307445809158
Training process has finished.
Using CNN: NoPoolCNN4 with learning rate: 0.0005
	After epoch 1: Loss = 0.8632860048887506, R-squared = 0.11014813978573554
	After epoch 2: Loss = 0.24945436323141493, R-squared = 0.7251241709095059
	After epoch 3: Loss = 0.16784875132143756, R-squared = 0.8219421708523533
	After epoch 4: Loss = 0.09745093237428856, R-squared = 0.8863219502333365
	After epoch 5: Loss = 0.058601600575828895, R-squared = 0.939439712850502
	After epoch 6: Loss = 0.030149321679046236, R-squared = 0.9633315265586593
	After epoch 7: Loss = 0.03209971582001776, R-squared = 0.9664055548340302
	After epoch 8: Loss = 0.021522616482749717, R-squared = 0.976942297270068
	After epoch 9: Loss = 0.01829466652406486, R-squared = 0.9810790715992784
	After epoch 10: Loss = 0.019855707862452342, R-squared = 0.9786759577718792
	After epoch 11: Loss = 0.024916162911771667, R-squared = 0.9748190670485704
	After epoch 12: Loss = 0.018042628659168752, R-squared = 0.977399632070601
	After epoch 13: Loss = 0.014293462446459668, R-squared = 0.9846256630925676
	After epoch 14: Loss = 0.012139797499792646, R-squared = 0.9869981875913398
	After epoch 15: Loss = 0.015200678364102622, R-squared = 0.9840834707487737
	After epoch 16: Loss = 0.014294790011309335, R-squared = 0.9847933697652198
	After epoch 17: Loss = 0.008973325627293695, R-squared = 0.9904176962202176
	After epoch 18: Loss = 0.006125269077303068, R-squared = 0.9935265045424574
	After epoch 19: Loss = 0.006422244807505176, R-squared = 0.9925850049946503
	After epoch 20: Loss = 0.007160970589312583, R-squared = 0.9921116783231216
	After epoch 21: Loss = 0.004891027978141496, R-squared = 0.9943441472158915
	After epoch 22: Loss = 0.004830610496469134, R-squared = 0.9945505370531995
	After epoch 23: Loss = 0.004190245513002335, R-squared = 0.9954968841144636
	After epoch 24: Loss = 0.0031602238712254206, R-squared = 0.9967161042535118
	After epoch 25: Loss = 0.002620396808851587, R-squared = 0.9970108359409753
	After epoch 26: Loss = 0.00245537768372677, R-squared = 0.9970676808145393
	After epoch 27: Loss = 0.0019771751821892297, R-squared = 0.9978081259019828
	After epoch 28: Loss = 0.002326678788427457, R-squared = 0.997409750386401
	After epoch 29: Loss = 0.002342724735661693, R-squared = 0.997170531843318
	After epoch 30: Loss = 0.0028846170169386917, R-squared = 0.9968169343055837
	After epoch 31: Loss = 0.0020543592685185945, R-squared = 0.9978752360702347
	After epoch 32: Loss = 0.0031289625897653476, R-squared = 0.9965808674979645
	After epoch 33: Loss = 0.00365597704823303, R-squared = 0.9962582632791775
	After epoch 34: Loss = 0.0014059180849477274, R-squared = 0.9987018254087822
	After epoch 35: Loss = 0.001160039531860452, R-squared = 0.9987238737371401
	After epoch 36: Loss = 0.001661968522886226, R-squared = 0.9981600734975616
	After epoch 37: Loss = 0.0020438734200736116, R-squared = 0.9980826366631472
	After epoch 38: Loss = 0.002077251909341655, R-squared = 0.9974202698294151
	After epoch 39: Loss = 0.001103895672617722, R-squared = 0.9988871063640742
	After epoch 40: Loss = 0.0027611841237270103, R-squared = 0.9972679085219361
	After epoch 41: Loss = 0.0008335904049992319, R-squared = 0.9990683353786036
	After epoch 42: Loss = 0.0039332212365111386, R-squared = 0.9954889574501109
	After epoch 43: Loss = 0.005117048100813432, R-squared = 0.9936197186998955
	After epoch 44: Loss = 0.006293446046044845, R-squared = 0.993706143950934
	After epoch 45: Loss = 0.004837172078238366, R-squared = 0.9942756065136571
	After epoch 46: Loss = 0.003380284949443351, R-squared = 0.9959605119749362
	After epoch 47: Loss = 0.005799963724484727, R-squared = 0.9927180647642715
	After epoch 48: Loss = 0.005412703953323018, R-squared = 0.9947214621608526
	After epoch 49: Loss = 0.0045809003125836965, R-squared = 0.995470428936053
	After epoch 50: Loss = 0.004023749105878506, R-squared = 0.9958082650648172
Training process has finished.
Using CNN: NoPoolCNN4 with learning rate: 0.001
	After epoch 1: Loss = 1.0142499587773832, R-squared = -0.13670581510462565
	After epoch 2: Loss = 0.7730233408514111, R-squared = 0.2247214586547655
	After epoch 3: Loss = 0.41427932732566364, R-squared = 0.5500070102392994
	After epoch 4: Loss = 0.08026742207132995, R-squared = 0.9010878363414904
	After epoch 5: Loss = 0.10184497739970991, R-squared = 0.9008531490980511
	After epoch 6: Loss = 0.12953531277208452, R-squared = 0.8171833336653563
	After epoch 7: Loss = 0.06861540780809108, R-squared = 0.9279240641262441
	After epoch 8: Loss = 0.04325051807174248, R-squared = 0.9542783352270876
	After epoch 9: Loss = 0.02656249061649858, R-squared = 0.9717896482539047
	After epoch 10: Loss = 0.04025832449824764, R-squared = 0.9482914409535976
	After epoch 11: Loss = 0.021508895807163864, R-squared = 0.9763855931339529
	After epoch 12: Loss = 0.02759185571467345, R-squared = 0.9727844071611607
	After epoch 13: Loss = 0.020897722069112272, R-squared = 0.9768198169337351
	After epoch 14: Loss = 0.019178224569335513, R-squared = 0.9767298358430289
	After epoch 15: Loss = 0.02013594497333542, R-squared = 0.9785313285479912
	After epoch 16: Loss = 0.01484851667056138, R-squared = 0.9838079076384506
	After epoch 17: Loss = 0.00876713700913449, R-squared = 0.9906849618830291
	After epoch 18: Loss = 0.008249847197395466, R-squared = 0.9916664040708294
	After epoch 19: Loss = 0.007395411547796003, R-squared = 0.9923263093285286
	After epoch 20: Loss = 0.0070136976864559105, R-squared = 0.9924965702453621
	After epoch 21: Loss = 0.005069836921259905, R-squared = 0.9947640945659094
	After epoch 22: Loss = 0.005168180471496695, R-squared = 0.9942095442278921
	After epoch 23: Loss = 0.0041755304852376385, R-squared = 0.9954534968029243
	After epoch 24: Loss = 0.0038544560084364855, R-squared = 0.9958220734587598
	After epoch 25: Loss = 0.004912883200942809, R-squared = 0.9947484738419117
	After epoch 26: Loss = 0.006974131645852562, R-squared = 0.9917441585765083
	After epoch 27: Loss = 0.006084739362611516, R-squared = 0.993665444068762
	After epoch 28: Loss = 0.003744333590618207, R-squared = 0.9959621266977106
	After epoch 29: Loss = 0.006014693573700463, R-squared = 0.9935195019965164
	After epoch 30: Loss = 0.006193694593749804, R-squared = 0.9931464416277505
	After epoch 31: Loss = 0.004283036350054292, R-squared = 0.9951089723620112
	After epoch 32: Loss = 0.0024172849440128852, R-squared = 0.997406661532974
	After epoch 33: Loss = 0.0029099667987564004, R-squared = 0.996773679014028
	After epoch 34: Loss = 0.0023007932956135577, R-squared = 0.9952821226931414
	After epoch 35: Loss = 0.0018389688017523887, R-squared = 0.998065191308093
	After epoch 36: Loss = 0.0022234151449891187, R-squared = 0.9976012430952081
	After epoch 37: Loss = 0.0016026998054899252, R-squared = 0.9980725448597012
	After epoch 38: Loss = 0.0023066977110314632, R-squared = 0.9977862114688625
	After epoch 39: Loss = 0.0012726273764374987, R-squared = 0.9986818721720272
	After epoch 40: Loss = 0.0010833463602890462, R-squared = 0.9987835526612248
	After epoch 41: Loss = 0.0023224851457350182, R-squared = 0.9976857888338883
	After epoch 42: Loss = 0.001660499731017602, R-squared = 0.9982684942220539
	After epoch 43: Loss = 0.0013456677110566884, R-squared = 0.9984992039287345
	After epoch 44: Loss = 0.002096337996009286, R-squared = 0.9975287229882719
	After epoch 45: Loss = 0.0012153212181840302, R-squared = 0.9987538192854821
	After epoch 46: Loss = 0.001023713372183189, R-squared = 0.9989197927052308
	After epoch 47: Loss = 0.0014761936433948018, R-squared = 0.9985433976097866
	After epoch 48: Loss = 0.0007682199397559126, R-squared = 0.9992443338788372
	After epoch 49: Loss = 0.0006240906201462343, R-squared = 0.9993352922334615
	After epoch 50: Loss = 0.0007412217341364694, R-squared = 0.9991530471729704
Training process has finished.
Using CNN: NoPoolCNN4 with learning rate: 0.005
	After epoch 1: Loss = 34.141528568081725, R-squared = -28.352721746493238
	After epoch 2: Loss = 1.1204557216742637, R-squared = -0.22742247320232792
	After epoch 3: Loss = 0.9919858399498489, R-squared = -0.005041404396486626
	After epoch 4: Loss = 0.7975395089279935, R-squared = 0.1929262355199738
	After epoch 5: Loss = 0.6790261603812379, R-squared = 0.3087991012558936
	After epoch 6: Loss = 0.294936369979459, R-squared = 0.7185194696298719
	After epoch 7: Loss = 0.15893458023491971, R-squared = 0.768917933594109
	After epoch 8: Loss = 0.09249086792109247, R-squared = 0.9003160316735519
	After epoch 9: Loss = 0.037446716054264514, R-squared = 0.955629429915606
	After epoch 10: Loss = 0.035575656685980186, R-squared = 0.9622917931923075
	After epoch 11: Loss = 0.038963438949389306, R-squared = 0.9588716739708657
	After epoch 12: Loss = 0.0327874663429311, R-squared = 0.9647202158103163
	After epoch 13: Loss = 0.04649904335073703, R-squared = 0.9457412818072507
	After epoch 14: Loss = 0.043029610851456984, R-squared = 0.9490336068629197
	After epoch 15: Loss = 0.0471521239632585, R-squared = 0.9498573296244439
	After epoch 16: Loss = 0.0469280380902887, R-squared = 0.9539254306002409
	After epoch 17: Loss = 0.048475473073521194, R-squared = 0.9508550438648558
	After epoch 18: Loss = 0.03201521479795695, R-squared = 0.9670450295242595
	After epoch 19: Loss = 0.029097957687299704, R-squared = 0.9664788192946077
	After epoch 20: Loss = 0.03228467612677718, R-squared = 0.9636183244734358
	After epoch 21: Loss = 0.022623536300115314, R-squared = 0.9761519731550342
	After epoch 22: Loss = 0.0238260785786035, R-squared = 0.9744940273815518
	After epoch 23: Loss = 0.01841084805470288, R-squared = 0.9796283796561536
	After epoch 24: Loss = 0.0151641924727308, R-squared = 0.9843392932037031
	After epoch 25: Loss = 0.012825320185920433, R-squared = 0.9872234434268886
	After epoch 26: Loss = 0.011970504773225647, R-squared = 0.9865742989208274
	After epoch 27: Loss = 0.011543582164061737, R-squared = 0.9862450408456915
	After epoch 28: Loss = 0.012880693239194208, R-squared = 0.9872166052683469
	After epoch 29: Loss = 0.02512279888362446, R-squared = 0.9741052570266312
	After epoch 30: Loss = 0.02047452970798651, R-squared = 0.9786473395293098
	After epoch 31: Loss = 0.01405224276223239, R-squared = 0.9848185751043044
	After epoch 32: Loss = 0.011347480717608119, R-squared = 0.9877772205824794
	After epoch 33: Loss = 0.010862090211812331, R-squared = 0.9889871924417285
	After epoch 34: Loss = 0.01143431607535339, R-squared = 0.9880498239774564
	After epoch 35: Loss = 0.004921183844323832, R-squared = 0.9948876154920907
	After epoch 36: Loss = 0.005625645536560685, R-squared = 0.9942132129403329
	After epoch 37: Loss = 0.006076554807545385, R-squared = 0.9934423444057199
	After epoch 38: Loss = 0.005054303437931495, R-squared = 0.9946419496472677
	After epoch 39: Loss = 0.00857523792517991, R-squared = 0.9912793608296624
	After epoch 40: Loss = 0.009687970664267204, R-squared = 0.9893140304978175
	After epoch 41: Loss = 0.005009136581827141, R-squared = 0.9942725278230373
	After epoch 42: Loss = 0.003620761575511428, R-squared = 0.9963653005455285
	After epoch 43: Loss = 0.0043717419497811905, R-squared = 0.9954269942858126
	After epoch 44: Loss = 0.0026455611485907606, R-squared = 0.99704320239774
	After epoch 45: Loss = 0.002549079964758308, R-squared = 0.9967467424752929
	After epoch 46: Loss = 0.004453710175566465, R-squared = 0.9954370674746233
	After epoch 47: Loss = 0.0051347366741391395, R-squared = 0.9939145128227068
	After epoch 48: Loss = 0.00338752329596258, R-squared = 0.9962402577532166
	After epoch 49: Loss = 0.0025032938405489718, R-squared = 0.9972473915768262
	After epoch 50: Loss = 0.002044019579392083, R-squared = 0.9978290778445758
Training process has finished.
Time taken for NoPoolCNN4: 969.3458745479584 seconds
gpu_utilization [%], mem_utilization [%], max_memory_usage [MiB], time [ms]
86 %, 64 %, 15550 MiB, 2751556 ms
