Mon Dec 16 12:49:35 2024       
+-----------------------------------------------------------------------------------------+
| NVIDIA-SMI 565.57.01              Driver Version: 565.57.01      CUDA Version: 12.7     |
|-----------------------------------------+------------------------+----------------------+
| GPU  Name                 Persistence-M | Bus-Id          Disp.A | Volatile Uncorr. ECC |
| Fan  Temp   Perf          Pwr:Usage/Cap |           Memory-Usage | GPU-Util  Compute M. |
|                                         |                        |               MIG M. |
|=========================================+========================+======================|
|   0  Tesla V100S-PCIE-32GB          On  |   00000000:25:00.0 Off |                    0 |
| N/A   32C    P0             26W /  250W |       1MiB /  32768MiB |      0%      Default |
|                                         |                        |                  N/A |
+-----------------------------------------+------------------------+----------------------+
                                                                                         
+-----------------------------------------------------------------------------------------+
| Processes:                                                                              |
|  GPU   GI   CI        PID   Type   Process name                              GPU Memory |
|        ID   ID                                                               Usage      |
|=========================================================================================|
|  No running processes found                                                             |
+-----------------------------------------------------------------------------------------+
Using device: cuda
Number of permeability values: 455
Number of images: 455
Using CNN: NoPoolCNN1 with learning rate: 1e-05
	After epoch 1: Loss = 0.9989168613070015, R-squared = -0.02027486555497161
	After epoch 2: Loss = 1.0050910372217057, R-squared = -0.04330958760414846
	After epoch 3: Loss = 0.9989267388407459, R-squared = -0.09066815881071222
	After epoch 4: Loss = 0.999683124774118, R-squared = -0.02222138281662278
	After epoch 5: Loss = 0.9992846221622307, R-squared = -0.009800259098454955
	After epoch 6: Loss = 0.9983734988788813, R-squared = -0.03601251475260656
	After epoch 7: Loss = 1.0004791493972502, R-squared = -0.014352024155593857
	After epoch 8: Loss = 0.997247609584095, R-squared = -0.05319712175323573
	After epoch 9: Loss = 0.9981996409142775, R-squared = -0.021937566828747413
	After epoch 10: Loss = 0.9987050294453805, R-squared = -0.013214268948508667
	After epoch 11: Loss = 0.9940113654327144, R-squared = -0.009644919743109614
	After epoch 12: Loss = 0.9955291814564908, R-squared = -0.020033390239393455
	After epoch 13: Loss = 0.9947332009083999, R-squared = -0.030478029761103132
	After epoch 14: Loss = 0.9959804637858813, R-squared = -0.010092568088951204
	After epoch 15: Loss = 0.9918109613344808, R-squared = -0.022333487229708803
	After epoch 16: Loss = 0.9964462633752031, R-squared = -0.02172153297382623
	After epoch 17: Loss = 0.9901342778645746, R-squared = -0.002689374712251613
	After epoch 18: Loss = 0.9836596309711014, R-squared = -0.03203403498419395
	After epoch 19: Loss = 0.9897513287996744, R-squared = -0.03949177946846917
	After epoch 20: Loss = 0.9815167773345982, R-squared = 0.004874053081903496
	After epoch 21: Loss = 0.9788693966071966, R-squared = -0.0010876315687167516
	After epoch 22: Loss = 0.9720629979568681, R-squared = 0.00582967519515436
	After epoch 23: Loss = 0.9708244274888427, R-squared = -0.001655284965784498
	After epoch 24: Loss = 0.9619366642365836, R-squared = 0.018282215159785398
	After epoch 25: Loss = 0.957135432718735, R-squared = 0.006433304405898332
	After epoch 26: Loss = 0.9492127282528232, R-squared = 0.037327813312515626
	After epoch 27: Loss = 0.9370741479938763, R-squared = 0.035032518667734866
	After epoch 28: Loss = 0.9260074796076397, R-squared = 0.02389557788702208
	After epoch 29: Loss = 0.9134566930794872, R-squared = 0.05649342730772915
	After epoch 30: Loss = 0.8975858819751064, R-squared = 0.08712190459167071
	After epoch 31: Loss = 0.8810107678912715, R-squared = 0.1113891207250433
	After epoch 32: Loss = 0.8622933254573081, R-squared = 0.0997860446125434
	After epoch 33: Loss = 0.8407638478579791, R-squared = 0.13187387368421177
	After epoch 34: Loss = 0.8177696605608004, R-squared = 0.1768145189680826
	After epoch 35: Loss = 0.7929501876808771, R-squared = 0.1974720268282985
	After epoch 36: Loss = 0.7636834662638698, R-squared = 0.22716715016011454
	After epoch 37: Loss = 0.7329169844306984, R-squared = 0.25797056120844314
	After epoch 38: Loss = 0.698008747205867, R-squared = 0.29897344567563
	After epoch 39: Loss = 0.6635193448301052, R-squared = 0.3431041324393232
	After epoch 40: Loss = 0.6258058684012427, R-squared = 0.37184086882098655
	After epoch 41: Loss = 0.5854023737959806, R-squared = 0.42522220202506
	After epoch 42: Loss = 0.5448812698420958, R-squared = 0.4469004711260527
	After epoch 43: Loss = 0.5082486311573768, R-squared = 0.49528034805827553
	After epoch 44: Loss = 0.4676780120810517, R-squared = 0.5350760959830352
	After epoch 45: Loss = 0.43202818757651995, R-squared = 0.5700568982164206
	After epoch 46: Loss = 0.40151565955656315, R-squared = 0.5921899003655126
	After epoch 47: Loss = 0.3679117676159541, R-squared = 0.6310794780801784
	After epoch 48: Loss = 0.33618190442280227, R-squared = 0.6602021684339644
	After epoch 49: Loss = 0.30936784976999954, R-squared = 0.6813166332633449
	After epoch 50: Loss = 0.2833187274031648, R-squared = 0.7119699166416
Training process has finished.
Using CNN: NoPoolCNN1 with learning rate: 5e-05
	After epoch 1: Loss = 1.0003240964543323, R-squared = -0.030392774413668545
	After epoch 2: Loss = 0.9980200456121564, R-squared = -0.024288120348622544
	After epoch 3: Loss = 0.9957400546597107, R-squared = -0.026439959995109952
	After epoch 4: Loss = 0.992700953990959, R-squared = -0.035893307995370126
	After epoch 5: Loss = 0.9876702724544073, R-squared = -0.05236699362835183
	After epoch 6: Loss = 0.9716918045814319, R-squared = 0.0008062473230940892
	After epoch 7: Loss = 0.9413473221245038, R-squared = 0.042541991980692064
	After epoch 8: Loss = 0.8906800223551677, R-squared = 0.09332895489594455
	After epoch 9: Loss = 0.7958865826450114, R-squared = 0.20056078110640296
	After epoch 10: Loss = 0.6469936028208677, R-squared = 0.33244049567661926
	After epoch 11: Loss = 0.4686599182480228, R-squared = 0.516135158972065
	After epoch 12: Loss = 0.29973245365178014, R-squared = 0.7044102980730808
	After epoch 13: Loss = 0.18768767996941635, R-squared = 0.8037791847722812
	After epoch 14: Loss = 0.12629229452606675, R-squared = 0.868951892347323
	After epoch 15: Loss = 0.07882963488013775, R-squared = 0.9096360404817986
	After epoch 16: Loss = 0.05301579251797687, R-squared = 0.9440116829881239
	After epoch 17: Loss = 0.03631551121695658, R-squared = 0.9612198557472409
	After epoch 18: Loss = 0.029057569874385403, R-squared = 0.9697484392446324
	After epoch 19: Loss = 0.024580423693092917, R-squared = 0.974980572829762
	After epoch 20: Loss = 0.025341437481529984, R-squared = 0.9724619166976277
	After epoch 21: Loss = 0.02602843062502085, R-squared = 0.9725575979525024
	After epoch 22: Loss = 0.027194786931689863, R-squared = 0.9703893489119902
	After epoch 23: Loss = 0.01931417943893888, R-squared = 0.9778832109949709
	After epoch 24: Loss = 0.018364808977736142, R-squared = 0.9801514584045827
	After epoch 25: Loss = 0.017350445330686408, R-squared = 0.98186122951761
	After epoch 26: Loss = 0.01722297651855941, R-squared = 0.9815960587465424
	After epoch 27: Loss = 0.016299834947974275, R-squared = 0.981576107994232
	After epoch 28: Loss = 0.01620201685323878, R-squared = 0.9814030311903595
	After epoch 29: Loss = 0.016261199986221123, R-squared = 0.9786150876954329
	After epoch 30: Loss = 0.016840543398309867, R-squared = 0.982024055809768
	After epoch 31: Loss = 0.01714835935972043, R-squared = 0.980711973598285
	After epoch 32: Loss = 0.014185957443146432, R-squared = 0.9854113123059941
	After epoch 33: Loss = 0.01404901738958587, R-squared = 0.9845644986181676
	After epoch 34: Loss = 0.013325971541309206, R-squared = 0.98519588972359
	After epoch 35: Loss = 0.012682358438697009, R-squared = 0.9865286640330954
	After epoch 36: Loss = 0.012240587525988778, R-squared = 0.9866932589090428
	After epoch 37: Loss = 0.014665588471226532, R-squared = 0.9841046609851108
	After epoch 38: Loss = 0.014698578673456466, R-squared = 0.9847527487410301
	After epoch 39: Loss = 0.011354915713331309, R-squared = 0.987719268300167
	After epoch 40: Loss = 0.011980350291685173, R-squared = 0.9867189337556432
	After epoch 41: Loss = 0.011530513973010133, R-squared = 0.9881219163359004
	After epoch 42: Loss = 0.011623758445319203, R-squared = 0.987970899229096
	After epoch 43: Loss = 0.011345729459384283, R-squared = 0.9881857232422296
	After epoch 44: Loss = 0.010172991005272006, R-squared = 0.9896303988032503
	After epoch 45: Loss = 0.011782223077035647, R-squared = 0.9868411923488555
	After epoch 46: Loss = 0.010430032808997831, R-squared = 0.9882330361074881
	After epoch 47: Loss = 0.009948973962076273, R-squared = 0.9896928281577754
	After epoch 48: Loss = 0.009005050461554457, R-squared = 0.9904226016516233
	After epoch 49: Loss = 0.008589635086021844, R-squared = 0.9909513881743399
	After epoch 50: Loss = 0.009436728761144963, R-squared = 0.9895745237227839
Training process has finished.
Using CNN: NoPoolCNN1 with learning rate: 0.0001
	After epoch 1: Loss = 1.0030379870269654, R-squared = -0.011174128554689933
	After epoch 2: Loss = 0.996337372064336, R-squared = -0.028715493046193606
	After epoch 3: Loss = 0.9919925350503457, R-squared = -0.028161860167896912
	After epoch 4: Loss = 0.9818055609891541, R-squared = -0.03109629780729175
	After epoch 5: Loss = 0.9536994532245892, R-squared = 0.017008887074730538
	After epoch 6: Loss = 0.8934172928756355, R-squared = -0.0008284892281399614
	After epoch 7: Loss = 0.766711498097763, R-squared = 0.1989251880469879
	After epoch 8: Loss = 0.5458067839605069, R-squared = 0.42378968673037065
	After epoch 9: Loss = 0.28131818621548255, R-squared = 0.7066631365912266
	After epoch 10: Loss = 0.07959532874825133, R-squared = 0.9073682649567774
	After epoch 11: Loss = 0.041694989933214174, R-squared = 0.9527582322396014
	After epoch 12: Loss = 0.026910529702182447, R-squared = 0.9658229599742137
	After epoch 13: Loss = 0.022597779052076477, R-squared = 0.9717808763285865
	After epoch 14: Loss = 0.02068680098351943, R-squared = 0.9734369819180781
	After epoch 15: Loss = 0.019328503698995674, R-squared = 0.9755594330577428
	After epoch 16: Loss = 0.017157710359473537, R-squared = 0.9803746343509984
	After epoch 17: Loss = 0.015386462721373912, R-squared = 0.9821833048161505
	After epoch 18: Loss = 0.015853025135458103, R-squared = 0.9832152412445982
	After epoch 19: Loss = 0.015408508092372635, R-squared = 0.981946922973575
	After epoch 20: Loss = 0.012614490639937201, R-squared = 0.986853734183964
	After epoch 21: Loss = 0.012011540411684897, R-squared = 0.9861459521410312
	After epoch 22: Loss = 0.01089477926569579, R-squared = 0.9880622662722491
	After epoch 23: Loss = 0.010768602309218363, R-squared = 0.9887207770969237
	After epoch 24: Loss = 0.009074926817467252, R-squared = 0.9901507267597879
	After epoch 25: Loss = 0.007921554404704751, R-squared = 0.991146800771286
	After epoch 26: Loss = 0.007404908020011314, R-squared = 0.9908466134367977
	After epoch 27: Loss = 0.008056674528434768, R-squared = 0.989265036961237
	After epoch 28: Loss = 0.00629236977309827, R-squared = 0.9932493077164615
	After epoch 29: Loss = 0.007467338027045143, R-squared = 0.9917572544071509
	After epoch 30: Loss = 0.006681106161725228, R-squared = 0.992849114748946
	After epoch 31: Loss = 0.008691801591106291, R-squared = 0.9906673691737777
	After epoch 32: Loss = 0.007234781325403315, R-squared = 0.9870768441399737
	After epoch 33: Loss = 0.007301866884428626, R-squared = 0.992381939973165
	After epoch 34: Loss = 0.008129748757393843, R-squared = 0.9915315462768541
	After epoch 35: Loss = 0.008791938999243982, R-squared = 0.9903849374003499
	After epoch 36: Loss = 0.006966682397483574, R-squared = 0.9916417848379042
	After epoch 37: Loss = 0.005448197336686468, R-squared = 0.9935177714915359
	After epoch 38: Loss = 0.004704942159746657, R-squared = 0.9950226046340575
	After epoch 39: Loss = 0.004764137931929547, R-squared = 0.995156647682083
	After epoch 40: Loss = 0.004511572658647528, R-squared = 0.9946716610696906
	After epoch 41: Loss = 0.004912841106102293, R-squared = 0.9945201468539372
	After epoch 42: Loss = 0.004391266917087284, R-squared = 0.9955521439726033
	After epoch 43: Loss = 0.006453865053896864, R-squared = 0.9912338067750615
	After epoch 44: Loss = 0.005002684710242114, R-squared = 0.99514298762159
	After epoch 45: Loss = 0.004112383524674949, R-squared = 0.9954475695370457
	After epoch 46: Loss = 0.003916231582235842, R-squared = 0.9958183062977966
	After epoch 47: Loss = 0.004057555064076074, R-squared = 0.995056268183275
	After epoch 48: Loss = 0.004244875414152241, R-squared = 0.9943403973363167
	After epoch 49: Loss = 0.005479849797339443, R-squared = 0.9933068864948467
	After epoch 50: Loss = 0.004885120427819146, R-squared = 0.9945286996647894
Training process has finished.
Using CNN: NoPoolCNN1 with learning rate: 0.0005
	After epoch 1: Loss = 0.9911678086164304, R-squared = -0.002818510319348111
	After epoch 2: Loss = 0.699399228185223, R-squared = 0.2999138629173809
	After epoch 3: Loss = 0.15997180464695832, R-squared = 0.8341250311494972
	After epoch 4: Loss = 0.2222544561356478, R-squared = 0.7603906091944683
	After epoch 5: Loss = 0.12110463102881804, R-squared = 0.8467794370753516
	After epoch 6: Loss = 0.06759149856310864, R-squared = 0.9209130665544304
	After epoch 7: Loss = 0.05980584707733495, R-squared = 0.9382461220324053
	After epoch 8: Loss = 0.04737044138657334, R-squared = 0.9483704560964072
	After epoch 9: Loss = 0.04240339005149636, R-squared = 0.9572069000944794
	After epoch 10: Loss = 0.02648036521004239, R-squared = 0.9702606130835074
	After epoch 11: Loss = 0.024986709586958124, R-squared = 0.9732278244542151
	After epoch 12: Loss = 0.019532921966466228, R-squared = 0.9783144912409639
	After epoch 13: Loss = 0.016701804646604996, R-squared = 0.9834717808010129
	After epoch 14: Loss = 0.017218717384762928, R-squared = 0.9817098295668746
	After epoch 15: Loss = 0.031532356085397006, R-squared = 0.950960642995622
	After epoch 16: Loss = 0.02182090492457161, R-squared = 0.9758511164746754
	After epoch 17: Loss = 0.01642473631961149, R-squared = 0.9827226158850173
	After epoch 18: Loss = 0.012797504334516313, R-squared = 0.984628210241192
	After epoch 19: Loss = 0.014229311125235197, R-squared = 0.9837280375585035
	After epoch 20: Loss = 0.01128118731696592, R-squared = 0.9885362654623095
	After epoch 21: Loss = 0.006314290905519116, R-squared = 0.9932932567826931
	After epoch 22: Loss = 0.007632572364895382, R-squared = 0.9905917243398841
	After epoch 23: Loss = 0.005652001959196936, R-squared = 0.9934059465700089
	After epoch 24: Loss = 0.004722433291260026, R-squared = 0.9948813389318559
	After epoch 25: Loss = 0.004515101684291805, R-squared = 0.9953055890852127
	After epoch 26: Loss = 0.0038665146305787504, R-squared = 0.995889812474454
	After epoch 27: Loss = 0.004359671569998372, R-squared = 0.9950250339138025
	After epoch 28: Loss = 0.003878283784863197, R-squared = 0.9960301035595952
	After epoch 29: Loss = 0.0027191981770937936, R-squared = 0.9972958471737154
	After epoch 30: Loss = 0.005517883791981211, R-squared = 0.9942149594281411
	After epoch 31: Loss = 0.005073224468872023, R-squared = 0.9946409926652512
	After epoch 32: Loss = 0.004807579110727954, R-squared = 0.9939291557414718
	After epoch 33: Loss = 0.002834647372135765, R-squared = 0.9967970249979933
	After epoch 34: Loss = 0.0021137874514719083, R-squared = 0.997777244660497
	After epoch 35: Loss = 0.0024918111127430684, R-squared = 0.9975337651250135
	After epoch 36: Loss = 0.002264986392371428, R-squared = 0.9973560835973787
	After epoch 37: Loss = 0.0018901746249873948, R-squared = 0.9976904785765683
	After epoch 38: Loss = 0.0014897285723961026, R-squared = 0.998361124182319
	After epoch 39: Loss = 0.002457925116882191, R-squared = 0.9975076412724245
	After epoch 40: Loss = 0.0014996642752584202, R-squared = 0.9983925974297468
	After epoch 41: Loss = 0.002343303621861914, R-squared = 0.9974208452386917
	After epoch 42: Loss = 0.001354832281800189, R-squared = 0.9985245178281733
	After epoch 43: Loss = 0.0013444109422856884, R-squared = 0.9985794792566264
	After epoch 44: Loss = 0.0021288930411062245, R-squared = 0.9978631405203473
	After epoch 45: Loss = 0.001357993637319181, R-squared = 0.9985420890939565
	After epoch 46: Loss = 0.0011798337515502332, R-squared = 0.9987581015231344
	After epoch 47: Loss = 0.0016695468347550323, R-squared = 0.9975314339414674
	After epoch 48: Loss = 0.002675548391225172, R-squared = 0.9972014312238562
	After epoch 49: Loss = 0.0023226068810347686, R-squared = 0.9976074465878959
	After epoch 50: Loss = 0.0013854720824602563, R-squared = 0.9983811794141673
Training process has finished.
Using CNN: NoPoolCNN1 with learning rate: 0.001
	After epoch 1: Loss = 1.0004000272677227, R-squared = -0.09248765953052387
	After epoch 2: Loss = 0.6566786568629231, R-squared = 0.28347365686153986
	After epoch 3: Loss = 0.1336509342984728, R-squared = 0.8293773289804847
	After epoch 4: Loss = 0.07877295107494839, R-squared = 0.9135838985856573
	After epoch 5: Loss = 0.030455458902020803, R-squared = 0.9659740979925596
	After epoch 6: Loss = 0.028854076594811255, R-squared = 0.9694194744675515
	After epoch 7: Loss = 0.020788566745669826, R-squared = 0.9789174830980432
	After epoch 8: Loss = 0.02016061818079826, R-squared = 0.9789531776203784
	After epoch 9: Loss = 0.01693065597406735, R-squared = 0.9803077095535289
	After epoch 10: Loss = 0.008434457248130734, R-squared = 0.9906301628459367
	After epoch 11: Loss = 0.011208580551141193, R-squared = 0.9879910005098689
	After epoch 12: Loss = 0.018446134950798686, R-squared = 0.9811359733464527
	After epoch 13: Loss = 0.00615904130370099, R-squared = 0.9936525415233092
	After epoch 14: Loss = 0.010465495055505735, R-squared = 0.9891459408816227
	After epoch 15: Loss = 0.010968826009768753, R-squared = 0.9881965342795322
	After epoch 16: Loss = 0.01984696949596874, R-squared = 0.9776916140094711
	After epoch 17: Loss = 0.012315425940413263, R-squared = 0.9850630436576957
	After epoch 18: Loss = 0.007615781865084187, R-squared = 0.9912502495018878
	After epoch 19: Loss = 0.007883277440172816, R-squared = 0.991965258579792
	After epoch 20: Loss = 0.01203868839244704, R-squared = 0.9861417533075197
	After epoch 21: Loss = 0.01090184270484067, R-squared = 0.988597444189781
	After epoch 22: Loss = 0.004667761074391663, R-squared = 0.9952107530852903
	After epoch 23: Loss = 0.00482967245176308, R-squared = 0.9949856074026808
	After epoch 24: Loss = 0.004601643451711201, R-squared = 0.9943967529271381
	After epoch 25: Loss = 0.0019057942768658485, R-squared = 0.9980747126218124
	After epoch 26: Loss = 0.0019373081439724867, R-squared = 0.997710387020218
	After epoch 27: Loss = 0.002142418709676486, R-squared = 0.9976479696815016
	After epoch 28: Loss = 0.0011787966996123747, R-squared = 0.9986502847494576
	After epoch 29: Loss = 0.0014183905318364833, R-squared = 0.998503961806738
	After epoch 30: Loss = 0.001237198670695796, R-squared = 0.9986373548359889
	After epoch 31: Loss = 0.0014303659462366687, R-squared = 0.9981679201558695
	After epoch 32: Loss = 0.003714603140458985, R-squared = 0.9960333521941406
	After epoch 33: Loss = 0.00439579412471834, R-squared = 0.9948452658039966
	After epoch 34: Loss = 0.0016535751130475622, R-squared = 0.9978059533173355
	After epoch 35: Loss = 0.0012322375202481635, R-squared = 0.9985144640688421
	After epoch 36: Loss = 0.002129698900561999, R-squared = 0.9977174691773566
	After epoch 37: Loss = 0.0024556372613431486, R-squared = 0.9975201949386966
	After epoch 38: Loss = 0.0034901610721085607, R-squared = 0.9962522425334754
	After epoch 39: Loss = 0.00202016610461537, R-squared = 0.9980233402783559
	After epoch 40: Loss = 0.0018205873747898858, R-squared = 0.9979365797030398
	After epoch 41: Loss = 0.002471099894796015, R-squared = 0.9975154656837534
	After epoch 42: Loss = 0.004608332207917225, R-squared = 0.9952962104360786
	After epoch 43: Loss = 0.008006583304343968, R-squared = 0.9919839743092655
	After epoch 44: Loss = 0.021511152603944768, R-squared = 0.9765616817102444
	After epoch 45: Loss = 0.01654270617650813, R-squared = 0.9828643837158595
	After epoch 46: Loss = 0.003683832319497373, R-squared = 0.9960782486820255
	After epoch 47: Loss = 0.002250544779947955, R-squared = 0.9973838157153283
	After epoch 48: Loss = 0.0011665260508680387, R-squared = 0.9987739080314725
	After epoch 49: Loss = 0.0006965295565692044, R-squared = 0.999296376897262
	After epoch 50: Loss = 0.0015248456539440837, R-squared = 0.9982360305546673
Training process has finished.
Using CNN: NoPoolCNN1 with learning rate: 0.005
	After epoch 1: Loss = 0.9447129358562657, R-squared = 0.03869923581960281
	After epoch 2: Loss = 0.9299511879414851, R-squared = 0.0039920609006817934
	After epoch 3: Loss = 0.9886857744007959, R-squared = -0.03509169055162029
	After epoch 4: Loss = 0.8857227996100612, R-squared = -0.025689582948886968
	After epoch 5: Loss = 0.7453893839215875, R-squared = 0.23619392962332192
	After epoch 6: Loss = 0.21199210831030896, R-squared = 0.7446456578467775
	After epoch 7: Loss = 0.26239480649684477, R-squared = 0.7218653615528743
	After epoch 8: Loss = 0.128507125337516, R-squared = 0.8584304573511273
	After epoch 9: Loss = 0.07480843854218025, R-squared = 0.9138224611735886
	After epoch 10: Loss = 0.0578596974919645, R-squared = 0.9410690645305266
	After epoch 11: Loss = 0.0314551649689445, R-squared = 0.9660453193994636
	After epoch 12: Loss = 0.02836620864378527, R-squared = 0.9697576644158674
	After epoch 13: Loss = 0.02369484813388416, R-squared = 0.9755601463783755
	After epoch 14: Loss = 0.024634281920030716, R-squared = 0.97417572755957
	After epoch 15: Loss = 0.03177252394269601, R-squared = 0.9672938640212918
	After epoch 16: Loss = 0.021227574247617117, R-squared = 0.9782868152790243
	After epoch 17: Loss = 0.022212803131976783, R-squared = 0.9755657364309073
	After epoch 18: Loss = 0.020253570697493443, R-squared = 0.978914622744877
	After epoch 19: Loss = 0.025565839629765524, R-squared = 0.9736091508862923
	After epoch 20: Loss = 0.03198071963473269, R-squared = 0.9670668344199089
	After epoch 21: Loss = 0.027179168188199144, R-squared = 0.9717732976666861
	After epoch 22: Loss = 0.02291100836061451, R-squared = 0.9728449746525472
	After epoch 23: Loss = 0.018843442427762543, R-squared = 0.9812277028587527
	After epoch 24: Loss = 0.017131910979496227, R-squared = 0.9772252709759826
	After epoch 25: Loss = 0.0162937918279508, R-squared = 0.9818758317287919
	After epoch 26: Loss = 0.012813253378127162, R-squared = 0.9869219725446318
	After epoch 27: Loss = 0.013675001702963244, R-squared = 0.9858160662887245
	After epoch 28: Loss = 0.012239274877202793, R-squared = 0.9871728054636915
	After epoch 29: Loss = 0.016729424143465337, R-squared = 0.9841697101051958
	After epoch 30: Loss = 0.013640099766815756, R-squared = 0.9859125025529492
	After epoch 31: Loss = 0.01125770116375412, R-squared = 0.9885893221960457
	After epoch 32: Loss = 0.009391412445094784, R-squared = 0.9903294189236369
	After epoch 33: Loss = 0.010618677601255648, R-squared = 0.9855575602235598
	After epoch 34: Loss = 0.01120506794664556, R-squared = 0.98711606439545
	After epoch 35: Loss = 0.012374843524594314, R-squared = 0.9873408300411418
	After epoch 36: Loss = 0.009585127993392945, R-squared = 0.9899894017805793
	After epoch 37: Loss = 0.006217912294869138, R-squared = 0.9939523680388704
	After epoch 38: Loss = 0.012943493789197185, R-squared = 0.9879316231353756
	After epoch 39: Loss = 0.01493784484298199, R-squared = 0.9846318198961594
	After epoch 40: Loss = 0.0054307704927923, R-squared = 0.994428498039315
	After epoch 41: Loss = 0.0040269473437279804, R-squared = 0.9959738046936497
	After epoch 42: Loss = 0.002488449436317203, R-squared = 0.9974896497910004
	After epoch 43: Loss = 0.0015955038383245826, R-squared = 0.9981030778385961
	After epoch 44: Loss = 0.0012441075638986963, R-squared = 0.9986339341064749
	After epoch 45: Loss = 0.001328956651041987, R-squared = 0.9986433713800176
	After epoch 46: Loss = 0.0013771354987865622, R-squared = 0.9982122805091809
	After epoch 47: Loss = 0.0014086336430732657, R-squared = 0.9982004716480878
	After epoch 48: Loss = 0.0015846098790582189, R-squared = 0.9983945749649482
	After epoch 49: Loss = 0.004581038885041867, R-squared = 0.9954381240765917
	After epoch 50: Loss = 0.0036818923620537797, R-squared = 0.9959488204489236
Training process has finished.
Time taken for NoPoolCNN1: 357.5820996761322 seconds
Using CNN: NoPoolCNN3 with learning rate: 1e-05
	After epoch 1: Loss = 1.000935639239636, R-squared = -0.0713334730969267
	After epoch 2: Loss = 1.0014489959174577, R-squared = -0.023550290624306646
	After epoch 3: Loss = 0.998597066460782, R-squared = -0.10201651860077876
	After epoch 4: Loss = 0.9977445769158331, R-squared = -0.018536513046934953
	After epoch 5: Loss = 1.0006717626120414, R-squared = -0.03818324025681395
	After epoch 6: Loss = 0.9970983151023158, R-squared = -0.010679613338156691
	After epoch 7: Loss = 0.9971887018575064, R-squared = -0.015043457547866124
	After epoch 8: Loss = 1.0002948114964159, R-squared = -0.08614183066293218
	After epoch 9: Loss = 0.9943424303042603, R-squared = -0.05010161157153583
	After epoch 10: Loss = 0.9955780062779354, R-squared = -0.020779378164964845
	After epoch 11: Loss = 0.9934892596829759, R-squared = -0.06898242063650482
	After epoch 12: Loss = 0.9972378124507145, R-squared = -0.03491121586501248
	After epoch 13: Loss = 0.9933250383967304, R-squared = -0.0337652873569903
	After epoch 14: Loss = 0.9869406315551992, R-squared = -0.04650599626372098
	After epoch 15: Loss = 0.9843902968157501, R-squared = -0.029669059667154198
	After epoch 16: Loss = 0.9821468605049148, R-squared = -0.15233137490227988
	After epoch 17: Loss = 0.9796832027341683, R-squared = 0.0023478280859574262
	After epoch 18: Loss = 0.9689013527704111, R-squared = -0.026654216907711047
	After epoch 19: Loss = 0.9604703905466023, R-squared = 0.01332966427182224
	After epoch 20: Loss = 0.9468658190748114, R-squared = 0.01630657445485123
	After epoch 21: Loss = 0.930584619824967, R-squared = -4.588121211577256e-05
	After epoch 22: Loss = 0.9150206757327519, R-squared = 0.07249415398290672
	After epoch 23: Loss = 0.8928679056358935, R-squared = 0.08319725338518381
	After epoch 24: Loss = 0.868582922720081, R-squared = 0.08588522728382551
	After epoch 25: Loss = 0.8341403143825408, R-squared = 0.15243678257904542
	After epoch 26: Loss = 0.7992424836834735, R-squared = 0.19389306737400389
	After epoch 27: Loss = 0.7600711176469274, R-squared = 0.23370379135764924
	After epoch 28: Loss = 0.7167453503279054, R-squared = 0.27900775376717435
	After epoch 29: Loss = 0.6713075110476135, R-squared = 0.32880587099322894
	After epoch 30: Loss = 0.6229186576277512, R-squared = 0.37872857281953115
	After epoch 31: Loss = 0.5748684412726304, R-squared = 0.43064236166976777
	After epoch 32: Loss = 0.5256085542716635, R-squared = 0.47420915865790547
	After epoch 33: Loss = 0.47987379060969804, R-squared = 0.5239133986326496
	After epoch 34: Loss = 0.43247738843391764, R-squared = 0.5588006459022679
	After epoch 35: Loss = 0.3844416179553941, R-squared = 0.6128811599153687
	After epoch 36: Loss = 0.3410755542416247, R-squared = 0.6561923382127954
	After epoch 37: Loss = 0.2969859782513902, R-squared = 0.7080867417900558
	After epoch 38: Loss = 0.25799447714989976, R-squared = 0.7334217773448778
	After epoch 39: Loss = 0.2334536357717892, R-squared = 0.7611881046927123
	After epoch 40: Loss = 0.2148311430765352, R-squared = 0.7514240821808698
	After epoch 41: Loss = 0.1831676906231133, R-squared = 0.7844938322867975
	After epoch 42: Loss = 0.1668765235573342, R-squared = 0.8277442601897974
	After epoch 43: Loss = 0.1454691650342481, R-squared = 0.8524496041380866
	After epoch 44: Loss = 0.13119942479264618, R-squared = 0.8635804041751418
	After epoch 45: Loss = 0.11935465823409781, R-squared = 0.8663109088674668
	After epoch 46: Loss = 0.10717104526004648, R-squared = 0.8886298604207485
	After epoch 47: Loss = 0.09608794719413197, R-squared = 0.8968604526829486
	After epoch 48: Loss = 0.08558375025225265, R-squared = 0.9098931579915182
	After epoch 49: Loss = 0.07827072920915709, R-squared = 0.9207861421153332
	After epoch 50: Loss = 0.06880691522275029, R-squared = 0.9286067015968783
Training process has finished.
Using CNN: NoPoolCNN3 with learning rate: 5e-05
	After epoch 1: Loss = 1.040317996725523, R-squared = -0.04741131793617435
	After epoch 2: Loss = 1.0186618598157726, R-squared = -0.03857979247568459
	After epoch 3: Loss = 0.9872018427237904, R-squared = -0.0006168611660212209
	After epoch 4: Loss = 0.9405993139217955, R-squared = 0.0015855067355408537
	After epoch 5: Loss = 0.8687896879769399, R-squared = 0.10797871376233574
	After epoch 6: Loss = 0.7225394328800354, R-squared = 0.2628413534751443
	After epoch 7: Loss = 0.4701640349251174, R-squared = 0.4901388159559222
	After epoch 8: Loss = 0.24973319306594804, R-squared = 0.7511904786780836
	After epoch 9: Loss = 0.09950149683098727, R-squared = 0.883121992475697
	After epoch 10: Loss = 0.06316199650866403, R-squared = 0.9262922625843426
	After epoch 11: Loss = 0.05318135605803943, R-squared = 0.9436267409272137
	After epoch 12: Loss = 0.04838136432353309, R-squared = 0.9385596916374022
	After epoch 13: Loss = 0.047897748641937445, R-squared = 0.9445414721717219
	After epoch 14: Loss = 0.04500861563857071, R-squared = 0.9510732305387538
	After epoch 15: Loss = 0.04832626660382705, R-squared = 0.9465976481110239
	After epoch 16: Loss = 0.041055616689298906, R-squared = 0.9558318997929744
	After epoch 17: Loss = 0.03961349448324945, R-squared = 0.9579570055091098
	After epoch 18: Loss = 0.0371474056141955, R-squared = 0.9565020216086622
	After epoch 19: Loss = 0.037835147376740305, R-squared = 0.9606315178866984
	After epoch 20: Loss = 0.0346618704416714, R-squared = 0.9630639679721075
	After epoch 21: Loss = 0.032687571581823276, R-squared = 0.9634321004416583
	After epoch 22: Loss = 0.03153084383072358, R-squared = 0.9665553605282664
	After epoch 23: Loss = 0.03159620933620291, R-squared = 0.9637318337779537
	After epoch 24: Loss = 0.028948202609618813, R-squared = 0.9680196748669209
	After epoch 25: Loss = 0.030262413130513165, R-squared = 0.9679686368157288
	After epoch 26: Loss = 0.029273962844150785, R-squared = 0.9689146582665021
	After epoch 27: Loss = 0.026950780167394474, R-squared = 0.9697328980726642
	After epoch 28: Loss = 0.028693541635590354, R-squared = 0.9679340591466176
	After epoch 29: Loss = 0.0306849369020445, R-squared = 0.9658865742194654
	After epoch 30: Loss = 0.026247309611561527, R-squared = 0.9680654100623324
	After epoch 31: Loss = 0.02349110196446823, R-squared = 0.9651966084690624
	After epoch 32: Loss = 0.02349940888214046, R-squared = 0.9755939253890107
	After epoch 33: Loss = 0.028372447371499847, R-squared = 0.9691600228377981
	After epoch 34: Loss = 0.03086826080069288, R-squared = 0.9678345223857617
	After epoch 35: Loss = 0.02354115020347676, R-squared = 0.9761203778200116
	After epoch 36: Loss = 0.022697786642383682, R-squared = 0.9775813922609553
	After epoch 37: Loss = 0.02293736584658612, R-squared = 0.9765579009428315
	After epoch 38: Loss = 0.021518486255671637, R-squared = 0.9780041940205317
	After epoch 39: Loss = 0.020321440578180253, R-squared = 0.9763772273840571
	After epoch 40: Loss = 0.021197801968093184, R-squared = 0.9769530714808529
	After epoch 41: Loss = 0.019317988745749585, R-squared = 0.9796820082817467
	After epoch 42: Loss = 0.02000101141764537, R-squared = 0.9789954670485029
	After epoch 43: Loss = 0.020129898415713755, R-squared = 0.9795693023456205
	After epoch 44: Loss = 0.021341398198490433, R-squared = 0.9784063759083491
	After epoch 45: Loss = 0.02013841013873912, R-squared = 0.9774202693637448
	After epoch 46: Loss = 0.019733448391616837, R-squared = 0.9801605919147353
	After epoch 47: Loss = 0.018117907228848464, R-squared = 0.9797822030773471
	After epoch 48: Loss = 0.017128950073213117, R-squared = 0.9826111865712692
	After epoch 49: Loss = 0.016299358647596372, R-squared = 0.9817971424986333
	After epoch 50: Loss = 0.015941597143070967, R-squared = 0.9834904664246581
Training process has finished.
Using CNN: NoPoolCNN3 with learning rate: 0.0001
	After epoch 1: Loss = 1.0184981854244592, R-squared = -0.02470490965998322
	After epoch 2: Loss = 0.9839041920372414, R-squared = -0.027449011865756767
	After epoch 3: Loss = 0.9333217749168867, R-squared = 0.03710106815045398
	After epoch 4: Loss = 0.7790472096040091, R-squared = 0.20372680368369323
	After epoch 5: Loss = 0.47383791053872304, R-squared = 0.5150634554438449
	After epoch 6: Loss = 0.16663741834526882, R-squared = 0.8219590344058118
	After epoch 7: Loss = 0.10157229440438376, R-squared = 0.8802385151645332
	After epoch 8: Loss = 0.05465203206180127, R-squared = 0.9462395790934688
	After epoch 9: Loss = 0.041124444747262685, R-squared = 0.9235770146747297
	After epoch 10: Loss = 0.03818300283882373, R-squared = 0.9608279424855379
	After epoch 11: Loss = 0.041327202088051324, R-squared = 0.9547227162233336
	After epoch 12: Loss = 0.04277336020355037, R-squared = 0.9566188855100842
	After epoch 13: Loss = 0.03246442879117743, R-squared = 0.9655317505492652
	After epoch 14: Loss = 0.030117004019367056, R-squared = 0.9658554408510815
	After epoch 15: Loss = 0.028263757525596556, R-squared = 0.9667015029887585
	After epoch 16: Loss = 0.026220569423688278, R-squared = 0.9721171729731081
	After epoch 17: Loss = 0.023747816970225828, R-squared = 0.9745580349002811
	After epoch 18: Loss = 0.022929208489353183, R-squared = 0.9752476048032814
	After epoch 19: Loss = 0.020455267429478546, R-squared = 0.9775012654373201
	After epoch 20: Loss = 0.02115446185258289, R-squared = 0.9781266961617568
	After epoch 21: Loss = 0.02496304088896386, R-squared = 0.9733133602516728
	After epoch 22: Loss = 0.015498305684681668, R-squared = 0.9837990618333304
	After epoch 23: Loss = 0.01467549138849562, R-squared = 0.9836392757918919
	After epoch 24: Loss = 0.015292827959185889, R-squared = 0.983863562120861
	After epoch 25: Loss = 0.011626290934166632, R-squared = 0.9876803013459279
	After epoch 26: Loss = 0.010971864830578184, R-squared = 0.9877000389450108
	After epoch 27: Loss = 0.011500318436532096, R-squared = 0.9876001668952261
	After epoch 28: Loss = 0.010918142225775475, R-squared = 0.9893363112936697
	After epoch 29: Loss = 0.013193860757300868, R-squared = 0.9858759747974588
	After epoch 30: Loss = 0.010311267283074277, R-squared = 0.9893582323266046
	After epoch 31: Loss = 0.012692332098650977, R-squared = 0.9873037779441652
	After epoch 32: Loss = 0.014436896628759582, R-squared = 0.9846136996355834
	After epoch 33: Loss = 0.01596128877594441, R-squared = 0.9835367492836997
	After epoch 34: Loss = 0.019995018936502, R-squared = 0.980891633359793
	After epoch 35: Loss = 0.019333520646172036, R-squared = 0.9740655602489318
	After epoch 36: Loss = 0.015723623916632408, R-squared = 0.9841867636919895
	After epoch 37: Loss = 0.00863039963902255, R-squared = 0.9915066145139486
	After epoch 38: Loss = 0.007738670447171964, R-squared = 0.9899490900612898
	After epoch 39: Loss = 0.008607019255956874, R-squared = 0.9907350657499651
	After epoch 40: Loss = 0.00796775431755448, R-squared = 0.9920236512604952
	After epoch 41: Loss = 0.007728281274250512, R-squared = 0.9922074203515912
	After epoch 42: Loss = 0.009514730638060452, R-squared = 0.9899040535037693
	After epoch 43: Loss = 0.0063481902699161485, R-squared = 0.9932802507434777
	After epoch 44: Loss = 0.0056712660622188545, R-squared = 0.9938589594272058
	After epoch 45: Loss = 0.006948113660732303, R-squared = 0.9920386083315413
	After epoch 46: Loss = 0.006621559781723708, R-squared = 0.9927268537370597
	After epoch 47: Loss = 0.0048790623595750746, R-squared = 0.9947906780410118
	After epoch 48: Loss = 0.005709551450300032, R-squared = 0.9940580072996911
	After epoch 49: Loss = 0.007291949386722012, R-squared = 0.9923518832837799
	After epoch 50: Loss = 0.0070085691396565885, R-squared = 0.9930864217158891
Training process has finished.
Using CNN: NoPoolCNN3 with learning rate: 0.0005
	After epoch 1: Loss = 0.948400415177565, R-squared = 0.02757530781443751
	After epoch 2: Loss = 0.5389168029062439, R-squared = 0.4451540588713593
	After epoch 3: Loss = 0.2730584047426937, R-squared = 0.7119789175719653
	After epoch 4: Loss = 0.13018928405054628, R-squared = 0.8621986010047866
	After epoch 5: Loss = 0.08469299984334812, R-squared = 0.9086858651830957
	After epoch 6: Loss = 0.055811256187950485, R-squared = 0.9435000645904182
	After epoch 7: Loss = 0.04317898096408242, R-squared = 0.9478727884350775
	After epoch 8: Loss = 0.03797184602084848, R-squared = 0.9452630904936212
	After epoch 9: Loss = 0.030607962224238693, R-squared = 0.9673951527755216
	After epoch 10: Loss = 0.029573719386767932, R-squared = 0.9684466289519078
	After epoch 11: Loss = 0.02530490114992162, R-squared = 0.9718611275952245
	After epoch 12: Loss = 0.027465387443976003, R-squared = 0.971894409605276
	After epoch 13: Loss = 0.02426821793964301, R-squared = 0.9746594474739654
	After epoch 14: Loss = 0.02113111941000111, R-squared = 0.9773542003929903
	After epoch 15: Loss = 0.018813897753402024, R-squared = 0.9808468619537175
	After epoch 16: Loss = 0.02277300442535763, R-squared = 0.9772006595218039
	After epoch 17: Loss = 0.015988455639858134, R-squared = 0.9808623975148507
	After epoch 18: Loss = 0.015498106104128892, R-squared = 0.9819269591908235
	After epoch 19: Loss = 0.01647058839514063, R-squared = 0.9820163915973582
	After epoch 20: Loss = 0.014357295350706161, R-squared = 0.9852918955693216
	After epoch 21: Loss = 0.012782673873437952, R-squared = 0.985953754083391
	After epoch 22: Loss = 0.013028098587173112, R-squared = 0.9864218023960388
	After epoch 23: Loss = 0.011596962062399269, R-squared = 0.9879779383411472
	After epoch 24: Loss = 0.010557578094329625, R-squared = 0.9880958268307269
	After epoch 25: Loss = 0.008772656871359133, R-squared = 0.9905080955532826
	After epoch 26: Loss = 0.0052215791961986256, R-squared = 0.9939080645774652
	After epoch 27: Loss = 0.009604490376091184, R-squared = 0.990303272687681
	After epoch 28: Loss = 0.02660359553177316, R-squared = 0.9714148752784706
	After epoch 29: Loss = 0.016271737939293564, R-squared = 0.9798049974169887
	After epoch 30: Loss = 0.01192016993279028, R-squared = 0.9871969117374506
	After epoch 31: Loss = 0.008518283561062334, R-squared = 0.9905691420695406
	After epoch 32: Loss = 0.0062143718617087, R-squared = 0.99364886903928
	After epoch 33: Loss = 0.004322816519293458, R-squared = 0.9955113555839906
	After epoch 34: Loss = 0.005238948308142945, R-squared = 0.9934836622539281
	After epoch 35: Loss = 0.0033896996840972774, R-squared = 0.9960781157036825
	After epoch 36: Loss = 0.00536142234604264, R-squared = 0.9948890158885785
	After epoch 37: Loss = 0.002479135672628183, R-squared = 0.997319929440253
	After epoch 38: Loss = 0.0018473646131278092, R-squared = 0.9973762694970144
	After epoch 39: Loss = 0.0020685903257476436, R-squared = 0.9979310447801364
	After epoch 40: Loss = 0.0018307182790057853, R-squared = 0.9982355981179618
	After epoch 41: Loss = 0.0010720129101501978, R-squared = 0.9988063818324656
	After epoch 42: Loss = 0.001566679041761751, R-squared = 0.9983398667394333
	After epoch 43: Loss = 0.0015816172287849279, R-squared = 0.998443275575936
	After epoch 44: Loss = 0.002321787309589253, R-squared = 0.9970085484338324
	After epoch 45: Loss = 0.009319295914243717, R-squared = 0.9914074202595474
	After epoch 46: Loss = 0.01557653812476172, R-squared = 0.9833009131736101
	After epoch 47: Loss = 0.011427380807022292, R-squared = 0.9864780994358391
	After epoch 48: Loss = 0.00613594158658195, R-squared = 0.9935103151074671
	After epoch 49: Loss = 0.003583636733653107, R-squared = 0.9962337489839405
	After epoch 50: Loss = 0.0021818697399418377, R-squared = 0.9977728182428878
Training process has finished.
Using CNN: NoPoolCNN3 with learning rate: 0.001
	After epoch 1: Loss = 1.0551669101329382, R-squared = -0.08292635823950731
	After epoch 2: Loss = 0.8100080358325148, R-squared = -0.10833078483191023
	After epoch 3: Loss = 0.1718068246264694, R-squared = 0.825569653772002
	After epoch 4: Loss = 0.10365087538898163, R-squared = 0.8892591958875464
	After epoch 5: Loss = 0.05110499129677182, R-squared = 0.9435044270496539
	After epoch 6: Loss = 0.02830118742115021, R-squared = 0.9679644674895209
	After epoch 7: Loss = 0.025332346675674956, R-squared = 0.968099197297389
	After epoch 8: Loss = 0.01756302641632974, R-squared = 0.9811180671604852
	After epoch 9: Loss = 0.0136790922385984, R-squared = 0.9863394449449772
	After epoch 10: Loss = 0.012544293874251624, R-squared = 0.9858916931096866
	After epoch 11: Loss = 0.013381966701683895, R-squared = 0.9852365436878262
	After epoch 12: Loss = 0.01402790359917847, R-squared = 0.985168711622715
	After epoch 13: Loss = 0.010482711080741931, R-squared = 0.9874008568217503
	After epoch 14: Loss = 0.015297458210517017, R-squared = 0.9846776284147302
	After epoch 15: Loss = 0.019129594854648813, R-squared = 0.9766952075474604
	After epoch 16: Loss = 0.007979302196051976, R-squared = 0.991020519226528
	After epoch 17: Loss = 0.01549270473332764, R-squared = 0.979964898699141
	After epoch 18: Loss = 0.020928577921920644, R-squared = 0.9789199241704388
	After epoch 19: Loss = 0.024588547364718397, R-squared = 0.9714833503978669
	After epoch 20: Loss = 0.03556804215538506, R-squared = 0.9622339112506643
	After epoch 21: Loss = 0.02663413463434754, R-squared = 0.9736084854020823
	After epoch 22: Loss = 0.014821411516165789, R-squared = 0.984898558657801
	After epoch 23: Loss = 0.010033781902274688, R-squared = 0.9886249545644343
	After epoch 24: Loss = 0.008715710621064465, R-squared = 0.9900331352532454
	After epoch 25: Loss = 0.011409644761899252, R-squared = 0.9880160890562559
	After epoch 26: Loss = 0.01694840981318596, R-squared = 0.9796615956094605
	After epoch 27: Loss = 0.01393195517683878, R-squared = 0.9826113160603491
	After epoch 28: Loss = 0.013627524956330992, R-squared = 0.9789987426836669
	After epoch 29: Loss = 0.025824662955576727, R-squared = 0.973277332827241
	After epoch 30: Loss = 0.01621358382694831, R-squared = 0.9830415328441419
	After epoch 31: Loss = 0.006665089831473711, R-squared = 0.9927768604387417
	After epoch 32: Loss = 0.0056973520459303794, R-squared = 0.9941283324605548
	After epoch 33: Loss = 0.003075570290145028, R-squared = 0.9967177436251398
	After epoch 34: Loss = 0.00408576811359599, R-squared = 0.9957934973376762
	After epoch 35: Loss = 0.003586837478854145, R-squared = 0.9961919861478474
	After epoch 36: Loss = 0.004940392497206873, R-squared = 0.9946184931614439
	After epoch 37: Loss = 0.002298686784713225, R-squared = 0.997647584716554
	After epoch 38: Loss = 0.0019344234042669912, R-squared = 0.9978900128430975
	After epoch 39: Loss = 0.003279001833730519, R-squared = 0.9968741640302667
	After epoch 40: Loss = 0.005502768071048481, R-squared = 0.9942475507241271
	After epoch 41: Loss = 0.007810631839743816, R-squared = 0.9915128210624541
	After epoch 42: Loss = 0.0021093288224412403, R-squared = 0.9978013844240486
	After epoch 43: Loss = 0.001583425569785819, R-squared = 0.9984056568302633
	After epoch 44: Loss = 0.0022132827125596675, R-squared = 0.9972825099240031
	After epoch 45: Loss = 0.0016370175452186746, R-squared = 0.9982987534689602
	After epoch 46: Loss = 0.001102426214810371, R-squared = 0.9987123943440223
	After epoch 47: Loss = 0.001441711839535322, R-squared = 0.9984555218684381
	After epoch 48: Loss = 0.0019689622377729705, R-squared = 0.9979653654167404
	After epoch 49: Loss = 0.0022165044591571413, R-squared = 0.9972610655239043
	After epoch 50: Loss = 0.003983746868949145, R-squared = 0.9953906369960148
Training process has finished.
Using CNN: NoPoolCNN3 with learning rate: 0.005
	After epoch 1: Loss = 1.0649756784656563, R-squared = -0.1111633640353709
	After epoch 2: Loss = 1.0024747361649498, R-squared = -0.10492097347104785
	After epoch 3: Loss = 1.0036582278528807, R-squared = -0.0763561648822795
	After epoch 4: Loss = 0.8911547304718086, R-squared = 0.08589478877627404
	After epoch 5: Loss = 0.7298009930747928, R-squared = 0.26674732662365824
	After epoch 6: Loss = 0.5375847634145249, R-squared = 0.3972785784194959
	After epoch 7: Loss = 0.9217850022538677, R-squared = 0.0627916685119889
	After epoch 8: Loss = 0.8355014527274246, R-squared = 0.14252413145092035
	After epoch 9: Loss = 0.5306933286687519, R-squared = 0.45191533631959935
	After epoch 10: Loss = 0.2887548139282165, R-squared = 0.7088097395512966
	After epoch 11: Loss = 0.08816097053310568, R-squared = 0.9004536658395523
	After epoch 12: Loss = 0.07346990661387878, R-squared = 0.9169405146839494
	After epoch 13: Loss = 0.04121253824441816, R-squared = 0.954875769866552
	After epoch 14: Loss = 0.03750868126898162, R-squared = 0.9465710317802861
	After epoch 15: Loss = 0.029441890502560304, R-squared = 0.9699055667929699
	After epoch 16: Loss = 0.03384975821095808, R-squared = 0.963688277658768
	After epoch 17: Loss = 0.026953351088541078, R-squared = 0.9694433975605129
	After epoch 18: Loss = 0.02300919324478501, R-squared = 0.9749652615085882
	After epoch 19: Loss = 0.020361397636072066, R-squared = 0.9742372337303923
	After epoch 20: Loss = 0.02965176956402104, R-squared = 0.9697760834751226
	After epoch 21: Loss = 0.034132293897482034, R-squared = 0.9616474443399664
	After epoch 22: Loss = 0.019889273917498652, R-squared = 0.9802565118319247
	After epoch 23: Loss = 0.01899287165046392, R-squared = 0.980150583077356
	After epoch 24: Loss = 0.01570003652559604, R-squared = 0.9822645449042884
	After epoch 25: Loss = 0.014694647264317712, R-squared = 0.9835159919701093
	After epoch 26: Loss = 0.010302052047223124, R-squared = 0.9892276355180618
	After epoch 27: Loss = 0.006372157828157372, R-squared = 0.9930372875925151
	After epoch 28: Loss = 0.005663882118752284, R-squared = 0.9917810620861898
	After epoch 29: Loss = 0.0034568886485613084, R-squared = 0.9961222947776859
	After epoch 30: Loss = 0.003326137373738275, R-squared = 0.9962961431356853
	After epoch 31: Loss = 0.0048219778236679, R-squared = 0.9950978409071416
	After epoch 32: Loss = 0.005637133756210272, R-squared = 0.9942071814262409
	After epoch 33: Loss = 0.003009329231067163, R-squared = 0.9970262737075342
	After epoch 34: Loss = 0.004270228809674001, R-squared = 0.9956232479091336
	After epoch 35: Loss = 0.004437807266996175, R-squared = 0.9948123607443098
	After epoch 36: Loss = 0.002964195339771724, R-squared = 0.996836415079296
	After epoch 37: Loss = 0.001781000493843069, R-squared = 0.9982122865551437
	After epoch 38: Loss = 0.0014423464419613358, R-squared = 0.9984262779163728
	After epoch 39: Loss = 0.0018892691811415309, R-squared = 0.9980110693338444
	After epoch 40: Loss = 0.0012788062504946113, R-squared = 0.9985685730753142
	After epoch 41: Loss = 0.0014754584710499204, R-squared = 0.9984147089909472
	After epoch 42: Loss = 0.0021811481488371092, R-squared = 0.9977540981704637
	After epoch 43: Loss = 0.002100799272157765, R-squared = 0.9980659058347566
	After epoch 44: Loss = 0.0022516700504009654, R-squared = 0.9974940809650699
	After epoch 45: Loss = 0.001663190481336917, R-squared = 0.9983202820071467
	After epoch 46: Loss = 0.0015342431644204736, R-squared = 0.9979391880227194
	After epoch 47: Loss = 0.0013199216638903485, R-squared = 0.9983610946638652
	After epoch 48: Loss = 0.0013481042884256043, R-squared = 0.9985777587244588
	After epoch 49: Loss = 0.0009131358843344461, R-squared = 0.9990593196822664
	After epoch 50: Loss = 0.0015954496974368878, R-squared = 0.9983972081610387
Training process has finished.
Time taken for NoPoolCNN3: 388.1019344329834 seconds
Using CNN: NoPoolCNN4 with learning rate: 1e-05
	After epoch 1: Loss = 1.0242456274008351, R-squared = -0.030561417835374315
	After epoch 2: Loss = 1.0196009076475885, R-squared = -0.03912589415399474
	After epoch 3: Loss = 1.018926878450684, R-squared = -0.21831986863178052
	After epoch 4: Loss = 1.013730005865943, R-squared = -0.024179219267009257
	After epoch 5: Loss = 1.006471954061855, R-squared = -0.026376444191917193
	After epoch 6: Loss = 1.0012594410528812, R-squared = -0.01857006930593984
	After epoch 7: Loss = 0.9940583208821752, R-squared = -0.010637707540745823
	After epoch 8: Loss = 0.9842520938300622, R-squared = 0.0021037181508882564
	After epoch 9: Loss = 0.9747685084397648, R-squared = -0.018446207884545086
	After epoch 10: Loss = 0.9617363644986578, R-squared = -0.02803793957880535
	After epoch 11: Loss = 0.9482948977859114, R-squared = 0.025052254497963666
	After epoch 12: Loss = 0.9260835456298511, R-squared = 0.029378556544544066
	After epoch 13: Loss = 0.8980140194051552, R-squared = 0.07017875077326409
	After epoch 14: Loss = 0.8654708026662753, R-squared = 0.09313032678925784
	After epoch 15: Loss = 0.8192484945649741, R-squared = 0.15502371434293744
	After epoch 16: Loss = 0.7642654937202739, R-squared = 0.22888821459120323
	After epoch 17: Loss = 0.6960458993219328, R-squared = 0.29740549400770544
	After epoch 18: Loss = 0.6177747790594352, R-squared = 0.3788959041381603
	After epoch 19: Loss = 0.5246020840986616, R-squared = 0.47127621558916244
	After epoch 20: Loss = 0.4344106865976972, R-squared = 0.5653986540839882
	After epoch 21: Loss = 0.34305372260707384, R-squared = 0.6530969817505519
	After epoch 22: Loss = 0.26866803203023004, R-squared = 0.7306301878334412
	After epoch 23: Loss = 0.21591050317200047, R-squared = 0.7824980225542205
	After epoch 24: Loss = 0.17372708268062736, R-squared = 0.8123211857806609
	After epoch 25: Loss = 0.1531868353523004, R-squared = 0.8418141614566073
	After epoch 26: Loss = 0.13094966158830396, R-squared = 0.8619702929509586
	After epoch 27: Loss = 0.11477313582480844, R-squared = 0.8414376651705892
	After epoch 28: Loss = 0.09706955154760721, R-squared = 0.8965030764083843
	After epoch 29: Loss = 0.08331748342107802, R-squared = 0.9040176239529405
	After epoch 30: Loss = 0.07197291114305987, R-squared = 0.9253765156339238
	After epoch 31: Loss = 0.06334451244263743, R-squared = 0.928588144624903
	After epoch 32: Loss = 0.05685061045397286, R-squared = 0.9375349817705324
	After epoch 33: Loss = 0.051462242938127414, R-squared = 0.9467380398827393
	After epoch 34: Loss = 0.044967326582993274, R-squared = 0.9511097271504504
	After epoch 35: Loss = 0.04095305045858812, R-squared = 0.9538099591755265
	After epoch 36: Loss = 0.03814588947386672, R-squared = 0.9606524548819573
	After epoch 37: Loss = 0.034913743537315876, R-squared = 0.9628726021541583
	After epoch 38: Loss = 0.03300003865064348, R-squared = 0.964128598862293
	After epoch 39: Loss = 0.03059955336453442, R-squared = 0.9673306454978942
	After epoch 40: Loss = 0.031833310207775536, R-squared = 0.9680890568441713
	After epoch 41: Loss = 0.029830067419194407, R-squared = 0.9692209658227376
	After epoch 42: Loss = 0.02713070529083248, R-squared = 0.9714320882196583
	After epoch 43: Loss = 0.02571648558280955, R-squared = 0.9724512663758151
	After epoch 44: Loss = 0.025367135317328565, R-squared = 0.9738342040895368
	After epoch 45: Loss = 0.023969652068979854, R-squared = 0.9735751132145511
	After epoch 46: Loss = 0.023187785480084187, R-squared = 0.9759884021086329
	After epoch 47: Loss = 0.022726888956044685, R-squared = 0.9763704671994189
	After epoch 48: Loss = 0.022227493011558398, R-squared = 0.9771028618338289
	After epoch 49: Loss = 0.022061129384747098, R-squared = 0.9631911771978368
	After epoch 50: Loss = 0.021303720319165217, R-squared = 0.9777565371994212
Training process has finished.
Using CNN: NoPoolCNN4 with learning rate: 5e-05
	After epoch 1: Loss = 1.0248472542840537, R-squared = -0.040981031666141476
	After epoch 2: Loss = 0.9993032850147193, R-squared = -0.024671603293835376
	After epoch 3: Loss = 0.9797182273528039, R-squared = -0.0006179381581888465
	After epoch 4: Loss = 0.9397437847630545, R-squared = 0.043985227290535014
	After epoch 5: Loss = 0.8465736749349146, R-squared = 0.10474180148532164
	After epoch 6: Loss = 0.666450458121305, R-squared = 0.11023758369053512
	After epoch 7: Loss = 0.4006111686021737, R-squared = 0.5833260055163516
	After epoch 8: Loss = 0.1871475986626649, R-squared = 0.7956093861335952
	After epoch 9: Loss = 0.07594038688849365, R-squared = 0.9113113699552823
	After epoch 10: Loss = 0.052091952296750975, R-squared = 0.9404059565350602
	After epoch 11: Loss = 0.04371590546827097, R-squared = 0.9463170848251437
	After epoch 12: Loss = 0.04462530401839489, R-squared = 0.9520464889900117
	After epoch 13: Loss = 0.04095592646952491, R-squared = 0.9542209576106988
	After epoch 14: Loss = 0.037875954110207555, R-squared = 0.9611344490270499
	After epoch 15: Loss = 0.03790518803827114, R-squared = 0.9600631088119558
	After epoch 16: Loss = 0.038003026815843145, R-squared = 0.9540693222143297
	After epoch 17: Loss = 0.030923747259174166, R-squared = 0.9678362127373837
	After epoch 18: Loss = 0.02820410973707116, R-squared = 0.971201774456038
	After epoch 19: Loss = 0.02616001807452541, R-squared = 0.9710739095434869
	After epoch 20: Loss = 0.02415567590859135, R-squared = 0.9742787860474171
	After epoch 21: Loss = 0.024579821518312214, R-squared = 0.9756920117445631
	After epoch 22: Loss = 0.02337470691206702, R-squared = 0.9760721907680082
	After epoch 23: Loss = 0.021473994743113154, R-squared = 0.977072807222285
	After epoch 24: Loss = 0.021879244741264806, R-squared = 0.9771523524961354
	After epoch 25: Loss = 0.02021141658878455, R-squared = 0.9790137717596077
	After epoch 26: Loss = 0.018730358506584645, R-squared = 0.9801814684046652
	After epoch 27: Loss = 0.01946607372705347, R-squared = 0.9792081661952355
	After epoch 28: Loss = 0.01816902415087343, R-squared = 0.9790127145224705
	After epoch 29: Loss = 0.016993672205259394, R-squared = 0.9822527669999847
	After epoch 30: Loss = 0.018289238941774182, R-squared = 0.97954389715887
	After epoch 31: Loss = 0.02178528953486592, R-squared = 0.974048432574431
	After epoch 32: Loss = 0.02531344736552224, R-squared = 0.9747511859190778
	After epoch 33: Loss = 0.016836040083663528, R-squared = 0.9830007252905105
	After epoch 34: Loss = 0.015521694089603754, R-squared = 0.9848158656279669
	After epoch 35: Loss = 0.01803407430384818, R-squared = 0.9823193778389456
	After epoch 36: Loss = 0.014040023310389916, R-squared = 0.9856733689139328
	After epoch 37: Loss = 0.012925063055733104, R-squared = 0.9865147854741124
	After epoch 38: Loss = 0.013279615756975496, R-squared = 0.9861475390341197
	After epoch 39: Loss = 0.016894421585290077, R-squared = 0.9815213560748175
	After epoch 40: Loss = 0.01663938132224021, R-squared = 0.9823905311514782
	After epoch 41: Loss = 0.013769148106819585, R-squared = 0.9864232701642164
	After epoch 42: Loss = 0.011328009926906513, R-squared = 0.9864330541022366
	After epoch 43: Loss = 0.010907113721253123, R-squared = 0.9886963873868522
	After epoch 44: Loss = 0.00956837954726429, R-squared = 0.9886136392632757
	After epoch 45: Loss = 0.009502955184536909, R-squared = 0.9889414622367916
	After epoch 46: Loss = 0.00938646645733109, R-squared = 0.9901781431463551
	After epoch 47: Loss = 0.009998139434051284, R-squared = 0.9894973109969666
	After epoch 48: Loss = 0.007578777811778618, R-squared = 0.9921531485523232
	After epoch 49: Loss = 0.008135829537881823, R-squared = 0.9918096328148701
	After epoch 50: Loss = 0.008271662584922356, R-squared = 0.9912400767410364
Training process has finished.
Using CNN: NoPoolCNN4 with learning rate: 0.0001
	After epoch 1: Loss = 1.0021936674536176, R-squared = -0.02026357913820085
	After epoch 2: Loss = 0.9951066397617572, R-squared = -0.036010674245588424
	After epoch 3: Loss = 0.9715471824705612, R-squared = 0.00855193893761741
	After epoch 4: Loss = 0.9018391494932692, R-squared = 0.09192336778246088
	After epoch 5: Loss = 0.7722430051343363, R-squared = 0.22771503640208776
	After epoch 6: Loss = 0.656829637611792, R-squared = 0.3462931551852723
	After epoch 7: Loss = 0.43637172228861143, R-squared = 0.5614020550198923
	After epoch 8: Loss = 0.239800138302615, R-squared = 0.7604614078570421
	After epoch 9: Loss = 0.1541875090701669, R-squared = 0.8403637766345593
	After epoch 10: Loss = 0.10823972149604258, R-squared = 0.872685120034153
	After epoch 11: Loss = 0.13547648665231687, R-squared = 0.8495334289925166
	After epoch 12: Loss = 0.11494358110770317, R-squared = 0.8784618070419009
	After epoch 13: Loss = 0.0738160818250855, R-squared = 0.919976887089385
	After epoch 14: Loss = 0.05937775116987265, R-squared = 0.9386830241897087
	After epoch 15: Loss = 0.05744843668478933, R-squared = 0.9367381452077416
	After epoch 16: Loss = 0.05459646307060778, R-squared = 0.9331355072776562
	After epoch 17: Loss = 0.040517057696270425, R-squared = 0.9492942458705865
	After epoch 18: Loss = 0.040220017316994636, R-squared = 0.9594096999535221
	After epoch 19: Loss = 0.03958570438345946, R-squared = 0.9575050974840545
	After epoch 20: Loss = 0.038572436806310374, R-squared = 0.9594408031794142
	After epoch 21: Loss = 0.034734271494554825, R-squared = 0.9615739310585084
	After epoch 22: Loss = 0.034705880922679046, R-squared = 0.9623277603633154
	After epoch 23: Loss = 0.03447545815666965, R-squared = 0.9637752819233592
	After epoch 24: Loss = 0.03412616303562628, R-squared = 0.9637864143526109
	After epoch 25: Loss = 0.032024894796987405, R-squared = 0.9665412793558161
	After epoch 26: Loss = 0.03338533391727927, R-squared = 0.9573853086318682
	After epoch 27: Loss = 0.029379061080734327, R-squared = 0.9683175502772017
	After epoch 28: Loss = 0.027235879590682126, R-squared = 0.9712131587037257
	After epoch 29: Loss = 0.025034006264668247, R-squared = 0.9742840125431815
	After epoch 30: Loss = 0.0218161417207437, R-squared = 0.976491132929036
	After epoch 31: Loss = 0.021169083987206704, R-squared = 0.9788317524646821
	After epoch 32: Loss = 0.021380269438325935, R-squared = 0.9734152010379262
	After epoch 33: Loss = 0.026055575068381444, R-squared = 0.9675576157310155
	After epoch 34: Loss = 0.03495506186262867, R-squared = 0.9634765513098358
	After epoch 35: Loss = 0.036464486943980697, R-squared = 0.9665540577901159
	After epoch 36: Loss = 0.021496383645575785, R-squared = 0.9753235551585722
	After epoch 37: Loss = 0.014660210927413481, R-squared = 0.9848032689534788
	After epoch 38: Loss = 0.013910045143740963, R-squared = 0.9810602207247128
	After epoch 39: Loss = 0.012151258559917083, R-squared = 0.9872780009201538
	After epoch 40: Loss = 0.010473156952789536, R-squared = 0.9893975627024958
	After epoch 41: Loss = 0.010633755000790501, R-squared = 0.9879608475065152
	After epoch 42: Loss = 0.010349819982640302, R-squared = 0.9885564019935338
	After epoch 43: Loss = 0.01002871713502856, R-squared = 0.9894351830674515
	After epoch 44: Loss = 0.010876187856612065, R-squared = 0.989187852154689
	After epoch 45: Loss = 0.009637561426148373, R-squared = 0.9892294641744872
	After epoch 46: Loss = 0.011698498233447058, R-squared = 0.9869826247135958
	After epoch 47: Loss = 0.009820077310030272, R-squared = 0.9905475271872755
	After epoch 48: Loss = 0.02007548364937652, R-squared = 0.9777131725532595
	After epoch 49: Loss = 0.007399163364281464, R-squared = 0.9922086665516658
	After epoch 50: Loss = 0.007251476361655229, R-squared = 0.9930591137422693
Training process has finished.
Using CNN: NoPoolCNN4 with learning rate: 0.0005
	After epoch 1: Loss = 0.9916962922929298, R-squared = -0.038522786523786365
	After epoch 2: Loss = 0.36480101653320773, R-squared = 0.6093471890606194
	After epoch 3: Loss = 0.15339897668103739, R-squared = 0.8440198906836626
	After epoch 4: Loss = 0.09142745453121073, R-squared = 0.8894818258426268
	After epoch 5: Loss = 0.05347403930170756, R-squared = 0.939558632956769
	After epoch 6: Loss = 0.040314319515139856, R-squared = 0.957801600803468
	After epoch 7: Loss = 0.028313939225465833, R-squared = 0.9691703877798451
	After epoch 8: Loss = 0.02328870816647744, R-squared = 0.9757676321770082
	After epoch 9: Loss = 0.01841292623755448, R-squared = 0.9796679446565346
	After epoch 10: Loss = 0.020625632793731728, R-squared = 0.977639569021181
	After epoch 11: Loss = 0.015063747248061133, R-squared = 0.9825976351338671
	After epoch 12: Loss = 0.026823653869638742, R-squared = 0.9736707121249386
	After epoch 13: Loss = 0.023284531125416213, R-squared = 0.9747389429953935
	After epoch 14: Loss = 0.022686185958014766, R-squared = 0.97735538400766
	After epoch 15: Loss = 0.01648313465981579, R-squared = 0.9806618921166607
	After epoch 16: Loss = 0.011843818760027349, R-squared = 0.9874325098145735
	After epoch 17: Loss = 0.012650218720572171, R-squared = 0.9875433721521665
	After epoch 18: Loss = 0.013365893414309766, R-squared = 0.9872562369826134
	After epoch 19: Loss = 0.0056702080939581515, R-squared = 0.9938585255469239
	After epoch 20: Loss = 0.023321036794037055, R-squared = 0.9727272284935371
	After epoch 21: Loss = 0.04986582288173456, R-squared = 0.9436506680806522
	After epoch 22: Loss = 0.0155765633042632, R-squared = 0.9830590426850072
	After epoch 23: Loss = 0.010001686209433761, R-squared = 0.9887483340832853
	After epoch 24: Loss = 0.009765054599817923, R-squared = 0.9904897107743652
	After epoch 25: Loss = 0.012727089489203244, R-squared = 0.9869096718413021
	After epoch 26: Loss = 0.013092343936436315, R-squared = 0.9816156494309617
	After epoch 27: Loss = 0.044329817204604424, R-squared = 0.9461316010517598
	After epoch 28: Loss = 0.022736455792542055, R-squared = 0.9770162800657978
	After epoch 29: Loss = 0.009794755618620369, R-squared = 0.9887423465514242
	After epoch 30: Loss = 0.012002105152290377, R-squared = 0.988173724148132
	After epoch 31: Loss = 0.007099406777874166, R-squared = 0.9929903048987649
	After epoch 32: Loss = 0.006728161468809443, R-squared = 0.9929399054856262
	After epoch 33: Loss = 0.004568707425552062, R-squared = 0.9950878167365211
	After epoch 34: Loss = 0.007263673285439006, R-squared = 0.9926563710505631
	After epoch 35: Loss = 0.006382479586017347, R-squared = 0.9933858487126723
	After epoch 36: Loss = 0.003674872050942578, R-squared = 0.996194068155658
	After epoch 37: Loss = 0.0023936488433146694, R-squared = 0.9973662387528289
	After epoch 38: Loss = 0.0018427459833230922, R-squared = 0.9981282271045409
	After epoch 39: Loss = 0.0022837652677554646, R-squared = 0.9972576575220169
	After epoch 40: Loss = 0.0030995614668254358, R-squared = 0.9968056878038555
	After epoch 41: Loss = 0.003017681283077641, R-squared = 0.9968021377755474
	After epoch 42: Loss = 0.009874380754474322, R-squared = 0.9905750204686358
	After epoch 43: Loss = 0.031195709713120412, R-squared = 0.9686381960850869
	After epoch 44: Loss = 0.011636381409852504, R-squared = 0.9862181610579904
	After epoch 45: Loss = 0.0059348791428830315, R-squared = 0.9927465640241051
	After epoch 46: Loss = 0.004339170288878978, R-squared = 0.995591974803345
	After epoch 47: Loss = 0.004172707671903902, R-squared = 0.9958110123870354
	After epoch 48: Loss = 0.00299267095753488, R-squared = 0.9966111449408261
	After epoch 49: Loss = 0.0030069761586308, R-squared = 0.9966410935632348
	After epoch 50: Loss = 0.0019778344899856384, R-squared = 0.9980268947618715
Training process has finished.
Using CNN: NoPoolCNN4 with learning rate: 0.001
	After epoch 1: Loss = 1.0244349524764904, R-squared = -0.05358422756874914
	After epoch 2: Loss = 0.6955716641755052, R-squared = 0.25983966131604597
	After epoch 3: Loss = 0.12680771602256272, R-squared = 0.8637195088561109
	After epoch 4: Loss = 0.10332747272296328, R-squared = 0.8878037371012326
	After epoch 5: Loss = 0.05693341507261331, R-squared = 0.9401296330570068
	After epoch 6: Loss = 0.031488487980607674, R-squared = 0.9668899256613033
	After epoch 7: Loss = 0.03114595760677405, R-squared = 0.9683919628207092
	After epoch 8: Loss = 0.021712164077870265, R-squared = 0.9700221191406561
	After epoch 9: Loss = 0.01854811643982088, R-squared = 0.9783675540578404
	After epoch 10: Loss = 0.026826782783060842, R-squared = 0.9712681394424345
	After epoch 11: Loss = 0.016426914502699085, R-squared = 0.9831551892453577
	After epoch 12: Loss = 0.03758155517845847, R-squared = 0.9661926368862315
	After epoch 13: Loss = 0.023004421760716983, R-squared = 0.9769696333646477
	After epoch 14: Loss = 0.016458050364073197, R-squared = 0.9807298323804465
	After epoch 15: Loss = 0.014878254051248086, R-squared = 0.9849075382107586
	After epoch 16: Loss = 0.00861164716778768, R-squared = 0.9909647460621193
	After epoch 17: Loss = 0.010192891773983605, R-squared = 0.9895391012353745
	After epoch 18: Loss = 0.006052031331824715, R-squared = 0.993868828895965
	After epoch 19: Loss = 0.004113534215219458, R-squared = 0.9954236366966356
	After epoch 20: Loss = 0.0033310132184297208, R-squared = 0.9957607330519785
	After epoch 21: Loss = 0.003679190228270167, R-squared = 0.9958371926014822
	After epoch 22: Loss = 0.008868030132204937, R-squared = 0.9902519199343736
	After epoch 23: Loss = 0.018702029181792458, R-squared = 0.9797896954813503
	After epoch 24: Loss = 0.0182998759647382, R-squared = 0.9820908954747891
	After epoch 25: Loss = 0.012893373602212762, R-squared = 0.9863408523870305
	After epoch 26: Loss = 0.011991935847854709, R-squared = 0.9883662595295023
	After epoch 27: Loss = 0.008613446484657096, R-squared = 0.9906839006697725
	After epoch 28: Loss = 0.007591895646596766, R-squared = 0.9914927389462959
	After epoch 29: Loss = 0.011424622916283104, R-squared = 0.9874907443655297
	After epoch 30: Loss = 0.00854200564758237, R-squared = 0.9830384828819861
	After epoch 31: Loss = 0.008951140683465558, R-squared = 0.9900441850327484
	After epoch 32: Loss = 0.01812903451732597, R-squared = 0.9753690746401438
	After epoch 33: Loss = 0.010420673647991843, R-squared = 0.9890381117227222
	After epoch 34: Loss = 0.01708039722840849, R-squared = 0.983393877100242
	After epoch 35: Loss = 0.014666159857666203, R-squared = 0.9859663474866924
	After epoch 36: Loss = 0.007358211483273092, R-squared = 0.9915691712026584
	After epoch 37: Loss = 0.012957552505667153, R-squared = 0.9857554455602685
	After epoch 38: Loss = 0.010825870474025482, R-squared = 0.9891491988598642
	After epoch 39: Loss = 0.004896400170498987, R-squared = 0.9949052685969534
	After epoch 40: Loss = 0.010724306138167227, R-squared = 0.9879346921526672
	After epoch 41: Loss = 0.005839370546059459, R-squared = 0.9933998777463421
	After epoch 42: Loss = 0.005127828252366626, R-squared = 0.9946070763652639
	After epoch 43: Loss = 0.005233347071173664, R-squared = 0.9943939102793165
	After epoch 44: Loss = 0.00392734074328819, R-squared = 0.9957732144110756
	After epoch 45: Loss = 0.0020095666751223117, R-squared = 0.9978477661654178
	After epoch 46: Loss = 0.0027052899610906394, R-squared = 0.996818244006023
	After epoch 47: Loss = 0.0036645219013000533, R-squared = 0.9964499413243562
	After epoch 48: Loss = 0.0022065432854734444, R-squared = 0.9976092160691781
	After epoch 49: Loss = 0.0033393275189190766, R-squared = 0.9965356776552511
	After epoch 50: Loss = 0.0049139892245433844, R-squared = 0.9952741233936427
Training process has finished.
Using CNN: NoPoolCNN4 with learning rate: 0.005
	After epoch 1: Loss = 2.7972846107659515, R-squared = -1.4588101714920443
	After epoch 2: Loss = 1.017864078463008, R-squared = -0.08213729841340464
	After epoch 3: Loss = 0.9957836173679638, R-squared = -0.09757730677611742
	After epoch 4: Loss = 0.7815576124210522, R-squared = 0.21326714233416735
	After epoch 5: Loss = 0.7714160539901342, R-squared = 0.15925686813102144
	After epoch 6: Loss = 0.934187127396026, R-squared = 0.04906613446809231
	After epoch 7: Loss = 0.8786987281325288, R-squared = 0.11299446811494156
	After epoch 8: Loss = 0.7226283534856968, R-squared = 0.2827653748794911
	After epoch 9: Loss = 0.6229637642741418, R-squared = 0.3849397297481686
	After epoch 10: Loss = 0.4345860433476553, R-squared = 0.5514579626098179
	After epoch 11: Loss = 0.15306553877750204, R-squared = 0.8319238150121834
	After epoch 12: Loss = 0.06487022385371206, R-squared = 0.9330190855841636
	After epoch 13: Loss = 0.04254315303800692, R-squared = 0.9412483142623493
	After epoch 14: Loss = 0.032952683830077566, R-squared = 0.9658149788598355
	After epoch 15: Loss = 0.028950388020161078, R-squared = 0.9690611513713066
	After epoch 16: Loss = 0.02673177190661293, R-squared = 0.9718344214940899
	After epoch 17: Loss = 0.028717378319988347, R-squared = 0.9702781804179385
	After epoch 18: Loss = 0.033774464805852986, R-squared = 0.9669941933767173
	After epoch 19: Loss = 0.051829725320733024, R-squared = 0.9181954839751933
	After epoch 20: Loss = 0.048191204626755836, R-squared = 0.9527146380129216
	After epoch 21: Loss = 0.04133537565657451, R-squared = 0.9569369866971528
	After epoch 22: Loss = 0.043008313564350836, R-squared = 0.9543544637588571
	After epoch 23: Loss = 0.03907970394669177, R-squared = 0.9583774475001137
	After epoch 24: Loss = 0.02311458602317617, R-squared = 0.9741664644323478
	After epoch 25: Loss = 0.02141560440300299, R-squared = 0.9784469223507755
	After epoch 26: Loss = 0.023318118288493832, R-squared = 0.9716252106787595
	After epoch 27: Loss = 0.021852358863575182, R-squared = 0.9759692193866722
	After epoch 28: Loss = 0.02263836206428532, R-squared = 0.9769237109444869
	After epoch 29: Loss = 0.017323757242191633, R-squared = 0.9812078735593163
	After epoch 30: Loss = 0.014859241125367966, R-squared = 0.9812967025910853
	After epoch 31: Loss = 0.020188405065536024, R-squared = 0.9783105608393108
	After epoch 32: Loss = 0.026647164663922647, R-squared = 0.9707771142699355
	After epoch 33: Loss = 0.015418367919201504, R-squared = 0.9843189378988392
	After epoch 34: Loss = 0.013765547567869154, R-squared = 0.9858683021259317
	After epoch 35: Loss = 0.01284469942283845, R-squared = 0.9853162232585738
	After epoch 36: Loss = 0.028241297083387844, R-squared = 0.968350918284381
	After epoch 37: Loss = 0.02216290757552648, R-squared = 0.973988575463242
	After epoch 38: Loss = 0.011997659516724598, R-squared = 0.9870400397840464
	After epoch 39: Loss = 0.009513494952766488, R-squared = 0.9895880687451776
	After epoch 40: Loss = 0.009236516233743167, R-squared = 0.9890632039258707
	After epoch 41: Loss = 0.006983799644215752, R-squared = 0.9923869008807393
	After epoch 42: Loss = 0.006556200941220139, R-squared = 0.992786838654222
	After epoch 43: Loss = 0.006829710452880779, R-squared = 0.9922605849884445
	After epoch 44: Loss = 0.007789382709733008, R-squared = 0.9919170005619267
	After epoch 45: Loss = 0.01095228983732457, R-squared = 0.9874154979330614
	After epoch 46: Loss = 0.01105582664898652, R-squared = 0.9874789978125353
	After epoch 47: Loss = 0.007135613103212519, R-squared = 0.9917792254046928
	After epoch 48: Loss = 0.009460906944087615, R-squared = 0.9901213229790112
	After epoch 49: Loss = 0.010485443363540469, R-squared = 0.9884621649261772
	After epoch 50: Loss = 0.013243900567544199, R-squared = 0.9871142888844207
Training process has finished.
Time taken for NoPoolCNN4: 436.5912878513336 seconds
gpu_utilization [%], mem_utilization [%], max_memory_usage [MiB], time [ms]
83 %, 61 %, 7574 MiB, 1220257 ms
