Tue Jan  7 22:49:16 2025       
+-----------------------------------------------------------------------------------------+
| NVIDIA-SMI 565.57.01              Driver Version: 565.57.01      CUDA Version: 12.7     |
|-----------------------------------------+------------------------+----------------------+
| GPU  Name                 Persistence-M | Bus-Id          Disp.A | Volatile Uncorr. ECC |
| Fan  Temp   Perf          Pwr:Usage/Cap |           Memory-Usage | GPU-Util  Compute M. |
|                                         |                        |               MIG M. |
|=========================================+========================+======================|
|   0  NVIDIA A100 80GB PCIe          On  |   00000000:16:00.0 Off |                    0 |
| N/A   52C    P0             52W /  300W |       1MiB /  81920MiB |      0%      Default |
|                                         |                        |             Disabled |
+-----------------------------------------+------------------------+----------------------+
                                                                                         
+-----------------------------------------------------------------------------------------+
| Processes:                                                                              |
|  GPU   GI   CI        PID   Type   Process name                              GPU Memory |
|        ID   ID                                                               Usage      |
|=========================================================================================|
|  No running processes found                                                             |
+-----------------------------------------------------------------------------------------+
Using device: cuda
Number of permeability values: 360
Number of images: 360
Using CNN: NoPoolCNN1 with learning rate: 5e-05
After epoch 1: Loss = 1.0637576217620186, R-squared = -0.07343782978914375
	Validation Loss = 0.6359425962663656, Validation R-squared = -0.2555613364345288
After epoch 2: Loss = 1.049110535295105, R-squared = -0.11050988832994342
	Validation Loss = 0.6482929203500439, Validation R-squared = -0.2794667332863551
After epoch 3: Loss = 1.0338251249510584, R-squared = -0.11154068956524732
	Validation Loss = 0.6672769970257019, Validation R-squared = -0.31631380540934256
After epoch 4: Loss = 1.0133036070787071, R-squared = -0.05375792572694612
	Validation Loss = 0.6916898896065865, Validation R-squared = -0.3638411701742064
After epoch 5: Loss = 0.9901421776233863, R-squared = -0.03589976409603498
	Validation Loss = 0.7243694816399757, Validation R-squared = -0.42768976249924434
After epoch 6: Loss = 0.9714762131357529, R-squared = 0.026845290116634207
	Validation Loss = 0.7754228120025829, Validation R-squared = -0.5278318372042227
After epoch 7: Loss = 0.9556463447067611, R-squared = 0.017528807976823546
	Validation Loss = 0.8443888565618584, Validation R-squared = -0.6636307410515733
After epoch 8: Loss = 0.9337556186047989, R-squared = 0.05337236047609761
	Validation Loss = 0.9090471066101921, Validation R-squared = -0.7913552626666206
After epoch 9: Loss = 0.929119271333786, R-squared = 0.02514501134021115
	Validation Loss = 0.9522614342381021, Validation R-squared = -0.8769354302317881
After epoch 10: Loss = 0.9157207685954855, R-squared = 0.08034405570261356
	Validation Loss = 0.9435350425017796, Validation R-squared = -0.8597819284074851
After epoch 11: Loss = 0.9019017269587337, R-squared = 0.06473565518136422
	Validation Loss = 0.9202582954862266, Validation R-squared = -0.8138454444166644
After epoch 12: Loss = 0.8852813334469521, R-squared = 0.0961797726579745
	Validation Loss = 0.8639196678401496, Validation R-squared = -0.702509396763368
After epoch 13: Loss = 0.867298392278227, R-squared = 0.132994337446298
	Validation Loss = 0.8285865872146156, Validation R-squared = -0.6328063260208029
After epoch 14: Loss = 0.8440880888329829, R-squared = 0.13638378551720562
	Validation Loss = 0.8053507592707807, Validation R-squared = -0.5870668590633876
After epoch 15: Loss = 0.8207629477067216, R-squared = 0.14356246237087097
	Validation Loss = 0.8187917846717401, Validation R-squared = -0.6139523603669913
After epoch 16: Loss = 0.7839672475436957, R-squared = 0.21335236996661344
	Validation Loss = 0.7821117287552483, Validation R-squared = -0.5416829800145572
After epoch 17: Loss = 0.7437329324333387, R-squared = 0.2474502849300302
	Validation Loss = 0.7421723029187094, Validation R-squared = -0.463035384367619
After epoch 18: Loss = 0.7003056335312533, R-squared = 0.2626435822699742
	Validation Loss = 0.6682146234350953, Validation R-squared = -0.3170104647814111
After epoch 19: Loss = 0.6404183464007622, R-squared = 0.344873366456753
	Validation Loss = 0.655512446730696, Validation R-squared = -0.29269873540962243
After epoch 20: Loss = 0.5682807675226783, R-squared = 0.4180978011115209
	Validation Loss = 0.601094539914253, Validation R-squared = -0.1847553185571489
After epoch 21: Loss = 0.49559770245824214, R-squared = 0.5014056951173866
	Validation Loss = 0.5616143060302756, Validation R-squared = -0.10647323021030031
After epoch 22: Loss = 0.443133858300957, R-squared = 0.5492879767373186
	Validation Loss = 0.6224709232735809, Validation R-squared = -0.22958351651067008
After epoch 23: Loss = 0.399535005543336, R-squared = 0.5996038057742131
	Validation Loss = 0.5310440723080351, Validation R-squared = -0.046650211736329904
After epoch 24: Loss = 0.3519014259893125, R-squared = 0.6509447700384481
	Validation Loss = 0.4926592009684722, Validation R-squared = 0.029536878634928265
After epoch 25: Loss = 0.32109446144134823, R-squared = 0.658952848638969
	Validation Loss = 0.5029657955515688, Validation R-squared = 0.007606702134804355
After epoch 26: Loss = 0.29012806052612966, R-squared = 0.6672706310443434
	Validation Loss = 0.4543663101658857, Validation R-squared = 0.10428661935224659
After epoch 27: Loss = 0.2722595425547938, R-squared = 0.7284740752689661
	Validation Loss = 0.43832725221522023, Validation R-squared = 0.1349800932685662
After epoch 28: Loss = 0.25384216661531867, R-squared = 0.743591924443304
	Validation Loss = 0.40779842844479575, Validation R-squared = 0.19473429501235406
After epoch 29: Loss = 0.23403756514006732, R-squared = 0.7385800565194155
	Validation Loss = 0.3792922273082177, Validation R-squared = 0.2500785632413085
After epoch 30: Loss = 0.20887988814336236, R-squared = 0.7872154779798279
	Validation Loss = 0.347094651282563, Validation R-squared = 0.3127296126367937
After epoch 31: Loss = 0.1858448609348743, R-squared = 0.800419158193049
	Validation Loss = 0.312636777267785, Validation R-squared = 0.3797676352947395
After epoch 32: Loss = 0.16183749768966424, R-squared = 0.8348032693351634
	Validation Loss = 0.26952686321426467, Validation R-squared = 0.4650618537232855
After epoch 33: Loss = 0.12652867479876498, R-squared = 0.8671638886838244
	Validation Loss = 0.22346189830385943, Validation R-squared = 0.5560007261943621
After epoch 34: Loss = 0.09058563571287497, R-squared = 0.9076708411508568
	Validation Loss = 0.17990753249179245, Validation R-squared = 0.6421883832365053
After epoch 35: Loss = 0.059743778421636466, R-squared = 0.9439198110825142
	Validation Loss = 0.12667882926114962, Validation R-squared = 0.7468645976151547
After epoch 36: Loss = 0.03408224221940795, R-squared = 0.9641123256692365
	Validation Loss = 0.09552769941527221, Validation R-squared = 0.8076934502605848
After epoch 37: Loss = 0.02419244098224617, R-squared = 0.9746985878153174
	Validation Loss = 0.09845795047641896, Validation R-squared = 0.8000599892264435
After epoch 38: Loss = 0.023954134039092367, R-squared = 0.9743602195603609
	Validation Loss = 0.0921010880733459, Validation R-squared = 0.8124383656907374
After epoch 39: Loss = 0.022777083203881332, R-squared = 0.9763842558754162
	Validation Loss = 0.06635185373423044, Validation R-squared = 0.8642240127159625
After epoch 40: Loss = 0.011197251872904261, R-squared = 0.988860562121976
	Validation Loss = 0.06790669342216454, Validation R-squared = 0.8610540566842474
After epoch 41: Loss = 0.013584117346217589, R-squared = 0.9860458999344831
	Validation Loss = 0.058253281887380604, Validation R-squared = 0.8806372857672621
After epoch 42: Loss = 0.011021320303394734, R-squared = 0.9886398915663072
	Validation Loss = 0.0563046614665372, Validation R-squared = 0.8846434624905027
After epoch 43: Loss = 0.010167376460542126, R-squared = 0.9894585554061582
	Validation Loss = 0.05256973374147229, Validation R-squared = 0.892226296279122
After epoch 44: Loss = 0.008316009759624427, R-squared = 0.991642110433415
	Validation Loss = 0.04914294345626597, Validation R-squared = 0.8991124061217323
After epoch 45: Loss = 0.008819092970447091, R-squared = 0.9904231524643153
	Validation Loss = 0.055308900457027986, Validation R-squared = 0.8866321100292053
After epoch 46: Loss = 0.008369342982196434, R-squared = 0.9907947891689605
	Validation Loss = 0.05357079894293096, Validation R-squared = 0.8901296433134523
After epoch 47: Loss = 0.0070662433791910785, R-squared = 0.9926648759597901
	Validation Loss = 0.05229045041881052, Validation R-squared = 0.8927691112985974
After epoch 48: Loss = 0.006589336835951989, R-squared = 0.9927684467048644
	Validation Loss = 0.05064878922782998, Validation R-squared = 0.8960526423561612
After epoch 49: Loss = 0.006122032305477798, R-squared = 0.9939966138347719
	Validation Loss = 0.04996032937718583, Validation R-squared = 0.8974361802657204
After epoch 50: Loss = 0.004633897036874182, R-squared = 0.9953097916150551
	Validation Loss = 0.047996065441807366, Validation R-squared = 0.9014097836672845
Training process has finished.

Using CNN: NoPoolCNN1 with learning rate: 1e-04
After epoch 1: Loss = 1.0069505891049677, R-squared = -0.01275348319856436
	Validation Loss = 0.7813567098021221, Validation R-squared = -0.5395716971858068
After epoch 2: Loss = 1.0020608722618023, R-squared = -0.05459825677639422
	Validation Loss = 0.7904739885801796, Validation R-squared = -0.5574450013040354
After epoch 3: Loss = 0.9945878605354013, R-squared = 0.00582323898724868
	Validation Loss = 0.792109333586953, Validation R-squared = -0.5606230762607352
After epoch 4: Loss = 0.9825061443009027, R-squared = 0.001359302887709209
	Validation Loss = 0.8030356307531314, Validation R-squared = -0.5820552410247198
After epoch 5: Loss = 0.9642546397450049, R-squared = 0.021628688461091006
	Validation Loss = 0.8082535913521602, Validation R-squared = -0.5922784727000762
After epoch 6: Loss = 0.9372464336769807, R-squared = 0.06144307974816562
	Validation Loss = 0.8118062783361492, Validation R-squared = -0.5992768074261553
After epoch 7: Loss = 0.8913033508753236, R-squared = 0.10231261300991579
	Validation Loss = 0.8274025291534155, Validation R-squared = -0.6303182320502055
After epoch 8: Loss = 0.8265454605294433, R-squared = 0.16103561817026282
	Validation Loss = 0.8069535802656319, Validation R-squared = -0.5904146824848776
After epoch 9: Loss = 0.7528389315371831, R-squared = 0.24102734927309258
	Validation Loss = 0.77065584631818, Validation R-squared = -0.5192306164376362
After epoch 10: Loss = 0.652277824562621, R-squared = 0.34636369907679215
	Validation Loss = 0.7182259704852548, Validation R-squared = -0.41588098210430374
After epoch 11: Loss = 0.5402688540233436, R-squared = 0.45579315690934613
	Validation Loss = 0.6605271863361636, Validation R-squared = -0.30200688247479424
After epoch 12: Loss = 0.4431078762985252, R-squared = 0.5536927787227958
	Validation Loss = 0.5830196916059516, Validation R-squared = -0.1481469392649107
After epoch 13: Loss = 0.36182371500449456, R-squared = 0.6330359184944825
	Validation Loss = 0.5002748207538849, Validation R-squared = 0.01556895263725531
After epoch 14: Loss = 0.3003946524763004, R-squared = 0.6988915044307372
	Validation Loss = 0.42437397182966524, Validation R-squared = 0.16390210009753128
After epoch 15: Loss = 0.24960585857799603, R-squared = 0.7554145847261188
	Validation Loss = 0.3383425376295844, Validation R-squared = 0.33210416546974403
After epoch 16: Loss = 0.19103233146587162, R-squared = 0.808563426471665
	Validation Loss = 0.29886336963650506, Validation R-squared = 0.4057450499305519
After epoch 17: Loss = 0.13891333083224566, R-squared = 0.859236024349067
	Validation Loss = 0.18939160400275432, Validation R-squared = 0.6246180033250276
After epoch 18: Loss = 0.07865170533387202, R-squared = 0.9150017946144934
	Validation Loss = 0.12380323962554696, Validation R-squared = 0.7541119771018688
After epoch 19: Loss = 0.03725446422636571, R-squared = 0.9623452594515362
	Validation Loss = 0.07473412590268849, Validation R-squared = 0.8509725043720278
After epoch 20: Loss = 0.025669341544309096, R-squared = 0.9743115134021045
	Validation Loss = 0.04488050188072396, Validation R-squared = 0.9097791590276092
After epoch 21: Loss = 0.01414367713287725, R-squared = 0.9856619120694265
	Validation Loss = 0.0466687763984408, Validation R-squared = 0.9051891860891011
After epoch 22: Loss = 0.011323408845127588, R-squared = 0.9877257402753375
	Validation Loss = 0.04989367311857853, Validation R-squared = 0.8982911462277513
After epoch 23: Loss = 0.010672489340715595, R-squared = 0.9888483629352652
	Validation Loss = 0.04608280990765967, Validation R-squared = 0.9060234125100486
After epoch 24: Loss = 0.006611556865178014, R-squared = 0.9926168237584624
	Validation Loss = 0.031469691898707484, Validation R-squared = 0.9359723449176146
After epoch 25: Loss = 0.004840683369936847, R-squared = 0.9951478989636526
	Validation Loss = 0.02737626200805303, Validation R-squared = 0.9441487541500203
After epoch 26: Loss = 0.004689241448199349, R-squared = 0.9954248175559876
	Validation Loss = 0.028080296153150427, Validation R-squared = 0.9426536121727085
After epoch 27: Loss = 0.003096665025196694, R-squared = 0.9968228324647703
	Validation Loss = 0.029172148182552416, Validation R-squared = 0.9404636357231269
After epoch 28: Loss = 0.003101486182093518, R-squared = 0.9968547968287691
	Validation Loss = 0.026719879825523096, Validation R-squared = 0.9455017776472374
After epoch 29: Loss = 0.0027801678057004695, R-squared = 0.9970215180682196
	Validation Loss = 0.026720364588717266, Validation R-squared = 0.9455024224284291
After epoch 30: Loss = 0.002687330458530895, R-squared = 0.9972267291846272
	Validation Loss = 0.028794505420229655, Validation R-squared = 0.941512315280702
After epoch 31: Loss = 0.004167341089065304, R-squared = 0.9956774828067708
	Validation Loss = 0.02834639279399288, Validation R-squared = 0.9424620008226695
After epoch 32: Loss = 0.0069167571285857765, R-squared = 0.9932629698119689
	Validation Loss = 0.027064964826731864, Validation R-squared = 0.9449319959785205
After epoch 33: Loss = 0.0042999344176551935, R-squared = 0.9951034405200238
	Validation Loss = 0.0283013057118823, Validation R-squared = 0.9421428600019527
After epoch 34: Loss = 0.005042968933572947, R-squared = 0.9940786798204524
	Validation Loss = 0.02908012121499527, Validation R-squared = 0.9405364223180867
After epoch 35: Loss = 0.004846965913209082, R-squared = 0.9943740886622313
	Validation Loss = 0.03363213992950217, Validation R-squared = 0.9312885313361999
After epoch 36: Loss = 0.00758729251275899, R-squared = 0.9921244738108755
	Validation Loss = 0.034636929190860276, Validation R-squared = 0.9292168906541086
After epoch 37: Loss = 0.0065698787413422, R-squared = 0.9930785725179144
	Validation Loss = 0.03105490599114094, Validation R-squared = 0.9364644126829892
After epoch 38: Loss = 0.006071816565447284, R-squared = 0.9937275311802057
	Validation Loss = 0.02541481091638373, Validation R-squared = 0.9479543933632959
After epoch 39: Loss = 0.003726748342880268, R-squared = 0.9962496086909326
	Validation Loss = 0.02612488672835715, Validation R-squared = 0.9466868843234476
After epoch 40: Loss = 0.002592846599130435, R-squared = 0.9973472950987304
	Validation Loss = 0.02963282607409228, Validation R-squared = 0.9395938366608654
After epoch 41: Loss = 0.0035049337927876485, R-squared = 0.9964751043750802
	Validation Loss = 0.02703186650508384, Validation R-squared = 0.9450312452468944
After epoch 42: Loss = 0.0026142727372963272, R-squared = 0.9974088896837539
	Validation Loss = 0.025489481795454325, Validation R-squared = 0.9481706065816958
After epoch 43: Loss = 0.0032509049415434324, R-squared = 0.9968157705547278
	Validation Loss = 0.024741332243246053, Validation R-squared = 0.9496383422755539
After epoch 44: Loss = 0.002565604459228036, R-squared = 0.9974441043604853
	Validation Loss = 0.024745472421850916, Validation R-squared = 0.9495557456393456
After epoch 45: Loss = 0.001707127117145276, R-squared = 0.9982841118787626
	Validation Loss = 0.027364360396271756, Validation R-squared = 0.9444416724173704
After epoch 46: Loss = 0.0022382545087720764, R-squared = 0.9976937993888829
	Validation Loss = 0.02843554216773939, Validation R-squared = 0.9423164511533391
After epoch 47: Loss = 0.0036732241506488364, R-squared = 0.9959254557395288
	Validation Loss = 0.028342978408793105, Validation R-squared = 0.9425393417514275
After epoch 48: Loss = 0.004908861888605657, R-squared = 0.9947120171896842
	Validation Loss = 0.0251000132902939, Validation R-squared = 0.9489301484396554
After epoch 49: Loss = 0.0026472172554020735, R-squared = 0.997293996307811
	Validation Loss = 0.02645427791897666, Validation R-squared = 0.9461415238492918
After epoch 50: Loss = 0.003444731608937711, R-squared = 0.9964378055182134
	Validation Loss = 0.027696546364651436, Validation R-squared = 0.9436159907378675
Training process has finished.

Using CNN: NoPoolCNN1 with learning rate: 5e-04
After epoch 1: Loss = 1.0027600261852443, R-squared = -0.014769459423047563
	Validation Loss = 0.8275278573935613, Validation R-squared = -0.6302633002721286
After epoch 2: Loss = 0.9844973382510395, R-squared = 0.0019008938279417853
	Validation Loss = 0.7795713219835445, Validation R-squared = -0.5358710462070415
After epoch 3: Loss = 0.9323609889169142, R-squared = 0.04971147698974928
	Validation Loss = 0.6497305891757209, Validation R-squared = -0.28028139507225314
After epoch 4: Loss = 0.7890438067369923, R-squared = 0.19830857434682292
	Validation Loss = 0.31210714457269034, Validation R-squared = 0.37927406383986223
After epoch 5: Loss = 0.5940706172949229, R-squared = 0.36123184369797734
	Validation Loss = 0.20071136449120672, Validation R-squared = 0.6018858864645282
After epoch 6: Loss = 0.505512861812341, R-squared = 0.47572060768710095
	Validation Loss = 0.09939822452728092, Validation R-squared = 0.8023495216670072
After epoch 7: Loss = 0.45087109423127036, R-squared = 0.5482086591685101
	Validation Loss = 0.09827272074129423, Validation R-squared = 0.8032654578776849
After epoch 8: Loss = 0.36838464497276197, R-squared = 0.6329614457908017
	Validation Loss = 0.09422415139898625, Validation R-squared = 0.8125386882108191
After epoch 9: Loss = 0.25055234496980666, R-squared = 0.739671682772422
	Validation Loss = 0.22802312576711334, Validation R-squared = 0.5416664959720819
After epoch 10: Loss = 0.20958200464802648, R-squared = 0.7894753018802888
	Validation Loss = 0.1511866231295876, Validation R-squared = 0.6980286707311478
After epoch 11: Loss = 0.12259853689310106, R-squared = 0.8613356786577882
	Validation Loss = 0.16317607182841562, Validation R-squared = 0.6684221343484983
After epoch 12: Loss = 0.05108106724319942, R-squared = 0.9434989155849492
	Validation Loss = 0.07788306417957364, Validation R-squared = 0.8417094952727503
After epoch 13: Loss = 0.04290725134950065, R-squared = 0.9573499112212952
	Validation Loss = 0.061017210523794524, Validation R-squared = 0.8760286012099737
After epoch 14: Loss = 0.06015442239124913, R-squared = 0.940032456228486
	Validation Loss = 0.14116369760234046, Validation R-squared = 0.7136093691406288
After epoch 15: Loss = 0.06089610487711613, R-squared = 0.9362892947338954
	Validation Loss = 0.06659016143873552, Validation R-squared = 0.8640771878928382
After epoch 16: Loss = 0.041956205047823415, R-squared = 0.9557585205207196
	Validation Loss = 0.06595660277398581, Validation R-squared = 0.8656746972080196
After epoch 17: Loss = 0.028622485657363292, R-squared = 0.96830944969685
	Validation Loss = 0.08743786518519053, Validation R-squared = 0.8221424681155614
After epoch 18: Loss = 0.028721384533723054, R-squared = 0.9708447837787256
	Validation Loss = 0.0514343502672446, Validation R-squared = 0.8951234868224541
After epoch 19: Loss = 0.02558663108162454, R-squared = 0.9740962042966687
	Validation Loss = 0.08556628592625885, Validation R-squared = 0.8252375158580579
After epoch 20: Loss = 0.02630860486292268, R-squared = 0.973416127263968
	Validation Loss = 0.08761134388901524, Validation R-squared = 0.8231568140438981
After epoch 21: Loss = 0.016890161836633378, R-squared = 0.9838474853524598
	Validation Loss = 0.07908629145156318, Validation R-squared = 0.8386433370981524
After epoch 22: Loss = 0.012355642603245108, R-squared = 0.9866137209617055
	Validation Loss = 0.0643241306873617, Validation R-squared = 0.869622102320542
After epoch 23: Loss = 0.012595069903574443, R-squared = 0.9876313891227474
	Validation Loss = 0.07089449399073065, Validation R-squared = 0.8556074482953603
After epoch 24: Loss = 0.011405393195008356, R-squared = 0.9860768984835687
	Validation Loss = 0.06808044800446555, Validation R-squared = 0.8618822090053415
After epoch 25: Loss = 0.0076470679302547626, R-squared = 0.9920623987316631
	Validation Loss = 0.06559717562051405, Validation R-squared = 0.8668765540791566
After epoch 26: Loss = 0.0046881783540934545, R-squared = 0.9951898193962937
	Validation Loss = 0.05984521411024462, Validation R-squared = 0.8783021005963376
After epoch 27: Loss = 0.006348017837301426, R-squared = 0.9931150952683071
	Validation Loss = 0.061368402339927824, Validation R-squared = 0.875724023982829
After epoch 28: Loss = 0.006042915047286644, R-squared = 0.9942213502935601
	Validation Loss = 0.05885365344078416, Validation R-squared = 0.8802690402000338
After epoch 29: Loss = 0.004397278166097162, R-squared = 0.9953201042690379
	Validation Loss = 0.06140399519835133, Validation R-squared = 0.8754908796315602
After epoch 30: Loss = 0.0035619334400590376, R-squared = 0.9963198447926843
	Validation Loss = 0.06018287121698727, Validation R-squared = 0.8780193134447275
After epoch 31: Loss = 0.0022788574367065316, R-squared = 0.9974932078038714
	Validation Loss = 0.05827106897042169, Validation R-squared = 0.8817198841267734
After epoch 32: Loss = 0.0022028138979536442, R-squared = 0.9974621629198595
	Validation Loss = 0.05986595626669116, Validation R-squared = 0.8787188839382641
After epoch 33: Loss = 0.0012827687837339656, R-squared = 0.9987157722271996
	Validation Loss = 0.061675393218002174, Validation R-squared = 0.8751012552011032
After epoch 34: Loss = 0.0011469143323933541, R-squared = 0.9987990597817809
	Validation Loss = 0.0604378110069179, Validation R-squared = 0.877558417995631
After epoch 35: Loss = 0.001203086481874567, R-squared = 0.9987702079131212
	Validation Loss = 0.05989828259035385, Validation R-squared = 0.8786878845904508
After epoch 36: Loss = 0.0012053682720010257, R-squared = 0.9987142040744215
	Validation Loss = 0.06301280850655071, Validation R-squared = 0.872572872444073
After epoch 37: Loss = 0.0017193596653410986, R-squared = 0.9981325219558475
	Validation Loss = 0.06343276941084178, Validation R-squared = 0.8716982628394577
After epoch 38: Loss = 0.0014382883631581095, R-squared = 0.998583980584474
	Validation Loss = 0.05978235250675581, Validation R-squared = 0.8788774551006191
After epoch 39: Loss = 0.0012643405317235075, R-squared = 0.9986663486187058
	Validation Loss = 0.060416170168588516, Validation R-squared = 0.8777288621221294
After epoch 40: Loss = 0.0011467964558262128, R-squared = 0.9987648959994718
	Validation Loss = 0.06357847266003706, Validation R-squared = 0.8714871493024199
After epoch 41: Loss = 0.001445359428379535, R-squared = 0.9985283216548422
	Validation Loss = 0.06344022398972078, Validation R-squared = 0.8717322433358813
After epoch 42: Loss = 0.0007225200487818709, R-squared = 0.9992756449720378
	Validation Loss = 0.05976694251213079, Validation R-squared = 0.878938000893184
After epoch 43: Loss = 0.0013322096984212453, R-squared = 0.9986147961546662
	Validation Loss = 0.05966497909364207, Validation R-squared = 0.879200106944551
After epoch 44: Loss = 0.00087085184232138, R-squared = 0.9991112037294273
	Validation Loss = 0.06152065850085973, Validation R-squared = 0.8755492941270919
After epoch 45: Loss = 0.0005943369511624831, R-squared = 0.9993897686696452
	Validation Loss = 0.06297859727827915, Validation R-squared = 0.8726032811634371
After epoch 46: Loss = 0.0006533552901791338, R-squared = 0.9993273707754365
	Validation Loss = 0.06104143907587293, Validation R-squared = 0.8764122741192298
After epoch 47: Loss = 0.0005188448068628053, R-squared = 0.999482353030314
	Validation Loss = 0.062301582271188115, Validation R-squared = 0.8740194882051041
After epoch 48: Loss = 0.00044978717755645467, R-squared = 0.9995030604148992
	Validation Loss = 0.06108582236850569, Validation R-squared = 0.8763926875419396
After epoch 49: Loss = 0.00046215578280451507, R-squared = 0.9995046740916593
	Validation Loss = 0.0628878948276067, Validation R-squared = 0.8727870429613823
After epoch 50: Loss = 0.00047466004843464666, R-squared = 0.9995033137880792
	Validation Loss = 0.06513166828517951, Validation R-squared = 0.8683648420356209
Training process has finished.

Using CNN: NoPoolCNN1 with learning rate: 1e-03
After epoch 1: Loss = 1.0716606543570755, R-squared = -0.09697191050529612
	Validation Loss = 1.031680400366554, Validation R-squared = -1.0327597844213166
After epoch 2: Loss = 1.0213864591676678, R-squared = -0.022444447459943968
	Validation Loss = 1.046702125612282, Validation R-squared = -1.062458571965967
After epoch 3: Loss = 1.0202635184116546, R-squared = -0.09486226315211273
	Validation Loss = 1.0003158539262869, Validation R-squared = -0.9707772707211001
After epoch 4: Loss = 0.9697434601335218, R-squared = 0.024466791865139743
	Validation Loss = 0.6673941495543928, Validation R-squared = -0.31443537772544244
After epoch 5: Loss = 0.7055363972298473, R-squared = 0.2495417401197957
	Validation Loss = 0.400586593315716, Validation R-squared = 0.18783530074008647
After epoch 6: Loss = 0.5064696943943362, R-squared = 0.4777470524996352
	Validation Loss = 0.2239023625211772, Validation R-squared = 0.5554474490412485
After epoch 7: Loss = 0.46809753538684734, R-squared = 0.514519294236233
	Validation Loss = 0.11051442171364094, Validation R-squared = 0.7788389466180954
After epoch 8: Loss = 0.459219802636425, R-squared = 0.539923626946153
	Validation Loss = 0.18069009613416864, Validation R-squared = 0.6398064772945996
After epoch 9: Loss = 0.3837157709439338, R-squared = 0.612861269458327
	Validation Loss = 0.19014269985191312, Validation R-squared = 0.6237016437435506
After epoch 10: Loss = 0.3557336608548221, R-squared = 0.6358239205763875
	Validation Loss = 0.22228380865085887, Validation R-squared = 0.557267511738719
After epoch 11: Loss = 0.33992986781335466, R-squared = 0.6640039087740833
	Validation Loss = 0.05897207121024492, Validation R-squared = 0.8817296923763114
After epoch 12: Loss = 0.20415524900094453, R-squared = 0.7854055557353915
	Validation Loss = 0.10783478602072279, Validation R-squared = 0.7830030430903817
After epoch 13: Loss = 0.13635297976007174, R-squared = 0.8635704683529593
	Validation Loss = 0.1788789314861401, Validation R-squared = 0.6363980216056181
After epoch 14: Loss = 0.08453125860308129, R-squared = 0.9064121452238435
	Validation Loss = 0.11133729074431344, Validation R-squared = 0.7738150997153125
After epoch 15: Loss = 0.0453480879394434, R-squared = 0.9506928470124393
	Validation Loss = 0.06953005375936673, Validation R-squared = 0.8567568199047156
After epoch 16: Loss = 0.039542677141026154, R-squared = 0.959376872915044
	Validation Loss = 0.05209014106903248, Validation R-squared = 0.8932097878941642
After epoch 17: Loss = 0.05330816625983182, R-squared = 0.9417002951018877
	Validation Loss = 0.0688043505257225, Validation R-squared = 0.8589414943489087
After epoch 18: Loss = 0.05246651917489506, R-squared = 0.947687723364376
	Validation Loss = 0.04882449808783839, Validation R-squared = 0.9003231032597236
After epoch 19: Loss = 0.04087017122713101, R-squared = 0.958413672255602
	Validation Loss = 0.04511594824876123, Validation R-squared = 0.9078101894705312
After epoch 20: Loss = 0.03790728847584137, R-squared = 0.9615792481195474
	Validation Loss = 0.054407558876693456, Validation R-squared = 0.8883446616368945
After epoch 21: Loss = 0.02877549405591519, R-squared = 0.9709877687622238
	Validation Loss = 0.02249417422572338, Validation R-squared = 0.9540500014424893
After epoch 22: Loss = 0.018130880063813016, R-squared = 0.9811788795339478
	Validation Loss = 0.02833719359548562, Validation R-squared = 0.9419575949731356
After epoch 23: Loss = 0.008850658853689186, R-squared = 0.9908901281972806
	Validation Loss = 0.019653199874291732, Validation R-squared = 0.9599211368188093
After epoch 24: Loss = 0.006682397743448522, R-squared = 0.9929673788646035
	Validation Loss = 0.01814584973964599, Validation R-squared = 0.9630232918557061
After epoch 25: Loss = 0.0033402597413719893, R-squared = 0.9962847512762162
	Validation Loss = 0.019726526812188214, Validation R-squared = 0.9598891674413595
After epoch 26: Loss = 0.0023694004768697948, R-squared = 0.9975881839350964
	Validation Loss = 0.021908908352512187, Validation R-squared = 0.9554474952929651
After epoch 27: Loss = 0.0022414186931478852, R-squared = 0.9976886338464791
	Validation Loss = 0.020732521043147274, Validation R-squared = 0.9578664831334166
After epoch 28: Loss = 0.0016374863774577398, R-squared = 0.9984264963736257
	Validation Loss = 0.02554741837111704, Validation R-squared = 0.9485346030152134
After epoch 29: Loss = 0.002294483267157778, R-squared = 0.9975799768886975
	Validation Loss = 0.022742510484670186, Validation R-squared = 0.9537832106416682
After epoch 30: Loss = 0.0022516365031317403, R-squared = 0.9977646743935922
	Validation Loss = 0.018255134546769084, Validation R-squared = 0.962902153409343
After epoch 31: Loss = 0.0010657540077062657, R-squared = 0.9987665882741817
	Validation Loss = 0.021406385978803098, Validation R-squared = 0.956742055868112
After epoch 32: Loss = 0.001608850920685893, R-squared = 0.9982582705045986
	Validation Loss = 0.018589165628978836, Validation R-squared = 0.9621115271657558
After epoch 33: Loss = 0.0015337874193611855, R-squared = 0.9984691271200248
	Validation Loss = 0.017344395680648307, Validation R-squared = 0.9646580626845026
After epoch 34: Loss = 0.000829668301250092, R-squared = 0.999147486249341
	Validation Loss = 0.019701803653780433, Validation R-squared = 0.9600639658933724
After epoch 35: Loss = 0.001254444047833391, R-squared = 0.9987211723500414
	Validation Loss = 0.01753903306943827, Validation R-squared = 0.9642447447163138
After epoch 36: Loss = 0.0008543918741475494, R-squared = 0.9991166950473905
	Validation Loss = 0.017010781557775207, Validation R-squared = 0.9653603800379947
After epoch 37: Loss = 0.000660084308574133, R-squared = 0.9993257997754613
	Validation Loss = 0.019102936346375294, Validation R-squared = 0.9612295181827806
After epoch 38: Loss = 0.0007089163834377807, R-squared = 0.9992735231967762
	Validation Loss = 0.018224445433593174, Validation R-squared = 0.9628749856164944
After epoch 39: Loss = 0.0009504422733066036, R-squared = 0.9990248998808475
	Validation Loss = 0.018703506608203073, Validation R-squared = 0.961983092205455
After epoch 40: Loss = 0.0007268009000039386, R-squared = 0.9992331161127336
	Validation Loss = 0.019856745243622784, Validation R-squared = 0.9597567613998449
After epoch 41: Loss = 0.0011287691741104387, R-squared = 0.9987745596828352
	Validation Loss = 0.019465343966582893, Validation R-squared = 0.9603398258506158
After epoch 42: Loss = 0.0017796847872841763, R-squared = 0.9982443819866175
	Validation Loss = 0.019462291349537628, Validation R-squared = 0.9603660062374617
After epoch 43: Loss = 0.0019740983651117456, R-squared = 0.997691564982032
	Validation Loss = 0.01927959450288975, Validation R-squared = 0.9609004708621809
After epoch 44: Loss = 0.0012036716195559663, R-squared = 0.9987511615370583
	Validation Loss = 0.017875514088550176, Validation R-squared = 0.9636666625937257
After epoch 45: Loss = 0.001950935512894403, R-squared = 0.9980128915012293
	Validation Loss = 0.019086593241412677, Validation R-squared = 0.9611190902933733
After epoch 46: Loss = 0.0015802486741388845, R-squared = 0.9982854011412113
	Validation Loss = 0.021715512537864124, Validation R-squared = 0.9557623037629743
After epoch 47: Loss = 0.0016867727009106327, R-squared = 0.9980625482803083
	Validation Loss = 0.017919276027097763, Validation R-squared = 0.9635171804165391
After epoch 48: Loss = 0.0013056754510079472, R-squared = 0.9985799264020075
	Validation Loss = 0.019902512154492468, Validation R-squared = 0.9596768790438587
After epoch 49: Loss = 0.0019313176154575453, R-squared = 0.9979177225330527
	Validation Loss = 0.018696223319118018, Validation R-squared = 0.9619952976071134
After epoch 50: Loss = 0.002718377672958247, R-squared = 0.9972236713585598
	Validation Loss = 0.01884232483916379, Validation R-squared = 0.9617170674491174
Training process has finished.

Using CNN: NoPoolCNN1 with learning rate: 5e-03
After epoch 1: Loss = 1.0243115601435508, R-squared = -0.028224871504422062
	Validation Loss = 1.0057940374916767, Validation R-squared = -0.9817160984911456
After epoch 2: Loss = 1.0239766273574253, R-squared = -0.04337562191186676
	Validation Loss = 0.8744472111338699, Validation R-squared = -0.7226066550197999
After epoch 3: Loss = 1.0015205021764295, R-squared = -0.03003455638135577
	Validation Loss = 0.8502858089342707, Validation R-squared = -0.6750399610663044
After epoch 4: Loss = 1.0001224556913753, R-squared = -0.008593494583423733
	Validation Loss = 0.8695911245174283, Validation R-squared = -0.7130344550294679
After epoch 5: Loss = 0.9750712811118518, R-squared = 0.016645558953886197
	Validation Loss = 1.0633815967017075, Validation R-squared = -1.0974689625900775
After epoch 6: Loss = 0.9381500675472224, R-squared = -0.015876911155197182
	Validation Loss = 1.2271106987240712, Validation R-squared = -1.4262617468252639
After epoch 7: Loss = 0.8401360019317052, R-squared = 0.1330814484888022
	Validation Loss = 0.8086674428643081, Validation R-squared = -0.5925399989552192
After epoch 8: Loss = 0.582095003267184, R-squared = 0.3997180517543335
	Validation Loss = 0.814399950816684, Validation R-squared = -0.6044744270458956
After epoch 9: Loss = 0.7342726536912682, R-squared = 0.2524233242108019
	Validation Loss = 1.0405261833533264, Validation R-squared = -1.0664114097911466
After epoch 10: Loss = 0.712545848848677, R-squared = 0.2729137675326398
	Validation Loss = 0.7829715842079455, Validation R-squared = -0.5425954017625015
After epoch 11: Loss = 0.6739194737678714, R-squared = 0.31830250796330517
	Validation Loss = 0.8928830250324524, Validation R-squared = -0.7664734811964795
After epoch 12: Loss = 0.631169121765694, R-squared = 0.3195976077665589
	Validation Loss = 0.7592339761989392, Validation R-squared = -0.4964978250729197
After epoch 13: Loss = 0.571766124556173, R-squared = 0.4248412939356064
	Validation Loss = 0.7144943564047347, Validation R-squared = -0.4072832021075663
After epoch 14: Loss = 0.4866153336533617, R-squared = 0.5095687220292008
	Validation Loss = 0.7046670810364444, Validation R-squared = -0.387915114593438
After epoch 15: Loss = 0.47549417740819416, R-squared = 0.519084878081387
	Validation Loss = 0.6904482491375802, Validation R-squared = -0.36019100197628
After epoch 16: Loss = 0.4615802414495325, R-squared = 0.5351052555963154
	Validation Loss = 0.6859290776528987, Validation R-squared = -0.35153562276586275
After epoch 17: Loss = 0.4440830323017952, R-squared = 0.552694695928272
	Validation Loss = 0.6600841751933778, Validation R-squared = -0.30124405899430906
After epoch 18: Loss = 0.43029259769410916, R-squared = 0.5666209692780281
	Validation Loss = 0.6469694427701477, Validation R-squared = -0.27492795537113474
After epoch 19: Loss = 0.41846782540596367, R-squared = 0.5782012712939466
	Validation Loss = 0.6345172952931241, Validation R-squared = -0.2513111355586566
After epoch 20: Loss = 0.4044612593785075, R-squared = 0.5900285511436695
	Validation Loss = 0.6097726495239577, Validation R-squared = -0.2014041958223134
After epoch 21: Loss = 0.39197425602436703, R-squared = 0.6069644223850567
	Validation Loss = 0.5986229298496072, Validation R-squared = -0.1796824240828027
After epoch 22: Loss = 0.3808057299265338, R-squared = 0.6179974133540252
	Validation Loss = 0.5830042908394625, Validation R-squared = -0.1489123137728663
After epoch 23: Loss = 0.36635602533363737, R-squared = 0.6242834670479872
	Validation Loss = 0.5688280268635015, Validation R-squared = -0.12101914025305377
After epoch 24: Loss = 0.3558249875836686, R-squared = 0.6379593167169998
	Validation Loss = 0.556043092557417, Validation R-squared = -0.09591277914202397
After epoch 25: Loss = 0.34729040783474024, R-squared = 0.6534898965773759
	Validation Loss = 0.5426008503388704, Validation R-squared = -0.0693846651538599
After epoch 26: Loss = 0.3364288072107735, R-squared = 0.6533734249488422
	Validation Loss = 0.5293952584596601, Validation R-squared = -0.043263291925045334
After epoch 27: Loss = 0.32831358967426866, R-squared = 0.6521028062126145
	Validation Loss = 0.516862907681321, Validation R-squared = -0.01861103373251712
After epoch 28: Loss = 0.31887415135568625, R-squared = 0.680685973665904
	Validation Loss = 0.5054290336537063, Validation R-squared = 0.003975634539226132
After epoch 29: Loss = 0.31218142096458523, R-squared = 0.6853984748797649
	Validation Loss = 0.49326600975012863, Validation R-squared = 0.02789242287608797
After epoch 30: Loss = 0.30411840953452346, R-squared = 0.6936920766131628
	Validation Loss = 0.4825871814312628, Validation R-squared = 0.04884385704117942
After epoch 31: Loss = 0.29485822831766395, R-squared = 0.6958223320398598
	Validation Loss = 0.47289713500803526, Validation R-squared = 0.06785303987358221
After epoch 32: Loss = 0.287804746804108, R-squared = 0.6964204774535028
	Validation Loss = 0.4623354934970519, Validation R-squared = 0.08861621268135912
After epoch 33: Loss = 0.27957734660603156, R-squared = 0.7183099889069394
	Validation Loss = 0.45553649919545364, Validation R-squared = 0.10181609012085663
After epoch 34: Loss = 0.2738430152711118, R-squared = 0.725671771053591
	Validation Loss = 0.4443902770009127, Validation R-squared = 0.12376573961338368
After epoch 35: Loss = 0.26542711471335684, R-squared = 0.7337653239118914
	Validation Loss = 0.4334644276308775, Validation R-squared = 0.14527316011281105
After epoch 36: Loss = 0.25857036896106705, R-squared = 0.724186146105549
	Validation Loss = 0.425811314447732, Validation R-squared = 0.16024441664590808
After epoch 37: Loss = 0.2529021247983962, R-squared = 0.751295285482911
	Validation Loss = 0.41772655763237393, Validation R-squared = 0.17610110310453778
After epoch 38: Loss = 0.24677124172075934, R-squared = 0.7577090679348454
	Validation Loss = 0.4112218338852003, Validation R-squared = 0.1887512257747407
After epoch 39: Loss = 0.24051634790505128, R-squared = 0.7587239842010732
	Validation Loss = 0.40437097672806305, Validation R-squared = 0.20209696270390784
After epoch 40: Loss = 0.2340534382940543, R-squared = 0.7679304535451742
	Validation Loss = 0.39643702776445916, Validation R-squared = 0.21768140646221454
After epoch 41: Loss = 0.22781510154368478, R-squared = 0.7752796827410345
	Validation Loss = 0.3871804216635865, Validation R-squared = 0.2358892162606302
After epoch 42: Loss = 0.2220566190473304, R-squared = 0.7800510312617517
	Validation Loss = 0.38100683584320766, Validation R-squared = 0.2479299421230976
After epoch 43: Loss = 0.2175368050167641, R-squared = 0.772238360413834
	Validation Loss = 0.3786982665842666, Validation R-squared = 0.25219463424505567
After epoch 44: Loss = 0.2134909127009942, R-squared = 0.7855612989130467
	Validation Loss = 0.37428181967162866, Validation R-squared = 0.26068670704573943
After epoch 45: Loss = 0.20956171047942088, R-squared = 0.7812687345177336
	Validation Loss = 0.36142674166141225, Validation R-squared = 0.2861790549997269
After epoch 46: Loss = 0.20334918801394322, R-squared = 0.7988752814040315
	Validation Loss = 0.3543474638682454, Validation R-squared = 0.30000753576623385
After epoch 47: Loss = 0.1985666738686546, R-squared = 0.8035627729627005
	Validation Loss = 0.349818863193936, Validation R-squared = 0.3087987488038518
After epoch 48: Loss = 0.19405989687973005, R-squared = 0.8069733750813217
	Validation Loss = 0.34627426868379496, Validation R-squared = 0.31560550607169285
After epoch 49: Loss = 0.18837028948217238, R-squared = 0.8099422466965128
	Validation Loss = 0.34106227669147554, Validation R-squared = 0.32576486177503033
After epoch 50: Loss = 0.18451962182263426, R-squared = 0.8082489344058595
	Validation Loss = 0.33393831377905303, Validation R-squared = 0.3397429846111541
Training process has finished.

Using CNN: NoPoolCNN1 with learning rate: 1e-02
After epoch 1: Loss = 5.617835955792077, R-squared = -6.176176032356679
	Validation Loss = 1.4658117947617517, Validation R-squared = -1.893931724825614
After epoch 2: Loss = 1.0788234183483152, R-squared = -0.09219635496244856
	Validation Loss = 0.730519599731117, Validation R-squared = -0.439950730078807
After epoch 3: Loss = 1.0136033357690126, R-squared = -0.029368389808240563
	Validation Loss = 0.7253144001117618, Validation R-squared = -0.42976583876538116
After epoch 4: Loss = 1.0139164152677147, R-squared = -0.023550771699064537
	Validation Loss = 0.7224391456791222, Validation R-squared = -0.4241414014629699
After epoch 5: Loss = 1.0170244809391649, R-squared = -0.08941027372216796
	Validation Loss = 0.7220008789886667, Validation R-squared = -0.42328418090061554
After epoch 6: Loss = 1.016505420160479, R-squared = -0.027954680808518484
	Validation Loss = 0.7223005276157259, Validation R-squared = -0.42387027096044444
After epoch 7: Loss = 1.0163588284017138, R-squared = -0.11196415791211616
	Validation Loss = 0.7233591031027848, Validation R-squared = -0.425940860222849
After epoch 8: Loss = 1.0159707192642562, R-squared = -0.02042669623716679
	Validation Loss = 0.7262484029965618, Validation R-squared = -0.43159312416108514
After epoch 9: Loss = 1.0135253339452743, R-squared = -0.017339644036899433
	Validation Loss = 0.7294498668812374, Validation R-squared = -0.4378573273645234
After epoch 10: Loss = 1.0137286689736758, R-squared = -0.02440810768588982
	Validation Loss = 0.7330436450354587, Validation R-squared = -0.44489070140111203
After epoch 11: Loss = 1.0123913782826761, R-squared = -0.02960501283967017
	Validation Loss = 0.7372681952964739, Validation R-squared = -0.4531605886356382
After epoch 12: Loss = 1.0126295545052224, R-squared = -0.051605920177417865
	Validation Loss = 0.7424395730937442, Validation R-squared = -0.463286861818303
After epoch 13: Loss = 1.0102842019613572, R-squared = -0.03453737590175132
	Validation Loss = 0.7474174055570483, Validation R-squared = -0.4730370599836336
After epoch 14: Loss = 1.0086491283926948, R-squared = -0.048015177599419236
	Validation Loss = 0.7519599027743107, Validation R-squared = -0.4819369689025741
After epoch 15: Loss = 1.010438372651447, R-squared = -0.00890928223769453
	Validation Loss = 0.7567544862137338, Validation R-squared = -0.4913331978866255
After epoch 16: Loss = 1.0071760091736481, R-squared = -0.019642953092896247
	Validation Loss = 0.7613187610487638, Validation R-squared = -0.5002803168874622
After epoch 17: Loss = 1.005253369877842, R-squared = -0.013959489074901224
	Validation Loss = 0.7664464120015845, Validation R-squared = -0.5103343200564422
After epoch 18: Loss = 1.0059368202183434, R-squared = -0.02584984429122657
	Validation Loss = 0.7713370213346021, Validation R-squared = -0.5199259615787035
After epoch 19: Loss = 1.00489125922395, R-squared = -0.048519808995936144
	Validation Loss = 0.7759287307911332, Validation R-squared = -0.5289334734459792
After epoch 20: Loss = 1.0044698076864975, R-squared = -0.008530570621857617
	Validation Loss = 0.7809791178540765, Validation R-squared = -0.5388430322379013
After epoch 21: Loss = 1.003980493169657, R-squared = -0.09930575971794098
	Validation Loss = 0.7863886310448903, Validation R-squared = -0.5494597996624438
After epoch 22: Loss = 1.0034316891317134, R-squared = -0.0337948505523733
	Validation Loss = 0.7912893535233624, Validation R-squared = -0.5590802227072517
After epoch 23: Loss = 1.0049990818279202, R-squared = -0.04391138147167961
	Validation Loss = 0.7959637881097746, Validation R-squared = -0.5682583345888569
After epoch 24: Loss = 0.9994776009935972, R-squared = -0.028019627717411028
	Validation Loss = 0.7998030358419635, Validation R-squared = -0.5757979398222975
After epoch 25: Loss = 1.0021554390617082, R-squared = -0.013254373584475084
	Validation Loss = 0.8032532913294733, Validation R-squared = -0.582574654933126
After epoch 26: Loss = 1.0007150393301416, R-squared = -0.003297007738832125
	Validation Loss = 0.8069349084982608, Validation R-squared = -0.5898068381613876
After epoch 27: Loss = 1.0032392744106684, R-squared = -0.05328393728765546
	Validation Loss = 0.810888128739951, Validation R-squared = -0.5975737384863731
After epoch 28: Loss = 1.0021789876190528, R-squared = -0.08860742342179677
	Validation Loss = 0.8136324093525396, Validation R-squared = -0.6029661374661838
After epoch 29: Loss = 1.0033708522132867, R-squared = -0.001344582591558859
	Validation Loss = 0.8165757810387212, Validation R-squared = -0.6087503736627016
After epoch 30: Loss = 1.0015470299168463, R-squared = -0.004010471043122947
	Validation Loss = 0.81941483149168, Validation R-squared = -0.6143302107014511
After epoch 31: Loss = 1.002201909698867, R-squared = -0.047228259603638634
	Validation Loss = 0.8231495496730884, Validation R-squared = -0.6216712806344126
After epoch 32: Loss = 0.9991250922671558, R-squared = -0.06998765627883825
	Validation Loss = 0.8242002149456118, Validation R-squared = -0.6237366801648979
After epoch 33: Loss = 1.001989058760363, R-squared = -0.06055336109751449
	Validation Loss = 0.8278844164245708, Validation R-squared = -0.6309797104762277
After epoch 34: Loss = 1.0007631014095322, R-squared = -0.016558848131519015
	Validation Loss = 0.8290665247808929, Validation R-squared = -0.6333039030462903
After epoch 35: Loss = 1.001099685241136, R-squared = -0.005973559909686177
	Validation Loss = 0.8312103171222088, Validation R-squared = -0.6375191510737325
After epoch 36: Loss = 1.0002259691295892, R-squared = -0.030092033059766193
	Validation Loss = 0.8330009179327674, Validation R-squared = -0.6410401769956094
After epoch 37: Loss = 1.000099372792327, R-squared = -0.017972720946949794
	Validation Loss = 0.8352800795070197, Validation R-squared = -0.6455222229580106
After epoch 38: Loss = 1.0007257948796207, R-squared = -0.02500269113085185
	Validation Loss = 0.8359741930087354, Validation R-squared = -0.6468872899724843
After epoch 39: Loss = 0.9990537527589304, R-squared = -0.05393613176114842
	Validation Loss = 0.8365511203948713, Validation R-squared = -0.6480219195711802
After epoch 40: Loss = 1.0033461328458324, R-squared = -0.08505833317330998
	Validation Loss = 0.8386712334396006, Validation R-squared = -0.6521916882654856
After epoch 41: Loss = 0.9981741919524837, R-squared = -0.039828336516562
	Validation Loss = 0.8392592654034211, Validation R-squared = -0.6533482633944129
After epoch 42: Loss = 1.0035433830610392, R-squared = -0.060475178057798486
	Validation Loss = 0.8419080218123799, Validation R-squared = -0.6585582739037571
After epoch 43: Loss = 0.9981500932200936, R-squared = -0.013154090637008231
	Validation Loss = 0.8419284215122363, Validation R-squared = -0.6585984011880573
After epoch 44: Loss = 0.9998419264898143, R-squared = -0.005328992215957988
	Validation Loss = 0.8432160963674588, Validation R-squared = -0.661131380603558
After epoch 45: Loss = 1.0008831519768064, R-squared = -0.008684002039107389
	Validation Loss = 0.8440342055799087, Validation R-squared = -0.6627407357629825
After epoch 46: Loss = 1.0010223908373577, R-squared = -0.05207627087308878
	Validation Loss = 0.8446150828220303, Validation R-squared = -0.6638834430839855
After epoch 47: Loss = 0.9988360120106242, R-squared = -0.0129121007638792
	Validation Loss = 0.8444738631336423, Validation R-squared = -0.663605632335797
After epoch 48: Loss = 1.002307997412527, R-squared = -0.09097233431996259
	Validation Loss = 0.8465553693921937, Validation R-squared = -0.66770055166968
After epoch 49: Loss = 0.9993433283593847, R-squared = -0.005077070869442017
	Validation Loss = 0.8466596112979854, Validation R-squared = -0.6679056327079721
After epoch 50: Loss = 0.9989036014077396, R-squared = -0.007179804125996503
	Validation Loss = 0.8468617374715213, Validation R-squared = -0.668303289027464
Training process has finished.

Using CNN: NoPoolCNN1 with learning rate: 5e-02
After epoch 1: Loss = 31304121697.276413, R-squared = -31185342542.96404
	Validation Loss = 1171.8695250327899, Validation R-squared = -2360.664923076307
After epoch 2: Loss = 10653884.962578727, R-squared = -11229989.420013428
	Validation Loss = 10368041.788931502, Validation R-squared = -20827144.0228601
After epoch 3: Loss = 3879788.613792203, R-squared = -3889636.4857877954
	Validation Loss = 0.5757026299186269, Validation R-squared = -0.13964752436911845
After epoch 4: Loss = 1.126936401380308, R-squared = -0.14946730710870346
	Validation Loss = 0.5632753768024191, Validation R-squared = -0.11606107231189573
After epoch 5: Loss = 1.1424762290545882, R-squared = -0.18390983721259876
	Validation Loss = 0.5552723652159159, Validation R-squared = -0.10099215516137816
After epoch 6: Loss = 1.1565062489943896, R-squared = -0.17620541068692472
	Validation Loss = 0.5499164445457626, Validation R-squared = -0.09098244925422017
After epoch 7: Loss = 1.169777949557054, R-squared = -0.18259716145126773
	Validation Loss = 0.5462314094886213, Validation R-squared = -0.08414215149757764
After epoch 8: Loss = 1.1812687704598854, R-squared = -0.201638551874569
	Validation Loss = 0.543642419993227, Validation R-squared = -0.07936523427826021
After epoch 9: Loss = 1.1908450648574054, R-squared = -0.2902071484445321
	Validation Loss = 0.5417939548632309, Validation R-squared = -0.07597231234585718
After epoch 10: Loss = 1.1936032485064256, R-squared = -0.30193167739022586
	Validation Loss = 0.5404577648712438, Validation R-squared = -0.07353037505236697
After epoch 11: Loss = 1.199649081890975, R-squared = -0.2518348619014621
	Validation Loss = 0.5394826672490688, Validation R-squared = -0.07175474010833109
After epoch 12: Loss = 1.1990359150826855, R-squared = -0.20219014748142805
	Validation Loss = 0.5387660368280781, Validation R-squared = -0.07045355254546366
After epoch 13: Loss = 1.2044821617709154, R-squared = -0.21949709975780554
	Validation Loss = 0.5382366066489733, Validation R-squared = -0.06949448233821343
After epoch 14: Loss = 1.2037634916213016, R-squared = -0.22816505205676055
	Validation Loss = 0.5378440312430858, Validation R-squared = -0.06878461488292065
After epoch 15: Loss = 1.2041620591706028, R-squared = -0.2844008860264657
	Validation Loss = 0.5375522232193796, Validation R-squared = -0.06825770106971323
After epoch 16: Loss = 1.2079329376077845, R-squared = -0.22716795889160935
	Validation Loss = 0.5373349482371849, Validation R-squared = -0.06786579602070168
After epoch 17: Loss = 1.2068977224114976, R-squared = -0.3113710421010374
	Validation Loss = 0.5371730607002351, Validation R-squared = -0.0675740370684829
After epoch 18: Loss = 1.2053024939603192, R-squared = -0.25878868350620116
	Validation Loss = 0.5370523992389399, Validation R-squared = -0.06735671421765639
After epoch 19: Loss = 1.2123482647669916, R-squared = -0.22504534795840211
	Validation Loss = 0.5369624702932035, Validation R-squared = -0.06719482086328936
After epoch 20: Loss = 1.2100775093048646, R-squared = -0.2405658045093051
	Validation Loss = 0.5368954928500719, Validation R-squared = -0.06707428899935323
After epoch 21: Loss = 1.2085683068795963, R-squared = -0.23640805245990917
	Validation Loss = 0.5368456514455529, Validation R-squared = -0.06698461918179573
After epoch 22: Loss = 1.2117405897128524, R-squared = -0.24482465972655584
	Validation Loss = 0.5368086048481421, Validation R-squared = -0.06691798201229937
After epoch 23: Loss = 1.208919966115152, R-squared = -0.24259245073763855
	Validation Loss = 0.536781136342749, Validation R-squared = -0.06686858078436723
After epoch 24: Loss = 1.2105231700491623, R-squared = -0.2503615631390252
	Validation Loss = 0.5367607956953097, Validation R-squared = -0.06683200288375901
After epoch 25: Loss = 1.211904944865258, R-squared = -0.22840381205745483
	Validation Loss = 0.5367457741409647, Validation R-squared = -0.06680499237575295
After epoch 26: Loss = 1.213243802822894, R-squared = -0.2256045947300754
	Validation Loss = 0.5367347167751084, Validation R-squared = -0.06678511116331609
After epoch 27: Loss = 1.207680615379297, R-squared = -0.2853515382508092
	Validation Loss = 0.536726638583399, Validation R-squared = -0.06677058718043749
After epoch 28: Loss = 1.2086812700833536, R-squared = -0.2702123228003543
	Validation Loss = 0.5367207650828761, Validation R-squared = -0.06676002741505371
After epoch 29: Loss = 1.2073336054629042, R-squared = -0.213037466736454
	Validation Loss = 0.5367165336579304, Validation R-squared = -0.06675242006285549
After epoch 30: Loss = 1.2136982765794364, R-squared = -0.21549688620541527
	Validation Loss = 0.5367135130619297, Validation R-squared = -0.06674698965969394
After epoch 31: Loss = 1.211584353586917, R-squared = -0.22841654526836197
	Validation Loss = 0.5367114187391387, Validation R-squared = -0.06674322454862576
After epoch 32: Loss = 1.2123725989822607, R-squared = -0.2733402477363147
	Validation Loss = 0.5367100073340528, Validation R-squared = -0.06674068718770305
After epoch 33: Loss = 1.2091516298499982, R-squared = -0.2376385860580906
	Validation Loss = 0.5367090919157954, Validation R-squared = -0.0667390414987787
After epoch 34: Loss = 1.2131268895896203, R-squared = -0.2131468066891793
	Validation Loss = 0.5367085492657514, Validation R-squared = -0.06673806595554858
After epoch 35: Loss = 1.208362571652416, R-squared = -0.21324553701453772
	Validation Loss = 0.5367083033526635, Validation R-squared = -0.06673762386878797
After epoch 36: Loss = 1.209575906590357, R-squared = -0.2790100162700852
	Validation Loss = 0.536708258222142, Validation R-squared = -0.06673754273608967
After epoch 37: Loss = 1.2121777160692508, R-squared = -0.2156965311544142
	Validation Loss = 0.536708374923294, Validation R-squared = -0.06673775253381908
After epoch 38: Loss = 1.211134068315306, R-squared = -0.3641361898431305
	Validation Loss = 0.5367086062793197, Validation R-squared = -0.06673816845095464
After epoch 39: Loss = 1.2089276911059348, R-squared = -0.22194048497078142
	Validation Loss = 0.5367089422130579, Validation R-squared = -0.06673877237205572
After epoch 40: Loss = 1.2103922801141054, R-squared = -0.25094539196363846
	Validation Loss = 0.5367093514051118, Validation R-squared = -0.06673950799376853
After epoch 41: Loss = 1.2116458954055702, R-squared = -0.23038897053147286
	Validation Loss = 0.5367098033202699, Validation R-squared = -0.0667403204222538
After epoch 42: Loss = 1.210563589404805, R-squared = -0.23432001912294695
	Validation Loss = 0.5367102834201013, Validation R-squared = -0.06674118352151581
After epoch 43: Loss = 1.210740248352411, R-squared = -0.310042500872535
	Validation Loss = 0.536710788661743, Validation R-squared = -0.0667420918215756
After epoch 44: Loss = 1.2083271909038171, R-squared = -0.21614665364045407
	Validation Loss = 0.5367113372860279, Validation R-squared = -0.06674307811540599
After epoch 45: Loss = 1.2113377785178443, R-squared = -0.33865216798361825
	Validation Loss = 0.5367118887495276, Validation R-squared = -0.06674406951603995
After epoch 46: Loss = 1.2112206376558385, R-squared = -0.21266345801083686
	Validation Loss = 0.5367124847180061, Validation R-squared = -0.06674514092898494
After epoch 47: Loss = 1.208234865770821, R-squared = -0.25087492652914506
	Validation Loss = 0.5367131058939228, Validation R-squared = -0.0667462576622685
After epoch 48: Loss = 1.210647927147727, R-squared = -0.21289825405002646
	Validation Loss = 0.5367137160490171, Validation R-squared = -0.0667473545858116
After epoch 49: Loss = 1.207488484915251, R-squared = -0.2736774944633334
	Validation Loss = 0.5367143404029657, Validation R-squared = -0.06674847703902535
After epoch 50: Loss = 1.212959295857073, R-squared = -0.21211954111636264
	Validation Loss = 0.536714967996495, Validation R-squared = -0.06674960531964653
Training process has finished.

Time taken for NoPoolCNN1, 7 learning rates: 589.5029850006104 seconds

gpu_utilization [%], mem_utilization [%], max_memory_usage [MiB], time [ms]
73 %, 18 %, 25630 MiB, 621976 ms
