Tue Jan  7 21:51:34 2025       
+-----------------------------------------------------------------------------------------+
| NVIDIA-SMI 565.57.01              Driver Version: 565.57.01      CUDA Version: 12.7     |
|-----------------------------------------+------------------------+----------------------+
| GPU  Name                 Persistence-M | Bus-Id          Disp.A | Volatile Uncorr. ECC |
| Fan  Temp   Perf          Pwr:Usage/Cap |           Memory-Usage | GPU-Util  Compute M. |
|                                         |                        |               MIG M. |
|=========================================+========================+======================|
|   0  NVIDIA A100 80GB PCIe          On  |   00000000:98:00.0 Off |                    0 |
| N/A   45C    P0             50W /  300W |       1MiB /  81920MiB |      0%      Default |
|                                         |                        |             Disabled |
+-----------------------------------------+------------------------+----------------------+
                                                                                         
+-----------------------------------------------------------------------------------------+
| Processes:                                                                              |
|  GPU   GI   CI        PID   Type   Process name                              GPU Memory |
|        ID   ID                                                               Usage      |
|=========================================================================================|
|  No running processes found                                                             |
+-----------------------------------------------------------------------------------------+
Using device: cuda
Number of permeability values: 455
Number of images: 455
Using CNN: NoPoolCNN1 with learning rate: 5e-05
After epoch 1: Loss = 1.0440724521594218, R-squared = -0.06509568101233949
	Validation Loss = 88.5667806568705, Validation R-squared = -17272864229542.479
After epoch 2: Loss = 0.9795691610354321, R-squared = 0.0060420777270262845
	Validation Loss = 92.39711640675593, Validation R-squared = -18063204610163.09
After epoch 3: Loss = 0.9422968697279902, R-squared = 0.024834181220713302
	Validation Loss = 94.86112905853129, Validation R-squared = -18585103983039.125
After epoch 4: Loss = 0.8981680352840096, R-squared = 0.08659163642840555
	Validation Loss = 93.08620665006379, Validation R-squared = -18244541592139.035
After epoch 5: Loss = 0.8442300967445494, R-squared = 0.14455191786213634
	Validation Loss = 94.34000747497733, Validation R-squared = -18555434866560.83
After epoch 6: Loss = 0.7366453426371768, R-squared = 0.24883054252932432
	Validation Loss = 93.60857936531075, Validation R-squared = -18459893052144.305
After epoch 7: Loss = 0.5522779950251223, R-squared = 0.42290640457616613
	Validation Loss = 98.01831230640812, Validation R-squared = -19464632037270.22
After epoch 8: Loss = 0.41128353252477784, R-squared = 0.5746263422674068
	Validation Loss = 97.06509383292371, Validation R-squared = -19101256934346.03
After epoch 9: Loss = 0.30624388345033937, R-squared = 0.6920226084934565
	Validation Loss = 92.76680139838389, Validation R-squared = -17865300891140.125
After epoch 10: Loss = 0.25238108545698223, R-squared = 0.724236532713322
	Validation Loss = 90.27428812395182, Validation R-squared = -17348786087210.936
After epoch 11: Loss = 0.19480952224548276, R-squared = 0.7906277269432895
	Validation Loss = 92.39831195821722, Validation R-squared = -18184321639511.02
After epoch 12: Loss = 0.10157632507795719, R-squared = 0.8930064851613938
	Validation Loss = 94.15387603735614, Validation R-squared = -18875604799651.01
After epoch 13: Loss = 0.05087082002515231, R-squared = 0.9465106920670723
	Validation Loss = 91.07432474615821, Validation R-squared = -18358222961132.62
After epoch 14: Loss = 0.04306816973651729, R-squared = 0.9540921411048098
	Validation Loss = 93.16773945831066, Validation R-squared = -18842049779611.566
After epoch 15: Loss = 0.029023564522124578, R-squared = 0.967568203234854
	Validation Loss = 92.30028147953612, Validation R-squared = -18678431693446.254
After epoch 16: Loss = 0.024036494165243276, R-squared = 0.9732048921521322
	Validation Loss = 93.61532764364937, Validation R-squared = -18938072924800.742
After epoch 17: Loss = 0.0296517038848781, R-squared = 0.968749605483246
	Validation Loss = 92.32080645872611, Validation R-squared = -18661168008952.895
After epoch 18: Loss = 0.021537186079753433, R-squared = 0.9767916424083027
	Validation Loss = 92.07067093242402, Validation R-squared = -18625601867212.55
After epoch 19: Loss = 0.01794328082590947, R-squared = 0.9808687457223366
	Validation Loss = 91.55425518700402, Validation R-squared = -18523018882919.484
After epoch 20: Loss = 0.01771530805126053, R-squared = 0.9812767663641683
	Validation Loss = 91.67680297133408, Validation R-squared = -18531846546550.266
After epoch 21: Loss = 0.012995435683250664, R-squared = 0.9848671330180814
	Validation Loss = 92.09580460135975, Validation R-squared = -18617195785954.457
After epoch 22: Loss = 0.012551756346016848, R-squared = 0.9862541833622155
	Validation Loss = 90.95387422285081, Validation R-squared = -18383759444175.41
After epoch 23: Loss = 0.014111134137169667, R-squared = 0.9844934014760831
	Validation Loss = 92.6425235768164, Validation R-squared = -18728839454483.73
After epoch 24: Loss = 0.010387633079273626, R-squared = 0.988860271806983
	Validation Loss = 91.18973430917914, Validation R-squared = -18416449833742.746
After epoch 25: Loss = 0.01030352486420727, R-squared = 0.9890812758598615
	Validation Loss = 91.03348211013248, Validation R-squared = -18402741309400.855
After epoch 26: Loss = 0.011507485776866274, R-squared = 0.9882032317451153
	Validation Loss = 92.74569131706123, Validation R-squared = -18741362884844.832
After epoch 27: Loss = 0.009035841663175446, R-squared = 0.9902922486799801
	Validation Loss = 90.64373682580698, Validation R-squared = -18309051009784.68
After epoch 28: Loss = 0.009072532560565975, R-squared = 0.9903394624319244
	Validation Loss = 91.7721207118073, Validation R-squared = -18526379655724.645
After epoch 29: Loss = 0.007657889182108897, R-squared = 0.9916815702416797
	Validation Loss = 91.95735187900709, Validation R-squared = -18548339043003.945
After epoch 30: Loss = 0.007267213769082638, R-squared = 0.9924694037151985
	Validation Loss = 91.68799433361626, Validation R-squared = -18507399124365.367
After epoch 31: Loss = 0.006941590624790878, R-squared = 0.9924574496342624
	Validation Loss = 92.03828926974863, Validation R-squared = -18564648768098.176
After epoch 32: Loss = 0.007610432943973402, R-squared = 0.991970781940522
	Validation Loss = 91.35274292102467, Validation R-squared = -18453405745770.86
After epoch 33: Loss = 0.006204969273326177, R-squared = 0.993376312660285
	Validation Loss = 91.04772163480904, Validation R-squared = -18386436067799.977
After epoch 34: Loss = 0.005987491103008215, R-squared = 0.9937272685126238
	Validation Loss = 91.92170453742138, Validation R-squared = -18562382446568.117
After epoch 35: Loss = 0.005467371812743309, R-squared = 0.9941095713152182
	Validation Loss = 91.29323259538933, Validation R-squared = -18436910238284.14
After epoch 36: Loss = 0.00608146381078681, R-squared = 0.9929997915866929
	Validation Loss = 90.3035245219226, Validation R-squared = -18220469574249.914
After epoch 37: Loss = 0.005261106016123926, R-squared = 0.9938860993916924
	Validation Loss = 92.01396447944825, Validation R-squared = -18588806073571.035
After epoch 38: Loss = 0.004849861634711443, R-squared = 0.9949208911215853
	Validation Loss = 91.95404816166968, Validation R-squared = -18581044231643.8
After epoch 39: Loss = 0.0053640836853829105, R-squared = 0.994411996181209
	Validation Loss = 91.97553538989253, Validation R-squared = -18573776846436.668
After epoch 40: Loss = 0.004361453177996256, R-squared = 0.9954699626775536
	Validation Loss = 91.85679793055859, Validation R-squared = -18553705544150.242
After epoch 41: Loss = 0.005644529361722808, R-squared = 0.9939390310487675
	Validation Loss = 92.93031455970562, Validation R-squared = -18771247172048.598
After epoch 42: Loss = 0.005345861398873768, R-squared = 0.9941737149792278
	Validation Loss = 91.63599677099563, Validation R-squared = -18526433691413.145
After epoch 43: Loss = 0.00414861459149, R-squared = 0.9955245741036001
	Validation Loss = 91.03854661223721, Validation R-squared = -18405478838111.02
After epoch 44: Loss = 0.004861918770119373, R-squared = 0.9949059776228946
	Validation Loss = 91.10910085300962, Validation R-squared = -18414551208178.957
After epoch 45: Loss = 0.004089813641578902, R-squared = 0.9956560496912269
	Validation Loss = 91.42270357307545, Validation R-squared = -18476839925026.78
After epoch 46: Loss = 0.0038982003927256715, R-squared = 0.99614533545718
	Validation Loss = 92.32981780134456, Validation R-squared = -18676106806235.37
After epoch 47: Loss = 0.005401270985303297, R-squared = 0.9939833354510144
	Validation Loss = 92.35429215384984, Validation R-squared = -18647385517978.6
After epoch 48: Loss = 0.005615244435144455, R-squared = 0.9937893762497563
	Validation Loss = 91.21766142983638, Validation R-squared = -18451158853898.26
After epoch 49: Loss = 0.004082430962527922, R-squared = 0.9955238784432199
	Validation Loss = 91.30158276261828, Validation R-squared = -18465864814547.676
After epoch 50: Loss = 0.004012200249171957, R-squared = 0.9958217840765741
	Validation Loss = 90.16432202996293, Validation R-squared = -18254731555789.715
Training process has finished.

Using CNN: NoPoolCNN1 with learning rate: 1e-04
After epoch 1: Loss = 1.0038568181665046, R-squared = -0.02749311384811397
	Validation Loss = 89.81045002126234, Validation R-squared = -17515621835905.115
After epoch 2: Loss = 0.9665696394078038, R-squared = 0.023827751032654644
	Validation Loss = 89.67550898276893, Validation R-squared = -17523964046698.781
After epoch 3: Loss = 0.8616869841979954, R-squared = 0.12285960721007019
	Validation Loss = 90.25842971244424, Validation R-squared = -17817271100379.715
After epoch 4: Loss = 0.5262756480302316, R-squared = 0.4981525114542703
	Validation Loss = 91.43098631331445, Validation R-squared = -18443548616342.71
After epoch 5: Loss = 0.10557193776684363, R-squared = 0.8922254100829659
	Validation Loss = 89.06443608107811, Validation R-squared = -18135903542084.137
After epoch 6: Loss = 0.052177838702767786, R-squared = 0.9429400592733689
	Validation Loss = 90.61762597321706, Validation R-squared = -18298059861270.33
After epoch 7: Loss = 0.058242841178538576, R-squared = 0.935629468695493
	Validation Loss = 87.5816063196791, Validation R-squared = -17651149927798.656
After epoch 8: Loss = 0.03914795010157556, R-squared = 0.9587375256688672
	Validation Loss = 91.7230673191951, Validation R-squared = -18520463716334.92
After epoch 9: Loss = 0.023261187143369406, R-squared = 0.974796179510862
	Validation Loss = 93.52607043678171, Validation R-squared = -18884663992048.004
After epoch 10: Loss = 0.02675659236958679, R-squared = 0.9720160276913132
	Validation Loss = 93.3126604148418, Validation R-squared = -18826946245071.81
After epoch 11: Loss = 0.01811751919465441, R-squared = 0.9812218790016592
	Validation Loss = 91.37099539535772, Validation R-squared = -18472315676310.816
After epoch 12: Loss = 0.016384882599476215, R-squared = 0.9825267109536977
	Validation Loss = 92.13316877769093, Validation R-squared = -18613932244716.258
After epoch 13: Loss = 0.020715704175717855, R-squared = 0.978559226487465
	Validation Loss = 94.17481732421213, Validation R-squared = -19033709988601.26
After epoch 14: Loss = 0.019430017440958326, R-squared = 0.9793573730444315
	Validation Loss = 93.56668492356766, Validation R-squared = -18884389805766.34
After epoch 15: Loss = 0.018720802139676935, R-squared = 0.9782638553690741
	Validation Loss = 91.11129049655408, Validation R-squared = -18411306657395.77
After epoch 16: Loss = 0.014801401483558994, R-squared = 0.9846772465039685
	Validation Loss = 90.0617441639058, Validation R-squared = -18192269282033.895
After epoch 17: Loss = 0.010817817919618663, R-squared = 0.9883261328325593
	Validation Loss = 90.22064262009125, Validation R-squared = -18232599989860.418
After epoch 18: Loss = 0.014019152605081834, R-squared = 0.9846630580605329
	Validation Loss = 90.47561855265411, Validation R-squared = -18292542298017.348
After epoch 19: Loss = 0.012390112077849787, R-squared = 0.9866993822333274
	Validation Loss = 91.15315717264595, Validation R-squared = -18394484432282.1
After epoch 20: Loss = 0.007877052678812514, R-squared = 0.9915601492261548
	Validation Loss = 93.068419291035, Validation R-squared = -18789063865103.91
After epoch 21: Loss = 0.009752403233081085, R-squared = 0.9888608302235793
	Validation Loss = 93.04802197134387, Validation R-squared = -18760443037141.92
After epoch 22: Loss = 0.009677336418605877, R-squared = 0.9900875064395553
	Validation Loss = 92.20376420130998, Validation R-squared = -18638370460182.906
After epoch 23: Loss = 0.006680236005878143, R-squared = 0.9931280827410045
	Validation Loss = 91.50200602782341, Validation R-squared = -18504630681507.074
After epoch 24: Loss = 0.005287517845992104, R-squared = 0.9946213227123721
	Validation Loss = 91.09254847278703, Validation R-squared = -18406592420623.992
After epoch 25: Loss = 0.006992505031865132, R-squared = 0.9923126775201163
	Validation Loss = 91.01641510616655, Validation R-squared = -18385670763567.28
After epoch 26: Loss = 0.006881784545604263, R-squared = 0.9928094150075379
	Validation Loss = 90.54839238935016, Validation R-squared = -18341628149097.77
After epoch 27: Loss = 0.010286753571209497, R-squared = 0.9889295166714103
	Validation Loss = 89.83478337757738, Validation R-squared = -18151385277297.543
After epoch 28: Loss = 0.010124597433647919, R-squared = 0.989572545875934
	Validation Loss = 89.75000997780438, Validation R-squared = -18169383663763.223
After epoch 29: Loss = 0.007052350679421426, R-squared = 0.9925430134882758
	Validation Loss = 90.28303851716845, Validation R-squared = -18279116762122.207
After epoch 30: Loss = 0.0067225916136492495, R-squared = 0.9924417519721558
	Validation Loss = 90.11040038136889, Validation R-squared = -18248664604235.367
After epoch 31: Loss = 0.006504322362747328, R-squared = 0.9933911084663507
	Validation Loss = 90.58655236863967, Validation R-squared = -18291108054460.496
After epoch 32: Loss = 0.004441209180716937, R-squared = 0.9952382651052888
	Validation Loss = 91.79383062134464, Validation R-squared = -18568004462807.75
After epoch 33: Loss = 0.00340673217587812, R-squared = 0.9964723915663306
	Validation Loss = 92.17292018628184, Validation R-squared = -18639010959506.88
After epoch 34: Loss = 0.00329732537075613, R-squared = 0.9964110846600608
	Validation Loss = 91.98754165843462, Validation R-squared = -18579542611184.074
After epoch 35: Loss = 0.0032399304166411567, R-squared = 0.9966726977884562
	Validation Loss = 92.27674476662686, Validation R-squared = -18664709537784.527
After epoch 36: Loss = 0.0028739154831851276, R-squared = 0.9968486127692241
	Validation Loss = 91.78181318211807, Validation R-squared = -18570241008235.49
After epoch 37: Loss = 0.003168567486099573, R-squared = 0.9967878642921644
	Validation Loss = 90.5153627426307, Validation R-squared = -18313663238160.656
After epoch 38: Loss = 0.004156687144346929, R-squared = 0.9959171731975622
	Validation Loss = 91.16497491849124, Validation R-squared = -18453165586742.418
After epoch 39: Loss = 0.0028769008161399325, R-squared = 0.9968422235410903
	Validation Loss = 90.46403697743547, Validation R-squared = -18291655883422.996
After epoch 40: Loss = 0.0022173157705347385, R-squared = 0.9975796525073987
	Validation Loss = 91.84251290146445, Validation R-squared = -18601887807648.18
After epoch 41: Loss = 0.002089182332806977, R-squared = 0.9978417298286407
	Validation Loss = 91.45027726659437, Validation R-squared = -18498183146065.824
After epoch 42: Loss = 0.0018803216974777846, R-squared = 0.9980280991902573
	Validation Loss = 91.84343947919098, Validation R-squared = -18586970055001.363
After epoch 43: Loss = 0.0014975857535406483, R-squared = 0.998412751707914
	Validation Loss = 91.87856150713877, Validation R-squared = -18593044548291.137
After epoch 44: Loss = 0.0015756972684794035, R-squared = 0.998312046151565
	Validation Loss = 91.53063032943119, Validation R-squared = -18521401830996.05
After epoch 45: Loss = 0.0015111921005446641, R-squared = 0.998428799197234
	Validation Loss = 91.49741199602401, Validation R-squared = -18514932895661.316
After epoch 46: Loss = 0.0015309032908912275, R-squared = 0.9983895307363222
	Validation Loss = 91.00521055350676, Validation R-squared = -18419927723308.457
After epoch 47: Loss = 0.002091973466212614, R-squared = 0.997757318991957
	Validation Loss = 92.30130231457441, Validation R-squared = -18673150838819.43
After epoch 48: Loss = 0.002674705984908353, R-squared = 0.9971876200542231
	Validation Loss = 92.46030719024812, Validation R-squared = -18675453051817.816
After epoch 49: Loss = 0.0035510589486357617, R-squared = 0.9959446251380111
	Validation Loss = 90.89319564553777, Validation R-squared = -18432276655094.613
After epoch 50: Loss = 0.002182820811337754, R-squared = 0.9975988654002604
	Validation Loss = 91.2576599148699, Validation R-squared = -18448856531551.684
Training process has finished.

Using CNN: NoPoolCNN1 with learning rate: 5e-04
After epoch 1: Loss = 0.9389222562062958, R-squared = 0.03215721704254122
	Validation Loss = 84.54638346415139, Validation R-squared = -16695756402050.814
After epoch 2: Loss = 0.5886540726232476, R-squared = 0.36037521671228645
	Validation Loss = 87.66731984319841, Validation R-squared = -18314017842876.254
After epoch 3: Loss = 0.3898574756303588, R-squared = 0.5836668796184201
	Validation Loss = 91.06921821699824, Validation R-squared = -19256980785969.043
After epoch 4: Loss = 0.1691632255075704, R-squared = 0.8176180559519117
	Validation Loss = 86.20905448302496, Validation R-squared = -17457728477920.904
After epoch 5: Loss = 0.08417127359601576, R-squared = 0.9112392676116464
	Validation Loss = 91.54068727282605, Validation R-squared = -18759090599524.016
After epoch 6: Loss = 0.03508019697633723, R-squared = 0.9611972522417688
	Validation Loss = 92.5881936018303, Validation R-squared = -18829553607561.31
After epoch 7: Loss = 0.0244062932757309, R-squared = 0.9738990528349808
	Validation Loss = 93.3459292861812, Validation R-squared = -18892578837589.98
After epoch 8: Loss = 0.023562106434933942, R-squared = 0.9727968403331385
	Validation Loss = 94.12751394639916, Validation R-squared = -19042058103860.082
After epoch 9: Loss = 0.01713507045719733, R-squared = 0.981396192479435
	Validation Loss = 90.81034669396847, Validation R-squared = -18407221360603.24
After epoch 10: Loss = 0.031194976547689962, R-squared = 0.9674043834789691
	Validation Loss = 90.36195592273357, Validation R-squared = -18397069563321.52
After epoch 11: Loss = 0.035942774031869615, R-squared = 0.9598422746589952
	Validation Loss = 90.90546827242902, Validation R-squared = -18422996778063.04
After epoch 12: Loss = 0.01977976856893156, R-squared = 0.9778547000925935
	Validation Loss = 91.8148981165932, Validation R-squared = -18500402001472.42
After epoch 13: Loss = 0.011169797783794334, R-squared = 0.9881582754183993
	Validation Loss = 92.52684621931708, Validation R-squared = -18625973257973.273
After epoch 14: Loss = 0.005646353274278539, R-squared = 0.9941333303465159
	Validation Loss = 92.1118774941141, Validation R-squared = -18562790848170.38
After epoch 15: Loss = 0.004602192412358838, R-squared = 0.994985649948245
	Validation Loss = 92.98601214119964, Validation R-squared = -18767238353608.566
After epoch 16: Loss = 0.011575903838845412, R-squared = 0.987520481046022
	Validation Loss = 91.11435735628585, Validation R-squared = -18431652267164.39
After epoch 17: Loss = 0.003534793471235733, R-squared = 0.9962523695399786
	Validation Loss = 91.56129904751207, Validation R-squared = -18482187855532.38
After epoch 18: Loss = 0.004246185197319006, R-squared = 0.9948870908191342
	Validation Loss = 91.00885569905488, Validation R-squared = -18413457508045.63
After epoch 19: Loss = 0.01408459373566486, R-squared = 0.9853965295771536
	Validation Loss = 89.92504989164502, Validation R-squared = -18232255328555.81
After epoch 20: Loss = 0.013920226717492268, R-squared = 0.9851297538636361
	Validation Loss = 90.64521832275688, Validation R-squared = -18362890739591.855
After epoch 21: Loss = 0.007901981589108284, R-squared = 0.992211619023444
	Validation Loss = 91.27758648354848, Validation R-squared = -18478490998790.23
After epoch 22: Loss = 0.004512772336615141, R-squared = 0.9951333946845192
	Validation Loss = 91.91419789490404, Validation R-squared = -18540373587919.395
After epoch 23: Loss = 0.00368832056035783, R-squared = 0.995807211220448
	Validation Loss = 90.85445166488175, Validation R-squared = -18400536838959.21
After epoch 24: Loss = 0.003023425146991154, R-squared = 0.9965937650125849
	Validation Loss = 92.20689036740873, Validation R-squared = -18658975283175.816
After epoch 25: Loss = 0.0019349895041682517, R-squared = 0.9980376736779467
	Validation Loss = 90.92224040165057, Validation R-squared = -18378260199489.242
After epoch 26: Loss = 0.0013918088076690293, R-squared = 0.9985822545805678
	Validation Loss = 91.93323516829105, Validation R-squared = -18590666256455.59
After epoch 27: Loss = 0.002749220625278481, R-squared = 0.9971218324637434
	Validation Loss = 91.73474610519936, Validation R-squared = -18555164513853.945
After epoch 28: Loss = 0.002350382334269355, R-squared = 0.9975057142315276
	Validation Loss = 91.93788123259458, Validation R-squared = -18581150782172.03
After epoch 29: Loss = 0.001478453481377288, R-squared = 0.9984057093028058
	Validation Loss = 91.40409616153723, Validation R-squared = -18512755382219.81
After epoch 30: Loss = 0.0013918333223775445, R-squared = 0.9985779549389207
	Validation Loss = 92.14049027284835, Validation R-squared = -18601510850559.527
After epoch 31: Loss = 0.0043700849738010005, R-squared = 0.995876854359458
	Validation Loss = 92.5644488603475, Validation R-squared = -18693076593338.043
After epoch 32: Loss = 0.0023997458086065767, R-squared = 0.9974624706297913
	Validation Loss = 91.95683577928618, Validation R-squared = -18606281692341.4
After epoch 33: Loss = 0.0019772000944762343, R-squared = 0.9977428601658997
	Validation Loss = 92.69478404911553, Validation R-squared = -18686143568239.6
After epoch 34: Loss = 0.006596577796770463, R-squared = 0.9926070819239319
	Validation Loss = 92.2640380536847, Validation R-squared = -18655359461170.184
After epoch 35: Loss = 0.0023102015107365143, R-squared = 0.9974503488080272
	Validation Loss = 92.11872553248763, Validation R-squared = -18642480992934.2
After epoch 36: Loss = 0.0015464089682196039, R-squared = 0.998392382499165
	Validation Loss = 91.57414000036697, Validation R-squared = -18505903406609.8
After epoch 37: Loss = 0.0006953636377725242, R-squared = 0.9992726209237046
	Validation Loss = 91.33390908831645, Validation R-squared = -18479661489324.734
After epoch 38: Loss = 0.000685961365304759, R-squared = 0.9992587943681801
	Validation Loss = 91.33051714146721, Validation R-squared = -18462963222363.242
After epoch 39: Loss = 0.000768324559113794, R-squared = 0.9991941487544684
	Validation Loss = 90.8533796715322, Validation R-squared = -18392089050841.98
After epoch 40: Loss = 0.0013793354393841818, R-squared = 0.9985475336808797
	Validation Loss = 91.77523755468054, Validation R-squared = -18557753061202.89
After epoch 41: Loss = 0.0016147250154483809, R-squared = 0.9981236807911159
	Validation Loss = 92.24705645615846, Validation R-squared = -18668254795614.152
After epoch 42: Loss = 0.003211088149171721, R-squared = 0.9966256163233893
	Validation Loss = 91.96823273573868, Validation R-squared = -18563351899575.344
After epoch 43: Loss = 0.0038594541610071516, R-squared = 0.9956279594402242
	Validation Loss = 93.19994490568304, Validation R-squared = -18839787721502.56
After epoch 44: Loss = 0.005390263387208822, R-squared = 0.9943595200374757
	Validation Loss = 92.7592025823078, Validation R-squared = -18817641324845.613
After epoch 45: Loss = 0.004047984600105749, R-squared = 0.9949779761710312
	Validation Loss = 91.3682732109384, Validation R-squared = -18440366215879.52
After epoch 46: Loss = 0.0021954815091608814, R-squared = 0.997887358163049
	Validation Loss = 91.64660754632507, Validation R-squared = -18504425184639.645
After epoch 47: Loss = 0.003399156887549407, R-squared = 0.996294329411549
	Validation Loss = 92.23293491002153, Validation R-squared = -18629311128020.79
After epoch 48: Loss = 0.0017373272277008526, R-squared = 0.9981773606565572
	Validation Loss = 91.73078847020334, Validation R-squared = -18579735844550.418
After epoch 49: Loss = 0.0013037244559821178, R-squared = 0.9985722743534036
	Validation Loss = 90.7968580465993, Validation R-squared = -18378308081770.91
After epoch 50: Loss = 0.0015618558007860315, R-squared = 0.9983679710614706
	Validation Loss = 91.88637293123877, Validation R-squared = -18585292851029.52
Training process has finished.

Using CNN: NoPoolCNN1 with learning rate: 1e-03
After epoch 1: Loss = 0.9900067836363302, R-squared = 0.00104185824987868
	Validation Loss = 91.03978545945311, Validation R-squared = -17939551050115.52
After epoch 2: Loss = 0.5611136782222561, R-squared = 0.4375014175137313
	Validation Loss = 83.51781389900633, Validation R-squared = -18098673480610.746
After epoch 3: Loss = 0.2630018927022544, R-squared = 0.7293731842789374
	Validation Loss = 79.62686032292356, Validation R-squared = -16416472515064.857
After epoch 4: Loss = 0.33420971758286305, R-squared = 0.6562134263451884
	Validation Loss = 90.4314567657331, Validation R-squared = -18485122415032.918
After epoch 5: Loss = 0.22684019153658883, R-squared = 0.7726074378589576
	Validation Loss = 95.01006376310447, Validation R-squared = -19894748494631.37
After epoch 6: Loss = 0.12557124745561124, R-squared = 0.8697462214423073
	Validation Loss = 90.83000926057998, Validation R-squared = -18383343979973.246
After epoch 7: Loss = 0.05157215956297896, R-squared = 0.9470282748566957
	Validation Loss = 91.85376509974655, Validation R-squared = -18406116269829.79
After epoch 8: Loss = 0.01941664443439109, R-squared = 0.97842752584673
	Validation Loss = 93.14170364548602, Validation R-squared = -18713904919987.31
After epoch 9: Loss = 0.015999085219351845, R-squared = 0.9831043224372866
	Validation Loss = 90.99449599591323, Validation R-squared = -18270288181462.11
After epoch 10: Loss = 0.014395772559738331, R-squared = 0.9849652472438768
	Validation Loss = 92.51114303115851, Validation R-squared = -18610174706442.438
After epoch 11: Loss = 0.01116170190717226, R-squared = 0.9870272173658705
	Validation Loss = 92.97133448883966, Validation R-squared = -18739806149702.082
After epoch 12: Loss = 0.0071843756802306615, R-squared = 0.9926252446791132
	Validation Loss = 93.10116994367537, Validation R-squared = -18756083905440.863
After epoch 13: Loss = 0.008716377744597752, R-squared = 0.9902894916002717
	Validation Loss = 89.84423502979996, Validation R-squared = -18216173574740.336
After epoch 14: Loss = 0.006281156613650872, R-squared = 0.9935785461148161
	Validation Loss = 91.64128326712591, Validation R-squared = -18527239924738.043
After epoch 15: Loss = 0.004361093620455244, R-squared = 0.9954767122333509
	Validation Loss = 90.38729044641424, Validation R-squared = -18280100717327.3
After epoch 16: Loss = 0.003362068906436217, R-squared = 0.9963859091284565
	Validation Loss = 91.8173113872453, Validation R-squared = -18497148034428.527
After epoch 17: Loss = 0.002885516684445414, R-squared = 0.9967903454157527
	Validation Loss = 91.15397516127229, Validation R-squared = -18387945684493.67
After epoch 18: Loss = 0.0033811518803231145, R-squared = 0.9963895294093987
	Validation Loss = 92.69028778165995, Validation R-squared = -18739429889554.605
After epoch 19: Loss = 0.004082547847193661, R-squared = 0.9957750240699956
	Validation Loss = 90.43602080537306, Validation R-squared = -18268461545644.2
After epoch 20: Loss = 0.003700945585833387, R-squared = 0.9960700985801024
	Validation Loss = 92.20382062095341, Validation R-squared = -18643022732718.938
After epoch 21: Loss = 0.002281234292909016, R-squared = 0.9976533118429256
	Validation Loss = 90.87172437881749, Validation R-squared = -18379156653779.688
After epoch 22: Loss = 0.0017499621724777095, R-squared = 0.998168884543506
	Validation Loss = 91.79043714089279, Validation R-squared = -18525991597230.395
After epoch 23: Loss = 0.0014156854563916604, R-squared = 0.9984494394708164
	Validation Loss = 91.51106312926117, Validation R-squared = -18481879241180.5
After epoch 24: Loss = 0.001407330414636942, R-squared = 0.9984363352788707
	Validation Loss = 91.597633815645, Validation R-squared = -18510934848246.74
After epoch 25: Loss = 0.001706416784854724, R-squared = 0.9981697278137519
	Validation Loss = 91.22807382618804, Validation R-squared = -18456793524184.97
After epoch 26: Loss = 0.0016781578365182258, R-squared = 0.9981824751977177
	Validation Loss = 91.68656909960305, Validation R-squared = -18512211607667.918
After epoch 27: Loss = 0.0024596224889644218, R-squared = 0.9971073828698611
	Validation Loss = 92.26536842446349, Validation R-squared = -18671955543896.2
After epoch 28: Loss = 0.0025740545520962573, R-squared = 0.9973370756464275
	Validation Loss = 90.8265847219627, Validation R-squared = -18364941883142.043
After epoch 29: Loss = 0.008213595878644944, R-squared = 0.9907520655843912
	Validation Loss = 89.96725572062894, Validation R-squared = -18302770600155.613
After epoch 30: Loss = 0.007300640546864273, R-squared = 0.9919997999778815
	Validation Loss = 92.20248909595499, Validation R-squared = -18593889580015.35
After epoch 31: Loss = 0.002983407648115521, R-squared = 0.996811800739821
	Validation Loss = 91.90889602958389, Validation R-squared = -18536912242012.543
After epoch 32: Loss = 0.003373277891982194, R-squared = 0.9963386443305214
	Validation Loss = 92.6235049898658, Validation R-squared = -18721845050651.895
After epoch 33: Loss = 0.005946891029048111, R-squared = 0.9935807148505902
	Validation Loss = 90.73078692971463, Validation R-squared = -18302086375782.41
After epoch 34: Loss = 0.004421784475182762, R-squared = 0.9955141020673862
	Validation Loss = 91.11185635837374, Validation R-squared = -18471643827972.52
After epoch 35: Loss = 0.0036183048164455563, R-squared = 0.9961305126032272
	Validation Loss = 91.36586155987152, Validation R-squared = -18441753148851.215
After epoch 36: Loss = 0.0016708668597903847, R-squared = 0.9983383427005419
	Validation Loss = 92.01890919292235, Validation R-squared = -18625623317822.35
After epoch 37: Loss = 0.0017544795578448452, R-squared = 0.9981249856275596
	Validation Loss = 90.87498652695001, Validation R-squared = -18404836973572.62
After epoch 38: Loss = 0.002009681084151424, R-squared = 0.9979034395903369
	Validation Loss = 92.12508708699677, Validation R-squared = -18579652082126.414
After epoch 39: Loss = 0.0013671080553750616, R-squared = 0.998592849493859
	Validation Loss = 91.18835360643097, Validation R-squared = -18423043718325.066
After epoch 40: Loss = 0.0007931464476848352, R-squared = 0.9991439607572692
	Validation Loss = 91.20418083375871, Validation R-squared = -18454189031681.4
After epoch 41: Loss = 0.0019119774590654463, R-squared = 0.99797691143596
	Validation Loss = 91.85921753421947, Validation R-squared = -18517712222009.95
After epoch 42: Loss = 0.0008658879063832734, R-squared = 0.9991055191023749
	Validation Loss = 91.39559542526035, Validation R-squared = -18493148619687.844
After epoch 43: Loss = 0.0007641229512180146, R-squared = 0.9991894514285175
	Validation Loss = 91.5180385704381, Validation R-squared = -18501631999313.285
After epoch 44: Loss = 0.0005731330523607612, R-squared = 0.9993603714112778
	Validation Loss = 91.60309113206426, Validation R-squared = -18526323619272.145
After epoch 45: Loss = 0.0009557304767477315, R-squared = 0.9989634182580218
	Validation Loss = 91.49712172707443, Validation R-squared = -18501142637312.066
After epoch 46: Loss = 0.0009228782670444885, R-squared = 0.999022969131304
	Validation Loss = 91.18185000085595, Validation R-squared = -18441378760500.188
After epoch 47: Loss = 0.0011765011363390413, R-squared = 0.998741175757295
	Validation Loss = 93.05895682821648, Validation R-squared = -18837419822886.19
After epoch 48: Loss = 0.006891837485157887, R-squared = 0.9927905122909506
	Validation Loss = 91.48562094224125, Validation R-squared = -18425927719354.504
After epoch 49: Loss = 0.006061244686114039, R-squared = 0.9941274503117906
	Validation Loss = 91.1903903583313, Validation R-squared = -18417924877605.895
After epoch 50: Loss = 0.002140600572506707, R-squared = 0.9977340835816912
	Validation Loss = 91.79014984043204, Validation R-squared = -18615142785352.01
Training process has finished.

Using CNN: NoPoolCNN1 with learning rate: 5e-03
After epoch 1: Loss = 1.1320679197506924, R-squared = -0.14233903486200056
	Validation Loss = 92.89907817618024, Validation R-squared = -18115534192185.934
After epoch 2: Loss = 0.8463755355907946, R-squared = 0.11746710099388462
	Validation Loss = 95.06516060938054, Validation R-squared = -17556629827684.549
After epoch 3: Loss = 1.0579101647658056, R-squared = -0.2724191817202466
	Validation Loss = 90.97357023005587, Validation R-squared = -17733456470639.56
After epoch 4: Loss = 0.9303352304253905, R-squared = 0.05438752803361766
	Validation Loss = 98.49378244088958, Validation R-squared = -19171960717423.434
After epoch 5: Loss = 0.5643719521310201, R-squared = 0.39673035326516454
	Validation Loss = 94.7224823416543, Validation R-squared = -17948324712744.1
After epoch 6: Loss = 0.5445446028874531, R-squared = 0.4338164270908834
	Validation Loss = 102.53713836080011, Validation R-squared = -19659031741632.734
After epoch 7: Loss = 0.4749546250747937, R-squared = 0.5052046338518708
	Validation Loss = 95.7625307970123, Validation R-squared = -18208577024104.293
After epoch 8: Loss = 0.429205760570888, R-squared = 0.5642382108770095
	Validation Loss = 96.96920689089438, Validation R-squared = -18352779736043.43
After epoch 9: Loss = 0.3911410906613507, R-squared = 0.58337292584905
	Validation Loss = 97.07768799280426, Validation R-squared = -18470494979979.49
After epoch 10: Loss = 0.36101558049011123, R-squared = 0.6214828196354822
	Validation Loss = 96.73370410224295, Validation R-squared = -18421888533493.96
After epoch 11: Loss = 0.3350155557306056, R-squared = 0.6527715403447385
	Validation Loss = 97.602987029622, Validation R-squared = -18746836750949.418
After epoch 12: Loss = 0.31178971544733647, R-squared = 0.6668323704840529
	Validation Loss = 97.450264371448, Validation R-squared = -18778819059148.707
After epoch 13: Loss = 0.2928768248438931, R-squared = 0.6830446038836098
	Validation Loss = 96.80440274101181, Validation R-squared = -18683266574079.85
After epoch 14: Loss = 0.2747131665118278, R-squared = 0.724954293359192
	Validation Loss = 96.34803513858685, Validation R-squared = -18589050950077.902
After epoch 15: Loss = 0.25711577901083715, R-squared = 0.732061556014806
	Validation Loss = 96.20654817284696, Validation R-squared = -18623182827784.434
After epoch 16: Loss = 0.24169629912253834, R-squared = 0.7477949611125952
	Validation Loss = 95.11191485452792, Validation R-squared = -18405259130792.848
After epoch 17: Loss = 0.22733784744477742, R-squared = 0.7802709724108243
	Validation Loss = 96.22429013423884, Validation R-squared = -18692805150642.81
After epoch 18: Loss = 0.21215404346783512, R-squared = 0.7842483401384122
	Validation Loss = 94.7610568485264, Validation R-squared = -18394968710226.848
After epoch 19: Loss = 0.20026257434813294, R-squared = 0.7957560715107488
	Validation Loss = 95.67533599713805, Validation R-squared = -18644331638800.555
After epoch 20: Loss = 0.18767330463184617, R-squared = 0.7980717903489962
	Validation Loss = 95.15757017444712, Validation R-squared = -18549303678218.87
After epoch 21: Loss = 0.1779771750128592, R-squared = 0.8191155303237725
	Validation Loss = 95.03569601986379, Validation R-squared = -18541184380330.395
After epoch 22: Loss = 0.1679660880394546, R-squared = 0.8326894307641399
	Validation Loss = 95.022814769042, Validation R-squared = -18567891943174.242
After epoch 23: Loss = 0.1586413316661048, R-squared = 0.8409524971579625
	Validation Loss = 93.61887247737958, Validation R-squared = -18249952274240.5
After epoch 24: Loss = 0.15311825387755132, R-squared = 0.8418428109065585
	Validation Loss = 96.11847196047695, Validation R-squared = -18838732162021.89
After epoch 25: Loss = 0.141338035714411, R-squared = 0.8523865726655412
	Validation Loss = 95.56499447981577, Validation R-squared = -18762034325760.777
After epoch 26: Loss = 0.13230062249049407, R-squared = 0.8636051568093475
	Validation Loss = 94.79906618920738, Validation R-squared = -18607984841116.363
After epoch 27: Loss = 0.12445474658803286, R-squared = 0.8717813812717786
	Validation Loss = 93.88102162379766, Validation R-squared = -18418771683199.844
After epoch 28: Loss = 0.11745092569550075, R-squared = 0.8798671218253222
	Validation Loss = 94.14897436733878, Validation R-squared = -18476574781150.26
After epoch 29: Loss = 0.10985131379990301, R-squared = 0.888765502541425
	Validation Loss = 94.08189828770759, Validation R-squared = -18476154280481.86
After epoch 30: Loss = 0.10416735139426792, R-squared = 0.88634067239829
	Validation Loss = 94.33099518925052, Validation R-squared = -18562693478957.785
After epoch 31: Loss = 0.10070167277068447, R-squared = 0.8950388258677151
	Validation Loss = 94.55052287147527, Validation R-squared = -18611918469707.145
After epoch 32: Loss = 0.09545386048260007, R-squared = 0.8997637486344476
	Validation Loss = 94.54261582659966, Validation R-squared = -18696331892687.34
After epoch 33: Loss = 0.09511682878416186, R-squared = 0.9036277291834379
	Validation Loss = 95.03134496131689, Validation R-squared = -18809160524506.344
After epoch 34: Loss = 0.0837884292123997, R-squared = 0.917135670892112
	Validation Loss = 92.10100463828446, Validation R-squared = -18096534516209.69
After epoch 35: Loss = 0.08291103746043205, R-squared = 0.9144897197229005
	Validation Loss = 92.66891755832859, Validation R-squared = -18341204317286.152
After epoch 36: Loss = 0.07805501349547264, R-squared = 0.9199398080116488
	Validation Loss = 93.71139893971004, Validation R-squared = -18545344161688.09
After epoch 37: Loss = 0.07102704531344203, R-squared = 0.9284929305481293
	Validation Loss = 93.95758109997972, Validation R-squared = -18589364736201.906
After epoch 38: Loss = 0.0774329499498063, R-squared = 0.9167634211946641
	Validation Loss = 93.27739057828178, Validation R-squared = -18444223347668.92
After epoch 39: Loss = 0.07739705498265939, R-squared = 0.9170536900384259
	Validation Loss = 91.07345208830223, Validation R-squared = -17995648650961.754
After epoch 40: Loss = 0.08814460722827841, R-squared = 0.901478817014177
	Validation Loss = 94.31011444918772, Validation R-squared = -18854431281511.45
After epoch 41: Loss = 0.06055845591379583, R-squared = 0.9391020784810898
	Validation Loss = 93.96142019014114, Validation R-squared = -18666366571918.613
After epoch 42: Loss = 0.052471635251105674, R-squared = 0.9445261765889927
	Validation Loss = 93.16427433002025, Validation R-squared = -18470194862979.754
After epoch 43: Loss = 0.049203195350182034, R-squared = 0.9487124907493909
	Validation Loss = 93.25340342470504, Validation R-squared = -18546950402549.965
After epoch 44: Loss = 0.04599670576705767, R-squared = 0.9536711057305451
	Validation Loss = 92.71693186576239, Validation R-squared = -18394084625240.08
After epoch 45: Loss = 0.04390030459413329, R-squared = 0.955708062439234
	Validation Loss = 92.68585851411382, Validation R-squared = -18422069030281.543
After epoch 46: Loss = 0.04133027619050088, R-squared = 0.9585805545881984
	Validation Loss = 92.91479291890498, Validation R-squared = -18475270980625.312
After epoch 47: Loss = 0.037648593534598034, R-squared = 0.9604762275453662
	Validation Loss = 93.14288424427521, Validation R-squared = -18524084184960.8
After epoch 48: Loss = 0.03526201329757457, R-squared = 0.9622288603838239
	Validation Loss = 92.73487222707952, Validation R-squared = -18474741330294.746
After epoch 49: Loss = 0.03337630945598681, R-squared = 0.9671148316948317
	Validation Loss = 92.57977843410954, Validation R-squared = -18441652062164.22
After epoch 50: Loss = 0.03196290120082358, R-squared = 0.9674066609046623
	Validation Loss = 93.15874117251748, Validation R-squared = -18582160912777.254
Training process has finished.

Using CNN: NoPoolCNN1 with learning rate: 1e-02
After epoch 1: Loss = 167.89856605598263, R-squared = -189.7642352077208
	Validation Loss = 93.06225351704565, Validation R-squared = -18120823696708.277
After epoch 2: Loss = 1.0221528667557485, R-squared = -0.04921300912083969
	Validation Loss = 88.59842423217337, Validation R-squared = -17266051458949.18
After epoch 3: Loss = 1.0226223198409676, R-squared = -0.0915473237378612
	Validation Loss = 88.53393662467867, Validation R-squared = -17253484110053.498
After epoch 4: Loss = 1.0262680047243928, R-squared = -0.05977169154995068
	Validation Loss = 88.53710755187358, Validation R-squared = -17254102060539.234
After epoch 5: Loss = 1.0260806711011, R-squared = -0.08284564504985692
	Validation Loss = 88.56937605157856, Validation R-squared = -17260390547736.414
After epoch 6: Loss = 1.0250876661557404, R-squared = -0.04592695287749578
	Validation Loss = 88.62180893013281, Validation R-squared = -17270608670319.805
After epoch 7: Loss = 1.020065190725416, R-squared = -0.08565000088335446
	Validation Loss = 88.68294491064223, Validation R-squared = -17282522853948.445
After epoch 8: Loss = 1.0216909076323324, R-squared = -0.03653670638930784
	Validation Loss = 88.75212976918074, Validation R-squared = -17296005603424.967
After epoch 9: Loss = 1.0213860917182458, R-squared = -0.04095627749231541
	Validation Loss = 88.81365033700497, Validation R-squared = -17307994735460.686
After epoch 10: Loss = 1.022697369790474, R-squared = -0.06398847766182077
	Validation Loss = 88.88612693696938, Validation R-squared = -17322118979717.291
After epoch 11: Loss = 1.0214681957107348, R-squared = -0.06915366327018171
	Validation Loss = 88.96523891378415, Validation R-squared = -17337536326628.078
After epoch 12: Loss = 1.0176462191777287, R-squared = -0.030370327678847776
	Validation Loss = 89.03380058829087, Validation R-squared = -17350897629980.506
After epoch 13: Loss = 1.0179396043914897, R-squared = -0.05783924106496707
	Validation Loss = 89.09930446617084, Validation R-squared = -17363663029742.018
After epoch 14: Loss = 1.0147084310548364, R-squared = -0.03649746649977039
	Validation Loss = 89.18056987027819, Validation R-squared = -17379500036712.506
After epoch 15: Loss = 1.015800100873347, R-squared = -0.01940175083811326
	Validation Loss = 89.24994352565834, Validation R-squared = -17393019578961.635
After epoch 16: Loss = 1.0147129571093145, R-squared = -0.038733521743214205
	Validation Loss = 89.32402533060065, Validation R-squared = -17407456645693.47
After epoch 17: Loss = 1.0151640716844237, R-squared = -0.052848495809865746
	Validation Loss = 89.40372409900289, Validation R-squared = -17422988346617.736
After epoch 18: Loss = 1.011232063601696, R-squared = -0.015479716790350073
	Validation Loss = 89.47894235080071, Validation R-squared = -17437646884193.977
After epoch 19: Loss = 1.0118036518623934, R-squared = -0.03871073232515258
	Validation Loss = 89.54263458729811, Validation R-squared = -17450059231197.63
After epoch 20: Loss = 1.0128664333076738, R-squared = -0.036535447623107634
	Validation Loss = 89.62198197865189, Validation R-squared = -17465522455757.107
After epoch 21: Loss = 1.0112342610765326, R-squared = -0.042315892122832
	Validation Loss = 89.70467316902591, Validation R-squared = -17481637320083.748
After epoch 22: Loss = 1.0113980330001735, R-squared = -0.032427072668470426
	Validation Loss = 89.77633097788585, Validation R-squared = -17495601998339.377
After epoch 23: Loss = 1.0086303029211787, R-squared = -0.0387632766041681
	Validation Loss = 89.84595829071868, Validation R-squared = -17509170973407.297
After epoch 24: Loss = 1.007656996031152, R-squared = -0.034505842528271734
	Validation Loss = 89.92330371998969, Validation R-squared = -17524244055493.383
After epoch 25: Loss = 1.0062964672000112, R-squared = -0.0315991685692492
	Validation Loss = 89.99437968451127, Validation R-squared = -17538095343902.5
After epoch 26: Loss = 1.006880280938391, R-squared = -0.04237851927273095
	Validation Loss = 90.07705646646713, Validation R-squared = -17554207400344.29
After epoch 27: Loss = 1.0044323071592234, R-squared = -0.03648557320157801
	Validation Loss = 90.1414107796005, Validation R-squared = -17566748772919.64
After epoch 28: Loss = 1.0056088668435446, R-squared = -0.07679230121461707
	Validation Loss = 90.18995576263508, Validation R-squared = -17576209222257.389
After epoch 29: Loss = 1.0061505462702736, R-squared = -0.03748134866396431
	Validation Loss = 90.25695903118128, Validation R-squared = -17589266823436.615
After epoch 30: Loss = 1.004274236446911, R-squared = -0.02539332194096473
	Validation Loss = 90.31180965566848, Validation R-squared = -17599956116582.043
After epoch 31: Loss = 1.004242798062028, R-squared = -0.025127721184219264
	Validation Loss = 90.38050341914345, Validation R-squared = -17613343161526.848
After epoch 32: Loss = 1.0040411937599898, R-squared = -0.02636402308309991
	Validation Loss = 90.44525958069998, Validation R-squared = -17625962846366.207
After epoch 33: Loss = 1.00258693578809, R-squared = -0.03503733789781225
	Validation Loss = 90.50329407648228, Validation R-squared = -17637272612559.742
After epoch 34: Loss = 1.0039266542534133, R-squared = -0.033612540372426246
	Validation Loss = 90.53767810879201, Validation R-squared = -17643973374943.516
After epoch 35: Loss = 1.001953589699976, R-squared = -0.03125357069929753
	Validation Loss = 90.6158615011849, Validation R-squared = -17659209759385.023
After epoch 36: Loss = 1.0036139072661807, R-squared = -0.03332496209918834
	Validation Loss = 90.67596482720394, Validation R-squared = -17670922699354.88
After epoch 37: Loss = 0.9994134545755801, R-squared = -0.016175115402644668
	Validation Loss = 90.71530987553034, Validation R-squared = -17678590264858.99
After epoch 38: Loss = 0.999593324253057, R-squared = -0.05666207882017493
	Validation Loss = 90.76120579802746, Validation R-squared = -17687534465137.23
After epoch 39: Loss = 1.0004524934654078, R-squared = -0.03517595454686355
	Validation Loss = 90.80896965471858, Validation R-squared = -17696842688551.36
After epoch 40: Loss = 1.0028392040646321, R-squared = -0.05798918653905742
	Validation Loss = 90.81900064652261, Validation R-squared = -17698797528869.082
After epoch 41: Loss = 1.002054568942476, R-squared = -0.02642300784470375
	Validation Loss = 90.88357209373181, Validation R-squared = -17711381216590.742
After epoch 42: Loss = 1.0026080654160023, R-squared = -0.028217288415576136
	Validation Loss = 90.90236904269518, Validation R-squared = -17715044367195.918
After epoch 43: Loss = 1.0024334617887802, R-squared = -0.02912388271136974
	Validation Loss = 90.95663934326926, Validation R-squared = -17725620566812.785
After epoch 44: Loss = 1.001904240305485, R-squared = -0.033424658591890075
	Validation Loss = 90.9827238967567, Validation R-squared = -17730703926251.26
After epoch 45: Loss = 1.0037623038363854, R-squared = -0.015116169607350937
	Validation Loss = 91.02304515002167, Validation R-squared = -17738561734646.793
After epoch 46: Loss = 1.0025879874320656, R-squared = -0.009722160797070467
	Validation Loss = 91.0757160979918, Validation R-squared = -17748826252332.55
After epoch 47: Loss = 1.0017717775422483, R-squared = -0.021325125968993785
	Validation Loss = 91.09340693074027, Validation R-squared = -17752273842942.754
After epoch 48: Loss = 0.9983652236788515, R-squared = -0.021648749690247215
	Validation Loss = 91.14345372803795, Validation R-squared = -17762026965981.934
After epoch 49: Loss = 0.9979768057739495, R-squared = -0.027064655582707008
	Validation Loss = 91.16590059410173, Validation R-squared = -17766401412668.285
After epoch 50: Loss = 1.0003493825699394, R-squared = -0.009766844771934902
	Validation Loss = 91.19181214555425, Validation R-squared = -17771451057464.145
Training process has finished.

Using CNN: NoPoolCNN1 with learning rate: 5e-02
After epoch 1: Loss = 18021936693.021893, R-squared = -15082133052.185886
	Validation Loss = 84.90468940710927, Validation R-squared = -16546216196648.803
After epoch 2: Loss = 1.156398243928386, R-squared = -0.18303053224657764
	Validation Loss = 83.70994856066635, Validation R-squared = -16313385032375.357
After epoch 3: Loss = 1.1869820727481994, R-squared = -0.20170187685947133
	Validation Loss = 83.25417024175967, Validation R-squared = -16224562927986.945
After epoch 4: Loss = 1.201118502706588, R-squared = -0.25302229342823496
	Validation Loss = 83.07524424267629, Validation R-squared = -16189693819294.76
After epoch 5: Loss = 1.2093622820737342, R-squared = -0.3214580218694013
	Validation Loss = 83.00557161487328, Validation R-squared = -16176116013707.188
After epoch 6: Loss = 1.2119664626226723, R-squared = -0.2429958052352112
	Validation Loss = 82.97884361795622, Validation R-squared = -16170907260180.37
After epoch 7: Loss = 1.2114224563202685, R-squared = -0.23661737522598147
	Validation Loss = 82.96875794804426, Validation R-squared = -16168941764266.775
After epoch 8: Loss = 1.2122162690467113, R-squared = -0.2503675756465296
	Validation Loss = 82.96502981060182, Validation R-squared = -16168215224634.592
After epoch 9: Loss = 1.2127310347157958, R-squared = -0.2285202235158453
	Validation Loss = 82.96370459619953, Validation R-squared = -16167956966778.158
After epoch 10: Loss = 1.2146870536593526, R-squared = -0.2381757510479865
	Validation Loss = 82.96327723540105, Validation R-squared = -16167873682681.977
After epoch 11: Loss = 1.2106843969748537, R-squared = -0.24709428289757804
	Validation Loss = 82.96319091135702, Validation R-squared = -16167856859847.475
After epoch 12: Loss = 1.209825190172744, R-squared = -0.2711090610185723
	Validation Loss = 82.96323473071728, Validation R-squared = -16167865399366.836
After epoch 13: Loss = 1.2121362138961165, R-squared = -0.2610302150437282
	Validation Loss = 82.96332802175392, Validation R-squared = -16167883579929.252
After epoch 14: Loss = 1.2120570905267511, R-squared = -0.2528631211286213
	Validation Loss = 82.96343093753306, Validation R-squared = -16167903636162.01
After epoch 15: Loss = 1.2110460889537593, R-squared = -0.24209878151651204
	Validation Loss = 82.96355712859622, Validation R-squared = -16167928228283.42
After epoch 16: Loss = 1.2115907799043228, R-squared = -0.28282992595180756
	Validation Loss = 82.96368506923972, Validation R-squared = -16167953161363.14
After epoch 17: Loss = 1.2112522379771575, R-squared = -0.2701117870671926
	Validation Loss = 82.96381836228106, Validation R-squared = -16167979137518.453
After epoch 18: Loss = 1.210927249826415, R-squared = -0.24008812762711135
	Validation Loss = 82.96395701526325, Validation R-squared = -16168006158219.336
After epoch 19: Loss = 1.2109520743625257, R-squared = -0.23074219482200134
	Validation Loss = 82.9640998458886, Validation R-squared = -16168033993059.549
After epoch 20: Loss = 1.2086878789389401, R-squared = -0.24533398121834712
	Validation Loss = 82.96424563509632, Validation R-squared = -16168062404468.46
After epoch 21: Loss = 1.2112706014745753, R-squared = -0.27845293936786975
	Validation Loss = 82.964393811694, Validation R-squared = -16168091281132.06
After epoch 22: Loss = 1.2095473761357243, R-squared = -0.23874703941160574
	Validation Loss = 82.96454956860033, Validation R-squared = -16168121635046.633
After epoch 23: Loss = 1.2126685795343641, R-squared = -0.23832530493489584
	Validation Loss = 82.96470766938056, Validation R-squared = -16168152445735.475
After epoch 24: Loss = 1.2150324711859068, R-squared = -0.29418606033080785
	Validation Loss = 82.96487104294307, Validation R-squared = -16168184283984.428
After epoch 25: Loss = 1.2129725180456126, R-squared = -0.23376532656573526
	Validation Loss = 82.96503567446256, Validation R-squared = -16168216367384.102
After epoch 26: Loss = 1.2138944335749375, R-squared = -0.2647996346425094
	Validation Loss = 82.96520261040364, Validation R-squared = -16168248899869.584
After epoch 27: Loss = 1.2138630718226975, R-squared = -0.2631526077175531
	Validation Loss = 82.96538649039906, Validation R-squared = -16168284734413.322
After epoch 28: Loss = 1.2147984364205964, R-squared = -0.24419408356955535
	Validation Loss = 82.96555971932737, Validation R-squared = -16168318493276.508
After epoch 29: Loss = 1.215261562443294, R-squared = -0.24668047847505745
	Validation Loss = 82.96574627318206, Validation R-squared = -16168354848902.088
After epoch 30: Loss = 1.2135731864825152, R-squared = -0.23356556300841397
	Validation Loss = 82.96593563744737, Validation R-squared = -16168391752220.646
After epoch 31: Loss = 1.2116405510505033, R-squared = -0.2466024974934439
	Validation Loss = 82.96612401445206, Validation R-squared = -16168428463141.799
After epoch 32: Loss = 1.2134618714392882, R-squared = -0.2785951459444512
	Validation Loss = 82.96631532056738, Validation R-squared = -16168465744888.195
After epoch 33: Loss = 1.21477139896539, R-squared = -0.24250889266455727
	Validation Loss = 82.96650875626705, Validation R-squared = -16168503441648.11
After epoch 34: Loss = 1.2120652679521702, R-squared = -0.25764898979293616
	Validation Loss = 82.96671115440624, Validation R-squared = -16168542885008.732
After epoch 35: Loss = 1.2138337446615148, R-squared = -0.26070676903017187
	Validation Loss = 82.96691417466836, Validation R-squared = -16168582449608.709
After epoch 36: Loss = 1.2145609343284545, R-squared = -0.2634474586155544
	Validation Loss = 82.96711781345851, Validation R-squared = -16168622134747.463
After epoch 37: Loss = 1.2115816685230594, R-squared = -0.24546763371968802
	Validation Loss = 82.96733431057291, Validation R-squared = -16168664325717.162
After epoch 38: Loss = 1.2121209590554833, R-squared = -0.2372385622730097
	Validation Loss = 82.96754649315328, Validation R-squared = -16168705675870.229
After epoch 39: Loss = 1.2141450337585784, R-squared = -0.2657792293232719
	Validation Loss = 82.9677617188554, Validation R-squared = -16168747619067.025
After epoch 40: Loss = 1.2161793646628052, R-squared = -0.3016331264072988
	Validation Loss = 82.96798857194536, Validation R-squared = -16168791828209.826
After epoch 41: Loss = 1.214299190964797, R-squared = -0.2598753418177283
	Validation Loss = 82.96821638306112, Validation R-squared = -16168836224052.734
After epoch 42: Loss = 1.2128222134201767, R-squared = -0.2680688607543084
	Validation Loss = 82.96844420806731, Validation R-squared = -16168880622602.617
After epoch 43: Loss = 1.2095618691802685, R-squared = -0.27240035679466135
	Validation Loss = 82.96867918163656, Validation R-squared = -16168926414264.865
After epoch 44: Loss = 1.212434105783747, R-squared = -0.2519530292929244
	Validation Loss = 82.96891526353005, Validation R-squared = -16168972421917.4
After epoch 45: Loss = 1.212910249349101, R-squared = -0.26851443825846316
	Validation Loss = 82.96914363029481, Validation R-squared = -16169016926045.22
After epoch 46: Loss = 1.211288429413133, R-squared = -0.2472695004847812
	Validation Loss = 82.96938411472131, Validation R-squared = -16169063791663.635
After epoch 47: Loss = 1.2120330091197216, R-squared = -0.3065668418712011
	Validation Loss = 82.96963380153211, Validation R-squared = -16169112450643.219
After epoch 48: Loss = 1.2144175506653312, R-squared = -0.23244120298628768
	Validation Loss = 82.9698759543116, Validation R-squared = -16169159641390.36
After epoch 49: Loss = 1.2134490800507098, R-squared = -0.2967843711368271
	Validation Loss = 82.97011677876957, Validation R-squared = -16169206573274.125
After epoch 50: Loss = 1.2157405533161725, R-squared = -0.24904714256951616
	Validation Loss = 82.97037108265617, Validation R-squared = -16169256132029.69
Training process has finished.

Time taken for NoPoolCNN1, 7 learning rates: 1255.1910283565521 seconds

gpu_utilization [%], mem_utilization [%], max_memory_usage [MiB], time [ms]
86 %, 18 %, 13274 MiB, 1283517 ms
