Thu Jan 16 09:29:32 2025       
+-----------------------------------------------------------------------------------------+
| NVIDIA-SMI 565.57.01              Driver Version: 565.57.01      CUDA Version: 12.7     |
|-----------------------------------------+------------------------+----------------------+
| GPU  Name                 Persistence-M | Bus-Id          Disp.A | Volatile Uncorr. ECC |
| Fan  Temp   Perf          Pwr:Usage/Cap |           Memory-Usage | GPU-Util  Compute M. |
|                                         |                        |               MIG M. |
|=========================================+========================+======================|
|   0  NVIDIA A100 80GB PCIe          On  |   00000000:2C:00.0 Off |                    0 |
| N/A   34C    P0             44W /  300W |       1MiB /  81920MiB |      0%      Default |
|                                         |                        |             Disabled |
+-----------------------------------------+------------------------+----------------------+
                                                                                         
+-----------------------------------------------------------------------------------------+
| Processes:                                                                              |
|  GPU   GI   CI        PID   Type   Process name                              GPU Memory |
|        ID   ID                                                               Usage      |
|=========================================================================================|
|  No running processes found                                                             |
+-----------------------------------------------------------------------------------------+
Using device: cuda
Number of permeability values: 455
Number of images: 455
Using CNN: NoPoolCNN1 with learning rate: 5e-05
After epoch 1: Loss = 1.0445562213029218, R-squared = -0.08860017406321583
	Validation Loss = 0.9835725915958906, Validation R-squared = -0.07808410217334294
After epoch 2: Loss = 1.0372892893409278, R-squared = -0.07811922281441444
	Validation Loss = 0.9708660444638911, Validation R-squared = -0.06086058310351387
After epoch 3: Loss = 1.0245670549004169, R-squared = -0.06987062077515718
	Validation Loss = 0.9546489251622221, Validation R-squared = -0.04236654701064916
After epoch 4: Loss = 1.0063212184577406, R-squared = -0.050022174784525766
	Validation Loss = 0.9251757192365174, Validation R-squared = -0.0095158738395306
After epoch 5: Loss = 0.9679613618393919, R-squared = 0.004071401501376149
	Validation Loss = 0.8755244402544192, Validation R-squared = 0.05130620342235496
After epoch 6: Loss = 0.8895142545080864, R-squared = 0.09690894696927001
	Validation Loss = 0.76338122656218, Validation R-squared = 0.22242390167365975
After epoch 7: Loss = 0.7145229253250005, R-squared = 0.2672858859667949
	Validation Loss = 0.5608305105779933, Validation R-squared = 0.31493646940127695
After epoch 8: Loss = 0.43309415634908666, R-squared = 0.5546914619817752
	Validation Loss = 0.22892394678310046, Validation R-squared = 0.469940627807608
After epoch 9: Loss = 0.17305890325200368, R-squared = 0.8183598887238015
	Validation Loss = 0.13688570383473053, Validation R-squared = -0.28712985778378347
After epoch 10: Loss = 0.1323519653339174, R-squared = 0.8555613019505953
	Validation Loss = 0.09536449006129565, Validation R-squared = -0.24565142999233971
After epoch 11: Loss = 0.08513861722006114, R-squared = 0.9104833016842047
	Validation Loss = 0.10382934724000477, Validation R-squared = -0.14989197859606804
After epoch 12: Loss = 0.0691071830230322, R-squared = 0.9286465131863515
	Validation Loss = 0.08924320874902479, Validation R-squared = 0.07740525338757132
After epoch 13: Loss = 0.06801741294966133, R-squared = 0.9272571394811265
	Validation Loss = 0.13154315962465665, Validation R-squared = -0.3979285516243835
After epoch 14: Loss = 0.06780052383541421, R-squared = 0.9275270575653922
	Validation Loss = 0.07867637319351743, Validation R-squared = 0.07573965809201022
After epoch 15: Loss = 0.06072196543767118, R-squared = 0.9336261491851905
	Validation Loss = 0.05928729827972826, Validation R-squared = 0.30687495538622905
After epoch 16: Loss = 0.05250498766156218, R-squared = 0.943812152172752
	Validation Loss = 0.056913621184695694, Validation R-squared = 0.35000323420520396
After epoch 17: Loss = 0.04838874487797918, R-squared = 0.9476377397228081
	Validation Loss = 0.08029432884082248, Validation R-squared = 0.15619964723220248
After epoch 18: Loss = 0.0431780336566258, R-squared = 0.9519612350842854
	Validation Loss = 0.0451657179918703, Validation R-squared = 0.450464489576202
After epoch 19: Loss = 0.03495767097632883, R-squared = 0.9608345007378235
	Validation Loss = 0.03648852250458549, Validation R-squared = 0.5490554473559751
After epoch 20: Loss = 0.03523674565907296, R-squared = 0.9618824300308543
	Validation Loss = 0.031712301031174034, Validation R-squared = 0.631719059048646
After epoch 21: Loss = 0.02758349752568779, R-squared = 0.9704961526787989
	Validation Loss = 0.027252103009840153, Validation R-squared = 0.6589368427151374
After epoch 22: Loss = 0.02441517905972984, R-squared = 0.9724483694979182
	Validation Loss = 0.024492640529429333, Validation R-squared = 0.7141421684652629
After epoch 23: Loss = 0.0215043999775315, R-squared = 0.9777221335951809
	Validation Loss = 0.022522210559775033, Validation R-squared = 0.7154535225803734
After epoch 24: Loss = 0.018046337834992394, R-squared = 0.9810528678150334
	Validation Loss = 0.02479348349112423, Validation R-squared = 0.7294222152480209
After epoch 25: Loss = 0.016904574070604413, R-squared = 0.9825547401564032
	Validation Loss = 0.015254820656892681, Validation R-squared = 0.8171288084439466
After epoch 26: Loss = 0.014510873893138465, R-squared = 0.9847394799072907
	Validation Loss = 0.017700979400355206, Validation R-squared = 0.8051551702819136
After epoch 27: Loss = 0.013826880051809053, R-squared = 0.9852200485707858
	Validation Loss = 0.01125741069917397, Validation R-squared = 0.8674604416119297
After epoch 28: Loss = 0.012021962582583784, R-squared = 0.9873602926119471
	Validation Loss = 0.009638647318037387, Validation R-squared = 0.8887707198688753
After epoch 29: Loss = 0.011801663768575589, R-squared = 0.9877520173849108
	Validation Loss = 0.01077888523644026, Validation R-squared = 0.8874536216868579
After epoch 30: Loss = 0.010500008686294228, R-squared = 0.9889294377658964
	Validation Loss = 0.014878271556287985, Validation R-squared = 0.8755126183916824
After epoch 31: Loss = 0.01076749529444, R-squared = 0.989352817346095
	Validation Loss = 0.011994965625544973, Validation R-squared = 0.8779095172430972
After epoch 32: Loss = 0.015155161010991397, R-squared = 0.9843751672368777
	Validation Loss = 0.018795482465632635, Validation R-squared = 0.844198616242983
After epoch 33: Loss = 0.013240590123074464, R-squared = 0.986327366588909
	Validation Loss = 0.014699006681673987, Validation R-squared = 0.8606213245436041
After epoch 34: Loss = 0.01018218459839881, R-squared = 0.9894294241803377
	Validation Loss = 0.00789255367050645, Validation R-squared = 0.9342548053020666
After epoch 35: Loss = 0.008561876897062925, R-squared = 0.9903303703392442
	Validation Loss = 0.009742404810496617, Validation R-squared = 0.9168308542935922
After epoch 36: Loss = 0.009638108814206528, R-squared = 0.9895794761254543
	Validation Loss = 0.009412287160932417, Validation R-squared = 0.908114283773343
After epoch 37: Loss = 0.008745282070226427, R-squared = 0.9909759040904959
	Validation Loss = 0.006887793027229222, Validation R-squared = 0.9439747529475744
After epoch 38: Loss = 0.006585043909061268, R-squared = 0.9931347585072638
	Validation Loss = 0.0062990694824050925, Validation R-squared = 0.9520860426397982
After epoch 39: Loss = 0.006571409662764466, R-squared = 0.9932384554317899
	Validation Loss = 0.006214686882403948, Validation R-squared = 0.9532147751156281
After epoch 40: Loss = 0.007145825252164388, R-squared = 0.9921871424418758
	Validation Loss = 0.0055752697993359775, Validation R-squared = 0.9597633980099186
After epoch 41: Loss = 0.006890896916295812, R-squared = 0.9928702591513634
	Validation Loss = 0.004360973624576184, Validation R-squared = 0.9665926339864036
After epoch 42: Loss = 0.006200067133536111, R-squared = 0.993444856703659
	Validation Loss = 0.004001001615398428, Validation R-squared = 0.9666044424552949
After epoch 43: Loss = 0.0056829084099873015, R-squared = 0.9940719491919143
	Validation Loss = 0.003710360481770219, Validation R-squared = 0.971830150482262
After epoch 44: Loss = 0.005829224267896641, R-squared = 0.9938377669566891
	Validation Loss = 0.004404795370408666, Validation R-squared = 0.962924048583346
After epoch 45: Loss = 0.005917263425000386, R-squared = 0.9932547461184793
	Validation Loss = 0.005197140776503843, Validation R-squared = 0.9684601774471066
After epoch 46: Loss = 0.0056648333238386375, R-squared = 0.9940756753410771
	Validation Loss = 0.004450296330133742, Validation R-squared = 0.9627862863304215
After epoch 47: Loss = 0.0069438234440671095, R-squared = 0.9921601225124357
	Validation Loss = 0.003205842176461107, Validation R-squared = 0.9768387683079683
After epoch 48: Loss = 0.005556541857355608, R-squared = 0.9943438552161122
	Validation Loss = 0.0035106699017256097, Validation R-squared = 0.977835065650126
After epoch 49: Loss = 0.004795753577270565, R-squared = 0.9948538604653272
	Validation Loss = 0.005651446002364758, Validation R-squared = 0.9536601304706909
After epoch 50: Loss = 0.005581868875572412, R-squared = 0.9942076654639733
	Validation Loss = 0.012434315292382968, Validation R-squared = 0.916704430591838
Training process has finished.

Using CNN: NoPoolCNN1 with learning rate: 1e-04
After epoch 1: Loss = 0.9977717700911939, R-squared = -0.03373508360985218
	Validation Loss = 0.9130330599655853, Validation R-squared = -0.24263901574765723
After epoch 2: Loss = 0.9853698550620272, R-squared = -0.026063020571381147
	Validation Loss = 0.8867837719021235, Validation R-squared = -0.21328951985426137
After epoch 3: Loss = 0.9456627474520378, R-squared = 0.03339707862239825
	Validation Loss = 0.8154326950487135, Validation R-squared = -0.22592071562326752
After epoch 4: Loss = 0.8155776817339262, R-squared = 0.15062985138076607
	Validation Loss = 0.607700266879487, Validation R-squared = -0.36002288711113867
After epoch 5: Loss = 0.5274008247566246, R-squared = 0.4528024263384512
	Validation Loss = 0.19817478457197077, Validation R-squared = 0.4079933143897829
After epoch 6: Loss = 0.19666026177588264, R-squared = 0.7917436392398619
	Validation Loss = 0.10863973397175579, Validation R-squared = -0.16644866697910668
After epoch 7: Loss = 0.11075667807520342, R-squared = 0.8872398903992572
	Validation Loss = 0.08083377288748124, Validation R-squared = 0.24408194259187402
After epoch 8: Loss = 0.07788235888666703, R-squared = 0.912492063935457
	Validation Loss = 0.06462852207806007, Validation R-squared = 0.2558090860500557
After epoch 9: Loss = 0.06644399874864984, R-squared = 0.9276560674783945
	Validation Loss = 0.04955661268563094, Validation R-squared = 0.47822749933790626
After epoch 10: Loss = 0.05082903980954797, R-squared = 0.9431133371364465
	Validation Loss = 0.04642718889895366, Validation R-squared = 0.48207234628300527
After epoch 11: Loss = 0.044729053465883475, R-squared = 0.9529015119643034
	Validation Loss = 0.038359034927388326, Validation R-squared = 0.6559970418332507
After epoch 12: Loss = 0.03181817241128901, R-squared = 0.9666717439148647
	Validation Loss = 0.024364848665922867, Validation R-squared = 0.7459784756167975
After epoch 13: Loss = 0.020839177182380108, R-squared = 0.9775757615847583
	Validation Loss = 0.013984590553028845, Validation R-squared = 0.8689008926777539
After epoch 14: Loss = 0.01647457069818587, R-squared = 0.9808590278420993
	Validation Loss = 0.010454556728836965, Validation R-squared = 0.9170659442494906
After epoch 15: Loss = 0.01435378410781859, R-squared = 0.9840680891120076
	Validation Loss = 0.03607345440501582, Validation R-squared = 0.7344681080592815
After epoch 16: Loss = 0.01299436644616397, R-squared = 0.9871151224544251
	Validation Loss = 0.00808917439220803, Validation R-squared = 0.9499971846499653
After epoch 17: Loss = 0.009101928722944692, R-squared = 0.990492447793011
	Validation Loss = 0.005083859545468149, Validation R-squared = 0.9739294438554119
After epoch 18: Loss = 0.008998515083857737, R-squared = 0.990385122023385
	Validation Loss = 0.005759979114814012, Validation R-squared = 0.9673999444843245
After epoch 19: Loss = 0.006014354897575039, R-squared = 0.9937474398353011
	Validation Loss = 0.0032083855437467137, Validation R-squared = 0.9855130009578867
After epoch 20: Loss = 0.00585182533652258, R-squared = 0.9930028729154241
	Validation Loss = 0.006934744443940637, Validation R-squared = 0.9578927516447178
After epoch 21: Loss = 0.006833281368792047, R-squared = 0.9926217230657179
	Validation Loss = 0.0057491107422161, Validation R-squared = 0.9639942612582808
After epoch 22: Loss = 0.0062447350504978155, R-squared = 0.9927157007903504
	Validation Loss = 0.002175598616015279, Validation R-squared = 0.9913626045848422
After epoch 23: Loss = 0.004469732553512487, R-squared = 0.9954182821671577
	Validation Loss = 0.002159353918637908, Validation R-squared = 0.9912864022478495
After epoch 24: Loss = 0.003927683747179297, R-squared = 0.9956617170830061
	Validation Loss = 0.003502089183674907, Validation R-squared = 0.9843697511582565
After epoch 25: Loss = 0.0029684122093068654, R-squared = 0.9969073788492073
	Validation Loss = 0.0020150472744580694, Validation R-squared = 0.9919006983871963
After epoch 26: Loss = 0.004746758027427922, R-squared = 0.9947543639743618
	Validation Loss = 0.00488766622657907, Validation R-squared = 0.9636426211140581
After epoch 27: Loss = 0.0036785827648645013, R-squared = 0.9960739962008253
	Validation Loss = 0.002721959822399476, Validation R-squared = 0.9844445641499381
After epoch 28: Loss = 0.0041242295827573945, R-squared = 0.9955989202952248
	Validation Loss = 0.005597978873309072, Validation R-squared = 0.9630127980343581
After epoch 29: Loss = 0.004517383048964362, R-squared = 0.9951119370240964
	Validation Loss = 0.0037249268921443015, Validation R-squared = 0.9757098390071569
After epoch 30: Loss = 0.003953596283924903, R-squared = 0.9957500420142653
	Validation Loss = 0.0028688985579611672, Validation R-squared = 0.9851124220648567
After epoch 31: Loss = 0.003190489578156518, R-squared = 0.9966681865260852
	Validation Loss = 0.0022354493804592787, Validation R-squared = 0.9869876260376304
After epoch 32: Loss = 0.0021031306380813733, R-squared = 0.9978662967441169
	Validation Loss = 0.0025684407690458855, Validation R-squared = 0.9857000133357806
After epoch 33: Loss = 0.0020724009982617843, R-squared = 0.9977835024712398
	Validation Loss = 0.0010393563066299928, Validation R-squared = 0.9958739589090615
After epoch 34: Loss = 0.00144002414299962, R-squared = 0.998516066495899
	Validation Loss = 0.0020663796367820235, Validation R-squared = 0.9863852422490607
After epoch 35: Loss = 0.0018275401505762408, R-squared = 0.9980540299532776
	Validation Loss = 0.0010445460157722938, Validation R-squared = 0.9952882124865513
After epoch 36: Loss = 0.0011683662048328103, R-squared = 0.9987277178660638
	Validation Loss = 0.0009921549588392533, Validation R-squared = 0.9956793325506035
After epoch 37: Loss = 0.0014682072359410137, R-squared = 0.9982959842833441
	Validation Loss = 0.0016329442135714167, Validation R-squared = 0.9902717523653358
After epoch 38: Loss = 0.0011004388746308827, R-squared = 0.9988726430789356
	Validation Loss = 0.0007967745141697868, Validation R-squared = 0.9966201084861431
After epoch 39: Loss = 0.001165961978123933, R-squared = 0.998772720028537
	Validation Loss = 0.0008283627119713239, Validation R-squared = 0.9963905173663442
After epoch 40: Loss = 0.0009281935616683443, R-squared = 0.9989722611808822
	Validation Loss = 0.0007458024585394405, Validation R-squared = 0.996993043407349
After epoch 41: Loss = 0.0009845119784331578, R-squared = 0.9989885005411555
	Validation Loss = 0.0007384922831311164, Validation R-squared = 0.99716456902752
After epoch 42: Loss = 0.0014602188247108724, R-squared = 0.9984647001445108
	Validation Loss = 0.0016382054270514012, Validation R-squared = 0.9897042021593322
After epoch 43: Loss = 0.001143979164282626, R-squared = 0.9988053075845282
	Validation Loss = 0.0011142689235462378, Validation R-squared = 0.9937345358796973
After epoch 44: Loss = 0.0008522927169165603, R-squared = 0.9991292477526791
	Validation Loss = 0.0006999487414657929, Validation R-squared = 0.9974178244986884
After epoch 45: Loss = 0.001175226063556607, R-squared = 0.9987248912421174
	Validation Loss = 0.0031406432451183235, Validation R-squared = 0.9802516885376633
After epoch 46: Loss = 0.001368994498275681, R-squared = 0.9985691621732578
	Validation Loss = 0.0006183858119539772, Validation R-squared = 0.9973214926987967
After epoch 47: Loss = 0.00112387258900216, R-squared = 0.9988435498576591
	Validation Loss = 0.00131946381400901, Validation R-squared = 0.9909262763818529
After epoch 48: Loss = 0.0008770517910528795, R-squared = 0.999094863229827
	Validation Loss = 0.0012839464381584464, Validation R-squared = 0.9922427728127642
After epoch 49: Loss = 0.0009637321537044541, R-squared = 0.9989500004879476
	Validation Loss = 0.0007919561141429372, Validation R-squared = 0.995920991324195
After epoch 50: Loss = 0.0006554542934397833, R-squared = 0.9993207750613348
	Validation Loss = 0.0005346147866557731, Validation R-squared = 0.9981470512126371
Training process has finished.

Using CNN: NoPoolCNN1 with learning rate: 5e-04
After epoch 1: Loss = 1.0001605569059333, R-squared = -0.015119159480220024
	Validation Loss = 0.8802287841227457, Validation R-squared = 0.05421504927966906
After epoch 2: Loss = 0.9641363717731668, R-squared = 0.010433267731559137
	Validation Loss = 0.8196412941141301, Validation R-squared = 0.028381071543853054
After epoch 3: Loss = 0.7575986514510442, R-squared = 0.21557645611327153
	Validation Loss = 0.6533568426095836, Validation R-squared = -0.46388158494004833
After epoch 4: Loss = 0.4488520812925067, R-squared = 0.5360702708225936
	Validation Loss = 0.4577854617563249, Validation R-squared = 0.1739509490946259
After epoch 5: Loss = 0.3652912962068859, R-squared = 0.624537852727279
	Validation Loss = 0.39798941154059886, Validation R-squared = 0.19783066181647824
After epoch 6: Loss = 0.20553130188136187, R-squared = 0.7915318272365649
	Validation Loss = 0.08601406840345426, Validation R-squared = 0.7211057090302937
After epoch 7: Loss = 0.09072040535579387, R-squared = 0.9067655931741916
	Validation Loss = 0.03265787587715364, Validation R-squared = 0.77637045749315
After epoch 8: Loss = 0.03260499441482512, R-squared = 0.9676853805416099
	Validation Loss = 0.018253345040306134, Validation R-squared = 0.9040643633413569
After epoch 9: Loss = 0.017646499278703962, R-squared = 0.981875726905092
	Validation Loss = 0.01029141605212506, Validation R-squared = 0.9274827887883953
After epoch 10: Loss = 0.02349064059291677, R-squared = 0.9751889766773759
	Validation Loss = 0.008702898360460903, Validation R-squared = 0.9457332561388893
After epoch 11: Loss = 0.014305785998010554, R-squared = 0.9845664993121133
	Validation Loss = 0.007026118764268378, Validation R-squared = 0.9555236116370677
After epoch 12: Loss = 0.010653228667702028, R-squared = 0.9886897012518763
	Validation Loss = 0.005079674528274402, Validation R-squared = 0.965755823162901
After epoch 13: Loss = 0.008697882154066418, R-squared = 0.9910082155116319
	Validation Loss = 0.005213571336725281, Validation R-squared = 0.9572149031035811
After epoch 14: Loss = 0.010487197199936146, R-squared = 0.988860932469359
	Validation Loss = 0.007177998041520656, Validation R-squared = 0.936859476633841
After epoch 15: Loss = 0.006711391502712168, R-squared = 0.9923938115751328
	Validation Loss = 0.0037239093255871584, Validation R-squared = 0.9746587038524486
After epoch 16: Loss = 0.005626474192452316, R-squared = 0.994093085940918
	Validation Loss = 0.0050090311095225765, Validation R-squared = 0.9557791303925333
After epoch 17: Loss = 0.005064042838015208, R-squared = 0.9945263425980759
	Validation Loss = 0.003516076885505119, Validation R-squared = 0.9821777183307286
After epoch 18: Loss = 0.004407070522942763, R-squared = 0.995297928038722
	Validation Loss = 0.0041655500331492295, Validation R-squared = 0.985348778435792
After epoch 19: Loss = 0.007173207582076101, R-squared = 0.9930903280564085
	Validation Loss = 0.011771113029305327, Validation R-squared = 0.9114347252832052
After epoch 20: Loss = 0.01449112032841498, R-squared = 0.9851064706997519
	Validation Loss = 0.00926749318851947, Validation R-squared = 0.9377835415704645
After epoch 21: Loss = 0.007579969775460604, R-squared = 0.991791855214476
	Validation Loss = 0.005618285843032808, Validation R-squared = 0.9719066720860092
After epoch 22: Loss = 0.005724693101765871, R-squared = 0.9933803727830448
	Validation Loss = 0.0020975455171317026, Validation R-squared = 0.9849790166527835
After epoch 23: Loss = 0.007037102805771947, R-squared = 0.9921537234012453
	Validation Loss = 0.0020120163610773466, Validation R-squared = 0.9825629301243278
After epoch 24: Loss = 0.0038818376335037195, R-squared = 0.9957197339547108
	Validation Loss = 0.0015754245571253263, Validation R-squared = 0.9915271660183157
After epoch 25: Loss = 0.0041607467883300695, R-squared = 0.9955936090994275
	Validation Loss = 0.0029935850640717895, Validation R-squared = 0.9837871295572854
After epoch 26: Loss = 0.004525015723980816, R-squared = 0.9951699871526865
	Validation Loss = 0.0060045076379877825, Validation R-squared = 0.9924960413687628
After epoch 27: Loss = 0.0030737794796674538, R-squared = 0.996694577951617
	Validation Loss = 0.002242741373842054, Validation R-squared = 0.9930338277856707
After epoch 28: Loss = 0.006735428635132441, R-squared = 0.9927314455694024
	Validation Loss = 0.001259612837401987, Validation R-squared = 0.9944219980307388
After epoch 29: Loss = 0.0025681986712152755, R-squared = 0.9973202140680449
	Validation Loss = 0.0017149892702251833, Validation R-squared = 0.9857175570760165
After epoch 30: Loss = 0.002603462613948193, R-squared = 0.9971617593197337
	Validation Loss = 0.0037032106961679997, Validation R-squared = 0.9735039513284228
After epoch 31: Loss = 0.002639073461829968, R-squared = 0.997280116532161
	Validation Loss = 0.0007805244777741074, Validation R-squared = 0.9975106866241736
After epoch 32: Loss = 0.003356308206917631, R-squared = 0.9964682371954521
	Validation Loss = 0.003781600226122112, Validation R-squared = 0.9875277149187002
After epoch 33: Loss = 0.003842240839048613, R-squared = 0.9962069758418478
	Validation Loss = 0.0011837216007990578, Validation R-squared = 0.9968630523932577
After epoch 34: Loss = 0.0067210904179087665, R-squared = 0.9927705986950295
	Validation Loss = 0.0056652999674609295, Validation R-squared = 0.9577609877362848
After epoch 35: Loss = 0.005122567054219205, R-squared = 0.9944398452707496
	Validation Loss = 0.005219975349181384, Validation R-squared = 0.9777939572030797
After epoch 36: Loss = 0.005194826162713097, R-squared = 0.9942050233662766
	Validation Loss = 0.005588120267766709, Validation R-squared = 0.9714414620357333
After epoch 37: Loss = 0.004141036950540705, R-squared = 0.995738214845369
	Validation Loss = 0.000840749777967078, Validation R-squared = 0.9972866313065657
After epoch 38: Loss = 0.0011420633375069321, R-squared = 0.9988050563820421
	Validation Loss = 0.0019386721700532371, Validation R-squared = 0.9972710385571247
After epoch 39: Loss = 0.0017035160411595928, R-squared = 0.99815048067313
	Validation Loss = 0.000654692200581562, Validation R-squared = 0.9974160970681654
After epoch 40: Loss = 0.0022532365378885423, R-squared = 0.9976576555248338
	Validation Loss = 0.003684403701272723, Validation R-squared = 0.9854266815301402
After epoch 41: Loss = 0.0015232722636607707, R-squared = 0.9984151169950819
	Validation Loss = 0.0015566708935477503, Validation R-squared = 0.9925072834296028
After epoch 42: Loss = 0.00111324334280627, R-squared = 0.9987978033463728
	Validation Loss = 0.0006322639335108132, Validation R-squared = 0.9982183360683541
After epoch 43: Loss = 0.0013437083933406824, R-squared = 0.9985223293867957
	Validation Loss = 0.0019962371394019168, Validation R-squared = 0.9867096214488846
After epoch 44: Loss = 0.0011870554436939056, R-squared = 0.9987552737699689
	Validation Loss = 0.0016173361007543027, Validation R-squared = 0.9962694191717075
After epoch 45: Loss = 0.0008460081965753171, R-squared = 0.9990402842731878
	Validation Loss = 0.0008043839167895453, Validation R-squared = 0.9983938994437841
After epoch 46: Loss = 0.0008318453995702916, R-squared = 0.9991338822047894
	Validation Loss = 0.000986764518225459, Validation R-squared = 0.9963950022595632
After epoch 47: Loss = 0.0009254621905931603, R-squared = 0.9990598941558877
	Validation Loss = 0.0019764439088826385, Validation R-squared = 0.987397687754683
After epoch 48: Loss = 0.0017667099376947903, R-squared = 0.9980317112908296
	Validation Loss = 0.0011811288839087045, Validation R-squared = 0.9896600801325158
After epoch 49: Loss = 0.001168476075461849, R-squared = 0.9987435486615803
	Validation Loss = 0.0011340202024933699, Validation R-squared = 0.9972369853992623
After epoch 50: Loss = 0.0009942605335304584, R-squared = 0.9989379598541472
	Validation Loss = 0.0017852277649707414, Validation R-squared = 0.993197448581221
Training process has finished.

Using CNN: NoPoolCNN1 with learning rate: 1e-03
After epoch 1: Loss = 1.0346061431218878, R-squared = -0.05899448911421882
	Validation Loss = 0.9276420869908238, Validation R-squared = -1.0627103241600206
After epoch 2: Loss = 0.982473557791258, R-squared = -0.005299899429120858
	Validation Loss = 0.7003799006063041, Validation R-squared = 0.06005472459159363
After epoch 3: Loss = 0.5094637129359902, R-squared = 0.471075751951396
	Validation Loss = 0.27502885874317456, Validation R-squared = -1.8190894015707115
After epoch 4: Loss = 0.13817824025318565, R-squared = 0.8575926589187117
	Validation Loss = 0.05393423673177484, Validation R-squared = 0.4663437331585485
After epoch 5: Loss = 0.05637338225437827, R-squared = 0.9424977015315881
	Validation Loss = 0.04757821627098463, Validation R-squared = 0.4581756325513586
After epoch 6: Loss = 0.04373889704898594, R-squared = 0.9538512350744337
	Validation Loss = 0.026593091969119076, Validation R-squared = 0.7646114627387938
After epoch 7: Loss = 0.03954308214014638, R-squared = 0.956566665819204
	Validation Loss = 0.03011921233085171, Validation R-squared = 0.7062883694947635
After epoch 8: Loss = 0.02436772674138366, R-squared = 0.9745284621080268
	Validation Loss = 0.014972897235239044, Validation R-squared = 0.8661128434154256
After epoch 9: Loss = 0.015661493847556388, R-squared = 0.9834393547721506
	Validation Loss = 0.01292438483387572, Validation R-squared = 0.8852033799546385
After epoch 10: Loss = 0.03457145498164256, R-squared = 0.9653699353281139
	Validation Loss = 0.10024325245925404, Validation R-squared = 0.21291494154930488
After epoch 11: Loss = 0.04160770600295115, R-squared = 0.9587318040148736
	Validation Loss = 0.021158423822755887, Validation R-squared = 0.8786670575045455
After epoch 12: Loss = 0.021605858269546002, R-squared = 0.97661755198032
	Validation Loss = 0.011448369280961384, Validation R-squared = 0.895872394488295
After epoch 13: Loss = 0.01569368285443942, R-squared = 0.9829027268164341
	Validation Loss = 0.008515254456262458, Validation R-squared = 0.9307834782419825
After epoch 14: Loss = 0.00824449238966082, R-squared = 0.9915867545988977
	Validation Loss = 0.008870839655780843, Validation R-squared = 0.917489580680774
After epoch 15: Loss = 0.006648412849553092, R-squared = 0.992701503611397
	Validation Loss = 0.005348220211590804, Validation R-squared = 0.9721751321421274
After epoch 16: Loss = 0.004622618103496782, R-squared = 0.9952755184593827
	Validation Loss = 0.008238842359661741, Validation R-squared = 0.9227307005011894
After epoch 17: Loss = 0.008829594135713766, R-squared = 0.9907740939576654
	Validation Loss = 0.007687810551843685, Validation R-squared = 0.9295375137235578
After epoch 18: Loss = 0.013640733594149246, R-squared = 0.9864489440580657
	Validation Loss = 0.008433506380220668, Validation R-squared = 0.9261422625802597
After epoch 19: Loss = 0.008926393643656421, R-squared = 0.9906331424316643
	Validation Loss = 0.0028047343218473085, Validation R-squared = 0.985218847447641
After epoch 20: Loss = 0.007912003624924125, R-squared = 0.9903166329666367
	Validation Loss = 0.011150624137150898, Validation R-squared = 0.9451623991654102
After epoch 21: Loss = 0.0065824490198743025, R-squared = 0.9928101011124968
	Validation Loss = 0.005962349107315744, Validation R-squared = 0.9639920893183266
After epoch 22: Loss = 0.008054142388890342, R-squared = 0.9917645579793788
	Validation Loss = 0.0014840393541061235, Validation R-squared = 0.9933633743247933
After epoch 23: Loss = 0.003922575571223232, R-squared = 0.9961409824017687
	Validation Loss = 0.0024918525994067496, Validation R-squared = 0.9924285610203731
After epoch 24: Loss = 0.00300992817928307, R-squared = 0.996805815076339
	Validation Loss = 0.0013514383775236009, Validation R-squared = 0.9908514505378062
After epoch 25: Loss = 0.0013663440584248277, R-squared = 0.9985152338490211
	Validation Loss = 0.001710862192260071, Validation R-squared = 0.9950961324366738
After epoch 26: Loss = 0.0014303284860838529, R-squared = 0.9985138643960951
	Validation Loss = 0.001513007803581868, Validation R-squared = 0.9968801575539731
After epoch 27: Loss = 0.0011959957526474015, R-squared = 0.9986962501604324
	Validation Loss = 0.0005802018826747615, Validation R-squared = 0.9966511519933959
After epoch 28: Loss = 0.003420762176120744, R-squared = 0.9959442066127142
	Validation Loss = 0.0036329326025599583, Validation R-squared = 0.9752854884351511
After epoch 29: Loss = 0.013240098848671064, R-squared = 0.9848819269017908
	Validation Loss = 0.021862355268008893, Validation R-squared = 0.9405604771106558
After epoch 30: Loss = 0.012887842953335782, R-squared = 0.9853170552218253
	Validation Loss = 0.004844174020992167, Validation R-squared = 0.9586591638091614
After epoch 31: Loss = 0.008255600463973103, R-squared = 0.9916136458156336
	Validation Loss = 0.006943387030177054, Validation R-squared = 0.9940112917997325
After epoch 32: Loss = 0.00874051982496819, R-squared = 0.9911216760794798
	Validation Loss = 0.0036041561345918015, Validation R-squared = 0.9606597196838985
After epoch 33: Loss = 0.0023627753921119724, R-squared = 0.9975816834785748
	Validation Loss = 0.002371748696885879, Validation R-squared = 0.9918448656395539
After epoch 34: Loss = 0.001394527339404327, R-squared = 0.998508748066197
	Validation Loss = 0.00030033411381216746, Validation R-squared = 0.9992005649346974
After epoch 35: Loss = 0.0010958496683148849, R-squared = 0.9988101300123681
	Validation Loss = 0.0005284156634664314, Validation R-squared = 0.9990775134391922
After epoch 36: Loss = 0.0010110414426109855, R-squared = 0.998951996153665
	Validation Loss = 0.001217279804842341, Validation R-squared = 0.9965293366862965
After epoch 37: Loss = 0.000774124835820319, R-squared = 0.9991807551284436
	Validation Loss = 0.00032011700666671056, Validation R-squared = 0.999492774245564
After epoch 38: Loss = 0.00033944423814647004, R-squared = 0.9996511016541028
	Validation Loss = 0.00027801100060767184, Validation R-squared = 0.9993036389471701
After epoch 39: Loss = 0.000352011730669729, R-squared = 0.9996294996080259
	Validation Loss = 0.0005484664911390617, Validation R-squared = 0.9977843435503969
After epoch 40: Loss = 0.0004447774976926998, R-squared = 0.9994974184725228
	Validation Loss = 0.0004331874726820275, Validation R-squared = 0.9992773585551501
After epoch 41: Loss = 0.0002844796388465346, R-squared = 0.9996964719589206
	Validation Loss = 0.0003038693614838397, Validation R-squared = 0.9991874646947876
After epoch 42: Loss = 0.00028022445983925655, R-squared = 0.999708257210775
	Validation Loss = 0.00032559450437902315, Validation R-squared = 0.999141010217711
After epoch 43: Loss = 0.00027065774583051935, R-squared = 0.9997107614460017
	Validation Loss = 0.00022380287671607379, Validation R-squared = 0.9995261934989418
After epoch 44: Loss = 0.00043840271238395424, R-squared = 0.999556743469203
	Validation Loss = 0.00031774690291602335, Validation R-squared = 0.9994212880783991
After epoch 45: Loss = 0.0012571559424041016, R-squared = 0.9987121657080777
	Validation Loss = 0.0009018132827407754, Validation R-squared = 0.998947832634595
After epoch 46: Loss = 0.0004233357017604224, R-squared = 0.999563771802795
	Validation Loss = 0.000268071114556867, Validation R-squared = 0.9996618734576886
After epoch 47: Loss = 0.0003648473639227349, R-squared = 0.9996085098676651
	Validation Loss = 0.001757339305716442, Validation R-squared = 0.987918577355653
After epoch 48: Loss = 0.0016063538181837662, R-squared = 0.998290047617845
	Validation Loss = 0.0007110165856825339, Validation R-squared = 0.9987884646534111
After epoch 49: Loss = 0.002130867515272143, R-squared = 0.9975023793440376
	Validation Loss = 0.0010760793391154805, Validation R-squared = 0.9931400217861545
After epoch 50: Loss = 0.00622666048712302, R-squared = 0.9935376427953377
	Validation Loss = 0.0010465341472386048, Validation R-squared = 0.9987398379033089
Training process has finished.

Using CNN: NoPoolCNN1 with learning rate: 5e-03
After epoch 1: Loss = 1.859931656113827, R-squared = -0.9994837211009806
	Validation Loss = 0.9973079967587893, Validation R-squared = -0.10242060305236023
After epoch 2: Loss = 1.0202887847579274, R-squared = -0.0552133224537503
	Validation Loss = 0.9012371008055112, Validation R-squared = -0.2364466729042278
After epoch 3: Loss = 0.8444213022787836, R-squared = 0.13004594804782404
	Validation Loss = 0.33817581316455847, Validation R-squared = 0.17338282368399183
After epoch 4: Loss = 0.3894618544011702, R-squared = 0.5991017590264677
	Validation Loss = 0.31067756003728125, Validation R-squared = 0.4735761155576097
After epoch 5: Loss = 0.38609866326323894, R-squared = 0.6148573690648441
	Validation Loss = 0.16135186837987267, Validation R-squared = 0.7544432669202608
After epoch 6: Loss = 0.20892191129375198, R-squared = 0.782296629494758
	Validation Loss = 0.15278827561745756, Validation R-squared = -0.6265239285995613
After epoch 7: Loss = 0.09766575728421277, R-squared = 0.8978264462642794
	Validation Loss = 0.059838557434889965, Validation R-squared = 0.7706091843353319
After epoch 8: Loss = 0.09712083484083459, R-squared = 0.8962527361558168
	Validation Loss = 0.06271167821996504, Validation R-squared = 0.8450364790075925
After epoch 9: Loss = 0.08058059530597012, R-squared = 0.911991420230982
	Validation Loss = 0.04831378039411455, Validation R-squared = 0.9147184405053096
After epoch 10: Loss = 0.05342765366899739, R-squared = 0.9440925936281523
	Validation Loss = 0.055977201684334975, Validation R-squared = 0.6521395617228977
After epoch 11: Loss = 0.040284893530900444, R-squared = 0.9561644455427073
	Validation Loss = 0.031380442051504386, Validation R-squared = 0.864323896357714
After epoch 12: Loss = 0.029065949984009753, R-squared = 0.9697780400193826
	Validation Loss = 0.022247864392103234, Validation R-squared = 0.9324367826476013
After epoch 13: Loss = 0.035598540000723024, R-squared = 0.9628395213569881
	Validation Loss = 0.013455245483438433, Validation R-squared = 0.9383927554657392
After epoch 14: Loss = 0.03417587895316153, R-squared = 0.9619825041466219
	Validation Loss = 0.016153192721346934, Validation R-squared = 0.9177328076325804
After epoch 15: Loss = 0.032922846218414986, R-squared = 0.9659182132473934
	Validation Loss = 0.022807184008976966, Validation R-squared = 0.9081428598146425
After epoch 16: Loss = 0.028311989522033437, R-squared = 0.9694357209403934
	Validation Loss = 0.01341584012240859, Validation R-squared = 0.9600525426045027
After epoch 17: Loss = 0.02013165595410111, R-squared = 0.9786549058085144
	Validation Loss = 0.019039417893977992, Validation R-squared = 0.9488262325014475
After epoch 18: Loss = 0.015690723475904604, R-squared = 0.9831033132560648
	Validation Loss = 0.01270903921651939, Validation R-squared = 0.9716144648440411
After epoch 19: Loss = 0.013626850133168746, R-squared = 0.9853406612517979
	Validation Loss = 0.012073003118956668, Validation R-squared = 0.9595320214174592
After epoch 20: Loss = 0.011023226646283555, R-squared = 0.988155075903547
	Validation Loss = 0.006564923804047065, Validation R-squared = 0.9881631524557801
After epoch 21: Loss = 0.010239573808812998, R-squared = 0.9891774325029914
	Validation Loss = 0.005042687405287763, Validation R-squared = 0.9929819387458515
After epoch 22: Loss = 0.005456736461763836, R-squared = 0.9943528100722366
	Validation Loss = 0.003173482333526847, Validation R-squared = 0.9849837388109611
After epoch 23: Loss = 0.003544394075659433, R-squared = 0.9959524615562291
	Validation Loss = 0.0027754188523369215, Validation R-squared = 0.9965300361885113
After epoch 24: Loss = 0.006534674050424291, R-squared = 0.9936633440294818
	Validation Loss = 0.0021691063083091482, Validation R-squared = 0.9885069078912587
After epoch 25: Loss = 0.005262175015132328, R-squared = 0.9947675247256855
	Validation Loss = 0.004103828582177612, Validation R-squared = 0.9923359906407304
After epoch 26: Loss = 0.0036717976367599387, R-squared = 0.9961759289678241
	Validation Loss = 0.006291812153666389, Validation R-squared = 0.9792787709935918
After epoch 27: Loss = 0.005636654567079154, R-squared = 0.9942701004644741
	Validation Loss = 0.003890579358342118, Validation R-squared = 0.9905019168548197
After epoch 28: Loss = 0.006332657592067162, R-squared = 0.9935393372279945
	Validation Loss = 0.005927328144452508, Validation R-squared = 0.9908227410110899
After epoch 29: Loss = 0.0031945906294460493, R-squared = 0.9965200417447155
	Validation Loss = 0.006154316598365781, Validation R-squared = 0.9885173506983155
After epoch 30: Loss = 0.003203275175965404, R-squared = 0.9966431287903703
	Validation Loss = 0.001084372111682408, Validation R-squared = 0.9968245373466574
After epoch 31: Loss = 0.0024726286923232666, R-squared = 0.9971636094398872
	Validation Loss = 0.0028815670231073826, Validation R-squared = 0.9920907451501888
After epoch 32: Loss = 0.00365408943916379, R-squared = 0.996154165967156
	Validation Loss = 0.0030697182484866275, Validation R-squared = 0.995537332784508
After epoch 33: Loss = 0.002306871859610546, R-squared = 0.9976889392929612
	Validation Loss = 0.001518430339136791, Validation R-squared = 0.989294936100057
After epoch 34: Loss = 0.002085054892822695, R-squared = 0.9977649798396367
	Validation Loss = 0.0019749687578164373, Validation R-squared = 0.9929604442721218
After epoch 35: Loss = 0.004903338179215422, R-squared = 0.9948127427367514
	Validation Loss = 0.006138040607471712, Validation R-squared = 0.991048455215703
After epoch 36: Loss = 0.004549632707050411, R-squared = 0.9949929450601738
	Validation Loss = 0.0034387816640959142, Validation R-squared = 0.9898969086631668
After epoch 37: Loss = 0.001975397071076396, R-squared = 0.9979223581945715
	Validation Loss = 0.005067582352386656, Validation R-squared = 0.9815806046882537
After epoch 38: Loss = 0.003708679401501867, R-squared = 0.9961593265846101
	Validation Loss = 0.0008267310609534471, Validation R-squared = 0.9969309935606657
After epoch 39: Loss = 0.001884122188003377, R-squared = 0.9978939534016525
	Validation Loss = 0.0019394521291094945, Validation R-squared = 0.9892369518110796
After epoch 40: Loss = 0.0026194064325783736, R-squared = 0.9972762113308826
	Validation Loss = 0.001071718364768753, Validation R-squared = 0.994610615329108
After epoch 41: Loss = 0.0014241681766647414, R-squared = 0.9985945687155346
	Validation Loss = 0.0011940275333628925, Validation R-squared = 0.9957297800489607
After epoch 42: Loss = 0.0007499868512280408, R-squared = 0.9991737218183883
	Validation Loss = 0.0011103109078973007, Validation R-squared = 0.9958478552573619
After epoch 43: Loss = 0.0010737975971069722, R-squared = 0.9987996251581557
	Validation Loss = 0.0014942205804506106, Validation R-squared = 0.9966972273796691
After epoch 44: Loss = 0.002347295307433183, R-squared = 0.9973813588777828
	Validation Loss = 0.0018473854804012472, Validation R-squared = 0.9962129964300542
After epoch 45: Loss = 0.004765756758414975, R-squared = 0.9952359487637189
	Validation Loss = 0.001909333667734976, Validation R-squared = 0.9966892657088673
After epoch 46: Loss = 0.002724112429072682, R-squared = 0.9973337220950901
	Validation Loss = 0.0023267359109526166, Validation R-squared = 0.9927797982493693
After epoch 47: Loss = 0.001164963855401097, R-squared = 0.9987421497550123
	Validation Loss = 0.0007609344655863717, Validation R-squared = 0.9942694395468816
After epoch 48: Loss = 0.0018508776758843694, R-squared = 0.9981102935152346
	Validation Loss = 0.003320578425044418, Validation R-squared = 0.9905642055335702
After epoch 49: Loss = 0.0034805101260375, R-squared = 0.9966436613870732
	Validation Loss = 0.0023550232912390454, Validation R-squared = 0.9965740726338063
After epoch 50: Loss = 0.0022317529196998623, R-squared = 0.9976726286032662
	Validation Loss = 0.0027380870219326863, Validation R-squared = 0.99401480141306
Training process has finished.

Using CNN: NoPoolCNN1 with learning rate: 1e-02
After epoch 1: Loss = 1.5418260206162429, R-squared = -0.7235227919337311
	Validation Loss = 1.5598891495865042, Validation R-squared = -7.359680290501768
After epoch 2: Loss = 1.0721441381236256, R-squared = -0.10922812711010135
	Validation Loss = 0.9209239365312447, Validation R-squared = -0.6252897831110834
After epoch 3: Loss = 1.012746276666546, R-squared = -0.048580068871013224
	Validation Loss = 0.9189243827653102, Validation R-squared = -0.559845685237291
After epoch 4: Loss = 1.0084300701914888, R-squared = -0.03554042686658436
	Validation Loss = 0.9168453865552721, Validation R-squared = -0.46389832542313325
After epoch 5: Loss = 1.0042699645248896, R-squared = -0.04186400474120142
	Validation Loss = 0.916214240447374, Validation R-squared = -0.40571174732297094
After epoch 6: Loss = 1.0045116098716949, R-squared = -0.048198350147000156
	Validation Loss = 0.9162699394068518, Validation R-squared = -0.33919839689853215
After epoch 7: Loss = 1.0015789989089314, R-squared = -0.024884681454613134
	Validation Loss = 0.9167814975104701, Validation R-squared = -0.30123408696051307
After epoch 8: Loss = 0.9997495351150796, R-squared = -0.024365679047277423
	Validation Loss = 0.9171840403498331, Validation R-squared = -0.28290617087892667
After epoch 9: Loss = 0.9988311093231694, R-squared = -0.017853751014784192
	Validation Loss = 0.9178301700195206, Validation R-squared = -0.2607436083490004
After epoch 10: Loss = 1.001354008857377, R-squared = -0.0536266323678505
	Validation Loss = 0.9179793320031563, Validation R-squared = -0.2564032424990616
After epoch 11: Loss = 1.0007137884148758, R-squared = -0.012291382559661113
	Validation Loss = 0.9185488964488323, Validation R-squared = -0.24161986359380325
After epoch 12: Loss = 1.001016862699463, R-squared = -0.0290300589824553
	Validation Loss = 0.9186843224671737, Validation R-squared = -0.23844588927990032
After epoch 13: Loss = 1.0002415569948522, R-squared = -0.03642185680894685
	Validation Loss = 0.9199894070695783, Validation R-squared = -0.2124819681899616
After epoch 14: Loss = 1.004048783807356, R-squared = -0.027433634863694833
	Validation Loss = 0.9188053252494478, Validation R-squared = -0.23570264070466682
After epoch 15: Loss = 1.0023082621731365, R-squared = -0.03135387409236092
	Validation Loss = 0.9200240051815651, Validation R-squared = -0.21188366713815343
After epoch 16: Loss = 0.9976899736852605, R-squared = -0.048918730799914156
	Validation Loss = 0.9192846610345297, Validation R-squared = -0.22558724821101542
After epoch 17: Loss = 0.9997258827128537, R-squared = -0.060743056146163446
	Validation Loss = 0.9184099788400072, Validation R-squared = -0.24499894822781876
After epoch 18: Loss = 0.9989062202932351, R-squared = -0.034715623139160566
	Validation Loss = 0.9189793160376376, Validation R-squared = -0.23189939003600912
After epoch 19: Loss = 0.9977974581849077, R-squared = -0.016558487842607807
	Validation Loss = 0.9188620138794601, Validation R-squared = -0.23444578088304224
After epoch 20: Loss = 1.0012467903484894, R-squared = -0.025652838722376958
	Validation Loss = 0.9203219062850686, Validation R-squared = -0.20688390492449807
After epoch 21: Loss = 1.0011449950056899, R-squared = -0.03272071354117532
	Validation Loss = 0.9192822895736684, Validation R-squared = -0.22563463127675898
After epoch 22: Loss = 1.0020272095979625, R-squared = -0.021489993793382435
	Validation Loss = 0.9194918388334261, Validation R-squared = -0.22153901490443348
After epoch 23: Loss = 1.0038517067288955, R-squared = -0.0327937188005637
	Validation Loss = 0.9185089469708464, Validation R-squared = -0.242578353403889
After epoch 24: Loss = 1.0014205479438667, R-squared = -0.01134576352108394
	Validation Loss = 0.9187600690333245, Validation R-squared = -0.23671881705307993
After epoch 25: Loss = 1.0006518667554902, R-squared = -0.00505399543087528
	Validation Loss = 0.9191730728082984, Validation R-squared = -0.22784377912141104
After epoch 26: Loss = 0.9990086071172607, R-squared = -0.03112223268907628
	Validation Loss = 0.9186232160814852, Validation R-squared = -0.23986398106206983
After epoch 27: Loss = 1.0004356055984984, R-squared = -0.024326015825157987
	Validation Loss = 0.9190953222043392, Validation R-squared = -0.22944959067195336
After epoch 28: Loss = 1.001064410241486, R-squared = -0.04018126162475779
	Validation Loss = 0.9190383728731665, Validation R-squared = -0.23064398979949963
After epoch 29: Loss = 0.9981829525500634, R-squared = -0.014060907795733057
	Validation Loss = 0.919408208769897, Validation R-squared = -0.2231518302664782
After epoch 30: Loss = 1.0041593995704445, R-squared = -0.04070302150288367
	Validation Loss = 0.9208294615735594, Validation R-squared = -0.19893260548409866
After epoch 31: Loss = 1.0017762350105675, R-squared = -0.04255815040610602
	Validation Loss = 0.9195264169569718, Validation R-squared = -0.2208802972151557
After epoch 32: Loss = 1.0002743470845556, R-squared = -0.013875132972730176
	Validation Loss = 0.9189842800325682, Validation R-squared = -0.23179319678735433
After epoch 33: Loss = 1.0010435633210883, R-squared = -0.039193913353192555
	Validation Loss = 0.9197872319022274, Validation R-squared = -0.21605670772945143
After epoch 34: Loss = 1.0012203823241177, R-squared = -0.03641799042624416
	Validation Loss = 0.9187153986635997, Validation R-squared = -0.23773328381905667
After epoch 35: Loss = 1.0001309782942998, R-squared = -0.016288837823807013
	Validation Loss = 0.9189451576348241, Validation R-squared = -0.23263352548219665
After epoch 36: Loss = 1.0000250127061665, R-squared = -0.061479662912270604
	Validation Loss = 0.917948943551854, Validation R-squared = -0.25726919624461714
After epoch 37: Loss = 1.0029013880274773, R-squared = -0.026274201658425513
	Validation Loss = 0.9189576537089189, Validation R-squared = -0.23236426781748634
After epoch 38: Loss = 0.9995405109648143, R-squared = -0.02902827612338079
	Validation Loss = 0.9188400936916231, Validation R-squared = -0.23492969844124723
After epoch 39: Loss = 0.9997749837338713, R-squared = -0.009993351160103603
	Validation Loss = 0.919244933628352, Validation R-squared = -0.2263842657041343
After epoch 40: Loss = 1.0015006868289156, R-squared = -0.018949547433558322
	Validation Loss = 0.919596100924053, Validation R-squared = -0.21956685574398235
After epoch 41: Loss = 1.0005937160730523, R-squared = -0.029462955373457535
	Validation Loss = 0.9194391422245812, Validation R-squared = -0.22255199212280763
After epoch 42: Loss = 1.0026378633805075, R-squared = -0.01883971374546225
	Validation Loss = 0.9186324808386579, Validation R-squared = -0.23964751268769904
After epoch 43: Loss = 0.9995012149230543, R-squared = -0.03529371014334781
	Validation Loss = 0.9186818267290092, Validation R-squared = -0.23850336683361148
After epoch 44: Loss = 0.9996792517714885, R-squared = -0.011832635817845128
	Validation Loss = 0.91938468473704, Validation R-squared = -0.22361061258715412
After epoch 45: Loss = 0.9999776555142142, R-squared = -0.029253220898970665
	Validation Loss = 0.9188579614596558, Validation R-squared = -0.2345350476683782
After epoch 46: Loss = 1.001812601080895, R-squared = -0.04342226936641291
	Validation Loss = 0.9185496374814882, Validation R-squared = -0.2416021824945307
After epoch 47: Loss = 1.001328838818916, R-squared = -0.009680325066406103
	Validation Loss = 0.9191700682710792, Validation R-squared = -0.22790531160416147
After epoch 48: Loss = 1.001417873207196, R-squared = -0.030692786021907992
	Validation Loss = 0.9198933695421414, Validation R-squared = -0.21416303147061888
After epoch 49: Loss = 1.0005712252460892, R-squared = -0.024433462338837274
	Validation Loss = 0.9190475171333361, Validation R-squared = -0.23045114762758123
After epoch 50: Loss = 0.9995416454921893, R-squared = -0.01816854331438227
	Validation Loss = 0.9194681738822807, Validation R-squared = -0.22199255068603985
Training process has finished.

Using CNN: NoPoolCNN1 with learning rate: 5e-02
After epoch 1: Loss = 464582761.00726473, R-squared = -561338887.5804722
	Validation Loss = 1.0615019221849618, Validation R-squared = -0.28497537136201806
After epoch 2: Loss = 1.129216066958973, R-squared = -0.19737661253569264
	Validation Loss = 1.1156345054523868, Validation R-squared = -0.48768325646420085
After epoch 3: Loss = 1.1653760415593635, R-squared = -0.24140053926604396
	Validation Loss = 1.138647014688738, Validation R-squared = -0.5823059439401417
After epoch 4: Loss = 1.1789621086797852, R-squared = -0.21463212544694582
	Validation Loss = 1.1480320666821273, Validation R-squared = -0.6220502407173419
After epoch 5: Loss = 1.1834216790282879, R-squared = -0.2134801094718768
	Validation Loss = 1.1517300441659992, Validation R-squared = -0.6378798940304377
After epoch 6: Loss = 1.1870012755193362, R-squared = -0.22287381335325324
	Validation Loss = 1.1531446011826956, Validation R-squared = -0.6439596014440001
After epoch 7: Loss = 1.1868699919624253, R-squared = -0.2137815676904299
	Validation Loss = 1.1536660869104691, Validation R-squared = -0.6462043078087908
After epoch 8: Loss = 1.18748520674173, R-squared = -0.23464897667511236
	Validation Loss = 1.1538441453007822, Validation R-squared = -0.6469711656943063
After epoch 9: Loss = 1.186129727357653, R-squared = -0.20736301321431333
	Validation Loss = 1.1538907102113394, Validation R-squared = -0.6471717452374747
After epoch 10: Loss = 1.1897621658304867, R-squared = -0.24028131994653107
	Validation Loss = 1.1538874548970026, Validation R-squared = -0.6471577224184533
After epoch 11: Loss = 1.1854150090528548, R-squared = -0.22664199340807914
	Validation Loss = 1.1538649717465879, Validation R-squared = -0.6470608743580298
After epoch 12: Loss = 1.1874096972498491, R-squared = -0.23258073842508856
	Validation Loss = 1.1538346691792496, Validation R-squared = -0.6469303488261905
After epoch 13: Loss = 1.1874150314383445, R-squared = -0.32863120019893055
	Validation Loss = 1.1538004024032107, Validation R-squared = -0.6467827551949068
After epoch 14: Loss = 1.186893061042519, R-squared = -0.2454312505350556
	Validation Loss = 1.1537620373255117, Validation R-squared = -0.6466175186648593
After epoch 15: Loss = 1.1877864864177645, R-squared = -0.23818453047108692
	Validation Loss = 1.1537245142758699, Validation R-squared = -0.6464559181933173
After epoch 16: Loss = 1.189219221944679, R-squared = -0.2221669704634242
	Validation Loss = 1.1536844830757194, Validation R-squared = -0.6462835262161999
After epoch 17: Loss = 1.1876513352395568, R-squared = -0.22210968273285783
	Validation Loss = 1.1536421193502002, Validation R-squared = -0.6461011009895526
After epoch 18: Loss = 1.1886298912845445, R-squared = -0.23200128334643635
	Validation Loss = 1.1535978857770641, Validation R-squared = -0.6459106366572006
After epoch 19: Loss = 1.1863237259410668, R-squared = -0.22984062961073876
	Validation Loss = 1.1535555147376806, Validation R-squared = -0.6457282044013097
After epoch 20: Loss = 1.1870688028618932, R-squared = -0.21648664584776817
	Validation Loss = 1.1535091660527181, Validation R-squared = -0.645528659754912
After epoch 21: Loss = 1.1876929428926581, R-squared = -0.277220607540588
	Validation Loss = 1.1534635230486072, Validation R-squared = -0.6453321672784172
After epoch 22: Loss = 1.1883057088241498, R-squared = -0.23717287197722584
	Validation Loss = 1.15341438220843, Validation R-squared = -0.6451206322111706
After epoch 23: Loss = 1.188086092313096, R-squared = -0.22550428828792426
	Validation Loss = 1.1533620554646415, Validation R-squared = -0.6448954006058975
After epoch 24: Loss = 1.1872466149664995, R-squared = -0.22279924824267577
	Validation Loss = 1.153313382758999, Validation R-squared = -0.6446859136038806
After epoch 25: Loss = 1.1865440424755611, R-squared = -0.21319288695259636
	Validation Loss = 1.153262392973719, Validation R-squared = -0.6444664708807228
After epoch 26: Loss = 1.185939215641439, R-squared = -0.23407513121741044
	Validation Loss = 1.1532095822780348, Validation R-squared = -0.6442392098936837
After epoch 27: Loss = 1.1870507076643881, R-squared = -0.20293386100554098
	Validation Loss = 1.1531539599913463, Validation R-squared = -0.6439998699078322
After epoch 28: Loss = 1.1880108765574082, R-squared = -0.26332621344265766
	Validation Loss = 1.1530975772680554, Validation R-squared = -0.643757278915595
After epoch 29: Loss = 1.1872684788402696, R-squared = -0.22715034644814197
	Validation Loss = 1.1530420625678872, Validation R-squared = -0.6435184434369448
After epoch 30: Loss = 1.1867641725805824, R-squared = -0.20594577200860673
	Validation Loss = 1.1529853520548423, Validation R-squared = -0.6432744846240398
After epoch 31: Loss = 1.187356904192303, R-squared = -0.22753732228829268
	Validation Loss = 1.152927235659218, Validation R-squared = -0.6430245002842483
After epoch 32: Loss = 1.1867285810752275, R-squared = -0.21896607824289252
	Validation Loss = 1.1528682524532352, Validation R-squared = -0.6427708105364573
After epoch 33: Loss = 1.1863482158074612, R-squared = -0.21714443413795964
	Validation Loss = 1.1528069384749091, Validation R-squared = -0.6425071207257695
After epoch 34: Loss = 1.183188601223661, R-squared = -0.299031314086207
	Validation Loss = 1.1527437565189846, Validation R-squared = -0.6422354237599933
After epoch 35: Loss = 1.185691428002876, R-squared = -0.26247449920449933
	Validation Loss = 1.1526832526011432, Validation R-squared = -0.64197526806146
After epoch 36: Loss = 1.1846175332508975, R-squared = -0.2513489569476471
	Validation Loss = 1.1526194935542542, Validation R-squared = -0.641701142477871
After epoch 37: Loss = 1.1850483221804793, R-squared = -0.2278505220423772
	Validation Loss = 1.15255413628426, Validation R-squared = -0.6414201738066377
After epoch 38: Loss = 1.1860870610420777, R-squared = -0.2509710702367241
	Validation Loss = 1.1524917625162245, Validation R-squared = -0.6411520578481807
After epoch 39: Loss = 1.1877512160404733, R-squared = -0.24829955587869476
	Validation Loss = 1.152424430816212, Validation R-squared = -0.6408626593585093
After epoch 40: Loss = 1.1858179433934262, R-squared = -0.2458527330738023
	Validation Loss = 1.1523575883300012, Validation R-squared = -0.6405753936854117
After epoch 41: Loss = 1.1871904401336255, R-squared = -0.21380640252534064
	Validation Loss = 1.152286390802877, Validation R-squared = -0.6402694445943209
After epoch 42: Loss = 1.1874306351551256, R-squared = -0.23627711311769195
	Validation Loss = 1.1522179017940573, Validation R-squared = -0.6399751666772117
After epoch 43: Loss = 1.1857724660515059, R-squared = -0.20689504091871697
	Validation Loss = 1.1521444617181755, Validation R-squared = -0.6396596504829051
After epoch 44: Loss = 1.18485955775564, R-squared = -0.2331646677821964
	Validation Loss = 1.1520701173371526, Validation R-squared = -0.6393402861483451
After epoch 45: Loss = 1.1864317317050856, R-squared = -0.22749709396067166
	Validation Loss = 1.1519984273990496, Validation R-squared = -0.639032359863488
After epoch 46: Loss = 1.1883440102523093, R-squared = -0.21694771521861567
	Validation Loss = 1.151923374465759, Validation R-squared = -0.638710025765504
After epoch 47: Loss = 1.1861972290631182, R-squared = -0.19603222725992284
	Validation Loss = 1.1518481460044152, Validation R-squared = -0.6383869759141206
After epoch 48: Loss = 1.1853270680047512, R-squared = -0.22186355188352672
	Validation Loss = 1.1517724160492124, Validation R-squared = -0.638061811064642
After epoch 49: Loss = 1.1896913140774208, R-squared = -0.22860768590811684
	Validation Loss = 1.1516986178191069, Validation R-squared = -0.6377449777642047
After epoch 50: Loss = 1.1863006922158263, R-squared = -0.25804159185550457
	Validation Loss = 1.1516210666137394, Validation R-squared = -0.6374120716602992
Training process has finished.

Time taken for NoPoolCNN1, 7 learning rates: 820.4219934940338 seconds

gpu_utilization [%], mem_utilization [%], max_memory_usage [MiB], time [ms]
84 %, 17 %, 9006 MiB, 836062 ms
