Mon Dec 16 13:59:37 2024       
+-----------------------------------------------------------------------------------------+
| NVIDIA-SMI 565.57.01              Driver Version: 565.57.01      CUDA Version: 12.7     |
|-----------------------------------------+------------------------+----------------------+
| GPU  Name                 Persistence-M | Bus-Id          Disp.A | Volatile Uncorr. ECC |
| Fan  Temp   Perf          Pwr:Usage/Cap |           Memory-Usage | GPU-Util  Compute M. |
|                                         |                        |               MIG M. |
|=========================================+========================+======================|
|   0  Tesla V100S-PCIE-32GB          On  |   00000000:25:00.0 Off |                    0 |
| N/A   32C    P0             26W /  250W |       1MiB /  32768MiB |      0%      Default |
|                                         |                        |                  N/A |
+-----------------------------------------+------------------------+----------------------+
                                                                                         
+-----------------------------------------------------------------------------------------+
| Processes:                                                                              |
|  GPU   GI   CI        PID   Type   Process name                              GPU Memory |
|        ID   ID                                                               Usage      |
|=========================================================================================|
|  No running processes found                                                             |
+-----------------------------------------------------------------------------------------+
Using device: cuda
Number of permeability values: 455
Number of images: 455
Using CNN: NoPoolCNN1 with learning rate: 1e-05
	After epoch 1: Loss = 1.0362278977338897, R-squared = -0.049612864735326986
	After epoch 2: Loss = 1.0281753666221458, R-squared = -0.043965109955203904
	After epoch 3: Loss = 1.0271468896088845, R-squared = -0.042225267255365725
	After epoch 4: Loss = 1.024406575982807, R-squared = -0.038398667109560324
	After epoch 5: Loss = 1.019432628995162, R-squared = -0.04072038971736215
	After epoch 6: Loss = 1.0191731728782059, R-squared = -0.033045295035173936
	After epoch 7: Loss = 1.015654623378271, R-squared = -0.033470400954749534
	After epoch 8: Loss = 1.0125631549030154, R-squared = -0.022962906376335558
	After epoch 9: Loss = 1.0089983603686725, R-squared = -0.03303116214645278
	After epoch 10: Loss = 1.0029990017589294, R-squared = -0.02205168673271608
	After epoch 11: Loss = 1.0033503510335386, R-squared = -0.03699632869796364
	After epoch 12: Loss = 1.003361370158308, R-squared = -0.03270362449011419
	After epoch 13: Loss = 0.9950262525532707, R-squared = -0.01977384119851191
	After epoch 14: Loss = 0.9984893813952741, R-squared = -0.030051670437136958
	After epoch 15: Loss = 0.989007080158584, R-squared = 0.0007772178467035373
	After epoch 16: Loss = 0.9886414214900228, R-squared = 0.0016711064862070524
	After epoch 17: Loss = 0.9811465247511475, R-squared = -0.0028940918045371133
	After epoch 18: Loss = 0.9811992325750916, R-squared = -2.225173033966188e-05
	After epoch 19: Loss = 0.9700653475615566, R-squared = -0.017363978020506276
	After epoch 20: Loss = 0.9626548337043547, R-squared = 0.018867773981566315
	After epoch 21: Loss = 0.9556004783576656, R-squared = 0.02562665279614266
	After epoch 22: Loss = 0.9457828040300651, R-squared = -0.0713992461026678
	After epoch 23: Loss = 0.9353803959499286, R-squared = 0.01442371806298407
	After epoch 24: Loss = 0.9225533093073006, R-squared = 0.054725621287575535
	After epoch 25: Loss = 0.9064373382164728, R-squared = 0.07907700301165682
	After epoch 26: Loss = 0.8918587656659447, R-squared = 0.09369742946491298
	After epoch 27: Loss = 0.8744506254898209, R-squared = 0.09036794052042356
	After epoch 28: Loss = 0.851488516543214, R-squared = 0.1316250939921252
	After epoch 29: Loss = 0.8294290131214126, R-squared = 0.14430461535308842
	After epoch 30: Loss = 0.8038174156984355, R-squared = 0.15216050266969136
	After epoch 31: Loss = 0.7743975151921897, R-squared = 0.20651595686015808
	After epoch 32: Loss = 0.7397406111375008, R-squared = 0.09579588890128873
	After epoch 33: Loss = 0.6988130144429322, R-squared = 0.28455103585228425
	After epoch 34: Loss = 0.6594465498857411, R-squared = 0.3358896419044199
	After epoch 35: Loss = 0.6137055565742299, R-squared = 0.37159000469044745
	After epoch 36: Loss = 0.567890949541483, R-squared = 0.42514960835962723
	After epoch 37: Loss = 0.5172182220278421, R-squared = 0.45612224272246904
	After epoch 38: Loss = 0.46967567727869836, R-squared = 0.5227956861971542
	After epoch 39: Loss = 0.42207875187801147, R-squared = 0.5757473089281466
	After epoch 40: Loss = 0.374431927137898, R-squared = 0.6245800223105127
	After epoch 41: Loss = 0.32978734996809916, R-squared = 0.6701048383068714
	After epoch 42: Loss = 0.28888655517996664, R-squared = 0.7071720795043208
	After epoch 43: Loss = 0.25317877700353286, R-squared = 0.7466937048720813
	After epoch 44: Loss = 0.22551422539187663, R-squared = 0.7733896166004988
	After epoch 45: Loss = 0.2017721997715361, R-squared = 0.7963317588435627
	After epoch 46: Loss = 0.1791611660361105, R-squared = 0.812803502657999
	After epoch 47: Loss = 0.16093136010371492, R-squared = 0.8370864014781876
	After epoch 48: Loss = 0.14647449625572265, R-squared = 0.8473970035215374
	After epoch 49: Loss = 0.1321232827129663, R-squared = 0.867873668990209
	After epoch 50: Loss = 0.12380520541392774, R-squared = 0.8638809502826525
Training process has finished.
Using CNN: NoPoolCNN1 with learning rate: 5e-05
	After epoch 1: Loss = 0.9985268698142791, R-squared = -0.035968036084467615
	After epoch 2: Loss = 0.9945201769936183, R-squared = -0.017232774411899555
	After epoch 3: Loss = 0.9944679580248561, R-squared = -0.008295670566383728
	After epoch 4: Loss = 0.9878714699557778, R-squared = -0.0028905780232582946
	After epoch 5: Loss = 0.9674037674933441, R-squared = 0.02670050839387623
	After epoch 6: Loss = 0.9359267743561734, R-squared = 0.044385926545326825
	After epoch 7: Loss = 0.8923169457176916, R-squared = 0.05489423989735037
	After epoch 8: Loss = 0.8291883829325016, R-squared = 0.15800780127220582
	After epoch 9: Loss = 0.7579632732209511, R-squared = 0.23722261064244105
	After epoch 10: Loss = 0.6801308479521607, R-squared = 0.31696048550816364
	After epoch 11: Loss = 0.5938961151506639, R-squared = 0.41005283302424916
	After epoch 12: Loss = 0.4873346768359534, R-squared = 0.5199602833149002
	After epoch 13: Loss = 0.3783262117816772, R-squared = 0.6047924873862047
	After epoch 14: Loss = 0.2701469774046642, R-squared = 0.7211522311401785
	After epoch 15: Loss = 0.20133772568857297, R-squared = 0.7955025763845752
	After epoch 16: Loss = 0.14330637745190747, R-squared = 0.853351574340486
	After epoch 17: Loss = 0.11023705985660244, R-squared = 0.8655966446109449
	After epoch 18: Loss = 0.08665456027489553, R-squared = 0.8982100617093425
	After epoch 19: Loss = 0.07947124277058938, R-squared = 0.9138239899781475
	After epoch 20: Loss = 0.06891831173110657, R-squared = 0.8727896455818419
	After epoch 21: Loss = 0.05463308429378758, R-squared = 0.9379230034697624
	After epoch 22: Loss = 0.04620274303492525, R-squared = 0.949130657151702
	After epoch 23: Loss = 0.04043950327032971, R-squared = 0.9486136178464261
	After epoch 24: Loss = 0.03695969818533837, R-squared = 0.9618166122484313
	After epoch 25: Loss = 0.03424783969544233, R-squared = 0.9611198639333436
	After epoch 26: Loss = 0.0308475425599872, R-squared = 0.9667681490843819
	After epoch 27: Loss = 0.030060247155980907, R-squared = 0.9686799939298657
	After epoch 28: Loss = 0.03206157861349621, R-squared = 0.9657500750618496
	After epoch 29: Loss = 0.030021280833701453, R-squared = 0.9656579370838327
	After epoch 30: Loss = 0.024244740565841038, R-squared = 0.9743897869883658
	After epoch 31: Loss = 0.023348287420518397, R-squared = 0.9758377260093811
	After epoch 32: Loss = 0.025862684063990365, R-squared = 0.9715543870471988
	After epoch 33: Loss = 0.02664294450694098, R-squared = 0.9704039292394055
	After epoch 34: Loss = 0.025353404140810998, R-squared = 0.9736055449910823
	After epoch 35: Loss = 0.022686212798709544, R-squared = 0.9757581485593787
	After epoch 36: Loss = 0.018789413404196313, R-squared = 0.9795870221638424
	After epoch 37: Loss = 0.0194828463674383, R-squared = 0.9797536820810947
	After epoch 38: Loss = 0.020961894617151786, R-squared = 0.9786444576985873
	After epoch 39: Loss = 0.01881288253235341, R-squared = 0.9780139358002284
	After epoch 40: Loss = 0.018126273324140532, R-squared = 0.9778656477194094
	After epoch 41: Loss = 0.016270555983389636, R-squared = 0.9834272886704962
	After epoch 42: Loss = 0.01579007468586271, R-squared = 0.9829250799758926
	After epoch 43: Loss = 0.015771912083046773, R-squared = 0.9828767005811313
	After epoch 44: Loss = 0.01901681367081849, R-squared = 0.9793632691978628
	After epoch 45: Loss = 0.015193630690427413, R-squared = 0.9810118904103527
	After epoch 46: Loss = 0.014140418024832532, R-squared = 0.9848035755822776
	After epoch 47: Loss = 0.015661875012888248, R-squared = 0.9842872263424421
	After epoch 48: Loss = 0.016753142569689426, R-squared = 0.9813044908930882
	After epoch 49: Loss = 0.0131090290854577, R-squared = 0.9863082242752927
	After epoch 50: Loss = 0.012226386719681941, R-squared = 0.9874584667252957
Training process has finished.
Using CNN: NoPoolCNN1 with learning rate: 0.0001
	After epoch 1: Loss = 1.0450295296065757, R-squared = -0.1050632404409932
	After epoch 2: Loss = 0.988841538912444, R-squared = -0.02382603754599456
	After epoch 3: Loss = 0.9601261937346758, R-squared = 0.027292686620191096
	After epoch 4: Loss = 0.9207110269350192, R-squared = 0.052170858459603085
	After epoch 5: Loss = 0.8589951057205715, R-squared = 0.12120563161986535
	After epoch 6: Loss = 0.7386541943610329, R-squared = 0.24955154710511424
	After epoch 7: Loss = 0.5815021431165357, R-squared = 0.405852434319857
	After epoch 8: Loss = 0.49152009092040627, R-squared = 0.5211884021752223
	After epoch 9: Loss = 0.37331134867438626, R-squared = 0.6345327376893513
	After epoch 10: Loss = 0.23546350945307165, R-squared = 0.7624547481392808
	After epoch 11: Loss = 0.1316839643380913, R-squared = 0.8622754534334767
	After epoch 12: Loss = 0.07170737622497989, R-squared = 0.9282287127191964
	After epoch 13: Loss = 0.04431431752249536, R-squared = 0.9543071678165062
	After epoch 14: Loss = 0.03822374073061369, R-squared = 0.9586659574912014
	After epoch 15: Loss = 0.028680456922099827, R-squared = 0.9713303473072894
	After epoch 16: Loss = 0.023526882313329313, R-squared = 0.9734342815293289
	After epoch 17: Loss = 0.023128891065598976, R-squared = 0.9762825538780898
	After epoch 18: Loss = 0.018717240627848214, R-squared = 0.9798916467873436
	After epoch 19: Loss = 0.014824070126022696, R-squared = 0.9835739625617727
	After epoch 20: Loss = 0.014874741492443852, R-squared = 0.9835627492031097
	After epoch 21: Loss = 0.011866879200825164, R-squared = 0.9877213190300141
	After epoch 22: Loss = 0.01311958074665682, R-squared = 0.9866106234683333
	After epoch 23: Loss = 0.009734288150420309, R-squared = 0.9902930585721392
	After epoch 24: Loss = 0.009969606264501798, R-squared = 0.9900966248455741
	After epoch 25: Loss = 0.011506986548666177, R-squared = 0.9883679437068856
	After epoch 26: Loss = 0.00801012544609482, R-squared = 0.9919241529670637
	After epoch 27: Loss = 0.009075158972566192, R-squared = 0.9906474621299015
	After epoch 28: Loss = 0.009482675116336128, R-squared = 0.9900925774348306
	After epoch 29: Loss = 0.006582096974765096, R-squared = 0.9933479344003606
	After epoch 30: Loss = 0.007765104163123352, R-squared = 0.991848703823001
	After epoch 31: Loss = 0.0102446222216759, R-squared = 0.9862648543839185
	After epoch 32: Loss = 0.007236311273489932, R-squared = 0.9917871019989069
	After epoch 33: Loss = 0.009331358470554694, R-squared = 0.9899383164093549
	After epoch 34: Loss = 0.008272477198582078, R-squared = 0.9908145302140824
	After epoch 35: Loss = 0.005514600705792394, R-squared = 0.9944218199123783
	After epoch 36: Loss = 0.005949355058399732, R-squared = 0.9941063227487511
	After epoch 37: Loss = 0.007179471043167461, R-squared = 0.9910848074652643
	After epoch 38: Loss = 0.006859790012103112, R-squared = 0.9925832882534928
	After epoch 39: Loss = 0.006181600655944362, R-squared = 0.9931604941116848
	After epoch 40: Loss = 0.00593596818108622, R-squared = 0.9942227328759697
	After epoch 41: Loss = 0.005451816647203414, R-squared = 0.9943929347237231
	After epoch 42: Loss = 0.004146720470276927, R-squared = 0.9957078777761914
	After epoch 43: Loss = 0.004199969592086994, R-squared = 0.9949826934500298
	After epoch 44: Loss = 0.004451882385302664, R-squared = 0.9938465388932982
	After epoch 45: Loss = 0.0033020106286579982, R-squared = 0.996439863561117
	After epoch 46: Loss = 0.0033810361195739562, R-squared = 0.9964297116837788
	After epoch 47: Loss = 0.004482981948769395, R-squared = 0.995064288029233
	After epoch 48: Loss = 0.003776592417407849, R-squared = 0.9959408627654163
	After epoch 49: Loss = 0.0033500056112828547, R-squared = 0.9965450825888036
	After epoch 50: Loss = 0.0035956418727505794, R-squared = 0.9962290212035555
Training process has finished.
Using CNN: NoPoolCNN1 with learning rate: 0.0005
	After epoch 1: Loss = 0.9669705396278621, R-squared = -0.004461924952968044
	After epoch 2: Loss = 0.7050809651613644, R-squared = 0.2842546328497031
	After epoch 3: Loss = 0.47587853331490804, R-squared = 0.5146345635685726
	After epoch 4: Loss = 0.18660552673851524, R-squared = 0.8121153695796781
	After epoch 5: Loss = 0.16088445341771324, R-squared = 0.816466630492295
	After epoch 6: Loss = 0.07410074473681483, R-squared = 0.9245411182244437
	After epoch 7: Loss = 0.039154749050099594, R-squared = 0.9603547766682595
	After epoch 8: Loss = 0.0276793109818107, R-squared = 0.9711956423969648
	After epoch 9: Loss = 0.021201525793151904, R-squared = 0.9772269811334485
	After epoch 10: Loss = 0.020193131781413323, R-squared = 0.9776155697261932
	After epoch 11: Loss = 0.02019055677717809, R-squared = 0.9780882775471923
	After epoch 12: Loss = 0.021111191319993304, R-squared = 0.973938381674385
	After epoch 13: Loss = 0.031335636365253015, R-squared = 0.9638630996801071
	After epoch 14: Loss = 0.01741107518388719, R-squared = 0.9810848066565029
	After epoch 15: Loss = 0.018438207621102244, R-squared = 0.9812269210929111
	After epoch 16: Loss = 0.020279966915250955, R-squared = 0.9782461322885736
	After epoch 17: Loss = 0.013000937171777593, R-squared = 0.9873292673257094
	After epoch 18: Loss = 0.014873850113045425, R-squared = 0.981341306782421
	After epoch 19: Loss = 0.025855727130479074, R-squared = 0.9675654184522561
	After epoch 20: Loss = 0.015814436198312586, R-squared = 0.9832399351571379
	After epoch 21: Loss = 0.013437720172306895, R-squared = 0.9853954229871617
	After epoch 22: Loss = 0.010688975659641874, R-squared = 0.9892782756751666
	After epoch 23: Loss = 0.007313603916233849, R-squared = 0.992297675652145
	After epoch 24: Loss = 0.00778991380971802, R-squared = 0.9915641917816579
	After epoch 25: Loss = 0.0066273400957086795, R-squared = 0.9922355275823043
	After epoch 26: Loss = 0.009725338983410766, R-squared = 0.9897068967555731
	After epoch 27: Loss = 0.0068816480101364305, R-squared = 0.9923802037067878
	After epoch 28: Loss = 0.005709733343086077, R-squared = 0.9941289562820484
	After epoch 29: Loss = 0.0049831284539452745, R-squared = 0.9951545479755197
	After epoch 30: Loss = 0.003808587769614289, R-squared = 0.994827619517696
	After epoch 31: Loss = 0.006702260200566213, R-squared = 0.9936501690260521
	After epoch 32: Loss = 0.002090070067045099, R-squared = 0.9978091763903226
	After epoch 33: Loss = 0.0018030127941884746, R-squared = 0.9980680504477284
	After epoch 34: Loss = 0.0016426950981520457, R-squared = 0.9981019326028445
	After epoch 35: Loss = 0.0021164314932753713, R-squared = 0.9976595309588655
	After epoch 36: Loss = 0.0010670832779168806, R-squared = 0.998777374951127
	After epoch 37: Loss = 0.0012481972806001917, R-squared = 0.9985730927486095
	After epoch 38: Loss = 0.001396071849946775, R-squared = 0.9982566654117162
	After epoch 39: Loss = 0.0015159801891224416, R-squared = 0.9983180594627916
	After epoch 40: Loss = 0.0012298149420786775, R-squared = 0.9985538407833433
	After epoch 41: Loss = 0.0010188515943322942, R-squared = 0.9989329209681156
	After epoch 42: Loss = 0.0008493187041812098, R-squared = 0.9990510248396621
	After epoch 43: Loss = 0.0008220775650640284, R-squared = 0.9990821995867627
	After epoch 44: Loss = 0.0006679551905462914, R-squared = 0.9992047437775053
	After epoch 45: Loss = 0.001347767794165637, R-squared = 0.9985338156515902
	After epoch 46: Loss = 0.0011245283160131142, R-squared = 0.9988357063754597
	After epoch 47: Loss = 0.00233457157621036, R-squared = 0.9975491962812665
	After epoch 48: Loss = 0.0020463898126229355, R-squared = 0.9977487093288835
	After epoch 49: Loss = 0.0028454658412935562, R-squared = 0.9970606470618805
	After epoch 50: Loss = 0.0018406126295548257, R-squared = 0.997888105020062
Training process has finished.
Using CNN: NoPoolCNN1 with learning rate: 0.001
	After epoch 1: Loss = 0.9086891188877168, R-squared = 0.06651096856575187
	After epoch 2: Loss = 0.21897488614369615, R-squared = 0.7242629732757535
	After epoch 3: Loss = 0.06690412425553245, R-squared = 0.9279285804815954
	After epoch 4: Loss = 0.09348865344961811, R-squared = 0.9052469974680684
	After epoch 5: Loss = 0.05405761314701052, R-squared = 0.9341001557732935
	After epoch 6: Loss = 0.05048565006845686, R-squared = 0.9403138066614354
	After epoch 7: Loss = 0.041504777029576834, R-squared = 0.9539177696267129
	After epoch 8: Loss = 0.032812608545011966, R-squared = 0.9665153068572693
	After epoch 9: Loss = 0.024605659957427965, R-squared = 0.9712728389822732
	After epoch 10: Loss = 0.027172401539990804, R-squared = 0.9724961218361707
	After epoch 11: Loss = 0.038762688709215676, R-squared = 0.9608341387328638
	After epoch 12: Loss = 0.01654262332300128, R-squared = 0.9799454271636409
	After epoch 13: Loss = 0.020441866111356587, R-squared = 0.9764396995573528
	After epoch 14: Loss = 0.020944856369003874, R-squared = 0.9796615712244771
	After epoch 15: Loss = 0.018987531613225434, R-squared = 0.9788596137764489
	After epoch 16: Loss = 0.010286715635206552, R-squared = 0.989522383629849
	After epoch 17: Loss = 0.00913448173924601, R-squared = 0.9905214538678615
	After epoch 18: Loss = 0.008312823286340924, R-squared = 0.9899413907598523
	After epoch 19: Loss = 0.007971565355987855, R-squared = 0.9920696812752681
	After epoch 20: Loss = 0.005634861542261556, R-squared = 0.9941137386311985
	After epoch 21: Loss = 0.006268525594961598, R-squared = 0.993675339458932
	After epoch 22: Loss = 0.008135145469953444, R-squared = 0.9915940834829302
	After epoch 23: Loss = 0.005705022653082665, R-squared = 0.9935027365336726
	After epoch 24: Loss = 0.004939807744510115, R-squared = 0.9944882724873876
	After epoch 25: Loss = 0.003204225683095791, R-squared = 0.9963605539811897
	After epoch 26: Loss = 0.004546083516736918, R-squared = 0.9953325191593023
	After epoch 27: Loss = 0.00482849677262725, R-squared = 0.9952357397515079
	After epoch 28: Loss = 0.003166360043536859, R-squared = 0.9956979317668878
	After epoch 29: Loss = 0.004262032049390139, R-squared = 0.99566562249349
	After epoch 30: Loss = 0.002380817183811207, R-squared = 0.9973920345737355
	After epoch 31: Loss = 0.001708926610232414, R-squared = 0.9982107206206953
	After epoch 32: Loss = 0.003361405635052381, R-squared = 0.9962085837425914
	After epoch 33: Loss = 0.0026456234090931636, R-squared = 0.9963032770606908
	After epoch 34: Loss = 0.0022055054981391757, R-squared = 0.9974036755309376
	After epoch 35: Loss = 0.002805036953490583, R-squared = 0.9968402996365251
	After epoch 36: Loss = 0.0015367541101525904, R-squared = 0.9982240597081272
	After epoch 37: Loss = 0.0011550649052872116, R-squared = 0.9987120858558812
	After epoch 38: Loss = 0.0012118063502094087, R-squared = 0.9985202542580692
	After epoch 39: Loss = 0.0022179641051566414, R-squared = 0.9978260008736383
	After epoch 40: Loss = 0.0014802745359988796, R-squared = 0.9985580253740842
	After epoch 41: Loss = 0.0010672339058822391, R-squared = 0.9988302792129925
	After epoch 42: Loss = 0.0012066976827800346, R-squared = 0.9983813178126084
	After epoch 43: Loss = 0.0018324191626253009, R-squared = 0.9979342562564029
	After epoch 44: Loss = 0.0025252867404416584, R-squared = 0.9969315917627537
	After epoch 45: Loss = 0.0022000050064525157, R-squared = 0.9977601891241848
	After epoch 46: Loss = 0.0016230579841841238, R-squared = 0.9973748751906559
	After epoch 47: Loss = 0.0020440827247782413, R-squared = 0.9976175336573666
	After epoch 48: Loss = 0.0010397505655930007, R-squared = 0.9988681754870077
	After epoch 49: Loss = 0.0010459304594025959, R-squared = 0.9989753821140187
	After epoch 50: Loss = 0.0010761342024459997, R-squared = 0.9989324314105084
Training process has finished.
Using CNN: NoPoolCNN1 with learning rate: 0.005
	After epoch 1: Loss = 1.212529976860826, R-squared = -0.18943904525558836
	After epoch 2: Loss = 0.9898685298589778, R-squared = -0.0003572212914232153
	After epoch 3: Loss = 0.8238264682544598, R-squared = 0.12058839209805941
	After epoch 4: Loss = 0.4269393551495301, R-squared = 0.5643392416733042
	After epoch 5: Loss = 0.21423425523634107, R-squared = 0.7318121858287483
	After epoch 6: Loss = 0.09293620077802969, R-squared = 0.9035306048514524
	After epoch 7: Loss = 0.08051567370104645, R-squared = 0.9146459671587372
	After epoch 8: Loss = 0.02158510728657075, R-squared = 0.9765404602778652
	After epoch 9: Loss = 0.014961155764643172, R-squared = 0.9844002057665107
	After epoch 10: Loss = 0.012493629950618913, R-squared = 0.98758167330584
	After epoch 11: Loss = 0.011052012131039688, R-squared = 0.9880228837522246
	After epoch 12: Loss = 0.00862362544327831, R-squared = 0.989778696873054
	After epoch 13: Loss = 0.007162888516183044, R-squared = 0.9919233127474021
	After epoch 14: Loss = 0.005971889022179776, R-squared = 0.9937913642114273
	After epoch 15: Loss = 0.0072762341116585, R-squared = 0.9914868545466071
	After epoch 16: Loss = 0.004885733414391259, R-squared = 0.9942680886818984
	After epoch 17: Loss = 0.003464175926535767, R-squared = 0.9954169287481704
	After epoch 18: Loss = 0.002002842550871677, R-squared = 0.9979209809277056
	After epoch 19: Loss = 0.0018771824398566687, R-squared = 0.9978928955273494
	After epoch 20: Loss = 0.002289381770383029, R-squared = 0.9976437094377231
	After epoch 21: Loss = 0.0025196790905592315, R-squared = 0.9974514341409272
	After epoch 22: Loss = 0.002438538662853829, R-squared = 0.9973565576971097
	After epoch 23: Loss = 0.0017357366978062918, R-squared = 0.9980427269285027
	After epoch 24: Loss = 0.001123951967413443, R-squared = 0.9986394798119118
	After epoch 25: Loss = 0.0012230776553511702, R-squared = 0.9986423825450685
	After epoch 26: Loss = 0.0013831114395648624, R-squared = 0.9985642723693063
	After epoch 27: Loss = 0.001232714978845109, R-squared = 0.9984764446485836
	After epoch 28: Loss = 0.0016898080077089588, R-squared = 0.9981740111594071
	After epoch 29: Loss = 0.001360767307296462, R-squared = 0.9986735360369223
	After epoch 30: Loss = 0.0014340940859557249, R-squared = 0.998456766201708
	After epoch 31: Loss = 0.0012632180410019473, R-squared = 0.9987348023069371
	After epoch 32: Loss = 0.0009925680482649748, R-squared = 0.9989736094087169
	After epoch 33: Loss = 0.0008919358520341689, R-squared = 0.9989318530662349
	After epoch 34: Loss = 0.0016670569323143074, R-squared = 0.9983774801844092
	After epoch 35: Loss = 0.0013576908423469016, R-squared = 0.9984682633459174
	After epoch 36: Loss = 0.0011807339256224856, R-squared = 0.9987018607372807
	After epoch 37: Loss = 0.0010909508896666934, R-squared = 0.9985177155562124
	After epoch 38: Loss = 0.0022028056438392726, R-squared = 0.9973145723565674
	After epoch 39: Loss = 0.007062337398057249, R-squared = 0.9927718223129707
	After epoch 40: Loss = 0.0067891832746682385, R-squared = 0.9926550846473109
	After epoch 41: Loss = 0.0031090840171990515, R-squared = 0.9957487047261887
	After epoch 42: Loss = 0.002146772983022396, R-squared = 0.9975890019366732
	After epoch 43: Loss = 0.004502871827467827, R-squared = 0.9951567340898555
	After epoch 44: Loss = 0.003051067407271387, R-squared = 0.9964772332360617
	After epoch 45: Loss = 0.002744675682701311, R-squared = 0.9969738754506812
	After epoch 46: Loss = 0.001663342287124748, R-squared = 0.9978981953215653
	After epoch 47: Loss = 0.0015024457030150956, R-squared = 0.9984105718600599
	After epoch 48: Loss = 0.0016012844031393781, R-squared = 0.9980403663306268
	After epoch 49: Loss = 0.0006849872142833493, R-squared = 0.9993070145913301
	After epoch 50: Loss = 0.0008671544016281851, R-squared = 0.9989622756752896
Training process has finished.
Time taken for NoPoolCNN1: 1076.5121598243713 seconds
Using CNN: NoPoolCNN3 with learning rate: 1e-05
	After epoch 1: Loss = 1.0285354555922397, R-squared = -0.05313740810042611
	After epoch 2: Loss = 1.0193692337526152, R-squared = -0.036869850455548026
	After epoch 3: Loss = 1.0164429913346946, R-squared = -0.04916992276465919
	After epoch 4: Loss = 1.012747409296722, R-squared = -0.038445585443376305
	After epoch 5: Loss = 1.006754920056271, R-squared = -0.02113294189599425
	After epoch 6: Loss = 1.00232268237235, R-squared = -0.022002266929952264
	After epoch 7: Loss = 0.9965336461444384, R-squared = -0.012462863635078735
	After epoch 8: Loss = 0.9920728321767867, R-squared = -0.0055640808760655915
	After epoch 9: Loss = 0.9921600896912184, R-squared = -0.015588403188523415
	After epoch 10: Loss = 0.9862147873152443, R-squared = -0.01169130345674615
	After epoch 11: Loss = 0.9804550049523897, R-squared = 0.007897481651576388
	After epoch 12: Loss = 0.9716536077685298, R-squared = -0.010696432738055373
	After epoch 13: Loss = 0.9661243099360778, R-squared = -0.08275889211022627
	After epoch 14: Loss = 0.9585775458597687, R-squared = 0.0135670793585573
	After epoch 15: Loss = 0.9478384687335977, R-squared = 0.015304014455437775
	After epoch 16: Loss = 0.9341356129133909, R-squared = 0.04774290997639569
	After epoch 17: Loss = 0.9161146869557794, R-squared = 0.04792909415149671
	After epoch 18: Loss = 0.894608274670541, R-squared = 0.08597196494349654
	After epoch 19: Loss = 0.8715665658643805, R-squared = 0.07206724568287923
	After epoch 20: Loss = 0.837258453200227, R-squared = 0.13630757652477715
	After epoch 21: Loss = 0.8020886285752307, R-squared = 0.18497315077997384
	After epoch 22: Loss = 0.7562367714341257, R-squared = 0.21704396646364943
	After epoch 23: Loss = 0.7058073676033723, R-squared = 0.2808242494426983
	After epoch 24: Loss = 0.6416793449110092, R-squared = 0.3538526707529631
	After epoch 25: Loss = 0.5734517479522854, R-squared = 0.4106415751843522
	After epoch 26: Loss = 0.49781318603185926, R-squared = 0.49798895104319485
	After epoch 27: Loss = 0.4233012600054266, R-squared = 0.5709031574618829
	After epoch 28: Loss = 0.3528828342282425, R-squared = 0.6375744366499771
	After epoch 29: Loss = 0.2894874509766726, R-squared = 0.6992827120689287
	After epoch 30: Loss = 0.23532255334073776, R-squared = 0.7516025098080601
	After epoch 31: Loss = 0.19198037745540802, R-squared = 0.8063769556700298
	After epoch 32: Loss = 0.16028706021574474, R-squared = 0.8388342184924461
	After epoch 33: Loss = 0.13365658763501004, R-squared = 0.8596420521939709
	After epoch 34: Loss = 0.11677164267524956, R-squared = 0.8808812869385474
	After epoch 35: Loss = 0.10420478294917186, R-squared = 0.8935258910637675
	After epoch 36: Loss = 0.0938372249064664, R-squared = 0.9049584179001394
	After epoch 37: Loss = 0.08645489925983259, R-squared = 0.9100095246279529
	After epoch 38: Loss = 0.07684577742148842, R-squared = 0.9225943081622854
	After epoch 39: Loss = 0.06792026263296548, R-squared = 0.9301420196464474
	After epoch 40: Loss = 0.06252780712055539, R-squared = 0.9355671239959275
	After epoch 41: Loss = 0.05765058612444823, R-squared = 0.9419655257027587
	After epoch 42: Loss = 0.05029019139644518, R-squared = 0.948288098578996
	After epoch 43: Loss = 0.04631815889845851, R-squared = 0.9479591390172182
	After epoch 44: Loss = 0.04281493547215016, R-squared = 0.9544758443945117
	After epoch 45: Loss = 0.039691668765211366, R-squared = 0.9507301662816123
	After epoch 46: Loss = 0.03681069109902053, R-squared = 0.9618499621739337
	After epoch 47: Loss = 0.03538441072880698, R-squared = 0.9640194877308772
	After epoch 48: Loss = 0.03270075964905286, R-squared = 0.9635943232807003
	After epoch 49: Loss = 0.03139635420583823, R-squared = 0.9662596465996754
	After epoch 50: Loss = 0.030065618437144708, R-squared = 0.9694147840291076
Training process has finished.
Using CNN: NoPoolCNN3 with learning rate: 5e-05
	After epoch 1: Loss = 1.038426181815748, R-squared = -0.31852673619611604
	After epoch 2: Loss = 1.007219515752599, R-squared = -0.04989127998702518
	After epoch 3: Loss = 0.9783192575955735, R-squared = -0.02372067888787328
	After epoch 4: Loss = 0.9509313420790754, R-squared = 0.027291038057645146
	After epoch 5: Loss = 0.9089232700150056, R-squared = 0.068069128328649
	After epoch 6: Loss = 0.8470459095718003, R-squared = 0.12412526348496433
	After epoch 7: Loss = 0.7418723857618665, R-squared = 0.25616689002350546
	After epoch 8: Loss = 0.6280098053322536, R-squared = 0.36615827616980356
	After epoch 9: Loss = 0.5664139559253979, R-squared = 0.42507087496543294
	After epoch 10: Loss = 0.4732284200333298, R-squared = 0.5281774332940754
	After epoch 11: Loss = 0.3451042842444809, R-squared = 0.6553098534765753
	After epoch 12: Loss = 0.21853208025346893, R-squared = 0.776869893905632
	After epoch 13: Loss = 0.12529714541609566, R-squared = 0.8677379610904922
	After epoch 14: Loss = 0.07405263056344595, R-squared = 0.9205812720811928
	After epoch 15: Loss = 0.04603504321368981, R-squared = 0.9530477840639741
	After epoch 16: Loss = 0.03326934680440488, R-squared = 0.9620114739547111
	After epoch 17: Loss = 0.028408475049735305, R-squared = 0.9694449109784019
	After epoch 18: Loss = 0.027804468887621094, R-squared = 0.9705001022684169
	After epoch 19: Loss = 0.02595550512887389, R-squared = 0.9709824191794867
	After epoch 20: Loss = 0.023840593664602366, R-squared = 0.9715894301463084
	After epoch 21: Loss = 0.023171865265549575, R-squared = 0.9709836124734919
	After epoch 22: Loss = 0.023439259908446718, R-squared = 0.9733482043071758
	After epoch 23: Loss = 0.017991593471293994, R-squared = 0.9810005244356267
	After epoch 24: Loss = 0.017292372219446385, R-squared = 0.9815825767200861
	After epoch 25: Loss = 0.029759384601281375, R-squared = 0.9660092057774834
	After epoch 26: Loss = 0.0249892910895179, R-squared = 0.9703355417636962
	After epoch 27: Loss = 0.020967516997763436, R-squared = 0.9748470447238251
	After epoch 28: Loss = 0.01894357157313771, R-squared = 0.9811983052487495
	After epoch 29: Loss = 0.017480697774379196, R-squared = 0.9798713864431372
	After epoch 30: Loss = 0.014398234338526572, R-squared = 0.9840556968629153
	After epoch 31: Loss = 0.012541399952697119, R-squared = 0.9877221839549032
	After epoch 32: Loss = 0.01202046456695279, R-squared = 0.9866181796743309
	After epoch 33: Loss = 0.011424588157326781, R-squared = 0.986639743502326
	After epoch 34: Loss = 0.011087323456359748, R-squared = 0.9872845001583916
	After epoch 35: Loss = 0.010454672383348932, R-squared = 0.9887580391510538
	After epoch 36: Loss = 0.010776772192484454, R-squared = 0.9886205487494202
	After epoch 37: Loss = 0.0107539043460162, R-squared = 0.9891635186923479
	After epoch 38: Loss = 0.008874624413164289, R-squared = 0.9899469756888248
	After epoch 39: Loss = 0.009544749050169627, R-squared = 0.9864616356753464
	After epoch 40: Loss = 0.008479558108025056, R-squared = 0.9906743184364961
	After epoch 41: Loss = 0.008486434168290266, R-squared = 0.9914171790033551
	After epoch 42: Loss = 0.00714940450839865, R-squared = 0.992560040576071
	After epoch 43: Loss = 0.007436820754552961, R-squared = 0.99195428162498
	After epoch 44: Loss = 0.007005247224246049, R-squared = 0.9925484993942069
	After epoch 45: Loss = 0.008302687682015747, R-squared = 0.9907901272270276
	After epoch 46: Loss = 0.007439974798597876, R-squared = 0.991349742748794
	After epoch 47: Loss = 0.008260613103553064, R-squared = 0.9882789147806917
	After epoch 48: Loss = 0.007629274253276435, R-squared = 0.9920835840039472
	After epoch 49: Loss = 0.00613382370791126, R-squared = 0.993510459541128
	After epoch 50: Loss = 0.005053290113215038, R-squared = 0.9948714527218291
Training process has finished.
Using CNN: NoPoolCNN3 with learning rate: 0.0001
	After epoch 1: Loss = 1.0029945653602375, R-squared = -0.030611009183332028
	After epoch 2: Loss = 0.9660988069214671, R-squared = 0.010195647613696868
	After epoch 3: Loss = 0.8722131273933058, R-squared = 0.10120511102043481
	After epoch 4: Loss = 0.6490863241197573, R-squared = 0.3276827970793536
	After epoch 5: Loss = 0.34188208767774103, R-squared = 0.6422146005464056
	After epoch 6: Loss = 0.0995213802176819, R-squared = 0.8951750274912925
	After epoch 7: Loss = 0.0454889534886386, R-squared = 0.9381000345071854
	After epoch 8: Loss = 0.04403268168504047, R-squared = 0.9465630326888095
	After epoch 9: Loss = 0.04166906132710595, R-squared = 0.9524967823535416
	After epoch 10: Loss = 0.03303058502575123, R-squared = 0.9371233708130056
	After epoch 11: Loss = 0.03717292629141808, R-squared = 0.9590146678642307
	After epoch 12: Loss = 0.034257734585724973, R-squared = 0.9634031432242164
	After epoch 13: Loss = 0.028610166335677718, R-squared = 0.9658216997986978
	After epoch 14: Loss = 0.02730353705714309, R-squared = 0.9716246862522653
	After epoch 15: Loss = 0.023941103313692057, R-squared = 0.9738446793465754
	After epoch 16: Loss = 0.028596785906292433, R-squared = 0.9710653292992161
	After epoch 17: Loss = 0.02704847453411289, R-squared = 0.9701248649967145
	After epoch 18: Loss = 0.019389502177214055, R-squared = 0.9770286399888309
	After epoch 19: Loss = 0.01769646131749431, R-squared = 0.9820058109379429
	After epoch 20: Loss = 0.01530762165601427, R-squared = 0.9833753227310705
	After epoch 21: Loss = 0.022473668940455604, R-squared = 0.9780455802975846
	After epoch 22: Loss = 0.014264840670224693, R-squared = 0.9847951907422473
	After epoch 23: Loss = 0.012856051938389077, R-squared = 0.9869575146958833
	After epoch 24: Loss = 0.012605038740261637, R-squared = 0.9866135179869662
	After epoch 25: Loss = 0.014961293661758805, R-squared = 0.9843994529050935
	After epoch 26: Loss = 0.015693049357990506, R-squared = 0.9841595052380059
	After epoch 27: Loss = 0.016022848893484147, R-squared = 0.9786176136343292
	After epoch 28: Loss = 0.008968881705927223, R-squared = 0.9908934545287245
	After epoch 29: Loss = 0.009352844229152979, R-squared = 0.9901748492909362
	After epoch 30: Loss = 0.010435895103340873, R-squared = 0.9884706176393265
	After epoch 31: Loss = 0.008932765218291033, R-squared = 0.9908994145416038
	After epoch 32: Loss = 0.007535956519076995, R-squared = 0.9917769647874846
	After epoch 33: Loss = 0.00828024119413966, R-squared = 0.9907399410295952
	After epoch 34: Loss = 0.010839409102103731, R-squared = 0.9885319218935955
	After epoch 35: Loss = 0.009733644952553817, R-squared = 0.9895995392816198
	After epoch 36: Loss = 0.010444029596951019, R-squared = 0.9890364975729067
	After epoch 37: Loss = 0.007748795051773899, R-squared = 0.9919515655194378
	After epoch 38: Loss = 0.00724983877628802, R-squared = 0.9928572076818641
	After epoch 39: Loss = 0.009058489141907695, R-squared = 0.9908416007680454
	After epoch 40: Loss = 0.009446188391086323, R-squared = 0.9904733165519749
	After epoch 41: Loss = 0.006240161161876937, R-squared = 0.9935411033705858
	After epoch 42: Loss = 0.00417924121586694, R-squared = 0.9955045922881857
	After epoch 43: Loss = 0.0072562738690577205, R-squared = 0.9925960726481593
	After epoch 44: Loss = 0.005427114032871673, R-squared = 0.994096605881207
	After epoch 45: Loss = 0.00566114875969687, R-squared = 0.9938764417409629
	After epoch 46: Loss = 0.005735608341034131, R-squared = 0.9941588515734464
	After epoch 47: Loss = 0.0031782808445588286, R-squared = 0.996752656313193
	After epoch 48: Loss = 0.0029602235175793913, R-squared = 0.9969759077103747
	After epoch 49: Loss = 0.002958405369633038, R-squared = 0.9970854391156916
	After epoch 50: Loss = 0.00417351427841492, R-squared = 0.995596549073016
Training process has finished.
Using CNN: NoPoolCNN3 with learning rate: 0.0005
	After epoch 1: Loss = 0.8078964588099462, R-squared = 0.2105796520795077
	After epoch 2: Loss = 0.3384611133803398, R-squared = 0.6682561541491079
	After epoch 3: Loss = 0.13681651955520782, R-squared = 0.8158500255070832
	After epoch 4: Loss = 0.06517511006603253, R-squared = 0.9301667651941784
	After epoch 5: Loss = 0.04160267120816623, R-squared = 0.9595155659287012
	After epoch 6: Loss = 0.026129523995852128, R-squared = 0.9725497055905526
	After epoch 7: Loss = 0.02959804526555329, R-squared = 0.966513189310169
	After epoch 8: Loss = 0.02580078334886466, R-squared = 0.9736719764010736
	After epoch 9: Loss = 0.021989120679486614, R-squared = 0.9781918424837773
	After epoch 10: Loss = 0.018851497470836507, R-squared = 0.9802592958813724
	After epoch 11: Loss = 0.020275941300167303, R-squared = 0.979687066945204
	After epoch 12: Loss = 0.015400066644150872, R-squared = 0.9836806731556788
	After epoch 13: Loss = 0.01093830859001261, R-squared = 0.9873535130673272
	After epoch 14: Loss = 0.020669586313225734, R-squared = 0.9754098726141883
	After epoch 15: Loss = 0.032805775114638495, R-squared = 0.9671411708876096
	After epoch 16: Loss = 0.01916342140143125, R-squared = 0.9791030878291169
	After epoch 17: Loss = 0.012545287381667738, R-squared = 0.9861289444941619
	After epoch 18: Loss = 0.01969843493051222, R-squared = 0.9804404230612771
	After epoch 19: Loss = 0.008898808601366635, R-squared = 0.9913752269384695
	After epoch 20: Loss = 0.005447281971393106, R-squared = 0.9945423408877458
	After epoch 21: Loss = 0.004170341063699073, R-squared = 0.9951841930086719
	After epoch 22: Loss = 0.0031848869489227273, R-squared = 0.9966534493095743
	After epoch 23: Loss = 0.00242569069075214, R-squared = 0.9972244759712783
	After epoch 24: Loss = 0.00227794460888856, R-squared = 0.9975622518939989
	After epoch 25: Loss = 0.002816931506208113, R-squared = 0.9970799686383046
	After epoch 26: Loss = 0.003771838876528158, R-squared = 0.996472876088321
	After epoch 27: Loss = 0.00729717307207999, R-squared = 0.9915961847247934
	After epoch 28: Loss = 0.005336911497644887, R-squared = 0.994393688429423
	After epoch 29: Loss = 0.0040144208114019815, R-squared = 0.9958308639459853
	After epoch 30: Loss = 0.006874872922306851, R-squared = 0.9923809871195391
	After epoch 31: Loss = 0.008689678529772748, R-squared = 0.9906152943213691
	After epoch 32: Loss = 0.0020463302061417056, R-squared = 0.9979418327507765
	After epoch 33: Loss = 0.0025705140440279743, R-squared = 0.9973322013528796
	After epoch 34: Loss = 0.0019373323176524505, R-squared = 0.9977384711532163
	After epoch 35: Loss = 0.0013141306340949603, R-squared = 0.9986861468078303
	After epoch 36: Loss = 0.0010226091722290653, R-squared = 0.998455699365709
	After epoch 37: Loss = 0.0009342142777077963, R-squared = 0.9990272800552104
	After epoch 38: Loss = 0.0007781842270336281, R-squared = 0.9991752945139657
	After epoch 39: Loss = 0.0010164724826356546, R-squared = 0.9989673419786362
	After epoch 40: Loss = 0.0008371780827451552, R-squared = 0.9990134909431347
	After epoch 41: Loss = 0.0013833271533107885, R-squared = 0.9985143221969862
	After epoch 42: Loss = 0.001109774496859797, R-squared = 0.9988014358073075
	After epoch 43: Loss = 0.0011461142158092435, R-squared = 0.9987040126770952
	After epoch 44: Loss = 0.0021547957698453365, R-squared = 0.9974353363729032
	After epoch 45: Loss = 0.0016281316909749631, R-squared = 0.9981533050523076
	After epoch 46: Loss = 0.00101353700137847, R-squared = 0.9988674986770553
	After epoch 47: Loss = 0.0015186492801814477, R-squared = 0.9983477263059927
	After epoch 48: Loss = 0.0006670287712502943, R-squared = 0.9993305738469214
	After epoch 49: Loss = 0.000569475233967639, R-squared = 0.9992839313412345
	After epoch 50: Loss = 0.0005148809148380014, R-squared = 0.9994034453596697
Training process has finished.
Using CNN: NoPoolCNN3 with learning rate: 0.001
	After epoch 1: Loss = 1.0139249130248595, R-squared = -0.047768821851366126
	After epoch 2: Loss = 0.953028068110102, R-squared = 0.025821157608531688
	After epoch 3: Loss = 0.6287433965316283, R-squared = 0.36858480636991864
	After epoch 4: Loss = 0.35993815013042757, R-squared = 0.6435086536088905
	After epoch 5: Loss = 0.12000655779409983, R-squared = 0.8698301536233141
	After epoch 6: Loss = 0.047129500059873104, R-squared = 0.9520945743579127
	After epoch 7: Loss = 0.03287849457999417, R-squared = 0.9657649005615205
	After epoch 8: Loss = 0.027028177288574796, R-squared = 0.9706921065802965
	After epoch 9: Loss = 0.022365226329348703, R-squared = 0.9763651485433691
	After epoch 10: Loss = 0.01867380086206926, R-squared = 0.9799818616263878
	After epoch 11: Loss = 0.016095319027438302, R-squared = 0.9825159895345197
	After epoch 12: Loss = 0.017096692997799857, R-squared = 0.9809437548239714
	After epoch 13: Loss = 0.01646222330909032, R-squared = 0.983788828061493
	After epoch 14: Loss = 0.016466937250362114, R-squared = 0.9825639978574969
	After epoch 15: Loss = 0.01005175739990928, R-squared = 0.9903075312936395
	After epoch 16: Loss = 0.016648166126170115, R-squared = 0.9830285753141418
	After epoch 17: Loss = 0.050255549625453644, R-squared = 0.9493523358684023
	After epoch 18: Loss = 0.03523952481979016, R-squared = 0.9608392082690557
	After epoch 19: Loss = 0.029945537823499225, R-squared = 0.9688636493139834
	After epoch 20: Loss = 0.01357236964736635, R-squared = 0.9856844145565387
	After epoch 21: Loss = 0.00847181850560721, R-squared = 0.9916165956062073
	After epoch 22: Loss = 0.007006149738168361, R-squared = 0.9929813396197892
	After epoch 23: Loss = 0.00355061630970245, R-squared = 0.9957385194159654
	After epoch 24: Loss = 0.002889694523520096, R-squared = 0.9967388986017628
	After epoch 25: Loss = 0.0022560803645167377, R-squared = 0.9976147804697966
	After epoch 26: Loss = 0.0026178468805894933, R-squared = 0.9974147434514171
	After epoch 27: Loss = 0.0030377207296472314, R-squared = 0.9968983440585127
	After epoch 28: Loss = 0.0017376092252795715, R-squared = 0.9981309784734046
	After epoch 29: Loss = 0.0014679593534528243, R-squared = 0.99852421832246
	After epoch 30: Loss = 0.0015651518349503915, R-squared = 0.9981697955701672
	After epoch 31: Loss = 0.00194774314491198, R-squared = 0.9975864871420894
	After epoch 32: Loss = 0.002316788156442218, R-squared = 0.9970642681203449
	After epoch 33: Loss = 0.0018188530642598913, R-squared = 0.9977468634226285
	After epoch 34: Loss = 0.0016254852775742456, R-squared = 0.9981809750072582
	After epoch 35: Loss = 0.001293552357142839, R-squared = 0.9984088990403117
	After epoch 36: Loss = 0.0010971929646744819, R-squared = 0.9988140727001353
	After epoch 37: Loss = 0.0010484991486148566, R-squared = 0.9989523912855625
	After epoch 38: Loss = 0.0007866684402912149, R-squared = 0.9991578100620586
	After epoch 39: Loss = 0.0006427783085659289, R-squared = 0.99928862130814
	After epoch 40: Loss = 0.0013472939018119785, R-squared = 0.9985010854012846
	After epoch 41: Loss = 0.0016652112649475602, R-squared = 0.9983591962878118
	After epoch 42: Loss = 0.0010917064112202731, R-squared = 0.9988335458269975
	After epoch 43: Loss = 0.001162851781016354, R-squared = 0.9988160515317392
	After epoch 44: Loss = 0.0015850645286088476, R-squared = 0.998128343301888
	After epoch 45: Loss = 0.0020111808118320963, R-squared = 0.9977095968452516
	After epoch 46: Loss = 0.0008040000855908068, R-squared = 0.9991414286798763
	After epoch 47: Loss = 0.0006308256205884517, R-squared = 0.9992572223613039
	After epoch 48: Loss = 0.0005496323552317982, R-squared = 0.9994073816204871
	After epoch 49: Loss = 0.0005220422682343632, R-squared = 0.9994270809116534
	After epoch 50: Loss = 0.0005592773938361091, R-squared = 0.9994136233917208
Training process has finished.
Using CNN: NoPoolCNN3 with learning rate: 0.005
	After epoch 1: Loss = 1.515072773649976, R-squared = -0.4643148643811189
	After epoch 2: Loss = 0.8007364967851613, R-squared = 0.1604410360074516
	After epoch 3: Loss = 0.46716494378801465, R-squared = 0.5148804754839047
	After epoch 4: Loss = 0.35030011604583844, R-squared = 0.6643989665337913
	After epoch 5: Loss = 0.2717949650555753, R-squared = 0.7322762071100268
	After epoch 6: Loss = 0.13945986769455226, R-squared = 0.8478427715094282
	After epoch 7: Loss = 0.07164371128960717, R-squared = 0.9216037842300746
	After epoch 8: Loss = 0.05865750674960375, R-squared = 0.9298084319370237
	After epoch 9: Loss = 0.05489013232000937, R-squared = 0.9463069852738876
	After epoch 10: Loss = 0.035602039784971985, R-squared = 0.962159334042919
	After epoch 11: Loss = 0.03042763676205116, R-squared = 0.9691983980917644
	After epoch 12: Loss = 0.021779167881602092, R-squared = 0.976650872317688
	After epoch 13: Loss = 0.02039862821115296, R-squared = 0.9795819976128239
	After epoch 14: Loss = 0.019123809020281057, R-squared = 0.980595122960171
	After epoch 15: Loss = 0.020136510733002294, R-squared = 0.9774096981327123
	After epoch 16: Loss = 0.027336612765435475, R-squared = 0.9700991565954352
	After epoch 17: Loss = 0.015496943606660821, R-squared = 0.9836407040920655
	After epoch 18: Loss = 0.01369618475121473, R-squared = 0.9853959979716066
	After epoch 19: Loss = 0.020165924185809155, R-squared = 0.9768706113390279
	After epoch 20: Loss = 0.009740594521318592, R-squared = 0.9899214544543934
	After epoch 21: Loss = 0.007525011194333448, R-squared = 0.9920554193674145
	After epoch 22: Loss = 0.010445880838264223, R-squared = 0.9879570105768272
	After epoch 23: Loss = 0.014920821859785091, R-squared = 0.984198641879086
	After epoch 24: Loss = 0.025668686454229393, R-squared = 0.9727554646195049
	After epoch 25: Loss = 0.018636877723253932, R-squared = 0.980372340657128
	After epoch 26: Loss = 0.013803578502084695, R-squared = 0.9865969239747061
	After epoch 27: Loss = 0.0074040769688001745, R-squared = 0.9924686533807543
	After epoch 28: Loss = 0.004757273935058336, R-squared = 0.9952094644541056
	After epoch 29: Loss = 0.002699454363917991, R-squared = 0.9972626485029243
	After epoch 30: Loss = 0.003072419335009268, R-squared = 0.9969747783814537
	After epoch 31: Loss = 0.0018831964017310351, R-squared = 0.9980246886190693
	After epoch 32: Loss = 0.0014826933816348858, R-squared = 0.9978664335695777
	After epoch 33: Loss = 0.001361904513208153, R-squared = 0.9984508667574052
	After epoch 34: Loss = 0.002091057620335024, R-squared = 0.9978854400851279
	After epoch 35: Loss = 0.0024950863959457433, R-squared = 0.9971470680244426
	After epoch 36: Loss = 0.0015197350086070909, R-squared = 0.9984251903402308
	After epoch 37: Loss = 0.0016255750166373072, R-squared = 0.9982936276199321
	After epoch 38: Loss = 0.0014275708493336, R-squared = 0.9984928595962106
	After epoch 39: Loss = 0.0013144055558655964, R-squared = 0.998320923992577
	After epoch 40: Loss = 0.001000619011813511, R-squared = 0.9989355110125894
	After epoch 41: Loss = 0.0009287965618994387, R-squared = 0.9990020337401724
	After epoch 42: Loss = 0.0011207521729811446, R-squared = 0.9987092532181798
	After epoch 43: Loss = 0.001130279664178706, R-squared = 0.9987461937529535
	After epoch 44: Loss = 0.001460883048551771, R-squared = 0.9984761322410721
	After epoch 45: Loss = 0.0012431490535684806, R-squared = 0.9987416054345252
	After epoch 46: Loss = 0.0010549659898191814, R-squared = 0.9988016280860001
	After epoch 47: Loss = 0.001232402057300046, R-squared = 0.9985911496403123
	After epoch 48: Loss = 0.0021353292507869767, R-squared = 0.9976352941654465
	After epoch 49: Loss = 0.0015582091846161712, R-squared = 0.9984592512885593
	After epoch 50: Loss = 0.0012056006171007046, R-squared = 0.9986873907628435
Training process has finished.
Time taken for NoPoolCNN3: 1234.7610783576965 seconds
Using CNN: NoPoolCNN4 with learning rate: 1e-05
	After epoch 1: Loss = 1.0034238223868186, R-squared = -0.024374152365192005
	After epoch 2: Loss = 1.0014681429293788, R-squared = -0.028920378368347145
	After epoch 3: Loss = 1.0049961311392424, R-squared = -0.03220821325062906
	After epoch 4: Loss = 0.9979521965232468, R-squared = -0.019473228772780404
	After epoch 5: Loss = 0.9938532039109053, R-squared = -0.03247129318306391
	After epoch 6: Loss = 0.9940670122331617, R-squared = -0.027965308228325058
	After epoch 7: Loss = 0.9892550206683669, R-squared = -0.0852694396219653
	After epoch 8: Loss = 0.9871151278368906, R-squared = -0.022450253077546632
	After epoch 9: Loss = 0.978419796186299, R-squared = -0.006120676354247079
	After epoch 10: Loss = 0.9688722132337146, R-squared = -0.00869344933250028
	After epoch 11: Loss = 0.9641522816881694, R-squared = -0.017586595630234535
	After epoch 12: Loss = 0.9497227322294994, R-squared = 0.03681075860561768
	After epoch 13: Loss = 0.9340882141888471, R-squared = 0.008838394000985805
	After epoch 14: Loss = 0.9095758214399021, R-squared = 0.08022255103963236
	After epoch 15: Loss = 0.8844162489281311, R-squared = 0.1013223253399396
	After epoch 16: Loss = 0.8539595664622132, R-squared = 0.08259074089301253
	After epoch 17: Loss = 0.809594949346337, R-squared = 0.1734214869784265
	After epoch 18: Loss = 0.7604450854450298, R-squared = 0.2180339720023407
	After epoch 19: Loss = 0.6989452977233512, R-squared = 0.2931299929408705
	After epoch 20: Loss = 0.6315226317276696, R-squared = 0.3637668071649704
	After epoch 21: Loss = 0.5525572048413039, R-squared = 0.436622702842085
	After epoch 22: Loss = 0.47480821055305567, R-squared = 0.5171309664017549
	After epoch 23: Loss = 0.39758711804433466, R-squared = 0.5961794815041962
	After epoch 24: Loss = 0.3200986471007281, R-squared = 0.6804375402971593
	After epoch 25: Loss = 0.2558181144038359, R-squared = 0.7429476466304322
	After epoch 26: Loss = 0.21949378963963478, R-squared = 0.768435723190157
	After epoch 27: Loss = 0.18066334786258192, R-squared = 0.813988972798844
	After epoch 28: Loss = 0.15500840196303947, R-squared = 0.8393218130219748
	After epoch 29: Loss = 0.13482616809207965, R-squared = 0.8597362089230822
	After epoch 30: Loss = 0.1165045326602624, R-squared = 0.8779502881405981
	After epoch 31: Loss = 0.10516175024109271, R-squared = 0.8885387694182164
	After epoch 32: Loss = 0.0918693713320154, R-squared = 0.904144788506312
	After epoch 33: Loss = 0.0897509553970421, R-squared = 0.8555531271817518
	After epoch 34: Loss = 0.0795474004513988, R-squared = 0.9154401116848578
	After epoch 35: Loss = 0.07039957824831611, R-squared = 0.9272291162303192
	After epoch 36: Loss = 0.061252750656444234, R-squared = 0.9364057445962656
	After epoch 37: Loss = 0.05654375712174094, R-squared = 0.9169546834199798
	After epoch 38: Loss = 0.054355084413818124, R-squared = 0.9454469416978857
	After epoch 39: Loss = 0.04607868731774325, R-squared = 0.9508748052105478
	After epoch 40: Loss = 0.04317756332413396, R-squared = 0.9491432203029468
	After epoch 41: Loss = 0.039515792166682606, R-squared = 0.9572033245484048
	After epoch 42: Loss = 0.03676785690282437, R-squared = 0.9610301807412804
	After epoch 43: Loss = 0.03444746709753517, R-squared = 0.9642653516016294
	After epoch 44: Loss = 0.03342196646615715, R-squared = 0.9587104912910055
	After epoch 45: Loss = 0.03201183735634287, R-squared = 0.9653360226180198
	After epoch 46: Loss = 0.029422339179707706, R-squared = 0.9627699173537657
	After epoch 47: Loss = 0.02831319226466299, R-squared = 0.9702840710295428
	After epoch 48: Loss = 0.027065289405034332, R-squared = 0.9723736280676002
	After epoch 49: Loss = 0.026507886524165847, R-squared = 0.9717955460720198
	After epoch 50: Loss = 0.025501153260496973, R-squared = 0.9709528643415938
Training process has finished.
Using CNN: NoPoolCNN4 with learning rate: 5e-05
	After epoch 1: Loss = 1.013597234298804, R-squared = -0.022434259952703883
	After epoch 2: Loss = 0.9833637228935388, R-squared = -0.017931847178538306
	After epoch 3: Loss = 0.9389564146530311, R-squared = 0.0010000125278613714
	After epoch 4: Loss = 0.8341878140477631, R-squared = 0.11032529507196927
	After epoch 5: Loss = 0.6550906460925792, R-squared = 0.3247835729379779
	After epoch 6: Loss = 0.4195241745790505, R-squared = 0.5774782186126863
	After epoch 7: Loss = 0.19412839952275593, R-squared = 0.8056066637666369
	After epoch 8: Loss = 0.08965306499116711, R-squared = 0.897923462608067
	After epoch 9: Loss = 0.05620284123925993, R-squared = 0.9411231064393555
	After epoch 10: Loss = 0.04465554904923046, R-squared = 0.951950612053208
	After epoch 11: Loss = 0.04535046700868549, R-squared = 0.9354411615602677
	After epoch 12: Loss = 0.04175257886104409, R-squared = 0.9565412626968179
	After epoch 13: Loss = 0.03736280854109096, R-squared = 0.9528324593181516
	After epoch 14: Loss = 0.034454231351844826, R-squared = 0.9634134653935245
	After epoch 15: Loss = 0.03405138601883447, R-squared = 0.9614624724967709
	After epoch 16: Loss = 0.032193372792187584, R-squared = 0.9650191903606211
	After epoch 17: Loss = 0.03824518575320901, R-squared = 0.9561032859906551
	After epoch 18: Loss = 0.03302402653309399, R-squared = 0.9648947238480112
	After epoch 19: Loss = 0.034324905236068, R-squared = 0.9629844281486248
	After epoch 20: Loss = 0.0319672769909766, R-squared = 0.9632073430574757
	After epoch 21: Loss = 0.030272657802787824, R-squared = 0.9671552087023729
	After epoch 22: Loss = 0.02959208901153914, R-squared = 0.9677687750166737
	After epoch 23: Loss = 0.02736044384896098, R-squared = 0.9704490150400842
	After epoch 24: Loss = 0.023706920244278697, R-squared = 0.9758018791396148
	After epoch 25: Loss = 0.022272997883682918, R-squared = 0.9757119954920587
	After epoch 26: Loss = 0.02081544173109872, R-squared = 0.9780134193170383
	After epoch 27: Loss = 0.02115242373176939, R-squared = 0.9761376994003721
	After epoch 28: Loss = 0.027390695885040124, R-squared = 0.9718876561869584
	After epoch 29: Loss = 0.022334802690952022, R-squared = 0.9752459260348187
	After epoch 30: Loss = 0.018866310870996158, R-squared = 0.9781813568050346
	After epoch 31: Loss = 0.015428483814868266, R-squared = 0.9840020071485404
	After epoch 32: Loss = 0.01641162878034252, R-squared = 0.9817989290698124
	After epoch 33: Loss = 0.016415758706714752, R-squared = 0.9814201774310639
	After epoch 34: Loss = 0.01686861170681364, R-squared = 0.9815717046452391
	After epoch 35: Loss = 0.015814339363254205, R-squared = 0.9833227497318443
	After epoch 36: Loss = 0.01349877139677752, R-squared = 0.9858377119788211
	After epoch 37: Loss = 0.010862986727854853, R-squared = 0.9891703187758253
	After epoch 38: Loss = 0.009617833329826343, R-squared = 0.9895127100366384
	After epoch 39: Loss = 0.012659614047993355, R-squared = 0.9865858092822967
	After epoch 40: Loss = 0.010929087798471303, R-squared = 0.9862416898397838
	After epoch 41: Loss = 0.009443185931449018, R-squared = 0.9906814559256756
	After epoch 42: Loss = 0.00864480451127254, R-squared = 0.9905646299397806
	After epoch 43: Loss = 0.007713019318598781, R-squared = 0.9920832592482505
	After epoch 44: Loss = 0.008846334069407576, R-squared = 0.9908444336130762
	After epoch 45: Loss = 0.00735760076083976, R-squared = 0.9924396526363768
	After epoch 46: Loss = 0.010747914530285146, R-squared = 0.9885172732791544
	After epoch 47: Loss = 0.007647678248076072, R-squared = 0.9919001104467995
	After epoch 48: Loss = 0.006083507145401869, R-squared = 0.9937690678566934
	After epoch 49: Loss = 0.00603005671137173, R-squared = 0.9937809952048913
	After epoch 50: Loss = 0.005228314345958848, R-squared = 0.9941791444870285
Training process has finished.
Using CNN: NoPoolCNN4 with learning rate: 0.0001
	After epoch 1: Loss = 1.0001559788168044, R-squared = -0.1672219988927606
	After epoch 2: Loss = 0.9555557880974549, R-squared = 0.012325129485032749
	After epoch 3: Loss = 0.8037080284711674, R-squared = 0.15948185897910372
	After epoch 4: Loss = 0.4931280064938761, R-squared = 0.5067596207921297
	After epoch 5: Loss = 0.22491950952865364, R-squared = 0.7732365542918268
	After epoch 6: Loss = 0.10577238258628366, R-squared = 0.8720779111465736
	After epoch 7: Loss = 0.0740058981509755, R-squared = 0.9225808942259673
	After epoch 8: Loss = 0.061738762606616905, R-squared = 0.9417129182277124
	After epoch 9: Loss = 0.052006951354913414, R-squared = 0.9419883550141004
	After epoch 10: Loss = 0.04957543344002629, R-squared = 0.9387557682976894
	After epoch 11: Loss = 0.04897362621570657, R-squared = 0.9441293663708595
	After epoch 12: Loss = 0.053876674800044634, R-squared = 0.9460190861347659
	After epoch 13: Loss = 0.04507136722037487, R-squared = 0.9453738076637359
	After epoch 14: Loss = 0.0381158605391103, R-squared = 0.9592338847274442
	After epoch 15: Loss = 0.033380742540113015, R-squared = 0.9633578876674663
	After epoch 16: Loss = 0.03225810770258297, R-squared = 0.9646452804995953
	After epoch 17: Loss = 0.03272232657943326, R-squared = 0.9641940857304043
	After epoch 18: Loss = 0.024194882461544918, R-squared = 0.9760462359045263
	After epoch 19: Loss = 0.023752092304845904, R-squared = 0.9730500892495837
	After epoch 20: Loss = 0.017950591467701567, R-squared = 0.9813842017477196
	After epoch 21: Loss = 0.02086716746659868, R-squared = 0.9786332681574779
	After epoch 22: Loss = 0.019857650407071385, R-squared = 0.9801916892956644
	After epoch 23: Loss = 0.020133791842400293, R-squared = 0.9792752554456463
	After epoch 24: Loss = 0.012699874182205011, R-squared = 0.9857547497633095
	After epoch 25: Loss = 0.012625384826162992, R-squared = 0.9869775475795215
	After epoch 26: Loss = 0.012655082849652199, R-squared = 0.9868244577821794
	After epoch 27: Loss = 0.013476946714310739, R-squared = 0.9845806116888604
	After epoch 28: Loss = 0.013389053701236392, R-squared = 0.9859017442527742
	After epoch 29: Loss = 0.012119524211443623, R-squared = 0.9874224567746298
	After epoch 30: Loss = 0.010105340208823201, R-squared = 0.989530736310304
	After epoch 31: Loss = 0.00970922605973222, R-squared = 0.9891430899996235
	After epoch 32: Loss = 0.010047878793418934, R-squared = 0.9892495110149586
	After epoch 33: Loss = 0.019485398822802494, R-squared = 0.9796399686798605
	After epoch 34: Loss = 0.012592560260398409, R-squared = 0.9855346705176163
	After epoch 35: Loss = 0.005455601797110085, R-squared = 0.9939209254461095
	After epoch 36: Loss = 0.007748171128069308, R-squared = 0.991914238753419
	After epoch 37: Loss = 0.004942352016686668, R-squared = 0.9938264501756354
	After epoch 38: Loss = 0.004815346617974321, R-squared = 0.9949563258940307
	After epoch 39: Loss = 0.004758202883594612, R-squared = 0.9950911689410811
	After epoch 40: Loss = 0.0037388972017869796, R-squared = 0.9961818609451492
	After epoch 41: Loss = 0.004093903215246106, R-squared = 0.9958781213148591
	After epoch 42: Loss = 0.00447515713197926, R-squared = 0.9951289422979983
	After epoch 43: Loss = 0.00895892175000453, R-squared = 0.9897136612467522
	After epoch 44: Loss = 0.008425183301919315, R-squared = 0.9919119613462147
	After epoch 45: Loss = 0.00396314404016857, R-squared = 0.9956123557861234
	After epoch 46: Loss = 0.00471846162388953, R-squared = 0.9949662997105161
	After epoch 47: Loss = 0.007145639318658014, R-squared = 0.9916066717951353
	After epoch 48: Loss = 0.004217738870131915, R-squared = 0.9956043814012838
	After epoch 49: Loss = 0.005442452831360642, R-squared = 0.9942714283591323
	After epoch 50: Loss = 0.003820561655635082, R-squared = 0.9958252842987239
Training process has finished.
Using CNN: NoPoolCNN4 with learning rate: 0.0005
	After epoch 1: Loss = 0.9436676595897712, R-squared = 0.05013470589911377
	After epoch 2: Loss = 0.5851807385664834, R-squared = 0.40072948748151144
	After epoch 3: Loss = 0.3029945794391494, R-squared = 0.68824141193781
	After epoch 4: Loss = 0.10774630778422414, R-squared = 0.8935412233612624
	After epoch 5: Loss = 0.05274546333265031, R-squared = 0.9445743979101179
	After epoch 6: Loss = 0.031874455475688276, R-squared = 0.9638771164549791
	After epoch 7: Loss = 0.021995377274326166, R-squared = 0.9772459793634178
	After epoch 8: Loss = 0.018734430053247184, R-squared = 0.9809098161873602
	After epoch 9: Loss = 0.01991794828888008, R-squared = 0.978863303619461
	After epoch 10: Loss = 0.018813096036393695, R-squared = 0.9789344805233805
	After epoch 11: Loss = 0.013956588074967548, R-squared = 0.9845163287912551
	After epoch 12: Loss = 0.013271217820887544, R-squared = 0.9864462465911241
	After epoch 13: Loss = 0.01047241322655534, R-squared = 0.9889403497981494
	After epoch 14: Loss = 0.007790409651653993, R-squared = 0.9919809306604058
	After epoch 15: Loss = 0.008544223915723409, R-squared = 0.9910516469431082
	After epoch 16: Loss = 0.005991724902022246, R-squared = 0.9936976372928672
	After epoch 17: Loss = 0.0064974012767712586, R-squared = 0.9936604726901018
	After epoch 18: Loss = 0.010579557232433033, R-squared = 0.9889736859138392
	After epoch 19: Loss = 0.005397627618967667, R-squared = 0.9948091297436932
	After epoch 20: Loss = 0.0052773024230043175, R-squared = 0.9942929699151135
	After epoch 21: Loss = 0.0059601086816505, R-squared = 0.9918320976400657
	After epoch 22: Loss = 0.0036687576007380348, R-squared = 0.9964412647583349
	After epoch 23: Loss = 0.002050061623123638, R-squared = 0.9977437777585862
	After epoch 24: Loss = 0.0017890170413516655, R-squared = 0.9981398665881038
	After epoch 25: Loss = 0.002025925836473154, R-squared = 0.9979206929811395
	After epoch 26: Loss = 0.0014463853074872406, R-squared = 0.9983566936534519
	After epoch 27: Loss = 0.002241187405798703, R-squared = 0.9978051268873763
	After epoch 28: Loss = 0.0011202196605596927, R-squared = 0.9987407426633533
	After epoch 29: Loss = 0.0014963615790028353, R-squared = 0.998401336615349
	After epoch 30: Loss = 0.0017574888907196822, R-squared = 0.9978564912281419
	After epoch 31: Loss = 0.0016874360043955875, R-squared = 0.9983258357550314
	After epoch 32: Loss = 0.0015033210118475583, R-squared = 0.9983938558063347
	After epoch 33: Loss = 0.0007241977499580568, R-squared = 0.9992695069338462
	After epoch 34: Loss = 0.0008522053763597977, R-squared = 0.9990276963757057
	After epoch 35: Loss = 0.0008480186066386914, R-squared = 0.9991426947333215
	After epoch 36: Loss = 0.0007606541378828581, R-squared = 0.9992025708514367
	After epoch 37: Loss = 0.000875799041635077, R-squared = 0.9990749831338965
	After epoch 38: Loss = 0.004653565867793307, R-squared = 0.9945119228112385
	After epoch 39: Loss = 0.009653665316230697, R-squared = 0.9896150043977471
	After epoch 40: Loss = 0.006702735100794731, R-squared = 0.9927735429138085
	After epoch 41: Loss = 0.003130217286250698, R-squared = 0.9967140193407161
	After epoch 42: Loss = 0.005211324000720314, R-squared = 0.9944134013276841
	After epoch 43: Loss = 0.0024865412062172005, R-squared = 0.9973342621235665
	After epoch 44: Loss = 0.0010984256529996338, R-squared = 0.9988652848791219
	After epoch 45: Loss = 0.0011480508692197921, R-squared = 0.9987267782556485
	After epoch 46: Loss = 0.0008176433526182756, R-squared = 0.9991362302116016
	After epoch 47: Loss = 0.0007313284939129857, R-squared = 0.9992886998708868
	After epoch 48: Loss = 0.0009122749792242066, R-squared = 0.9991464496276572
	After epoch 49: Loss = 0.0010204483750207, R-squared = 0.9989504840902571
	After epoch 50: Loss = 0.0008740946298159021, R-squared = 0.9990773425713811
Training process has finished.
Using CNN: NoPoolCNN4 with learning rate: 0.001
	After epoch 1: Loss = 0.9943579076131732, R-squared = -0.04250778087961778
	After epoch 2: Loss = 0.7640171630072451, R-squared = 0.22996949013664691
	After epoch 3: Loss = 0.24786053876863492, R-squared = 0.7651754618449585
	After epoch 4: Loss = 0.15323388253995732, R-squared = 0.8378440032875203
	After epoch 5: Loss = 0.07586946440073083, R-squared = 0.9243537698069734
	After epoch 6: Loss = 0.05080537712331753, R-squared = 0.9481614753636904
	After epoch 7: Loss = 0.036780289884570244, R-squared = 0.958989682144432
	After epoch 8: Loss = 0.022244544210527413, R-squared = 0.9769962907967313
	After epoch 9: Loss = 0.01839415603733275, R-squared = 0.9820619628793811
	After epoch 10: Loss = 0.01934301177733312, R-squared = 0.9784525697806862
	After epoch 11: Loss = 0.012672753576546167, R-squared = 0.9866175944305964
	After epoch 12: Loss = 0.009864751866666695, R-squared = 0.988954105446229
	After epoch 13: Loss = 0.008472377620289288, R-squared = 0.9909733192973531
	After epoch 14: Loss = 0.021789729653230432, R-squared = 0.9796304745476018
	After epoch 15: Loss = 0.01610505089374949, R-squared = 0.9832410749536964
	After epoch 16: Loss = 0.02048330508259542, R-squared = 0.9793891801062282
	After epoch 17: Loss = 0.039663693026735704, R-squared = 0.9598580013620023
	After epoch 18: Loss = 0.0125748408084241, R-squared = 0.9850782789164821
	After epoch 19: Loss = 0.011538800045000006, R-squared = 0.9883649717519492
	After epoch 20: Loss = 0.004924305190359488, R-squared = 0.9945088482173439
	After epoch 21: Loss = 0.003713012855490081, R-squared = 0.996181366290592
	After epoch 22: Loss = 0.0033459829239421285, R-squared = 0.9965118854014812
	After epoch 23: Loss = 0.004460981819270985, R-squared = 0.9954010349157301
	After epoch 24: Loss = 0.003996852584019597, R-squared = 0.9954520883581933
	After epoch 25: Loss = 0.002570656311065311, R-squared = 0.9973402599229413
	After epoch 26: Loss = 0.0021026994853742135, R-squared = 0.9975558519799221
	After epoch 27: Loss = 0.001512239112756529, R-squared = 0.9984379237918318
	After epoch 28: Loss = 0.0026984406436268474, R-squared = 0.9973462873793544
	After epoch 29: Loss = 0.0022131926729471152, R-squared = 0.9978035655623115
	After epoch 30: Loss = 0.0014054959522230386, R-squared = 0.9985284668411494
	After epoch 31: Loss = 0.0010418778830650667, R-squared = 0.9989944743870545
	After epoch 32: Loss = 0.002842361916648301, R-squared = 0.9959769747339869
	After epoch 33: Loss = 0.0038473160169944245, R-squared = 0.9961744419299723
	After epoch 34: Loss = 0.003426258273973806, R-squared = 0.9964032266958908
	After epoch 35: Loss = 0.003501188287107279, R-squared = 0.99683514802359
	After epoch 36: Loss = 0.006416468505757407, R-squared = 0.9936130322130916
	After epoch 37: Loss = 0.006998442000446125, R-squared = 0.9927428519444657
	After epoch 38: Loss = 0.007255512425488793, R-squared = 0.9920163772855977
	After epoch 39: Loss = 0.00854386945482486, R-squared = 0.989138477354294
	After epoch 40: Loss = 0.00839931256443827, R-squared = 0.9909813896080621
	After epoch 41: Loss = 0.0036576760865702587, R-squared = 0.9959967235832794
	After epoch 42: Loss = 0.0036787058993679065, R-squared = 0.9951803710878757
	After epoch 43: Loss = 0.009738499170369055, R-squared = 0.9894239343745257
	After epoch 44: Loss = 0.007350011594844334, R-squared = 0.9916033213321025
	After epoch 45: Loss = 0.0024042939687776953, R-squared = 0.9975525629160483
	After epoch 46: Loss = 0.0010339879841262246, R-squared = 0.9987581390768586
	After epoch 47: Loss = 0.0015583210432458343, R-squared = 0.9983617574369298
	After epoch 48: Loss = 0.0006791012394615776, R-squared = 0.9991507576865193
	After epoch 49: Loss = 0.0005148108296145814, R-squared = 0.9994036407438825
	After epoch 50: Loss = 0.0015887997075766536, R-squared = 0.9983548031688072
Training process has finished.
Using CNN: NoPoolCNN4 with learning rate: 0.005
	After epoch 1: Loss = 12.636224592641009, R-squared = -10.977835101779943
	After epoch 2: Loss = 1.0625587551501963, R-squared = -0.18195714539992405
	After epoch 3: Loss = 0.9914763803864011, R-squared = -0.03872538004529846
	After epoch 4: Loss = 1.012402446048569, R-squared = -0.02588932518269844
	After epoch 5: Loss = 1.0058669037481098, R-squared = -0.024413337451838667
	After epoch 6: Loss = 1.0075916995248462, R-squared = -0.03702804346542552
	After epoch 7: Loss = 1.0088757485852446, R-squared = -0.09343615327784474
	After epoch 8: Loss = 0.9997440924764153, R-squared = -0.04846453881079825
	After epoch 9: Loss = 0.9481971261476014, R-squared = 0.04108013216736376
	After epoch 10: Loss = 0.6831632014003135, R-squared = 0.32826681323893075
	After epoch 11: Loss = 1.1664196999620626, R-squared = -0.23607350351600923
	After epoch 12: Loss = 0.9698499368974149, R-squared = -0.03375251313183546
	After epoch 13: Loss = 0.7056047740867198, R-squared = 0.16385809230889575
	After epoch 14: Loss = 0.4861568153919661, R-squared = 0.4454178460925472
	After epoch 15: Loss = 0.385772324998412, R-squared = 0.5666173821066189
	After epoch 16: Loss = 0.24063981503460438, R-squared = 0.7272007342968572
	After epoch 17: Loss = 0.10883108986913917, R-squared = 0.8462264475807052
	After epoch 18: Loss = 0.05807151671809892, R-squared = 0.9396669176267792
	After epoch 19: Loss = 0.051243018247237114, R-squared = 0.9464764121422224
	After epoch 20: Loss = 0.048956586562404265, R-squared = 0.9463674639082413
	After epoch 21: Loss = 0.057131506663261854, R-squared = 0.9407596616499643
	After epoch 22: Loss = 0.047702909682589126, R-squared = 0.9522300692908164
	After epoch 23: Loss = 0.03604154674550618, R-squared = 0.9637549722143819
	After epoch 24: Loss = 0.04573506640694828, R-squared = 0.9466740584791236
	After epoch 25: Loss = 0.03109499916010572, R-squared = 0.9662684876255412
	After epoch 26: Loss = 0.026271522321607788, R-squared = 0.97245901365741
	After epoch 27: Loss = 0.030530887212165174, R-squared = 0.969398413802675
	After epoch 28: Loss = 0.03602072638827179, R-squared = 0.9617634306443763
	After epoch 29: Loss = 0.029671494199680813, R-squared = 0.9693234046769333
	After epoch 30: Loss = 0.02142315089276235, R-squared = 0.9773562599438964
	After epoch 31: Loss = 0.01996033087751326, R-squared = 0.9792349107752324
	After epoch 32: Loss = 0.015371492170389125, R-squared = 0.9843043116809433
	After epoch 33: Loss = 0.012426729292015305, R-squared = 0.9860586728370444
	After epoch 34: Loss = 0.016385595409067526, R-squared = 0.9780959475257964
	After epoch 35: Loss = 0.009678469975895772, R-squared = 0.9881448955129104
	After epoch 36: Loss = 0.009349246038057434, R-squared = 0.9901533890673105
	After epoch 37: Loss = 0.01102544818821808, R-squared = 0.9892246820505848
	After epoch 38: Loss = 0.014200718838216182, R-squared = 0.985191982387043
	After epoch 39: Loss = 0.012456951134632275, R-squared = 0.9878859662196453
	After epoch 40: Loss = 0.007743645442777861, R-squared = 0.9923952761119204
	After epoch 41: Loss = 0.004604334989696269, R-squared = 0.9953418602845066
	After epoch 42: Loss = 0.002695318671280271, R-squared = 0.9972100055755387
	After epoch 43: Loss = 0.017260204715557365, R-squared = 0.9834950140050218
	After epoch 44: Loss = 0.04363188977653078, R-squared = 0.9530300232535349
	After epoch 45: Loss = 0.03315983612889841, R-squared = 0.9670333893375112
	After epoch 46: Loss = 0.013321981245829544, R-squared = 0.9864448563790476
	After epoch 47: Loss = 0.009112335552693102, R-squared = 0.9905777782644494
	After epoch 48: Loss = 0.007514279136899818, R-squared = 0.9922912137307384
	After epoch 49: Loss = 0.0059799859112205965, R-squared = 0.9937159509724062
	After epoch 50: Loss = 0.004351955723242566, R-squared = 0.9954918295771564
Training process has finished.
Time taken for NoPoolCNN4: 1329.3681070804596 seconds
gpu_utilization [%], mem_utilization [%], max_memory_usage [MiB], time [ms]
93 %, 69 %, 20606 MiB, 3672321 ms
