Mon Dec 16 13:22:23 2024       
+-----------------------------------------------------------------------------------------+
| NVIDIA-SMI 565.57.01              Driver Version: 565.57.01      CUDA Version: 12.7     |
|-----------------------------------------+------------------------+----------------------+
| GPU  Name                 Persistence-M | Bus-Id          Disp.A | Volatile Uncorr. ECC |
| Fan  Temp   Perf          Pwr:Usage/Cap |           Memory-Usage | GPU-Util  Compute M. |
|                                         |                        |               MIG M. |
|=========================================+========================+======================|
|   0  Tesla V100S-PCIE-32GB          On  |   00000000:25:00.0 Off |                    0 |
| N/A   32C    P0             26W /  250W |       1MiB /  32768MiB |      0%      Default |
|                                         |                        |                  N/A |
+-----------------------------------------+------------------------+----------------------+
                                                                                         
+-----------------------------------------------------------------------------------------+
| Processes:                                                                              |
|  GPU   GI   CI        PID   Type   Process name                              GPU Memory |
|        ID   ID                                                               Usage      |
|=========================================================================================|
|  No running processes found                                                             |
+-----------------------------------------------------------------------------------------+
Using device: cuda
Number of permeability values: 455
Number of images: 455
Using CNN: NoPoolCNN1 with learning rate: 1e-05
	After epoch 1: Loss = 1.067500405762136, R-squared = -0.11927612814659119
	After epoch 2: Loss = 1.0588622313748655, R-squared = -0.1809771980549792
	After epoch 3: Loss = 1.0534568781802136, R-squared = -0.08692872990214431
	After epoch 4: Loss = 1.0529845340321904, R-squared = -0.2836527037116247
	After epoch 5: Loss = 1.0454965213720542, R-squared = -0.0955515317815117
	After epoch 6: Loss = 1.039894196287992, R-squared = -0.165753042362624
	After epoch 7: Loss = 1.0391211694202034, R-squared = -0.19960613315594572
	After epoch 8: Loss = 1.0335797209902118, R-squared = -0.08799729170783681
	After epoch 9: Loss = 1.0285496831230827, R-squared = -0.06042068311580188
	After epoch 10: Loss = 1.0246276276411181, R-squared = -0.09926593756477767
	After epoch 11: Loss = 1.0177858828285673, R-squared = -0.0708187656357256
	After epoch 12: Loss = 1.0106301117084935, R-squared = -0.12105955545765128
	After epoch 13: Loss = 1.006588388479132, R-squared = -0.05098071080806127
	After epoch 14: Loss = 0.9974112613487159, R-squared = -0.04607236195288158
	After epoch 15: Loss = 0.9924558904720019, R-squared = -0.0413962481220702
	After epoch 16: Loss = 0.9885436662071866, R-squared = -0.01339931400727784
	After epoch 17: Loss = 0.98137359771225, R-squared = -0.00016350339325005292
	After epoch 18: Loss = 0.978751391831764, R-squared = -0.004419563239094903
	After epoch 19: Loss = 0.9721776787799291, R-squared = -0.006036992489803161
	After epoch 20: Loss = 0.9703151917393658, R-squared = -0.01063300994828178
	After epoch 21: Loss = 0.9700727547323599, R-squared = -0.006369253436060029
	After epoch 22: Loss = 0.9679870321328126, R-squared = 0.01890101496848755
	After epoch 23: Loss = 0.9597439176795948, R-squared = 0.004632351879819907
	After epoch 24: Loss = 0.9599927737266452, R-squared = 0.024390369277259495
	After epoch 25: Loss = 0.9590251763391799, R-squared = -0.0017479618153565912
	After epoch 26: Loss = 0.9556717378353408, R-squared = 0.018841106687510732
	After epoch 27: Loss = 0.9530841939105175, R-squared = 0.01127144811723465
	After epoch 28: Loss = 0.9513328648408368, R-squared = 0.026058064973167105
	After epoch 29: Loss = 0.9513851745708303, R-squared = 0.023505623651882645
	After epoch 30: Loss = 0.9447456570442764, R-squared = 0.014848225020892813
	After epoch 31: Loss = 0.94667257459084, R-squared = 0.029982456223102083
	After epoch 32: Loss = 0.9428037000273051, R-squared = 0.03251375039543791
	After epoch 33: Loss = 0.9346574597703861, R-squared = 0.053560531774132655
	After epoch 34: Loss = 0.9333436530118142, R-squared = 0.03661430535208976
	After epoch 35: Loss = 0.9303203341791569, R-squared = 0.05791272106468752
	After epoch 36: Loss = 0.923040979096944, R-squared = 0.07007452708789318
	After epoch 37: Loss = 0.9173108386524742, R-squared = 0.06263938144315785
	After epoch 38: Loss = 0.9093650126046361, R-squared = 0.033749332144681975
	After epoch 39: Loss = 0.9082936005938258, R-squared = 0.07447093499057816
	After epoch 40: Loss = 0.8975768527129008, R-squared = 0.060251527771122734
	After epoch 41: Loss = 0.8885825927316844, R-squared = 0.10239209060106229
	After epoch 42: Loss = 0.8828907067210228, R-squared = 0.07976826300913695
	After epoch 43: Loss = 0.8765448997177655, R-squared = 0.11845224782611288
	After epoch 44: Loss = 0.8627388301070165, R-squared = 0.11827813580224322
	After epoch 45: Loss = 0.8540297475894961, R-squared = 0.13270564809959162
	After epoch 46: Loss = 0.8439876648960526, R-squared = 0.12720502328006073
	After epoch 47: Loss = 0.8254982891143398, R-squared = 0.12440855493489159
	After epoch 48: Loss = 0.816399594788168, R-squared = 0.1737964456517666
	After epoch 49: Loss = 0.800929440031506, R-squared = 0.1937678861795284
	After epoch 50: Loss = 0.787275467919804, R-squared = 0.21050803846113184
Training process has finished.
Using CNN: NoPoolCNN1 with learning rate: 5e-05
	After epoch 1: Loss = 1.001128608883985, R-squared = -0.40826601452097194
	After epoch 2: Loss = 0.9945928992974506, R-squared = -0.03974033800581902
	After epoch 3: Loss = 0.9857807012161295, R-squared = -0.02366282723236557
	After epoch 4: Loss = 0.9701954768373808, R-squared = -0.025944961232700146
	After epoch 5: Loss = 0.945596818164373, R-squared = 0.02818424517139818
	After epoch 6: Loss = 0.9077381855835187, R-squared = 0.08497296903287815
	After epoch 7: Loss = 0.8473654547869458, R-squared = 0.12544291203281902
	After epoch 8: Loss = 0.7578040383975919, R-squared = 0.2413168050925178
	After epoch 9: Loss = 0.6270598363741607, R-squared = 0.3577755429154984
	After epoch 10: Loss = 0.4943830118016117, R-squared = 0.5007274841047028
	After epoch 11: Loss = 0.3685884006318848, R-squared = 0.6257331315640078
	After epoch 12: Loss = 0.2750841784435366, R-squared = 0.7125847274924697
	After epoch 13: Loss = 0.1982416068242699, R-squared = 0.7932279721950807
	After epoch 14: Loss = 0.14793121232334228, R-squared = 0.8494676066001159
	After epoch 15: Loss = 0.10642998430046342, R-squared = 0.8861872092481795
	After epoch 16: Loss = 0.07897544098980011, R-squared = 0.9214808697405379
	After epoch 17: Loss = 0.06581025641781545, R-squared = 0.932644102059587
	After epoch 18: Loss = 0.0564565658640246, R-squared = 0.9413949953675786
	After epoch 19: Loss = 0.047972741338788, R-squared = 0.9473196859527517
	After epoch 20: Loss = 0.03846223164696396, R-squared = 0.9615109408381661
	After epoch 21: Loss = 0.03517881754294118, R-squared = 0.9613601248831877
	After epoch 22: Loss = 0.029479627171645862, R-squared = 0.9633610292718184
	After epoch 23: Loss = 0.02690164169788417, R-squared = 0.9732266267140293
	After epoch 24: Loss = 0.024504915871363615, R-squared = 0.9742870977631162
	After epoch 25: Loss = 0.023773521720670595, R-squared = 0.9760352405291914
	After epoch 26: Loss = 0.021594557527744765, R-squared = 0.9767891516004614
	After epoch 27: Loss = 0.020307451472244435, R-squared = 0.9780008838416059
	After epoch 28: Loss = 0.019325289858879924, R-squared = 0.9804510999476733
	After epoch 29: Loss = 0.019249392381899332, R-squared = 0.9798319364235498
	After epoch 30: Loss = 0.016882905308284717, R-squared = 0.9813413017027468
	After epoch 31: Loss = 0.0160344142989009, R-squared = 0.9830426948873334
	After epoch 32: Loss = 0.01700932263473508, R-squared = 0.9821803883616258
	After epoch 33: Loss = 0.016136106173025033, R-squared = 0.9820194915851779
	After epoch 34: Loss = 0.018172230725812977, R-squared = 0.9806257657576476
	After epoch 35: Loss = 0.015040412559790805, R-squared = 0.9839935439292672
	After epoch 36: Loss = 0.014190844813734615, R-squared = 0.9850058874093145
	After epoch 37: Loss = 0.015537741562898477, R-squared = 0.9824739098024224
	After epoch 38: Loss = 0.014175813444526768, R-squared = 0.9856020328172364
	After epoch 39: Loss = 0.013926833423855423, R-squared = 0.9845581709516799
	After epoch 40: Loss = 0.012850801364826959, R-squared = 0.9868313143765753
	After epoch 41: Loss = 0.012620460467183039, R-squared = 0.9871921349677514
	After epoch 42: Loss = 0.013648107146819119, R-squared = 0.9853127972589716
	After epoch 43: Loss = 0.012241741460550532, R-squared = 0.9877427408867716
	After epoch 44: Loss = 0.011076158536515168, R-squared = 0.9879858090927305
	After epoch 45: Loss = 0.01049465363598956, R-squared = 0.9892968013851947
	After epoch 46: Loss = 0.010031198066440242, R-squared = 0.9895155607611035
	After epoch 47: Loss = 0.009666636197989511, R-squared = 0.989750977656507
	After epoch 48: Loss = 0.009030224436680624, R-squared = 0.9905271763348171
	After epoch 49: Loss = 0.008622872985880988, R-squared = 0.9898676003031486
	After epoch 50: Loss = 0.008922454242715677, R-squared = 0.9907539188535818
Training process has finished.
Using CNN: NoPoolCNN1 with learning rate: 0.0001
	After epoch 1: Loss = 1.0485957756293796, R-squared = -0.052962077394077454
	After epoch 2: Loss = 1.0081993723269336, R-squared = -0.027189820118032525
	After epoch 3: Loss = 0.9793202111714077, R-squared = -0.016396095440682823
	After epoch 4: Loss = 0.9333584347976093, R-squared = 0.05594447077779398
	After epoch 5: Loss = 0.834544203510092, R-squared = 0.14767904876231025
	After epoch 6: Loss = 0.616049486645194, R-squared = 0.36893622940514215
	After epoch 7: Loss = 0.3361871719814755, R-squared = 0.6415467474745514
	After epoch 8: Loss = 0.1379496840149102, R-squared = 0.8427079985741244
	After epoch 9: Loss = 0.07078922790521265, R-squared = 0.919686577516682
	After epoch 10: Loss = 0.049356733935007266, R-squared = 0.946131358824079
	After epoch 11: Loss = 0.05049027790450979, R-squared = 0.9377293100187343
	After epoch 12: Loss = 0.044181155631841385, R-squared = 0.9499186396946845
	After epoch 13: Loss = 0.04646792545378696, R-squared = 0.9503868473387005
	After epoch 14: Loss = 0.0388217718396357, R-squared = 0.95610821673651
	After epoch 15: Loss = 0.04206593543223714, R-squared = 0.9538608211637547
	After epoch 16: Loss = 0.043881236924301875, R-squared = 0.9538806120939716
	After epoch 17: Loss = 0.03347620695495401, R-squared = 0.9634258108134258
	After epoch 18: Loss = 0.03052325054862326, R-squared = 0.9667846621638819
	After epoch 19: Loss = 0.02998529612440922, R-squared = 0.9673866864921626
	After epoch 20: Loss = 0.03136779043486937, R-squared = 0.9676904261134419
	After epoch 21: Loss = 0.03101963946320868, R-squared = 0.965902935675729
	After epoch 22: Loss = 0.03369727757715688, R-squared = 0.9615113195627822
	After epoch 23: Loss = 0.0421679462918141, R-squared = 0.9419170687906322
	After epoch 24: Loss = 0.03373180167475105, R-squared = 0.963340589889019
	After epoch 25: Loss = 0.023212495312036292, R-squared = 0.9742640339549995
	After epoch 26: Loss = 0.021168432200312552, R-squared = 0.9765055352139326
	After epoch 27: Loss = 0.023908081272914855, R-squared = 0.9740080721493205
	After epoch 28: Loss = 0.028009019918208273, R-squared = 0.9693538555387073
	After epoch 29: Loss = 0.026081319930789677, R-squared = 0.9722151623679606
	After epoch 30: Loss = 0.02673251409151599, R-squared = 0.9729438111911547
	After epoch 31: Loss = 0.021413233746401566, R-squared = 0.9784487897960193
	After epoch 32: Loss = 0.01829645441927374, R-squared = 0.9814121529215043
	After epoch 33: Loss = 0.017503369545072124, R-squared = 0.9806755439371135
	After epoch 34: Loss = 0.017459178690377518, R-squared = 0.9811476868760727
	After epoch 35: Loss = 0.01547090066539909, R-squared = 0.9842020374719243
	After epoch 36: Loss = 0.015185303901521053, R-squared = 0.9847584629356139
	After epoch 37: Loss = 0.015758952513374568, R-squared = 0.9827210417603581
	After epoch 38: Loss = 0.0161919353248888, R-squared = 0.9824098403782303
	After epoch 39: Loss = 0.015526246466204017, R-squared = 0.9838096826518896
	After epoch 40: Loss = 0.0182954790511577, R-squared = 0.9813058660020347
	After epoch 41: Loss = 0.01611726529833995, R-squared = 0.9826614676759029
	After epoch 42: Loss = 0.015305431687147153, R-squared = 0.9837162650547852
	After epoch 43: Loss = 0.02029591194077943, R-squared = 0.9781768827353302
	After epoch 44: Loss = 0.017595680400954182, R-squared = 0.9812902703342881
	After epoch 45: Loss = 0.01446835195153747, R-squared = 0.9835245427388593
	After epoch 46: Loss = 0.01233900890408177, R-squared = 0.9874749205857911
	After epoch 47: Loss = 0.012455608726503847, R-squared = 0.9870530711028321
	After epoch 48: Loss = 0.01189848016613091, R-squared = 0.9877104628096898
	After epoch 49: Loss = 0.011685360105652045, R-squared = 0.986955572725711
	After epoch 50: Loss = 0.012893352496323715, R-squared = 0.9859459871985047
Training process has finished.
Using CNN: NoPoolCNN1 with learning rate: 0.0005
	After epoch 1: Loss = 1.0201531533729213, R-squared = -0.03421861841192172
	After epoch 2: Loss = 0.9702294389094208, R-squared = -0.028057319109899826
	After epoch 3: Loss = 0.7804057821297623, R-squared = 0.18990520368999136
	After epoch 4: Loss = 0.2506489676894655, R-squared = 0.7503980638822851
	After epoch 5: Loss = 0.13120257789426315, R-squared = 0.8594822700250898
	After epoch 6: Loss = 0.08545847867579498, R-squared = 0.9127427214110011
	After epoch 7: Loss = 0.032426308867629365, R-squared = 0.9664951263449832
	After epoch 8: Loss = 0.034086167160583734, R-squared = 0.9643205877190916
	After epoch 9: Loss = 0.03688417672357946, R-squared = 0.9622328392740881
	After epoch 10: Loss = 0.027173850674324696, R-squared = 0.9714640530418557
	After epoch 11: Loss = 0.030238265943549635, R-squared = 0.9648274140568928
	After epoch 12: Loss = 0.04662612644867376, R-squared = 0.9541767223440484
	After epoch 13: Loss = 0.026953035488332038, R-squared = 0.9704095493840521
	After epoch 14: Loss = 0.02513307686502072, R-squared = 0.9733074337590384
	After epoch 15: Loss = 0.016841951099018693, R-squared = 0.9815050305016534
	After epoch 16: Loss = 0.013854532081118037, R-squared = 0.9848721101494053
	After epoch 17: Loss = 0.012599639429585936, R-squared = 0.9869778164916131
	After epoch 18: Loss = 0.012216566251237328, R-squared = 0.9871283733187841
	After epoch 19: Loss = 0.011955227616198775, R-squared = 0.9874767859847557
	After epoch 20: Loss = 0.01097955145459753, R-squared = 0.988791306197168
	After epoch 21: Loss = 0.017571227041819532, R-squared = 0.9798582265512948
	After epoch 22: Loss = 0.013789332328606902, R-squared = 0.9849062449624475
	After epoch 23: Loss = 0.01017508340162256, R-squared = 0.9888246836550743
	After epoch 24: Loss = 0.010532395391929858, R-squared = 0.9895553806969758
	After epoch 25: Loss = 0.008822887508531071, R-squared = 0.9874465609948743
	After epoch 26: Loss = 0.010549450825329203, R-squared = 0.9870657531218962
	After epoch 27: Loss = 0.009139767963694378, R-squared = 0.9905587997743541
	After epoch 28: Loss = 0.010032505377353455, R-squared = 0.9899819999126468
	After epoch 29: Loss = 0.005755365071629601, R-squared = 0.9938241264373493
	After epoch 30: Loss = 0.005321431775392798, R-squared = 0.9945630140985313
	After epoch 31: Loss = 0.006471835739211852, R-squared = 0.9934029588687266
	After epoch 32: Loss = 0.007324863992798665, R-squared = 0.9919799900209512
	After epoch 33: Loss = 0.003929843819322074, R-squared = 0.9955824081528777
	After epoch 34: Loss = 0.0064443247877114095, R-squared = 0.9935740415306178
	After epoch 35: Loss = 0.005464585213652614, R-squared = 0.9942755115659831
	After epoch 36: Loss = 0.004391723344783412, R-squared = 0.995634792687875
	After epoch 37: Loss = 0.0032387898452637615, R-squared = 0.9966749084979171
	After epoch 38: Loss = 0.003369404054239943, R-squared = 0.9963169655678028
	After epoch 39: Loss = 0.0031572877366442334, R-squared = 0.99678638891999
	After epoch 40: Loss = 0.004821108413088556, R-squared = 0.9940991353976157
	After epoch 41: Loss = 0.013069285560195302, R-squared = 0.9880390330438893
	After epoch 42: Loss = 0.007957188414906346, R-squared = 0.9902764017171846
	After epoch 43: Loss = 0.006169578783821203, R-squared = 0.9931352050057358
	After epoch 44: Loss = 0.006086471498686981, R-squared = 0.9941364936934421
	After epoch 45: Loss = 0.0068146748047691165, R-squared = 0.9924201366442592
	After epoch 46: Loss = 0.0047895130684139035, R-squared = 0.9946950330968323
	After epoch 47: Loss = 0.002888941794996853, R-squared = 0.9971111896719334
	After epoch 48: Loss = 0.0014765000066418866, R-squared = 0.998413729595908
	After epoch 49: Loss = 0.0013303666192989818, R-squared = 0.9985283362563135
	After epoch 50: Loss = 0.00125022878831782, R-squared = 0.9987334145859112
Training process has finished.
Using CNN: NoPoolCNN1 with learning rate: 0.001
	After epoch 1: Loss = 0.9359100608227438, R-squared = 0.02805377906036175
	After epoch 2: Loss = 0.3823282013436148, R-squared = 0.5691113988577897
	After epoch 3: Loss = 0.14153151104071499, R-squared = 0.8305061563367031
	After epoch 4: Loss = 0.1455676955413055, R-squared = 0.8417632670283108
	After epoch 5: Loss = 0.06362666830131128, R-squared = 0.9320357013218249
	After epoch 6: Loss = 0.05917004663964924, R-squared = 0.9252178925943481
	After epoch 7: Loss = 0.032954211912283884, R-squared = 0.9665052813772255
	After epoch 8: Loss = 0.02048330598364117, R-squared = 0.979397111092006
	After epoch 9: Loss = 0.023047154830414786, R-squared = 0.9765325809860832
	After epoch 10: Loss = 0.022839776342546952, R-squared = 0.9758766795132919
	After epoch 11: Loss = 0.0254500875723176, R-squared = 0.9731169590931446
	After epoch 12: Loss = 0.023982506360086468, R-squared = 0.9700806954887955
	After epoch 13: Loss = 0.01997990857653711, R-squared = 0.9785527944088503
	After epoch 14: Loss = 0.019567692281999192, R-squared = 0.979328186507259
	After epoch 15: Loss = 0.009407669333198618, R-squared = 0.9900192339486281
	After epoch 16: Loss = 0.007442536592618919, R-squared = 0.9917518754622222
	After epoch 17: Loss = 0.01105468777794941, R-squared = 0.9892752322513498
	After epoch 18: Loss = 0.01153914248805408, R-squared = 0.9888868132837547
	After epoch 19: Loss = 0.009657433433930543, R-squared = 0.9905407360679961
	After epoch 20: Loss = 0.0036187328433008167, R-squared = 0.9960677069194279
	After epoch 21: Loss = 0.0024394096536062464, R-squared = 0.9974097226214125
	After epoch 22: Loss = 0.0021288609955166593, R-squared = 0.9976585798932343
	After epoch 23: Loss = 0.0022892327801833493, R-squared = 0.9975629840276555
	After epoch 24: Loss = 0.0013261523123190603, R-squared = 0.9985991039025729
	After epoch 25: Loss = 0.0013352435919729874, R-squared = 0.9985728938818935
	After epoch 26: Loss = 0.0014220997106288613, R-squared = 0.9985235742394292
	After epoch 27: Loss = 0.001111605830865566, R-squared = 0.9988503152496394
	After epoch 28: Loss = 0.0008854595245495744, R-squared = 0.9989731150898894
	After epoch 29: Loss = 0.0008980798411599667, R-squared = 0.9990673244618666
	After epoch 30: Loss = 0.001463639282501204, R-squared = 0.9985308311665999
	After epoch 31: Loss = 0.0017926453200822474, R-squared = 0.9974892886043701
	After epoch 32: Loss = 0.0030026540130665192, R-squared = 0.9967041886683369
	After epoch 33: Loss = 0.005284826960512882, R-squared = 0.994087166266724
	After epoch 34: Loss = 0.0030802332071811853, R-squared = 0.9952749332657224
	After epoch 35: Loss = 0.0014805749682628908, R-squared = 0.9984056850153504
	After epoch 36: Loss = 0.001177640259154795, R-squared = 0.9987126918302801
	After epoch 37: Loss = 0.001488417709655042, R-squared = 0.9983594673812581
	After epoch 38: Loss = 0.0009535562369115813, R-squared = 0.999006381508222
	After epoch 39: Loss = 0.0027271018336928804, R-squared = 0.997099730687325
	After epoch 40: Loss = 0.0009423380355442071, R-squared = 0.9990350916058951
	After epoch 41: Loss = 0.001002624233223858, R-squared = 0.9989318406042758
	After epoch 42: Loss = 0.002394052316670216, R-squared = 0.997331370285621
	After epoch 43: Loss = 0.002648731857326567, R-squared = 0.9971661661385663
	After epoch 44: Loss = 0.0018951099003418279, R-squared = 0.9976650519677402
	After epoch 45: Loss = 0.0041843234685255285, R-squared = 0.9952381103823976
	After epoch 46: Loss = 0.006206361146645925, R-squared = 0.9933264714887136
	After epoch 47: Loss = 0.010380898809108302, R-squared = 0.9894027144273945
	After epoch 48: Loss = 0.013699682315540787, R-squared = 0.9847856854462187
	After epoch 49: Loss = 0.01437083538738285, R-squared = 0.9831404887185888
	After epoch 50: Loss = 0.005142666448127318, R-squared = 0.9944287577544454
Training process has finished.
Using CNN: NoPoolCNN1 with learning rate: 0.005
	After epoch 1: Loss = 1.1016595694079157, R-squared = -0.5496339047636029
	After epoch 2: Loss = 0.973801033235859, R-squared = 0.017826207091118162
	After epoch 3: Loss = 0.45764762062456404, R-squared = 0.4951596757536649
	After epoch 4: Loss = 0.12129614824113846, R-squared = 0.8661677764610237
	After epoch 5: Loss = 0.04660725108854706, R-squared = 0.9504616240032966
	After epoch 6: Loss = 0.03485928439131946, R-squared = 0.960593866226812
	After epoch 7: Loss = 0.02878223983661975, R-squared = 0.970122014141028
	After epoch 8: Loss = 0.022272115170844077, R-squared = 0.974978483854087
	After epoch 9: Loss = 0.024735919881785532, R-squared = 0.9742957079832284
	After epoch 10: Loss = 0.022533348740591742, R-squared = 0.9716763661242052
	After epoch 11: Loss = 0.025018766161351097, R-squared = 0.9735337993129891
	After epoch 12: Loss = 0.016336267136144274, R-squared = 0.9793849074152231
	After epoch 13: Loss = 0.017247637130402216, R-squared = 0.9828061676990926
	After epoch 14: Loss = 0.017924320917263627, R-squared = 0.9833391330169003
	After epoch 15: Loss = 0.013784766739848736, R-squared = 0.9859940261192577
	After epoch 16: Loss = 0.006449651832189099, R-squared = 0.9933485498956683
	After epoch 17: Loss = 0.004987388620906649, R-squared = 0.994201013123814
	After epoch 18: Loss = 0.0038700147208829915, R-squared = 0.9955951249799055
	After epoch 19: Loss = 0.003869382960123063, R-squared = 0.9958040210530698
	After epoch 20: Loss = 0.0029582866644918215, R-squared = 0.996202041202882
	After epoch 21: Loss = 0.004810180750995272, R-squared = 0.9943740820213065
	After epoch 22: Loss = 0.0028152739591943646, R-squared = 0.9969671663249751
	After epoch 23: Loss = 0.0036533552264903664, R-squared = 0.996292642875124
	After epoch 24: Loss = 0.004529173281670786, R-squared = 0.9956348187665907
	After epoch 25: Loss = 0.00342726252347314, R-squared = 0.9964117782968372
	After epoch 26: Loss = 0.0027169748203742096, R-squared = 0.9969437109447415
	After epoch 27: Loss = 0.002302142860479847, R-squared = 0.9976667701332236
	After epoch 28: Loss = 0.001847615614899517, R-squared = 0.9977955183429102
	After epoch 29: Loss = 0.0028747585399121834, R-squared = 0.9968281973755551
	After epoch 30: Loss = 0.0016529351135650295, R-squared = 0.9977713670360953
	After epoch 31: Loss = 0.0016469954378188346, R-squared = 0.9980948468538395
	After epoch 32: Loss = 0.0013143149670516636, R-squared = 0.9986049542878807
	After epoch 33: Loss = 0.0014290283329067288, R-squared = 0.9984754286492923
	After epoch 34: Loss = 0.0011284155240690952, R-squared = 0.99868915127169
	After epoch 35: Loss = 0.001218921883603792, R-squared = 0.9987517108578473
	After epoch 36: Loss = 0.0018597360751761893, R-squared = 0.9980622279740248
	After epoch 37: Loss = 0.0012282285404484868, R-squared = 0.9985367828488835
	After epoch 38: Loss = 0.001196262635450553, R-squared = 0.9986408703059168
	After epoch 39: Loss = 0.001365917763029307, R-squared = 0.9983615950556868
	After epoch 40: Loss = 0.0013026678300041626, R-squared = 0.998600643538387
	After epoch 41: Loss = 0.002395221129674789, R-squared = 0.9973120261235235
	After epoch 42: Loss = 0.002519348232961406, R-squared = 0.9973703431123384
	After epoch 43: Loss = 0.002600145154747358, R-squared = 0.9974516103255506
	After epoch 44: Loss = 0.0025005859856353984, R-squared = 0.9971355964202127
	After epoch 45: Loss = 0.003920605708595148, R-squared = 0.9953980093384344
	After epoch 46: Loss = 0.00720266074423013, R-squared = 0.9903779796116525
	After epoch 47: Loss = 0.0026385377693492135, R-squared = 0.997313934025881
	After epoch 48: Loss = 0.0020387484647309342, R-squared = 0.9979531639422351
	After epoch 49: Loss = 0.003923725799519397, R-squared = 0.9956804667645184
	After epoch 50: Loss = 0.004045492425353283, R-squared = 0.9958860171324595
Training process has finished.
Time taken for NoPoolCNN1: 576.1555597782135 seconds
Using CNN: NoPoolCNN3 with learning rate: 1e-05
	After epoch 1: Loss = 0.9992638450909302, R-squared = -0.009919308306747499
	After epoch 2: Loss = 1.0006954092372884, R-squared = -0.032167642855836655
	After epoch 3: Loss = 0.9971152178963072, R-squared = -0.046764454900674025
	After epoch 4: Loss = 0.9957755901739583, R-squared = -0.04860518052797837
	After epoch 5: Loss = 0.9989476035677128, R-squared = -0.018818134012631216
	After epoch 6: Loss = 0.9970850893243848, R-squared = -0.012794823032012681
	After epoch 7: Loss = 0.9974778928012966, R-squared = -0.04272436370258339
	After epoch 8: Loss = 0.9933574680530228, R-squared = -0.0628250094886546
	After epoch 9: Loss = 0.9949911838464367, R-squared = -0.019147284155087606
	After epoch 10: Loss = 0.9960356971559581, R-squared = -0.019450824879056593
	After epoch 11: Loss = 0.9913512651960019, R-squared = -0.04926803719944729
	After epoch 12: Loss = 0.9877914374748711, R-squared = -0.0597670546439758
	After epoch 13: Loss = 0.9887711134764114, R-squared = -0.00939720978653561
	After epoch 14: Loss = 0.97781433905038, R-squared = -0.016870216982345244
	After epoch 15: Loss = 0.9735012248487601, R-squared = 0.0071086747231890015
	After epoch 16: Loss = 0.9663044345835425, R-squared = 0.023624395673666743
	After epoch 17: Loss = 0.9553449814586191, R-squared = 0.012413383101494268
	After epoch 18: Loss = 0.9452241379287016, R-squared = 0.02446141349524491
	After epoch 19: Loss = 0.9307341711691752, R-squared = 0.039196215266657966
	After epoch 20: Loss = 0.9136472068258772, R-squared = 0.06224253266851788
	After epoch 21: Loss = 0.8998856325415806, R-squared = 0.07802763145731947
	After epoch 22: Loss = 0.8692392394560903, R-squared = 0.11582315885310161
	After epoch 23: Loss = 0.8410180924551917, R-squared = 0.14956249628334234
	After epoch 24: Loss = 0.8090424669916161, R-squared = 0.18130921852526566
	After epoch 25: Loss = 0.7678074415310074, R-squared = 0.22055865748508757
	After epoch 26: Loss = 0.7172894242473673, R-squared = 0.24530746711756865
	After epoch 27: Loss = 0.6722017296226992, R-squared = 0.32046115605968484
	After epoch 28: Loss = 0.6160985316471582, R-squared = 0.38382680329621477
	After epoch 29: Loss = 0.5581570242441727, R-squared = 0.428097643945371
	After epoch 30: Loss = 0.5005877228700106, R-squared = 0.49992851434233837
	After epoch 31: Loss = 0.44465578155754015, R-squared = 0.5510246349280357
	After epoch 32: Loss = 0.3952557182387106, R-squared = 0.5993820063556571
	After epoch 33: Loss = 0.349359233071838, R-squared = 0.6494311691563878
	After epoch 34: Loss = 0.3102641202577, R-squared = 0.6778422599854643
	After epoch 35: Loss = 0.27246873159155255, R-squared = 0.7228278020655315
	After epoch 36: Loss = 0.24430919320719, R-squared = 0.7496529102426008
	After epoch 37: Loss = 0.21544880928198157, R-squared = 0.7810024293808304
	After epoch 38: Loss = 0.1928239868152058, R-squared = 0.7810505550667883
	After epoch 39: Loss = 0.1669772122860088, R-squared = 0.8274942354683222
	After epoch 40: Loss = 0.14862499011698982, R-squared = 0.8479677125443985
	After epoch 41: Loss = 0.1310955437044273, R-squared = 0.8474449338616644
	After epoch 42: Loss = 0.11523230563406524, R-squared = 0.8784560926554258
	After epoch 43: Loss = 0.10082286024226217, R-squared = 0.9001199944218584
	After epoch 44: Loss = 0.0889882498022942, R-squared = 0.9069488082195674
	After epoch 45: Loss = 0.07938082839756604, R-squared = 0.9208349699353168
	After epoch 46: Loss = 0.0722896026499834, R-squared = 0.9143788208455593
	After epoch 47: Loss = 0.061462998477627484, R-squared = 0.9374069754482092
	After epoch 48: Loss = 0.0568034081624607, R-squared = 0.9365412650518387
	After epoch 49: Loss = 0.04832620934572598, R-squared = 0.9494447626392921
	After epoch 50: Loss = 0.04303452297547413, R-squared = 0.9547903397076706
Training process has finished.
Using CNN: NoPoolCNN3 with learning rate: 5e-05
	After epoch 1: Loss = 1.001643483537786, R-squared = -0.03202361907989112
	After epoch 2: Loss = 0.9947781039148609, R-squared = -0.021519064739991555
	After epoch 3: Loss = 0.9780903333383257, R-squared = 0.014110959601317774
	After epoch 4: Loss = 0.9532971090310826, R-squared = 0.031313922751758295
	After epoch 5: Loss = 0.9063444994529725, R-squared = 0.05608257699808098
	After epoch 6: Loss = 0.8231205530580201, R-squared = 0.17170286409874005
	After epoch 7: Loss = 0.7081932489967101, R-squared = 0.24677533985354652
	After epoch 8: Loss = 0.5757150866240462, R-squared = 0.441676046115189
	After epoch 9: Loss = 0.4104834552412188, R-squared = 0.5864541683497555
	After epoch 10: Loss = 0.2815033914909585, R-squared = 0.7204536908815512
	After epoch 11: Loss = 0.1727985235525772, R-squared = 0.823298390302974
	After epoch 12: Loss = 0.10645023399734221, R-squared = 0.8819855318324356
	After epoch 13: Loss = 0.07143384352896566, R-squared = 0.9250321438639639
	After epoch 14: Loss = 0.048760634898739115, R-squared = 0.9495654656125213
	After epoch 15: Loss = 0.040393294475571905, R-squared = 0.9582232644091366
	After epoch 16: Loss = 0.03952122967787294, R-squared = 0.9553445896298511
	After epoch 17: Loss = 0.039593177164212484, R-squared = 0.9505277577759358
	After epoch 18: Loss = 0.028103784079907674, R-squared = 0.9697331313470168
	After epoch 19: Loss = 0.02563991678237294, R-squared = 0.9725061478156718
	After epoch 20: Loss = 0.0247317798070292, R-squared = 0.9760410509899504
	After epoch 21: Loss = 0.023564355745688915, R-squared = 0.975486620454889
	After epoch 22: Loss = 0.021966252109402534, R-squared = 0.9777095908851228
	After epoch 23: Loss = 0.023049930722289357, R-squared = 0.9757619422733322
	After epoch 24: Loss = 0.01984957523063374, R-squared = 0.978561692953161
	After epoch 25: Loss = 0.017060110283929075, R-squared = 0.9816150238407385
	After epoch 26: Loss = 0.020020872733344377, R-squared = 0.9779191780210026
	After epoch 27: Loss = 0.018856783912331792, R-squared = 0.9787634310868965
	After epoch 28: Loss = 0.017658809611911276, R-squared = 0.9820394484233063
	After epoch 29: Loss = 0.01718167766409049, R-squared = 0.9819271188720314
	After epoch 30: Loss = 0.014705561942083206, R-squared = 0.983883139340335
	After epoch 31: Loss = 0.01426058148504947, R-squared = 0.9854603098670882
	After epoch 32: Loss = 0.014644346982400715, R-squared = 0.9833736360291578
	After epoch 33: Loss = 0.014262678669422425, R-squared = 0.984216750876042
	After epoch 34: Loss = 0.014673620092445872, R-squared = 0.9844658669515326
	After epoch 35: Loss = 0.014912356959147454, R-squared = 0.9845783310390267
	After epoch 36: Loss = 0.015084208988715254, R-squared = 0.9842421260452733
	After epoch 37: Loss = 0.01741123100859648, R-squared = 0.982484163163677
	After epoch 38: Loss = 0.016603334001831848, R-squared = 0.9841886175456332
	After epoch 39: Loss = 0.01371742655313934, R-squared = 0.9851230540875143
	After epoch 40: Loss = 0.012263758819951693, R-squared = 0.987179332547624
	After epoch 41: Loss = 0.014280095165682774, R-squared = 0.9855525994633693
	After epoch 42: Loss = 0.011452806405533414, R-squared = 0.988609919450514
	After epoch 43: Loss = 0.011999286150905793, R-squared = 0.9883464782881924
	After epoch 44: Loss = 0.013267398569838662, R-squared = 0.9862763868523803
	After epoch 45: Loss = 0.01256340725026423, R-squared = 0.9857970508445698
	After epoch 46: Loss = 0.010428957949722801, R-squared = 0.9892762103882455
	After epoch 47: Loss = 0.009409962657958707, R-squared = 0.989624678500651
	After epoch 48: Loss = 0.009382049331026498, R-squared = 0.9903194019843318
	After epoch 49: Loss = 0.009498644696107792, R-squared = 0.9903776790243934
	After epoch 50: Loss = 0.01068979659295909, R-squared = 0.988776537039279
Training process has finished.
Using CNN: NoPoolCNN3 with learning rate: 0.0001
	After epoch 1: Loss = 1.0023610842196737, R-squared = -0.08286207098034207
	After epoch 2: Loss = 0.9889519611570898, R-squared = -0.016826603434624908
	After epoch 3: Loss = 0.9608144930793381, R-squared = -0.006898906316819775
	After epoch 4: Loss = 0.8693464961314452, R-squared = 0.11020626590984213
	After epoch 5: Loss = 0.6412505759434515, R-squared = 0.31447082418185995
	After epoch 6: Loss = 0.36060014510016225, R-squared = 0.623296658645885
	After epoch 7: Loss = 0.11487370022696228, R-squared = 0.8668189616017468
	After epoch 8: Loss = 0.06956879013910813, R-squared = 0.9263331964681303
	After epoch 9: Loss = 0.05301071907729811, R-squared = 0.9445943524750818
	After epoch 10: Loss = 0.04547785053001629, R-squared = 0.9358433313738889
	After epoch 11: Loss = 0.05138969362938498, R-squared = 0.9405475903740428
	After epoch 12: Loss = 0.04297781083475091, R-squared = 0.9509879778468816
	After epoch 13: Loss = 0.03450263976209268, R-squared = 0.964665904634645
	After epoch 14: Loss = 0.03774146418660689, R-squared = 0.9593524176818352
	After epoch 15: Loss = 0.05559245763332003, R-squared = 0.942496489436809
	After epoch 16: Loss = 0.04925503460879719, R-squared = 0.9519172957133522
	After epoch 17: Loss = 0.03128036381086373, R-squared = 0.9674771139316795
	After epoch 18: Loss = 0.02857990714504141, R-squared = 0.9707032213366146
	After epoch 19: Loss = 0.026790425005864225, R-squared = 0.9725038143900531
	After epoch 20: Loss = 0.025912697542425957, R-squared = 0.9720108958706465
	After epoch 21: Loss = 0.0314924970646072, R-squared = 0.9609578323272139
	After epoch 22: Loss = 0.0344179846846992, R-squared = 0.9631659466384294
	After epoch 23: Loss = 0.03920446882567956, R-squared = 0.9597016482183219
	After epoch 24: Loss = 0.02823566961418354, R-squared = 0.965192386084533
	After epoch 25: Loss = 0.02524281701569936, R-squared = 0.9709100811129285
	After epoch 26: Loss = 0.025538610830157536, R-squared = 0.9743647899596569
	After epoch 27: Loss = 0.024298123657927828, R-squared = 0.9758888840756524
	After epoch 28: Loss = 0.03590696363800146, R-squared = 0.9632365012949429
	After epoch 29: Loss = 0.026328682839206502, R-squared = 0.9722345682958065
	After epoch 30: Loss = 0.023243445880096567, R-squared = 0.9726329379311908
	After epoch 31: Loss = 0.024398947609857773, R-squared = 0.9747279731584555
	After epoch 32: Loss = 0.02883488797957668, R-squared = 0.9690560772028188
	After epoch 33: Loss = 0.027605934716127094, R-squared = 0.970082848459974
	After epoch 34: Loss = 0.016506260289242604, R-squared = 0.9827101299489328
	After epoch 35: Loss = 0.015484769165629936, R-squared = 0.9839698099683805
	After epoch 36: Loss = 0.013858185861070035, R-squared = 0.9839524880042425
	After epoch 37: Loss = 0.013714204688562642, R-squared = 0.9855748787693539
	After epoch 38: Loss = 0.013055231956513286, R-squared = 0.9862831778075787
	After epoch 39: Loss = 0.016303085586544357, R-squared = 0.9839739458568696
	After epoch 40: Loss = 0.01494732381084225, R-squared = 0.9842274071518393
	After epoch 41: Loss = 0.01449465312355959, R-squared = 0.9850830849348948
	After epoch 42: Loss = 0.01420745117972334, R-squared = 0.9845709399698889
	After epoch 43: Loss = 0.01117276709954546, R-squared = 0.9875846281860199
	After epoch 44: Loss = 0.010002668310440471, R-squared = 0.9898743527953646
	After epoch 45: Loss = 0.011128336711649568, R-squared = 0.988110470757305
	After epoch 46: Loss = 0.01022938580206719, R-squared = 0.9897696620112102
	After epoch 47: Loss = 0.007587648200812263, R-squared = 0.991708844668373
	After epoch 48: Loss = 0.009023014535366438, R-squared = 0.989171449539324
	After epoch 49: Loss = 0.009216429754122672, R-squared = 0.990460078667408
	After epoch 50: Loss = 0.005769291187490189, R-squared = 0.9934145010753701
Training process has finished.
Using CNN: NoPoolCNN3 with learning rate: 0.0005
	After epoch 1: Loss = 0.9963695192839351, R-squared = -0.017618917399828904
	After epoch 2: Loss = 0.7828919369792764, R-squared = 0.2171281672661972
	After epoch 3: Loss = 0.6012156785824752, R-squared = 0.4026048479151795
	After epoch 4: Loss = 0.47470129886752555, R-squared = 0.5328502272095302
	After epoch 5: Loss = 0.183771416876596, R-squared = 0.796989632895546
	After epoch 6: Loss = 0.13260361326360662, R-squared = 0.8693818722722308
	After epoch 7: Loss = 0.06978086688791893, R-squared = 0.9195791011721068
	After epoch 8: Loss = 0.041825884305773484, R-squared = 0.9553481270930464
	After epoch 9: Loss = 0.03264630825597283, R-squared = 0.9645823405833915
	After epoch 10: Loss = 0.030662600354073904, R-squared = 0.9681802909350956
	After epoch 11: Loss = 0.028711010408145693, R-squared = 0.9709161047630868
	After epoch 12: Loss = 0.028276029075826287, R-squared = 0.9699082993595798
	After epoch 13: Loss = 0.027130399308809776, R-squared = 0.9735269067483546
	After epoch 14: Loss = 0.022383242629013877, R-squared = 0.9780987506922507
	After epoch 15: Loss = 0.028441047262175473, R-squared = 0.9677382373968243
	After epoch 16: Loss = 0.03975103559457675, R-squared = 0.953879302218386
	After epoch 17: Loss = 0.027426745887748676, R-squared = 0.9711953443525034
	After epoch 18: Loss = 0.01822145716004019, R-squared = 0.980744198900722
	After epoch 19: Loss = 0.015123280963903269, R-squared = 0.9830975344170831
	After epoch 20: Loss = 0.015365621136082577, R-squared = 0.9810070820357779
	After epoch 21: Loss = 0.01506123507003349, R-squared = 0.9840853821890679
	After epoch 22: Loss = 0.016353469791201083, R-squared = 0.9823624892132244
	After epoch 23: Loss = 0.012615894754047305, R-squared = 0.987141017343669
	After epoch 24: Loss = 0.010446902328021038, R-squared = 0.9893338121061188
	After epoch 25: Loss = 0.007680451289000492, R-squared = 0.99218541403592
	After epoch 26: Loss = 0.00569248918706275, R-squared = 0.9941498464820544
	After epoch 27: Loss = 0.005092341882693653, R-squared = 0.994509693106586
	After epoch 28: Loss = 0.008505448331134039, R-squared = 0.9908739276859142
	After epoch 29: Loss = 0.011551811124959118, R-squared = 0.9882842442290227
	After epoch 30: Loss = 0.012026217880636904, R-squared = 0.9866579255775546
	After epoch 31: Loss = 0.005329677630161013, R-squared = 0.9935458214837929
	After epoch 32: Loss = 0.004893212601489543, R-squared = 0.9947589642792176
	After epoch 33: Loss = 0.0033828875763280996, R-squared = 0.9963309294767939
	After epoch 34: Loss = 0.002957873760108962, R-squared = 0.9970635180696015
	After epoch 35: Loss = 0.005905473498393628, R-squared = 0.9938664685375146
	After epoch 36: Loss = 0.00526513402366127, R-squared = 0.9935594736107068
	After epoch 37: Loss = 0.00314011793175325, R-squared = 0.996666505352036
	After epoch 38: Loss = 0.0022041951234753, R-squared = 0.9976382333152685
	After epoch 39: Loss = 0.0013597622678969965, R-squared = 0.9986203899662648
	After epoch 40: Loss = 0.002307146334453656, R-squared = 0.9974103872413537
	After epoch 41: Loss = 0.001545355963630661, R-squared = 0.9981490505344419
	After epoch 42: Loss = 0.0009942477535041807, R-squared = 0.9989399295147043
	After epoch 43: Loss = 0.0009560441249247189, R-squared = 0.9990006616591136
	After epoch 44: Loss = 0.0007300650076429357, R-squared = 0.9992360933302484
	After epoch 45: Loss = 0.0014605068403310162, R-squared = 0.9983175966291649
	After epoch 46: Loss = 0.0018199289553335117, R-squared = 0.9978961177489462
	After epoch 47: Loss = 0.0008256726132863969, R-squared = 0.9990634444198673
	After epoch 48: Loss = 0.0011474048007067915, R-squared = 0.9987401223863772
	After epoch 49: Loss = 0.0008134697448012714, R-squared = 0.9991420545635432
	After epoch 50: Loss = 0.0008442756449812518, R-squared = 0.9991771707920865
Training process has finished.
Using CNN: NoPoolCNN3 with learning rate: 0.001
	After epoch 1: Loss = 0.9489908164721005, R-squared = 0.01703610702151669
	After epoch 2: Loss = 0.5517369092692596, R-squared = 0.47524350624248346
	After epoch 3: Loss = 0.08254988224356821, R-squared = 0.9075304625054935
	After epoch 4: Loss = 0.05593001607657679, R-squared = 0.9426619116186632
	After epoch 5: Loss = 0.04407479422636421, R-squared = 0.9510885299558123
	After epoch 6: Loss = 0.04571745296736163, R-squared = 0.9510875077729969
	After epoch 7: Loss = 0.033248347056588225, R-squared = 0.9651116117945415
	After epoch 8: Loss = 0.018753583797127944, R-squared = 0.9810166362642366
	After epoch 9: Loss = 0.015780029022668864, R-squared = 0.982079750060098
	After epoch 10: Loss = 0.008373632581222621, R-squared = 0.9902745628549902
	After epoch 11: Loss = 0.007298452939287642, R-squared = 0.9922841869684419
	After epoch 12: Loss = 0.015414092179158173, R-squared = 0.9801170076795295
	After epoch 13: Loss = 0.008502721422171951, R-squared = 0.990006139979035
	After epoch 14: Loss = 0.005109277842095415, R-squared = 0.9942750814710608
	After epoch 15: Loss = 0.007436173361756402, R-squared = 0.992851296988807
	After epoch 16: Loss = 0.003205857387928655, R-squared = 0.9962569805670022
	After epoch 17: Loss = 0.0025049673038480768, R-squared = 0.9974682437853328
	After epoch 18: Loss = 0.0024466543922708724, R-squared = 0.9974065871655757
	After epoch 19: Loss = 0.0055587820694665635, R-squared = 0.9937842309285143
	After epoch 20: Loss = 0.003535516844403184, R-squared = 0.9960555078240013
	After epoch 21: Loss = 0.002350440503948232, R-squared = 0.9970737615973494
	After epoch 22: Loss = 0.014411584506042189, R-squared = 0.9839805786283342
	After epoch 23: Loss = 0.028581635234444645, R-squared = 0.9693443318175039
	After epoch 24: Loss = 0.037693337969822806, R-squared = 0.9589933524854717
	After epoch 25: Loss = 0.02397848505499769, R-squared = 0.9766481545361003
	After epoch 26: Loss = 0.016793040670331823, R-squared = 0.9790932160923488
	After epoch 27: Loss = 0.01103825602252724, R-squared = 0.9865441376438765
	After epoch 28: Loss = 0.00798291562066397, R-squared = 0.9910770652383987
	After epoch 29: Loss = 0.005197310549450072, R-squared = 0.9945873126882068
	After epoch 30: Loss = 0.01071780041141701, R-squared = 0.9880485476138936
	After epoch 31: Loss = 0.004957717599483443, R-squared = 0.9948585094962363
	After epoch 32: Loss = 0.0019311274296743952, R-squared = 0.997942726350167
	After epoch 33: Loss = 0.0017304735399825515, R-squared = 0.9980332998734257
	After epoch 34: Loss = 0.002824324191828112, R-squared = 0.9967271772904027
	After epoch 35: Loss = 0.002118336487403294, R-squared = 0.9975844994099706
	After epoch 36: Loss = 0.0013625911848771633, R-squared = 0.9986923404914745
	After epoch 37: Loss = 0.0012019022017189392, R-squared = 0.9987909076900104
	After epoch 38: Loss = 0.002829622606887728, R-squared = 0.99646526623101
	After epoch 39: Loss = 0.004528768137869165, R-squared = 0.9956714905435691
	After epoch 40: Loss = 0.0016311135139414836, R-squared = 0.9983236014662499
	After epoch 41: Loss = 0.0008009952922890887, R-squared = 0.9991735928236022
	After epoch 42: Loss = 0.0007589737038600459, R-squared = 0.999169614192003
	After epoch 43: Loss = 0.0006734530176020034, R-squared = 0.9992853866496262
	After epoch 44: Loss = 0.000746914101906042, R-squared = 0.9992551499063899
	After epoch 45: Loss = 0.0009323728969618491, R-squared = 0.9989158958761358
	After epoch 46: Loss = 0.0013056289469012303, R-squared = 0.9980133080628235
	After epoch 47: Loss = 0.0008029175639901499, R-squared = 0.9991796506378879
	After epoch 48: Loss = 0.0019734300214259205, R-squared = 0.9977179853385272
	After epoch 49: Loss = 0.0026518017728892297, R-squared = 0.9973839200906058
	After epoch 50: Loss = 0.002462096191619072, R-squared = 0.9969734680378552
Training process has finished.
Using CNN: NoPoolCNN3 with learning rate: 0.005
	After epoch 1: Loss = 1.2082428681479098, R-squared = -0.25521323705828625
	After epoch 2: Loss = 0.5036952864555968, R-squared = 0.5074121125427957
	After epoch 3: Loss = 0.20901532277038865, R-squared = 0.7701571903892054
	After epoch 4: Loss = 0.07813485608928955, R-squared = 0.9131785298152408
	After epoch 5: Loss = 0.04298033515761205, R-squared = 0.9456150122576016
	After epoch 6: Loss = 0.023563045893219746, R-squared = 0.9756797096422176
	After epoch 7: Loss = 0.017811272281579048, R-squared = 0.9810421853574247
	After epoch 8: Loss = 0.02308129601005383, R-squared = 0.9757066901592586
	After epoch 9: Loss = 0.024767290769110047, R-squared = 0.9732505944310603
	After epoch 10: Loss = 0.013227665960521884, R-squared = 0.986566745063873
	After epoch 11: Loss = 0.010266733911760086, R-squared = 0.9889929113274606
	After epoch 12: Loss = 0.00870354049079395, R-squared = 0.9904501849420562
	After epoch 13: Loss = 0.005883884208168378, R-squared = 0.9931260382183386
	After epoch 14: Loss = 0.004809516090402795, R-squared = 0.9948939941347185
	After epoch 15: Loss = 0.00367966181177906, R-squared = 0.9956813129834494
	After epoch 16: Loss = 0.004158561330538255, R-squared = 0.9956415548623514
	After epoch 17: Loss = 0.0037816010173649947, R-squared = 0.9961846384767515
	After epoch 18: Loss = 0.0023602105864016106, R-squared = 0.9973810506433812
	After epoch 19: Loss = 0.0019472533117911351, R-squared = 0.9979635453838801
	After epoch 20: Loss = 0.002077100734230344, R-squared = 0.9977527273873976
	After epoch 21: Loss = 0.0028639069643082117, R-squared = 0.9963482311894228
	After epoch 22: Loss = 0.0025569293161182916, R-squared = 0.9972802645841383
	After epoch 23: Loss = 0.002724813571284546, R-squared = 0.9970912099539602
	After epoch 24: Loss = 0.002651788160320494, R-squared = 0.9972101596931685
	After epoch 25: Loss = 0.003437716518848552, R-squared = 0.995463290328124
	After epoch 26: Loss = 0.0022667433569746476, R-squared = 0.9974838517810586
	After epoch 27: Loss = 0.004641510150670538, R-squared = 0.994988398319187
	After epoch 28: Loss = 0.005280975594305748, R-squared = 0.9941092193347943
	After epoch 29: Loss = 0.002027220859749236, R-squared = 0.9978384204313977
	After epoch 30: Loss = 0.0014500381268173737, R-squared = 0.9983887632577593
	After epoch 31: Loss = 0.001086548971959677, R-squared = 0.9983685303945222
	After epoch 32: Loss = 0.001830881636428782, R-squared = 0.9980963882064711
	After epoch 33: Loss = 0.0040839878204237045, R-squared = 0.9954251583905156
	After epoch 34: Loss = 0.003650751143259895, R-squared = 0.9958448249800368
	After epoch 35: Loss = 0.012428740353364104, R-squared = 0.9851054972956943
	After epoch 36: Loss = 0.018989527915827326, R-squared = 0.9797159779637236
	After epoch 37: Loss = 0.01676299449245055, R-squared = 0.9827353504009139
	After epoch 38: Loss = 0.014862657441449236, R-squared = 0.9854319424745939
	After epoch 39: Loss = 0.013859708771563404, R-squared = 0.9851441302999657
	After epoch 40: Loss = 0.0052458327658391046, R-squared = 0.9935227032916585
	After epoch 41: Loss = 0.0050059124753157385, R-squared = 0.9943869401123825
	After epoch 42: Loss = 0.003572083497313556, R-squared = 0.9961833302972222
	After epoch 43: Loss = 0.0021039321772211668, R-squared = 0.9978343705826246
	After epoch 44: Loss = 0.0030013331468887842, R-squared = 0.9969043035508711
	After epoch 45: Loss = 0.0026981522222929884, R-squared = 0.9968013577751893
	After epoch 46: Loss = 0.002961667070738417, R-squared = 0.9968878446192766
	After epoch 47: Loss = 0.004487142040486522, R-squared = 0.9956138110410555
	After epoch 48: Loss = 0.00582966605380404, R-squared = 0.9943460700494875
	After epoch 49: Loss = 0.002803058650812659, R-squared = 0.9957568560638853
	After epoch 50: Loss = 0.0026636177570384576, R-squared = 0.9971934526003997
Training process has finished.
Time taken for NoPoolCNN3: 643.7401697635651 seconds
Using CNN: NoPoolCNN4 with learning rate: 1e-05
	After epoch 1: Loss = 1.0029370712089118, R-squared = -0.0482312302825457
	After epoch 2: Loss = 1.005693808835653, R-squared = -0.03404309249585176
	After epoch 3: Loss = 1.0020180583639489, R-squared = -0.04613561824446093
	After epoch 4: Loss = 1.0002974651047531, R-squared = -0.032318654504737164
	After epoch 5: Loss = 0.9987781665362385, R-squared = -0.0223596387878932
	After epoch 6: Loss = 0.9943821595414795, R-squared = -0.044897919761730486
	After epoch 7: Loss = 0.995803854862768, R-squared = -0.0683312438608927
	After epoch 8: Loss = 0.992931335577531, R-squared = -0.0053948867247201274
	After epoch 9: Loss = 0.9860267147262345, R-squared = -0.04162419782339018
	After epoch 10: Loss = 0.983601180920231, R-squared = 0.009093116998172635
	After epoch 11: Loss = 0.9796386462049874, R-squared = -0.02958940156208726
	After epoch 12: Loss = 0.9704648344950142, R-squared = 0.013622566805658876
	After epoch 13: Loss = 0.9616084544537218, R-squared = 0.005687343987325444
	After epoch 14: Loss = 0.9503956248188681, R-squared = 0.03165739257257703
	After epoch 15: Loss = 0.9321678310913514, R-squared = 0.016599500956027337
	After epoch 16: Loss = 0.9159635208557638, R-squared = 0.06699713529665763
	After epoch 17: Loss = 0.8855466840663571, R-squared = 0.10043318894199978
	After epoch 18: Loss = 0.8532813918977359, R-squared = 0.11920471713632792
	After epoch 19: Loss = 0.8127188165424707, R-squared = 0.1825368713380336
	After epoch 20: Loss = 0.7569665210594907, R-squared = 0.2328880856221053
	After epoch 21: Loss = 0.6996474633729408, R-squared = 0.29096373457787944
	After epoch 22: Loss = 0.6313290114619963, R-squared = 0.3702221834313616
	After epoch 23: Loss = 0.5617485147308922, R-squared = 0.4372963595632512
	After epoch 24: Loss = 0.4918719858648686, R-squared = 0.5061711482914145
	After epoch 25: Loss = 0.42234667722755254, R-squared = 0.5788797431327224
	After epoch 26: Loss = 0.35791919580493275, R-squared = 0.6427880635490377
	After epoch 27: Loss = 0.30488709683129944, R-squared = 0.6927228288883941
	After epoch 28: Loss = 0.25850138424139185, R-squared = 0.7346862798492044
	After epoch 29: Loss = 0.22205784873157466, R-squared = 0.7723305093557198
	After epoch 30: Loss = 0.19782833343826559, R-squared = 0.7947670872666162
	After epoch 31: Loss = 0.17956107731813226, R-squared = 0.8082538825154761
	After epoch 32: Loss = 0.1465746736763442, R-squared = 0.8516265672224257
	After epoch 33: Loss = 0.12776131930404594, R-squared = 0.8658198141160766
	After epoch 34: Loss = 0.11143390788803827, R-squared = 0.8783174891850057
	After epoch 35: Loss = 0.09770054746199827, R-squared = 0.8953373919730332
	After epoch 36: Loss = 0.08828912303157355, R-squared = 0.9101863718822816
	After epoch 37: Loss = 0.07430743765619316, R-squared = 0.922087195217075
	After epoch 38: Loss = 0.06513521911044894, R-squared = 0.9345234523319979
	After epoch 39: Loss = 0.05669756952678816, R-squared = 0.9405723710756295
	After epoch 40: Loss = 0.05033416397768925, R-squared = 0.9497699649053487
	After epoch 41: Loss = 0.04479279508557639, R-squared = 0.9528866069851404
	After epoch 42: Loss = 0.04282303978425271, R-squared = 0.9032534330386557
	After epoch 43: Loss = 0.038171735322579774, R-squared = 0.9588956711167919
	After epoch 44: Loss = 0.035223574637063534, R-squared = 0.9602665529745744
	After epoch 45: Loss = 0.0305772470688128, R-squared = 0.9677245682491009
	After epoch 46: Loss = 0.02589645690219513, R-squared = 0.970976455870925
	After epoch 47: Loss = 0.023389998738736532, R-squared = 0.9763598216478219
	After epoch 48: Loss = 0.021514559706403643, R-squared = 0.9777409880569001
	After epoch 49: Loss = 0.02004220297044022, R-squared = 0.9785773675812264
	After epoch 50: Loss = 0.01748370664679055, R-squared = 0.9817051756539792
Training process has finished.
Using CNN: NoPoolCNN4 with learning rate: 5e-05
	After epoch 1: Loss = 1.0023469892299932, R-squared = -0.022352218724135765
	After epoch 2: Loss = 0.9877119861957917, R-squared = -0.021752506951094708
	After epoch 3: Loss = 0.95818832894237, R-squared = 0.03527267621696413
	After epoch 4: Loss = 0.8788167121295711, R-squared = 0.10347491325443862
	After epoch 5: Loss = 0.723012887049548, R-squared = 0.24991759592934812
	After epoch 6: Loss = 0.4760313237269996, R-squared = 0.5262227847605983
	After epoch 7: Loss = 0.2471340897762749, R-squared = 0.7427673119389886
	After epoch 8: Loss = 0.16589764328211096, R-squared = 0.8264480110624616
	After epoch 9: Loss = 0.09992841728790054, R-squared = 0.869218311158385
	After epoch 10: Loss = 0.06899884160692568, R-squared = 0.9256750902544123
	After epoch 11: Loss = 0.04893597495498629, R-squared = 0.9486948963743196
	After epoch 12: Loss = 0.04553769004655937, R-squared = 0.9512868555112629
	After epoch 13: Loss = 0.0410856666971932, R-squared = 0.9518118811341412
	After epoch 14: Loss = 0.0334610124793881, R-squared = 0.9654116227326102
	After epoch 15: Loss = 0.0356180412808063, R-squared = 0.9604368461723558
	After epoch 16: Loss = 0.03468622208199364, R-squared = 0.964468005131355
	After epoch 17: Loss = 0.03486484685112511, R-squared = 0.9630627360655879
	After epoch 18: Loss = 0.032717661324880895, R-squared = 0.9659869312280478
	After epoch 19: Loss = 0.03071625721736514, R-squared = 0.9647241451961117
	After epoch 20: Loss = 0.029368959101174846, R-squared = 0.968440919100642
	After epoch 21: Loss = 0.030652681952723138, R-squared = 0.9678741703934091
	After epoch 22: Loss = 0.029954916067380117, R-squared = 0.9681532873956045
	After epoch 23: Loss = 0.028222904680439094, R-squared = 0.9716925863972856
	After epoch 24: Loss = 0.028268034196372405, R-squared = 0.9702651097436921
	After epoch 25: Loss = 0.02832275612613553, R-squared = 0.9673362689672074
	After epoch 26: Loss = 0.026441160416250165, R-squared = 0.9720446275204158
	After epoch 27: Loss = 0.02724353694142, R-squared = 0.9728764484538169
	After epoch 28: Loss = 0.023804385040871116, R-squared = 0.9739874770586038
	After epoch 29: Loss = 0.025374876968707577, R-squared = 0.9725131399354654
	After epoch 30: Loss = 0.024541558873290382, R-squared = 0.9714838210874552
	After epoch 31: Loss = 0.04478063841675034, R-squared = 0.9546875237672197
	After epoch 32: Loss = 0.05043719148936123, R-squared = 0.9472076814769654
	After epoch 33: Loss = 0.03781171449464437, R-squared = 0.9607969157335429
	After epoch 34: Loss = 0.02773108604527077, R-squared = 0.9723109736828791
	After epoch 35: Loss = 0.023196913283198443, R-squared = 0.9764667138050649
	After epoch 36: Loss = 0.02200417648524694, R-squared = 0.9762899386250934
	After epoch 37: Loss = 0.022551719852543783, R-squared = 0.9746356597262855
	After epoch 38: Loss = 0.021097890419233788, R-squared = 0.9760603285665006
	After epoch 39: Loss = 0.020857913960121013, R-squared = 0.9785752827384598
	After epoch 40: Loss = 0.021975670448388288, R-squared = 0.9766976569790407
	After epoch 41: Loss = 0.01959629796344401, R-squared = 0.9788773785673985
	After epoch 42: Loss = 0.020149171192196964, R-squared = 0.9789035460855013
	After epoch 43: Loss = 0.022008291817274955, R-squared = 0.9780035971496156
	After epoch 44: Loss = 0.02200970065844645, R-squared = 0.9776994289980658
	After epoch 45: Loss = 0.020133623570098964, R-squared = 0.9784127273520454
	After epoch 46: Loss = 0.019053210236727687, R-squared = 0.9801574986767274
	After epoch 47: Loss = 0.018606386075946005, R-squared = 0.9805558438915138
	After epoch 48: Loss = 0.01710254427273218, R-squared = 0.9810157797482107
	After epoch 49: Loss = 0.01730069802496248, R-squared = 0.9808109076199297
	After epoch 50: Loss = 0.017894879778815452, R-squared = 0.9807548977003844
Training process has finished.
Using CNN: NoPoolCNN4 with learning rate: 0.0001
	After epoch 1: Loss = 1.004733509408014, R-squared = -0.04678970907532496
	After epoch 2: Loss = 0.9723028542881055, R-squared = 0.005078332723969093
	After epoch 3: Loss = 0.8979707930493191, R-squared = 0.08122093282903928
	After epoch 4: Loss = 0.7577469528629026, R-squared = 0.24036725556899102
	After epoch 5: Loss = 0.625766061106592, R-squared = 0.3732820916354872
	After epoch 6: Loss = 0.4137632295946327, R-squared = 0.5874975602022762
	After epoch 7: Loss = 0.18536286026619353, R-squared = 0.8032677473509159
	After epoch 8: Loss = 0.0909077764964625, R-squared = 0.9032152645861364
	After epoch 9: Loss = 0.07758736773260941, R-squared = 0.9209907248964594
	After epoch 10: Loss = 0.06960526096639476, R-squared = 0.9289564899179543
	After epoch 11: Loss = 0.044299942034234076, R-squared = 0.9447768269448737
	After epoch 12: Loss = 0.03161834232113704, R-squared = 0.9671424880223631
	After epoch 13: Loss = 0.034109802129440626, R-squared = 0.9649513952684551
	After epoch 14: Loss = 0.03560085371177263, R-squared = 0.9535905700965666
	After epoch 15: Loss = 0.02712413292459521, R-squared = 0.972457132585058
	After epoch 16: Loss = 0.02815846026742367, R-squared = 0.9711159919715051
	After epoch 17: Loss = 0.028105464334415915, R-squared = 0.9710573289354171
	After epoch 18: Loss = 0.029728886295170703, R-squared = 0.9695908539741793
	After epoch 19: Loss = 0.020756584842541847, R-squared = 0.9766245187283233
	After epoch 20: Loss = 0.02025108780058236, R-squared = 0.9786796338825265
	After epoch 21: Loss = 0.019226810397670796, R-squared = 0.9760572478087501
	After epoch 22: Loss = 0.014369175862880196, R-squared = 0.9845771987451389
	After epoch 23: Loss = 0.01374714909181421, R-squared = 0.9845583628795446
	After epoch 24: Loss = 0.016115546982031315, R-squared = 0.9840632192391494
	After epoch 25: Loss = 0.013710005734162718, R-squared = 0.9856142102034724
	After epoch 26: Loss = 0.011748135035291922, R-squared = 0.9880682805184403
	After epoch 27: Loss = 0.009659647680681407, R-squared = 0.9885325801475562
	After epoch 28: Loss = 0.008704945325700859, R-squared = 0.9910406350065164
	After epoch 29: Loss = 0.01053757550459436, R-squared = 0.9880102049126795
	After epoch 30: Loss = 0.01169768760105585, R-squared = 0.9855098064698847
	After epoch 31: Loss = 0.011892725949901244, R-squared = 0.9876706239663282
	After epoch 32: Loss = 0.010895903432136044, R-squared = 0.9892870764221835
	After epoch 33: Loss = 0.009336811467749595, R-squared = 0.9901943504699187
	After epoch 34: Loss = 0.006579296974232565, R-squared = 0.9925079021420453
	After epoch 35: Loss = 0.005159431815419243, R-squared = 0.9944596153322467
	After epoch 36: Loss = 0.00694699478137451, R-squared = 0.9918376010536818
	After epoch 37: Loss = 0.007606793952629154, R-squared = 0.9913872669177897
	After epoch 38: Loss = 0.004873333722206627, R-squared = 0.9942239174612965
	After epoch 39: Loss = 0.0034634278693072154, R-squared = 0.9960582379386025
	After epoch 40: Loss = 0.002938238257255929, R-squared = 0.9969841172372954
	After epoch 41: Loss = 0.0027597988737049954, R-squared = 0.9967694945268057
	After epoch 42: Loss = 0.0024264010424856174, R-squared = 0.9975624787044015
	After epoch 43: Loss = 0.0021506520702214457, R-squared = 0.9977916775937024
	After epoch 44: Loss = 0.002085971766190761, R-squared = 0.9977985242990421
	After epoch 45: Loss = 0.0022674713274489612, R-squared = 0.9977356581943555
	After epoch 46: Loss = 0.0015373580312745768, R-squared = 0.9984715575401065
	After epoch 47: Loss = 0.0016679013671510097, R-squared = 0.9983251003668542
	After epoch 48: Loss = 0.0013752773386421398, R-squared = 0.9985819474109476
	After epoch 49: Loss = 0.002598912331069568, R-squared = 0.9972006759089954
	After epoch 50: Loss = 0.0024011634333489977, R-squared = 0.9973776792011652
Training process has finished.
Using CNN: NoPoolCNN4 with learning rate: 0.0005
	After epoch 1: Loss = 1.0091848216453456, R-squared = -0.07310973456609111
	After epoch 2: Loss = 0.9409729692280173, R-squared = 0.02368661555117737
	After epoch 3: Loss = 0.5362428147562436, R-squared = 0.4433181307805131
	After epoch 4: Loss = 0.16461559087664288, R-squared = 0.8171201439036592
	After epoch 5: Loss = 0.06128663076198774, R-squared = 0.9339981137827482
	After epoch 6: Loss = 0.03998262919421476, R-squared = 0.9592924344872028
	After epoch 7: Loss = 0.03999284678514335, R-squared = 0.949799692785915
	After epoch 8: Loss = 0.029838413203649616, R-squared = 0.969727696425894
	After epoch 9: Loss = 0.02871272450420708, R-squared = 0.9644266074024828
	After epoch 10: Loss = 0.018481299972237082, R-squared = 0.9800314126445426
	After epoch 11: Loss = 0.02509640510122631, R-squared = 0.9753204878213675
	After epoch 12: Loss = 0.03267367817366202, R-squared = 0.9662985863779691
	After epoch 13: Loss = 0.03198236805907994, R-squared = 0.9618844021251439
	After epoch 14: Loss = 0.022989031274204482, R-squared = 0.9757567908202395
	After epoch 15: Loss = 0.03282613627191798, R-squared = 0.9662104476563649
	After epoch 16: Loss = 0.014695448662925912, R-squared = 0.9843746351797691
	After epoch 17: Loss = 0.011326034912673293, R-squared = 0.9871716489595073
	After epoch 18: Loss = 0.014707379923826614, R-squared = 0.9852128571924528
	After epoch 19: Loss = 0.010250956747380892, R-squared = 0.9895850916633533
	After epoch 20: Loss = 0.012744738633989987, R-squared = 0.9789229379937613
	After epoch 21: Loss = 0.02620874279488981, R-squared = 0.9730482617262988
	After epoch 22: Loss = 0.0474223133804126, R-squared = 0.9504364044928092
	After epoch 23: Loss = 0.027504524949529867, R-squared = 0.9752457425846668
	After epoch 24: Loss = 0.012499434204014243, R-squared = 0.9875333903448948
	After epoch 25: Loss = 0.009133371919698659, R-squared = 0.9894946920875703
	After epoch 26: Loss = 0.010389240112331265, R-squared = 0.9890219436142942
	After epoch 27: Loss = 0.007918512386925924, R-squared = 0.9916250923929562
	After epoch 28: Loss = 0.005700385739597046, R-squared = 0.9939604707139589
	After epoch 29: Loss = 0.00927249418716374, R-squared = 0.9906382475484096
	After epoch 30: Loss = 0.011932480685250883, R-squared = 0.9877442450379613
	After epoch 31: Loss = 0.009959087202341035, R-squared = 0.9888960494789147
	After epoch 32: Loss = 0.005930337464011973, R-squared = 0.9926265306230804
	After epoch 33: Loss = 0.0038874558326951547, R-squared = 0.9956789399455653
	After epoch 34: Loss = 0.0033962927494062614, R-squared = 0.9965583173820203
	After epoch 35: Loss = 0.002809724347804409, R-squared = 0.9968418114574711
	After epoch 36: Loss = 0.0034452507891111726, R-squared = 0.9961299439901513
	After epoch 37: Loss = 0.0028714040735467908, R-squared = 0.9967293209208916
	After epoch 38: Loss = 0.0019293576853940896, R-squared = 0.9979610894156534
	After epoch 39: Loss = 0.0028584006904720884, R-squared = 0.997225391359968
	After epoch 40: Loss = 0.002650121429491047, R-squared = 0.9969888737720053
	After epoch 41: Loss = 0.002423303547943408, R-squared = 0.9960326287335098
	After epoch 42: Loss = 0.0050422949805777936, R-squared = 0.994305533781648
	After epoch 43: Loss = 0.008029125602197486, R-squared = 0.9916819645268937
	After epoch 44: Loss = 0.0051311201823191314, R-squared = 0.9941702267248591
	After epoch 45: Loss = 0.0032710383375580397, R-squared = 0.9964903063107811
	After epoch 46: Loss = 0.0014531922299356437, R-squared = 0.9985133031221982
	After epoch 47: Loss = 0.0012305011118620714, R-squared = 0.998487345788118
	After epoch 48: Loss = 0.0016582188443594371, R-squared = 0.9981778000572128
	After epoch 49: Loss = 0.001046120115068004, R-squared = 0.998858318443444
	After epoch 50: Loss = 0.0013533731052839922, R-squared = 0.9983774847052833
Training process has finished.
Using CNN: NoPoolCNN4 with learning rate: 0.001
	After epoch 1: Loss = 0.7912652554246262, R-squared = 0.19112817636388407
	After epoch 2: Loss = 0.2835713870315266, R-squared = 0.7258670704716514
	After epoch 3: Loss = 0.06550418949837147, R-squared = 0.9282170799680427
	After epoch 4: Loss = 0.019135376834185994, R-squared = 0.9795599700078302
	After epoch 5: Loss = 0.021076932245181163, R-squared = 0.9776998942191957
	After epoch 6: Loss = 0.012183442605732847, R-squared = 0.9874830792773018
	After epoch 7: Loss = 0.008058720246537452, R-squared = 0.9916273138771213
	After epoch 8: Loss = 0.005825713694185502, R-squared = 0.9939920991769309
	After epoch 9: Loss = 0.003175584429033388, R-squared = 0.9964497984393932
	After epoch 10: Loss = 0.0049950714206730504, R-squared = 0.9934498323749479
	After epoch 11: Loss = 0.00612841833254771, R-squared = 0.993116361603881
	After epoch 12: Loss = 0.003609913808605357, R-squared = 0.996259428484844
	After epoch 13: Loss = 0.003966717169862561, R-squared = 0.9951853472890388
	After epoch 14: Loss = 0.005103145086597714, R-squared = 0.9946728667558865
	After epoch 15: Loss = 0.003382064432379271, R-squared = 0.9964037852150831
	After epoch 16: Loss = 0.0021318989591291282, R-squared = 0.9977482265282346
	After epoch 17: Loss = 0.0015699796015344616, R-squared = 0.9984222200441989
	After epoch 18: Loss = 0.0024249626637290393, R-squared = 0.9975196895253093
	After epoch 19: Loss = 0.002108184436349254, R-squared = 0.9979338356081998
	After epoch 20: Loss = 0.0012177174657276074, R-squared = 0.9987144006320021
	After epoch 21: Loss = 0.001258732515747919, R-squared = 0.9983768299347917
	After epoch 22: Loss = 0.002029533809645147, R-squared = 0.9977553824028016
	After epoch 23: Loss = 0.002240651572379194, R-squared = 0.9977610991790277
	After epoch 24: Loss = 0.0011958668462831816, R-squared = 0.9986710790154383
	After epoch 25: Loss = 0.0006226955992337035, R-squared = 0.9993228584060473
	After epoch 26: Loss = 0.0040616415503265235, R-squared = 0.9934754822113266
	After epoch 27: Loss = 0.005720260553163587, R-squared = 0.9941223801923904
	After epoch 28: Loss = 0.00804983419234014, R-squared = 0.9916980132909705
	After epoch 29: Loss = 0.004371445410219436, R-squared = 0.9957187315385931
	After epoch 30: Loss = 0.0030937035160282927, R-squared = 0.9970926493138643
	After epoch 31: Loss = 0.0013714075619719085, R-squared = 0.9985592622864935
	After epoch 32: Loss = 0.0013769378347860974, R-squared = 0.9984388536117077
	After epoch 33: Loss = 0.004544988493622831, R-squared = 0.9952460004665544
	After epoch 34: Loss = 0.0033033785879873134, R-squared = 0.9955217609681967
	After epoch 35: Loss = 0.0014956393270833999, R-squared = 0.9984192021115085
	After epoch 36: Loss = 0.00141723426748264, R-squared = 0.9985777631461936
	After epoch 37: Loss = 0.0018985561878923141, R-squared = 0.9980300622842817
	After epoch 38: Loss = 0.0032238831229809777, R-squared = 0.9964883271766386
	After epoch 39: Loss = 0.0017714473976095553, R-squared = 0.9978292700643108
	After epoch 40: Loss = 0.004055246893736299, R-squared = 0.9957402881705333
	After epoch 41: Loss = 0.014855006841436208, R-squared = 0.9859514925065836
	After epoch 42: Loss = 0.006884531578143999, R-squared = 0.9930990095384017
	After epoch 43: Loss = 0.002646842356787128, R-squared = 0.9971157646027573
	After epoch 44: Loss = 0.0027762156977099686, R-squared = 0.9969805597094867
	After epoch 45: Loss = 0.003644523271680085, R-squared = 0.9957493167313783
	After epoch 46: Loss = 0.0016791679623314726, R-squared = 0.9981918232708769
	After epoch 47: Loss = 0.0007046434105262962, R-squared = 0.9992466501582211
	After epoch 48: Loss = 0.00046209470033729626, R-squared = 0.9995520420231541
	After epoch 49: Loss = 0.0006230766172936861, R-squared = 0.999313885422511
	After epoch 50: Loss = 0.0004961671226112134, R-squared = 0.9994950945329872
Training process has finished.
Using CNN: NoPoolCNN4 with learning rate: 0.005
	After epoch 1: Loss = 1.8113315685895994, R-squared = -1.2678441055115663
	After epoch 2: Loss = 1.0224078287797824, R-squared = -0.12072601111593048
	After epoch 3: Loss = 1.0231456190956105, R-squared = -0.11620374473767899
	After epoch 4: Loss = 1.0007860312711727, R-squared = -0.0160587102793489
	After epoch 5: Loss = 0.7618686053898942, R-squared = 0.23213471118521625
	After epoch 6: Loss = 0.36585267044619785, R-squared = 0.5877446805689088
	After epoch 7: Loss = 0.1721963455356859, R-squared = 0.8102988329892968
	After epoch 8: Loss = 0.09168713085177202, R-squared = 0.9053121639369515
	After epoch 9: Loss = 0.04205724879556251, R-squared = 0.9294976282068032
	After epoch 10: Loss = 0.024117622003619592, R-squared = 0.9738006352921978
	After epoch 11: Loss = 0.016084522081235723, R-squared = 0.9830692261248973
	After epoch 12: Loss = 0.010926601223507075, R-squared = 0.9881443158614459
	After epoch 13: Loss = 0.015724961218331446, R-squared = 0.9839442620217895
	After epoch 14: Loss = 0.01377045281120573, R-squared = 0.9855101127492227
	After epoch 15: Loss = 0.010030148901353338, R-squared = 0.9876035202021587
	After epoch 16: Loss = 0.008774895415770007, R-squared = 0.9899104142701525
	After epoch 17: Loss = 0.012249208706375107, R-squared = 0.985244587624671
	After epoch 18: Loss = 0.005202681821202229, R-squared = 0.9942861032984442
	After epoch 19: Loss = 0.0040585858253903385, R-squared = 0.9958909215372833
	After epoch 20: Loss = 0.0051207460918742485, R-squared = 0.9948538858686691
	After epoch 21: Loss = 0.005277417648030811, R-squared = 0.9940968028493877
	After epoch 22: Loss = 0.0022185066004578816, R-squared = 0.9971451621397172
	After epoch 23: Loss = 0.0026063964839508637, R-squared = 0.997058727499749
	After epoch 24: Loss = 0.003175960107585268, R-squared = 0.9964206526763864
	After epoch 25: Loss = 0.008350549746970795, R-squared = 0.9902737810921464
	After epoch 26: Loss = 0.005149373146048577, R-squared = 0.9945373433387757
	After epoch 27: Loss = 0.00523863409211847, R-squared = 0.9943925917722819
	After epoch 28: Loss = 0.005701696254799967, R-squared = 0.9938093955632017
	After epoch 29: Loss = 0.003048051279360537, R-squared = 0.9964461191322316
	After epoch 30: Loss = 0.0024629020474837026, R-squared = 0.9971177276313608
	After epoch 31: Loss = 0.003950503962565342, R-squared = 0.9961923896386606
	After epoch 32: Loss = 0.010511083438292377, R-squared = 0.986850050563967
	After epoch 33: Loss = 0.006571552417430175, R-squared = 0.9932954748935956
	After epoch 34: Loss = 0.011578577968199753, R-squared = 0.9868752173444314
	After epoch 35: Loss = 0.007257417819929381, R-squared = 0.9913294483194319
	After epoch 36: Loss = 0.019148298107537234, R-squared = 0.9744990184508433
	After epoch 37: Loss = 0.006791998698552733, R-squared = 0.9930101968296554
	After epoch 38: Loss = 0.003017313735354025, R-squared = 0.9965127604404234
	After epoch 39: Loss = 0.002006089349722928, R-squared = 0.997746838886625
	After epoch 40: Loss = 0.0035600387206389285, R-squared = 0.9960279447450618
	After epoch 41: Loss = 0.0034991343236657735, R-squared = 0.9958668786834839
	After epoch 42: Loss = 0.0021275539641069287, R-squared = 0.9977722601114701
	After epoch 43: Loss = 0.004030019542034263, R-squared = 0.9954221529067924
	After epoch 44: Loss = 0.005655687782875982, R-squared = 0.9943923718853027
	After epoch 45: Loss = 0.0027778062167932893, R-squared = 0.997091624429298
	After epoch 46: Loss = 0.0028188201511394444, R-squared = 0.9970905430539594
	After epoch 47: Loss = 0.004178128828559833, R-squared = 0.9953194780066198
	After epoch 48: Loss = 0.002320299674408009, R-squared = 0.997487004326773
	After epoch 49: Loss = 0.0014738451998350598, R-squared = 0.9984551853498316
	After epoch 50: Loss = 0.0007945448359250283, R-squared = 0.9990975717307556
Training process has finished.
Time taken for NoPoolCNN4: 689.278902053833 seconds
gpu_utilization [%], mem_utilization [%], max_memory_usage [MiB], time [ms]
90 %, 69 %, 11174 MiB, 1933830 ms
