Mon Dec 16 14:31:10 2024       
+-----------------------------------------------------------------------------------------+
| NVIDIA-SMI 565.57.01              Driver Version: 565.57.01      CUDA Version: 12.7     |
|-----------------------------------------+------------------------+----------------------+
| GPU  Name                 Persistence-M | Bus-Id          Disp.A | Volatile Uncorr. ECC |
| Fan  Temp   Perf          Pwr:Usage/Cap |           Memory-Usage | GPU-Util  Compute M. |
|                                         |                        |               MIG M. |
|=========================================+========================+======================|
|   0  Tesla V100S-PCIE-32GB          On  |   00000000:01:00.0 Off |                    0 |
| N/A   32C    P0             25W /  250W |       1MiB /  32768MiB |      0%      Default |
|                                         |                        |                  N/A |
+-----------------------------------------+------------------------+----------------------+
                                                                                         
+-----------------------------------------------------------------------------------------+
| Processes:                                                                              |
|  GPU   GI   CI        PID   Type   Process name                              GPU Memory |
|        ID   ID                                                               Usage      |
|=========================================================================================|
|  No running processes found                                                             |
+-----------------------------------------------------------------------------------------+
Using device: cuda
Number of permeability values: 455
Number of images: 455
Using CNN: NoPoolCNN1 with learning rate: 1e-05
	After epoch 1: Loss = 1.065704965969321, R-squared = -0.12939219983403794
	After epoch 2: Loss = 1.0513164760104259, R-squared = -0.14069796769320855
	After epoch 3: Loss = 1.0406363106402368, R-squared = -0.09217349533471383
	After epoch 4: Loss = 1.0306034426340567, R-squared = -0.1227620116738847
	After epoch 5: Loss = 1.0272874590660357, R-squared = -0.1000653561470275
	After epoch 6: Loss = 1.0100161247112078, R-squared = -0.1575502583200153
	After epoch 7: Loss = 1.0064669107068438, R-squared = -0.05028055436329668
	After epoch 8: Loss = 0.9982101385521618, R-squared = -0.053234743032593415
	After epoch 9: Loss = 1.002707289983775, R-squared = -0.04899889004303363
	After epoch 10: Loss = 0.9913943799730156, R-squared = -0.15482813114744665
	After epoch 11: Loss = 0.9833993549739475, R-squared = -0.035245530855592976
	After epoch 12: Loss = 0.9814113925425845, R-squared = -0.002284762048046218
	After epoch 13: Loss = 0.9782530039963758, R-squared = -0.0185108308751634
	After epoch 14: Loss = 0.9737758945980565, R-squared = -0.005117749847605935
	After epoch 15: Loss = 0.9703438423433844, R-squared = -0.009122444869835756
	After epoch 16: Loss = 0.9688525409500756, R-squared = -0.006546505524088908
	After epoch 17: Loss = 0.9674452595202485, R-squared = 0.0014758112693044833
	After epoch 18: Loss = 0.9622993158219645, R-squared = 0.0219198586355809
	After epoch 19: Loss = 0.954157911919635, R-squared = 0.019970931145392112
	After epoch 20: Loss = 0.951032475238005, R-squared = -0.006662343562582296
	After epoch 21: Loss = 0.944490104684933, R-squared = -0.028814341775632656
	After epoch 22: Loss = 0.9412660421945869, R-squared = 0.040917657812128916
	After epoch 23: Loss = 0.9349363529337843, R-squared = 0.002323350079699671
	After epoch 24: Loss = 0.9292329592689346, R-squared = 0.04934355249487245
	After epoch 25: Loss = 0.919312979917207, R-squared = 0.07342130126976419
	After epoch 26: Loss = 0.9116310389903097, R-squared = 0.04903338916123247
	After epoch 27: Loss = 0.9082262990298485, R-squared = 0.05093894157863178
	After epoch 28: Loss = 0.8961220828500427, R-squared = 0.08487392656512852
	After epoch 29: Loss = 0.8862477188976836, R-squared = 0.09724839846349669
	After epoch 30: Loss = 0.8727278993671369, R-squared = -0.06156855746522755
	After epoch 31: Loss = 0.8617094748137895, R-squared = 0.07650539235924789
	After epoch 32: Loss = 0.8537439319404839, R-squared = 0.137786744034119
	After epoch 33: Loss = 0.8363271366829759, R-squared = 0.13722520244126235
	After epoch 34: Loss = 0.821073253012224, R-squared = 0.16346889970182923
	After epoch 35: Loss = 0.8032282018280237, R-squared = 0.1923937919776296
	After epoch 36: Loss = 0.7822302908222017, R-squared = 0.20787451947294908
	After epoch 37: Loss = 0.7624539230875949, R-squared = 0.2342961097080407
	After epoch 38: Loss = 0.7332300282662055, R-squared = 0.2565061589942646
	After epoch 39: Loss = 0.7103061967010842, R-squared = 0.2824367245545374
	After epoch 40: Loss = 0.681275092591511, R-squared = 0.31211633410496037
	After epoch 41: Loss = 0.6512150075442268, R-squared = 0.34271802836531906
	After epoch 42: Loss = 0.6240762655930384, R-squared = 0.3546427247089503
	After epoch 43: Loss = 0.6018961919670524, R-squared = 0.40122273652033674
	After epoch 44: Loss = 0.582882758323813, R-squared = 0.4229554723235672
	After epoch 45: Loss = 0.5651581025646282, R-squared = 0.4442552507287319
	After epoch 46: Loss = 0.5478663510995481, R-squared = 0.4521938430777112
	After epoch 47: Loss = 0.5300059972899697, R-squared = 0.4661967301585528
	After epoch 48: Loss = 0.5145222735753332, R-squared = 0.48674926933004387
	After epoch 49: Loss = 0.49366023800263037, R-squared = 0.503259524472285
	After epoch 50: Loss = 0.47503803988059856, R-squared = 0.5286416150757308
Training process has finished.
Using CNN: NoPoolCNN1 with learning rate: 5e-05
	After epoch 1: Loss = 1.001036544069342, R-squared = -0.025685611486447678
	After epoch 2: Loss = 0.9949615336471964, R-squared = -0.02219019987112897
	After epoch 3: Loss = 0.9862991598918753, R-squared = -0.00386243884238342
	After epoch 4: Loss = 0.9719763066236485, R-squared = -0.018910287859882257
	After epoch 5: Loss = 0.9462542069454332, R-squared = 0.04196165949986441
	After epoch 6: Loss = 0.9090711364444554, R-squared = 0.05953137523313449
	After epoch 7: Loss = 0.8417480931617343, R-squared = 0.13862550939461143
	After epoch 8: Loss = 0.7581138758995614, R-squared = 0.23601009964939737
	After epoch 9: Loss = 0.6646270820299036, R-squared = 0.33815095373476806
	After epoch 10: Loss = 0.5647167872950994, R-squared = 0.43942053029202305
	After epoch 11: Loss = 0.450995855361423, R-squared = 0.5493867364789794
	After epoch 12: Loss = 0.34274445368460416, R-squared = 0.6571681227730702
	After epoch 13: Loss = 0.2477137718385903, R-squared = 0.7473969654923656
	After epoch 14: Loss = 0.17238460019659071, R-squared = 0.8093536548891758
	After epoch 15: Loss = 0.12317533086492163, R-squared = 0.8748203460295837
	After epoch 16: Loss = 0.10192389246820185, R-squared = 0.890650271881357
	After epoch 17: Loss = 0.07881355107649898, R-squared = 0.9175710137977473
	After epoch 18: Loss = 0.06057424188605267, R-squared = 0.9290934722686093
	After epoch 19: Loss = 0.04798124158002411, R-squared = 0.9499702197174857
	After epoch 20: Loss = 0.041362239222752756, R-squared = 0.9574354186446954
	After epoch 21: Loss = 0.04017201200703532, R-squared = 0.9577396910766073
	After epoch 22: Loss = 0.035755028448255774, R-squared = 0.9631278878503764
	After epoch 23: Loss = 0.03438289343616062, R-squared = 0.9653097189079489
	After epoch 24: Loss = 0.03441522980688828, R-squared = 0.9619466368762278
	After epoch 25: Loss = 0.03955976359031625, R-squared = 0.9596271171738721
	After epoch 26: Loss = 0.030382917621140853, R-squared = 0.9679996727310239
	After epoch 27: Loss = 0.030361033299879013, R-squared = 0.9656754705524812
	After epoch 28: Loss = 0.029833627858016666, R-squared = 0.9689076475203249
	After epoch 29: Loss = 0.02764069053323534, R-squared = 0.970048557270986
	After epoch 30: Loss = 0.028253748583286043, R-squared = 0.9694094300129634
	After epoch 31: Loss = 0.029088994215005926, R-squared = 0.970480509914915
	After epoch 32: Loss = 0.03216599731857155, R-squared = 0.9646699750792459
	After epoch 33: Loss = 0.028242075682689154, R-squared = 0.9697043468065246
	After epoch 34: Loss = 0.03144326287235209, R-squared = 0.9674994318527542
	After epoch 35: Loss = 0.026229712647418663, R-squared = 0.9710541799282512
	After epoch 36: Loss = 0.02660353755287905, R-squared = 0.9714238752718103
	After epoch 37: Loss = 0.02454315807702822, R-squared = 0.9720228200214924
	After epoch 38: Loss = 0.024565112320322345, R-squared = 0.9740688593873734
	After epoch 39: Loss = 0.021023372861722563, R-squared = 0.9780192516500181
	After epoch 40: Loss = 0.020184512643583126, R-squared = 0.9780940653570391
	After epoch 41: Loss = 0.020449470086873485, R-squared = 0.9771179689260631
	After epoch 42: Loss = 0.019430538106535174, R-squared = 0.980110677814565
	After epoch 43: Loss = 0.019403793804029908, R-squared = 0.9790700201643763
	After epoch 44: Loss = 0.02071654319993214, R-squared = 0.9785094291507554
	After epoch 45: Loss = 0.018383660958625016, R-squared = 0.9764623601027538
	After epoch 46: Loss = 0.019208559557086207, R-squared = 0.9803131352946114
	After epoch 47: Loss = 0.01757957027249475, R-squared = 0.9808914588634506
	After epoch 48: Loss = 0.01608649783410191, R-squared = 0.98368739539401
	After epoch 49: Loss = 0.01667755118851416, R-squared = 0.9821615327361627
	After epoch 50: Loss = 0.014421893842772177, R-squared = 0.9854763350832171
Training process has finished.
Using CNN: NoPoolCNN1 with learning rate: 0.0001
	After epoch 1: Loss = 1.001912957492927, R-squared = -0.015200436751738855
	After epoch 2: Loss = 0.9963108868912061, R-squared = -0.01685207750015172
	After epoch 3: Loss = 0.9871948080894424, R-squared = -0.028772725404462962
	After epoch 4: Loss = 0.9599543726433393, R-squared = 0.014460606446151747
	After epoch 5: Loss = 0.9013154016555281, R-squared = 0.0958148584493917
	After epoch 6: Loss = 0.7828562452640753, R-squared = 0.20997403402288572
	After epoch 7: Loss = 0.583736725772852, R-squared = 0.4132214418150323
	After epoch 8: Loss = 0.3757441877295591, R-squared = 0.6198955677324328
	After epoch 9: Loss = 0.20724703228746327, R-squared = 0.7491450631619222
	After epoch 10: Loss = 0.10520793437974951, R-squared = 0.8958539976064754
	After epoch 11: Loss = 0.05145141739220217, R-squared = 0.9425770716002461
	After epoch 12: Loss = 0.03595879531981023, R-squared = 0.9644805133258345
	After epoch 13: Loss = 0.027407870909412997, R-squared = 0.9699165805162003
	After epoch 14: Loss = 0.020455052239973782, R-squared = 0.9782915355775359
	After epoch 15: Loss = 0.015812698110763558, R-squared = 0.9822322826086303
	After epoch 16: Loss = 0.018587217930536158, R-squared = 0.9822405921662994
	After epoch 17: Loss = 0.017781790314027615, R-squared = 0.9812465131395463
	After epoch 18: Loss = 0.01460195217471287, R-squared = 0.9810691930318522
	After epoch 19: Loss = 0.011342235401031815, R-squared = 0.9875132622051883
	After epoch 20: Loss = 0.01045113050241608, R-squared = 0.9889484954592012
	After epoch 21: Loss = 0.013486735069800974, R-squared = 0.9861331867576867
	After epoch 22: Loss = 0.010802915864899369, R-squared = 0.9892493391245581
	After epoch 23: Loss = 0.00938391848844138, R-squared = 0.9895846482025206
	After epoch 24: Loss = 0.011509155781164218, R-squared = 0.9883450538698616
	After epoch 25: Loss = 0.011493702503957034, R-squared = 0.9872990881109116
	After epoch 26: Loss = 0.008244459337787764, R-squared = 0.9910543152242616
	After epoch 27: Loss = 0.0075548968631813495, R-squared = 0.992108020478962
	After epoch 28: Loss = 0.011642331042493532, R-squared = 0.9859842933160913
	After epoch 29: Loss = 0.009087082620636379, R-squared = 0.990518271616914
	After epoch 30: Loss = 0.0063830594527253285, R-squared = 0.9934018641457719
	After epoch 31: Loss = 0.005780734707109069, R-squared = 0.9936914783693768
	After epoch 32: Loss = 0.007119095178789098, R-squared = 0.988158539577268
	After epoch 33: Loss = 0.006433583317236055, R-squared = 0.9935757419556159
	After epoch 34: Loss = 0.006311247536172864, R-squared = 0.9938456770656574
	After epoch 35: Loss = 0.0057242557304685885, R-squared = 0.994321634616048
	After epoch 36: Loss = 0.005830725982059298, R-squared = 0.9945347536718849
	After epoch 37: Loss = 0.004760240746454073, R-squared = 0.9949326233299549
	After epoch 38: Loss = 0.004509808143043373, R-squared = 0.9955298921342342
	After epoch 39: Loss = 0.00563331347382605, R-squared = 0.99374273571707
	After epoch 40: Loss = 0.00582303699713193, R-squared = 0.9929022013387836
	After epoch 41: Loss = 0.005861594727155759, R-squared = 0.9938478389939963
	After epoch 42: Loss = 0.004306661847351557, R-squared = 0.9955584896772193
	After epoch 43: Loss = 0.004899292402207099, R-squared = 0.9941999197450384
	After epoch 44: Loss = 0.005377923342557275, R-squared = 0.9944743417753112
	After epoch 45: Loss = 0.00488910269905022, R-squared = 0.9945933023982324
	After epoch 46: Loss = 0.0032048141259159294, R-squared = 0.9963584939636817
	After epoch 47: Loss = 0.003090082284390093, R-squared = 0.9963068115560226
	After epoch 48: Loss = 0.004116923362066392, R-squared = 0.9955248871068184
	After epoch 49: Loss = 0.0041156235904383, R-squared = 0.9951355894007599
	After epoch 50: Loss = 0.0025931381779891126, R-squared = 0.9970696498041474
Training process has finished.
Using CNN: NoPoolCNN1 with learning rate: 0.0005
	After epoch 1: Loss = 0.8603615896333107, R-squared = 0.12052362173425712
	After epoch 2: Loss = 0.2925711230689523, R-squared = 0.675325700688249
	After epoch 3: Loss = 0.09237626372898215, R-squared = 0.8995199570412064
	After epoch 4: Loss = 0.05092542177255542, R-squared = 0.9449293312484542
	After epoch 5: Loss = 0.03385535811402084, R-squared = 0.9604738186523157
	After epoch 6: Loss = 0.03428051611417245, R-squared = 0.9612530004278229
	After epoch 7: Loss = 0.029856402281405136, R-squared = 0.9675075603129978
	After epoch 8: Loss = 0.022409196555385855, R-squared = 0.9762541749030911
	After epoch 9: Loss = 0.021517340500001595, R-squared = 0.9764765455064908
	After epoch 10: Loss = 0.03585360593527868, R-squared = 0.9548660762739678
	After epoch 11: Loss = 0.030200607789729682, R-squared = 0.9649562866965351
	After epoch 12: Loss = 0.03847048770485855, R-squared = 0.9655289499753824
	After epoch 13: Loss = 0.029186782779534383, R-squared = 0.9702416757155996
	After epoch 14: Loss = 0.041828156065686975, R-squared = 0.9553331843863198
	After epoch 15: Loss = 0.016732335529855237, R-squared = 0.9802692036549615
	After epoch 16: Loss = 0.012395998450534794, R-squared = 0.9869121756111017
	After epoch 17: Loss = 0.006292721487108782, R-squared = 0.9937586057354876
	After epoch 18: Loss = 0.007595201659359294, R-squared = 0.9914739453953967
	After epoch 19: Loss = 0.005860071735988304, R-squared = 0.994092026776203
	After epoch 20: Loss = 0.005102109222652857, R-squared = 0.9943157551020567
	After epoch 21: Loss = 0.007985523825445595, R-squared = 0.9904561936026628
	After epoch 22: Loss = 0.008805375459202756, R-squared = 0.9910852424309123
	After epoch 23: Loss = 0.0029941010605772354, R-squared = 0.9968753772973813
	After epoch 24: Loss = 0.0027212612276928186, R-squared = 0.9971199848192331
	After epoch 25: Loss = 0.0013832175576869543, R-squared = 0.9985620073354851
	After epoch 26: Loss = 0.001121627693522619, R-squared = 0.9987473145676191
	After epoch 27: Loss = 0.0010343646067787948, R-squared = 0.9988666795265427
	After epoch 28: Loss = 0.0009163509857232023, R-squared = 0.999010701727738
	After epoch 29: Loss = 0.001125037188722788, R-squared = 0.9988358299543048
	After epoch 30: Loss = 0.0008114145059394794, R-squared = 0.9991217406598073
	After epoch 31: Loss = 0.001028265741054286, R-squared = 0.9989515927772935
	After epoch 32: Loss = 0.0010332837301911331, R-squared = 0.9989449173629597
	After epoch 33: Loss = 0.0011010461091629942, R-squared = 0.998907826620008
	After epoch 34: Loss = 0.0005633589863738726, R-squared = 0.9993833112067934
	After epoch 35: Loss = 0.0005804396317985142, R-squared = 0.9993444024991149
	After epoch 36: Loss = 0.0013889250731589943, R-squared = 0.9983100450504786
	After epoch 37: Loss = 0.0013196244679820532, R-squared = 0.9986339640139625
	After epoch 38: Loss = 0.0007154913905926909, R-squared = 0.9992504027281426
	After epoch 39: Loss = 0.0003971134601787263, R-squared = 0.9996019541946826
	After epoch 40: Loss = 0.0008606338347652532, R-squared = 0.9991471989970264
	After epoch 41: Loss = 0.0020128347506530074, R-squared = 0.9978392630144747
	After epoch 42: Loss = 0.0006978850063744369, R-squared = 0.9992613076133352
	After epoch 43: Loss = 0.00040524138434536053, R-squared = 0.9995809851479244
	After epoch 44: Loss = 0.0022890099979873536, R-squared = 0.9976437466048832
	After epoch 45: Loss = 0.00738705017474864, R-squared = 0.9925223005726498
	After epoch 46: Loss = 0.0038785686920659, R-squared = 0.9955218005523099
	After epoch 47: Loss = 0.0021337819922095163, R-squared = 0.9977597552330721
	After epoch 48: Loss = 0.0018092829781104474, R-squared = 0.9981789397851957
	After epoch 49: Loss = 0.006765769643207471, R-squared = 0.990777592548112
	After epoch 50: Loss = 0.003325415425391074, R-squared = 0.9966591383239776
Training process has finished.
Using CNN: NoPoolCNN1 with learning rate: 0.001
	After epoch 1: Loss = 0.8821667734989951, R-squared = 0.09868778869018187
	After epoch 2: Loss = 0.2024012055995769, R-squared = 0.7752002304132906
	After epoch 3: Loss = 0.07747074297187911, R-squared = 0.9054017063965523
	After epoch 4: Loss = 0.07144670793546698, R-squared = 0.9158060595808022
	After epoch 5: Loss = 0.05122364614640225, R-squared = 0.9484437411101764
	After epoch 6: Loss = 0.028236186846132254, R-squared = 0.9610849839236344
	After epoch 7: Loss = 0.03817126809386335, R-squared = 0.9594493261465467
	After epoch 8: Loss = 0.03454448442569999, R-squared = 0.9643455568100103
	After epoch 9: Loss = 0.02405385271127824, R-squared = 0.9747916420141163
	After epoch 10: Loss = 0.01839684558141994, R-squared = 0.9785412160615286
	After epoch 11: Loss = 0.027332134485044075, R-squared = 0.9689311589306019
	After epoch 12: Loss = 0.01680780897028971, R-squared = 0.9805289177233176
	After epoch 13: Loss = 0.010492910341769367, R-squared = 0.9876851344855812
	After epoch 14: Loss = 0.009878490523013922, R-squared = 0.9894873502344573
	After epoch 15: Loss = 0.017325681993666336, R-squared = 0.9797438895113764
	After epoch 16: Loss = 0.017993024002739173, R-squared = 0.9825421359971541
	After epoch 17: Loss = 0.01411221123598413, R-squared = 0.9843179987035005
	After epoch 18: Loss = 0.008039027297270756, R-squared = 0.9920670924098285
	After epoch 19: Loss = 0.00629012223151343, R-squared = 0.9932575230126279
	After epoch 20: Loss = 0.003422528955026205, R-squared = 0.9964430346959674
	After epoch 21: Loss = 0.004693401355134156, R-squared = 0.9947897740667893
	After epoch 22: Loss = 0.0021213067118114473, R-squared = 0.9979520922476455
	After epoch 23: Loss = 0.002152319496248052, R-squared = 0.9976072305855272
	After epoch 24: Loss = 0.003118440830357204, R-squared = 0.9968349879571449
	After epoch 25: Loss = 0.0012758348456190548, R-squared = 0.998708597612389
	After epoch 26: Loss = 0.0017000947504976507, R-squared = 0.9982469645831857
	After epoch 27: Loss = 0.0008386908375929158, R-squared = 0.9991457653266765
	After epoch 28: Loss = 0.0010371367205655217, R-squared = 0.9987987817189135
	After epoch 29: Loss = 0.000892728503751514, R-squared = 0.9989799436228335
	After epoch 30: Loss = 0.0007020802118613967, R-squared = 0.9991932524906366
	After epoch 31: Loss = 0.0007276451797042153, R-squared = 0.9992484038316742
	After epoch 32: Loss = 0.0007223870339838545, R-squared = 0.9992414610276092
	After epoch 33: Loss = 0.0004907055805008522, R-squared = 0.9994576550388926
	After epoch 34: Loss = 0.0004304862302424928, R-squared = 0.9995184224429664
	After epoch 35: Loss = 0.0004042999931188655, R-squared = 0.9994699068113114
	After epoch 36: Loss = 0.0005629971788074571, R-squared = 0.9994213765311557
	After epoch 37: Loss = 0.0005804051429780946, R-squared = 0.9992400281567109
	After epoch 38: Loss = 0.00035781895903346124, R-squared = 0.999611241469754
	After epoch 39: Loss = 0.0005036727126399099, R-squared = 0.9994835102852815
	After epoch 40: Loss = 0.0004944651425213747, R-squared = 0.99946423987071
	After epoch 41: Loss = 0.0008270440233842425, R-squared = 0.9990935868102915
	After epoch 42: Loss = 0.0005318512174313288, R-squared = 0.9993894370644052
	After epoch 43: Loss = 0.00031248560754638987, R-squared = 0.9996678768887776
	After epoch 44: Loss = 0.000470456391123173, R-squared = 0.9993501377954299
	After epoch 45: Loss = 0.00047268157824129217, R-squared = 0.9994157245046097
	After epoch 46: Loss = 0.0003722250845575134, R-squared = 0.999607160633347
	After epoch 47: Loss = 0.00021522815145830115, R-squared = 0.9997407467988566
	After epoch 48: Loss = 0.00021356514932530045, R-squared = 0.9997837026621207
	After epoch 49: Loss = 0.00022057942684000696, R-squared = 0.999760792112158
	After epoch 50: Loss = 0.00029686104249859664, R-squared = 0.9996616158245815
Training process has finished.
Using CNN: NoPoolCNN1 with learning rate: 0.005
	After epoch 1: Loss = 1.0755481612625903, R-squared = -0.14463692925682942
	After epoch 2: Loss = 1.0004610243282275, R-squared = -0.02068344220471897
	After epoch 3: Loss = 0.9526388039687571, R-squared = 0.03128389772612783
	After epoch 4: Loss = 0.8052790749438469, R-squared = 0.19083726069102552
	After epoch 5: Loss = 0.5358126700013558, R-squared = 0.45809021170573844
	After epoch 6: Loss = 0.17406525941578796, R-squared = 0.8059136978557857
	After epoch 7: Loss = 0.05987958519214034, R-squared = 0.93065197213534
	After epoch 8: Loss = 0.059201641850394705, R-squared = 0.9345173442321079
	After epoch 9: Loss = 0.098715049863238, R-squared = 0.8868219358572157
	After epoch 10: Loss = 0.03622134624912509, R-squared = 0.9603055797624211
	After epoch 11: Loss = 0.02830451305369568, R-squared = 0.9663336462132539
	After epoch 12: Loss = 0.024134624205213027, R-squared = 0.9597990221713346
	After epoch 13: Loss = 0.019025946073744096, R-squared = 0.9791634955744992
	After epoch 14: Loss = 0.016618513143850662, R-squared = 0.9782764924869864
	After epoch 15: Loss = 0.01413576583602832, R-squared = 0.9851308935301519
	After epoch 16: Loss = 0.014653486937713678, R-squared = 0.983498178629643
	After epoch 17: Loss = 0.03300615736189479, R-squared = 0.946877982497783
	After epoch 18: Loss = 0.05135018478699738, R-squared = 0.945896347400444
	After epoch 19: Loss = 0.02179768508729104, R-squared = 0.9757644846262533
	After epoch 20: Loss = 0.011511628876196979, R-squared = 0.9876833294743911
	After epoch 21: Loss = 0.012363178763161006, R-squared = 0.9871658970029069
	After epoch 22: Loss = 0.006608257409379476, R-squared = 0.9922642299942197
	After epoch 23: Loss = 0.004951906049259205, R-squared = 0.9949365600861306
	After epoch 24: Loss = 0.004506399110959805, R-squared = 0.9946307716538703
	After epoch 25: Loss = 0.0042393494571020835, R-squared = 0.9951720364992116
	After epoch 26: Loss = 0.005853453055577308, R-squared = 0.9936823107856032
	After epoch 27: Loss = 0.003712313317236948, R-squared = 0.9962350602292661
	After epoch 28: Loss = 0.002611961566025564, R-squared = 0.9972845108261932
	After epoch 29: Loss = 0.0018776266307737165, R-squared = 0.9980480376742783
	After epoch 30: Loss = 0.0021406537494433105, R-squared = 0.9976284742153151
	After epoch 31: Loss = 0.0020962701343135185, R-squared = 0.9978163898637227
	After epoch 32: Loss = 0.002916357942934611, R-squared = 0.9964858564270702
	After epoch 33: Loss = 0.002671070831544286, R-squared = 0.9971747106566526
	After epoch 34: Loss = 0.002004892308378115, R-squared = 0.9973291516302257
	After epoch 35: Loss = 0.0016110284953333297, R-squared = 0.9980369022366217
	After epoch 36: Loss = 0.001280148715619091, R-squared = 0.9986328017802901
	After epoch 37: Loss = 0.002020583494895718, R-squared = 0.9974367894862773
	After epoch 38: Loss = 0.0010681344744902545, R-squared = 0.9988706906185421
	After epoch 39: Loss = 0.0011166972199959221, R-squared = 0.9987778563729016
	After epoch 40: Loss = 0.0010813487432041738, R-squared = 0.9988811261862918
	After epoch 41: Loss = 0.001234810356741622, R-squared = 0.9987360547955311
	After epoch 42: Loss = 0.0010014167110637723, R-squared = 0.9989808157929835
	After epoch 43: Loss = 0.0014538967271841765, R-squared = 0.9984782804146757
	After epoch 44: Loss = 0.0037185097543254316, R-squared = 0.9961895861666357
	After epoch 45: Loss = 0.0058419410513398965, R-squared = 0.9938064009837012
	After epoch 46: Loss = 0.006387177557998729, R-squared = 0.9933512285198385
	After epoch 47: Loss = 0.0018379711874268276, R-squared = 0.9979425607095387
	After epoch 48: Loss = 0.0010741707096533105, R-squared = 0.9988335458571816
	After epoch 49: Loss = 0.0008225742192017607, R-squared = 0.9991264678275759
	After epoch 50: Loss = 0.0010792333628340373, R-squared = 0.9987802650017571
Training process has finished.
Time taken for NoPoolCNN1: 1418.3018581867218 seconds
Using CNN: NoPoolCNN3 with learning rate: 1e-05
	After epoch 1: Loss = 1.0129184498926813, R-squared = -0.06966781573658243
	After epoch 2: Loss = 1.0056904194609257, R-squared = -0.1333308872825389
	After epoch 3: Loss = 1.001073598965961, R-squared = -0.017398117709782956
	After epoch 4: Loss = 0.98993445308835, R-squared = -0.04475030042973753
	After epoch 5: Loss = 0.9858548856031085, R-squared = -0.03401811480784506
	After epoch 6: Loss = 0.9803960511100283, R-squared = 0.004253644121889966
	After epoch 7: Loss = 0.97319207182423, R-squared = -0.26687598392753886
	After epoch 8: Loss = 0.9588034446650692, R-squared = -0.01628303226198059
	After epoch 9: Loss = 0.9573065078086742, R-squared = 0.026341370665282103
	After epoch 10: Loss = 0.9370060455392302, R-squared = 0.005867949022190055
	After epoch 11: Loss = 0.9185438926350228, R-squared = 0.06432816197195249
	After epoch 12: Loss = 0.8942926347742421, R-squared = 0.09050642666632217
	After epoch 13: Loss = 0.8684550599542604, R-squared = 0.11095198603622727
	After epoch 14: Loss = 0.829264021151036, R-squared = 0.15716731958044444
	After epoch 15: Loss = 0.7862744813670778, R-squared = 0.1895207187418228
	After epoch 16: Loss = 0.7341836943576784, R-squared = 0.24759311613156726
	After epoch 17: Loss = 0.6860381097348356, R-squared = 0.310196760591044
	After epoch 18: Loss = 0.6462787678768284, R-squared = 0.36401083188630795
	After epoch 19: Loss = 0.6026100148010363, R-squared = 0.39978910205424734
	After epoch 20: Loss = 0.5625952378633082, R-squared = 0.4264179611011457
	After epoch 21: Loss = 0.5215308324692782, R-squared = 0.47723105186114934
	After epoch 22: Loss = 0.478850491220565, R-squared = 0.5334799199394001
	After epoch 23: Loss = 0.4313489497060704, R-squared = 0.5745817060844256
	After epoch 24: Loss = 0.3894115732367395, R-squared = 0.6082066678187862
	After epoch 25: Loss = 0.34730387820297576, R-squared = 0.6527412663791173
	After epoch 26: Loss = 0.31092534526690085, R-squared = 0.6810480453105157
	After epoch 27: Loss = 0.27319185750810415, R-squared = 0.7159581142293078
	After epoch 28: Loss = 0.24499625882837534, R-squared = 0.7520753375142715
	After epoch 29: Loss = 0.21216336020192697, R-squared = 0.785255395220043
	After epoch 30: Loss = 0.18548803997049154, R-squared = 0.814303475738057
	After epoch 31: Loss = 0.164903465151703, R-squared = 0.8339857498366507
	After epoch 32: Loss = 0.15045555545259948, R-squared = 0.8427775047006373
	After epoch 33: Loss = 0.12948348112900512, R-squared = 0.8732112668079628
	After epoch 34: Loss = 0.11740989857524349, R-squared = 0.8810823241871824
	After epoch 35: Loss = 0.10870753797912058, R-squared = 0.8867853054563202
	After epoch 36: Loss = 0.0940902299044131, R-squared = 0.8880311728567634
	After epoch 37: Loss = 0.0833954926687118, R-squared = 0.9152318183072635
	After epoch 38: Loss = 0.07839995715698124, R-squared = 0.9164284037948878
	After epoch 39: Loss = 0.0707991260582424, R-squared = 0.923487707860923
	After epoch 40: Loss = 0.06746715170864966, R-squared = 0.9291968113367778
	After epoch 41: Loss = 0.06164838029610259, R-squared = 0.9328487820227206
	After epoch 42: Loss = 0.055419274283294816, R-squared = 0.9425925677013568
	After epoch 43: Loss = 0.05279122478508745, R-squared = 0.9448823449444597
	After epoch 44: Loss = 0.04862902409158833, R-squared = 0.9486512925561408
	After epoch 45: Loss = 0.04719441645033294, R-squared = 0.9517727321925575
	After epoch 46: Loss = 0.044754649194418086, R-squared = 0.9512111689804458
	After epoch 47: Loss = 0.04280306923621816, R-squared = 0.9550508283884354
	After epoch 48: Loss = 0.04071759245067466, R-squared = 0.9569810203819932
	After epoch 49: Loss = 0.03945826429639491, R-squared = 0.9508754037917632
	After epoch 50: Loss = 0.03726946519658048, R-squared = 0.958930653446254
Training process has finished.
Using CNN: NoPoolCNN3 with learning rate: 5e-05
	After epoch 1: Loss = 0.9844426004282341, R-squared = 0.0018334325478052693
	After epoch 2: Loss = 0.906528953327752, R-squared = 0.06564931440928642
	After epoch 3: Loss = 0.7624555928525277, R-squared = 0.2115278301450647
	After epoch 4: Loss = 0.5567582634442393, R-squared = 0.4369384643248395
	After epoch 5: Loss = 0.28822290223890046, R-squared = 0.6899049751244218
	After epoch 6: Loss = 0.14027612803543843, R-squared = 0.8404042561677345
	After epoch 7: Loss = 0.0898125971133767, R-squared = 0.9078428059946659
	After epoch 8: Loss = 0.06711317947862362, R-squared = 0.9295703394614344
	After epoch 9: Loss = 0.04692710670025964, R-squared = 0.9512755079701151
	After epoch 10: Loss = 0.04086538454511159, R-squared = 0.9492179134363612
	After epoch 11: Loss = 0.040036834218240516, R-squared = 0.9590867242619329
	After epoch 12: Loss = 0.036266697739332096, R-squared = 0.963249822707265
	After epoch 13: Loss = 0.03449267634822196, R-squared = 0.9606674395244783
	After epoch 14: Loss = 0.031871211017208044, R-squared = 0.9630683783164121
	After epoch 15: Loss = 0.029613478618341592, R-squared = 0.9685845188461488
	After epoch 16: Loss = 0.026906271108750563, R-squared = 0.9710232843331147
	After epoch 17: Loss = 0.023763476335316818, R-squared = 0.9757729275212832
	After epoch 18: Loss = 0.02225493251678312, R-squared = 0.9770591816573566
	After epoch 19: Loss = 0.022272937295710882, R-squared = 0.9766729889269785
	After epoch 20: Loss = 0.018914966367629304, R-squared = 0.9798741193905129
	After epoch 21: Loss = 0.02047953557504081, R-squared = 0.9789060235893062
	After epoch 22: Loss = 0.01899330755795139, R-squared = 0.9772080091221786
	After epoch 23: Loss = 0.017519859150133505, R-squared = 0.9783876265188223
	After epoch 24: Loss = 0.022565837440792515, R-squared = 0.9759535452385313
	After epoch 25: Loss = 0.016367740900715706, R-squared = 0.98243588945895
	After epoch 26: Loss = 0.01669431120394866, R-squared = 0.9812534724394162
	After epoch 27: Loss = 0.013633590573684105, R-squared = 0.984538902905223
	After epoch 28: Loss = 0.012123798970989585, R-squared = 0.9862523225531374
	After epoch 29: Loss = 0.011538864936035014, R-squared = 0.9881373793652013
	After epoch 30: Loss = 0.010761608141690448, R-squared = 0.987524201322235
	After epoch 31: Loss = 0.010830376376060649, R-squared = 0.9887269676240482
	After epoch 32: Loss = 0.009494061319238542, R-squared = 0.9898596788462513
	After epoch 33: Loss = 0.011341926258212886, R-squared = 0.988108864860458
	After epoch 34: Loss = 0.01075067818293236, R-squared = 0.9882848480831378
	After epoch 35: Loss = 0.007875002585558824, R-squared = 0.9912041199822508
	After epoch 36: Loss = 0.006974600813635523, R-squared = 0.9914193238765128
	After epoch 37: Loss = 0.006835388219846873, R-squared = 0.9917342018738908
	After epoch 38: Loss = 0.007405989112522956, R-squared = 0.9916677347727101
	After epoch 39: Loss = 0.008069731611222547, R-squared = 0.9916595761629955
	After epoch 40: Loss = 0.012372890440393032, R-squared = 0.9874566261215406
	After epoch 41: Loss = 0.00825643332443605, R-squared = 0.9895122974468522
	After epoch 42: Loss = 0.006938700068353463, R-squared = 0.9922309137281828
	After epoch 43: Loss = 0.006548479308118112, R-squared = 0.9926356778682642
	After epoch 44: Loss = 0.0044237180855692835, R-squared = 0.9954493311203928
	After epoch 45: Loss = 0.004687018365557968, R-squared = 0.994734226596823
	After epoch 46: Loss = 0.0053026574908625005, R-squared = 0.9943657505459222
	After epoch 47: Loss = 0.003503310717495134, R-squared = 0.9947931807255482
	After epoch 48: Loss = 0.003829222967588949, R-squared = 0.9955710721647749
	After epoch 49: Loss = 0.00372582144585049, R-squared = 0.996052273757791
	After epoch 50: Loss = 0.003229192923761714, R-squared = 0.9965691365312613
Training process has finished.
Using CNN: NoPoolCNN3 with learning rate: 0.0001
	After epoch 1: Loss = 0.9981517815617675, R-squared = -0.0021053671087701955
	After epoch 2: Loss = 0.9610645010542844, R-squared = -0.003395653064782911
	After epoch 3: Loss = 0.8502042300998445, R-squared = 0.14104346157294093
	After epoch 4: Loss = 0.5925079119632521, R-squared = 0.395257575526729
	After epoch 5: Loss = 0.23373798656372288, R-squared = 0.7422779565255516
	After epoch 6: Loss = 0.0753670163161335, R-squared = 0.9221654380681272
	After epoch 7: Loss = 0.07727262317475005, R-squared = 0.915622155179365
	After epoch 8: Loss = 0.08248102540487359, R-squared = 0.907825016985132
	After epoch 9: Loss = 0.06344279796225845, R-squared = 0.9246397326706326
	After epoch 10: Loss = 0.04718087246027154, R-squared = 0.9502981985503768
	After epoch 11: Loss = 0.03701701854609639, R-squared = 0.9612477540930913
	After epoch 12: Loss = 0.04668552406554187, R-squared = 0.9477892804202434
	After epoch 13: Loss = 0.04297977336600045, R-squared = 0.9521827190476075
	After epoch 14: Loss = 0.03722490288194971, R-squared = 0.9616693169658094
	After epoch 15: Loss = 0.036966989839929534, R-squared = 0.9618274036505564
	After epoch 16: Loss = 0.028749735474073806, R-squared = 0.9708911882024781
	After epoch 17: Loss = 0.029376262234366346, R-squared = 0.9691081874726694
	After epoch 18: Loss = 0.02849654336083035, R-squared = 0.969264289382032
	After epoch 19: Loss = 0.025266644732191645, R-squared = 0.9731350901814434
	After epoch 20: Loss = 0.02576567213538126, R-squared = 0.9740334578556794
	After epoch 21: Loss = 0.02242323165628855, R-squared = 0.9771243570975349
	After epoch 22: Loss = 0.022360175747140713, R-squared = 0.9762715258759668
	After epoch 23: Loss = 0.022329698305818317, R-squared = 0.9751730632907641
	After epoch 24: Loss = 0.019725896786459682, R-squared = 0.9782925911704868
	After epoch 25: Loss = 0.03098407529992035, R-squared = 0.9662807988020491
	After epoch 26: Loss = 0.02612224811644546, R-squared = 0.9727289702365001
	After epoch 27: Loss = 0.025622934220086345, R-squared = 0.9720113443876608
	After epoch 28: Loss = 0.01640723331568207, R-squared = 0.9821895096280324
	After epoch 29: Loss = 0.015352818176931826, R-squared = 0.9830571122768952
	After epoch 30: Loss = 0.015503897035293271, R-squared = 0.9822526913579489
	After epoch 31: Loss = 0.014108157919861817, R-squared = 0.9853134472394904
	After epoch 32: Loss = 0.01640440320453458, R-squared = 0.9829049783299357
	After epoch 33: Loss = 0.021414395479616898, R-squared = 0.9795806309954946
	After epoch 34: Loss = 0.015684829463442795, R-squared = 0.982313279358961
	After epoch 35: Loss = 0.014787031707298939, R-squared = 0.984698951123445
	After epoch 36: Loss = 0.016768379329180655, R-squared = 0.9824439331628689
	After epoch 37: Loss = 0.014222761075195291, R-squared = 0.9849391259878895
	After epoch 38: Loss = 0.008403332400648033, R-squared = 0.9914648628486583
	After epoch 39: Loss = 0.00980031079877369, R-squared = 0.9886831840113777
	After epoch 40: Loss = 0.011916531143220086, R-squared = 0.987663211203774
	After epoch 41: Loss = 0.012015301164219411, R-squared = 0.9880683459382492
	After epoch 42: Loss = 0.00781349286100524, R-squared = 0.9925459218109142
	After epoch 43: Loss = 0.008039156437517434, R-squared = 0.9917886318149366
	After epoch 44: Loss = 0.003770458573328671, R-squared = 0.9957166666694878
	After epoch 45: Loss = 0.0051605305484256365, R-squared = 0.9941435492724533
	After epoch 46: Loss = 0.004481431789768319, R-squared = 0.9954194202517147
	After epoch 47: Loss = 0.0042185307637947166, R-squared = 0.9951896973749857
	After epoch 48: Loss = 0.0025779440546576673, R-squared = 0.9972020022030368
	After epoch 49: Loss = 0.0024209769221951198, R-squared = 0.9976365020768425
	After epoch 50: Loss = 0.0025965641268313262, R-squared = 0.9974170166117673
Training process has finished.
Using CNN: NoPoolCNN3 with learning rate: 0.0005
	After epoch 1: Loss = 1.0067709228392596, R-squared = -0.027780337766800788
	After epoch 2: Loss = 0.8469662073301396, R-squared = 0.14524011380863838
	After epoch 3: Loss = 0.6150973513972893, R-squared = 0.3956104580741332
	After epoch 4: Loss = 0.21325170515223899, R-squared = 0.7890307209082283
	After epoch 5: Loss = 0.040339300029702596, R-squared = 0.954268593912678
	After epoch 6: Loss = 0.0244258500008507, R-squared = 0.9735659596449615
	After epoch 7: Loss = 0.029779911288857236, R-squared = 0.9650290927821477
	After epoch 8: Loss = 0.0336042360683942, R-squared = 0.9600195358012267
	After epoch 9: Loss = 0.042039619824791145, R-squared = 0.9535456747022204
	After epoch 10: Loss = 0.03286616241793535, R-squared = 0.9591181933251093
	After epoch 11: Loss = 0.017476009238241632, R-squared = 0.9825054564769353
	After epoch 12: Loss = 0.010635872335788669, R-squared = 0.9888381029493557
	After epoch 13: Loss = 0.010876113172600545, R-squared = 0.9887348828871303
	After epoch 14: Loss = 0.013983197304820427, R-squared = 0.9846740622929108
	After epoch 15: Loss = 0.00872769457288923, R-squared = 0.9910178303931687
	After epoch 16: Loss = 0.007421541233733497, R-squared = 0.9923776647367097
	After epoch 17: Loss = 0.008312788390382448, R-squared = 0.9910945871370325
	After epoch 18: Loss = 0.007933127817835454, R-squared = 0.9905863337307401
	After epoch 19: Loss = 0.007641181075419212, R-squared = 0.9922909366961198
	After epoch 20: Loss = 0.006434570537741156, R-squared = 0.9938318283873973
	After epoch 21: Loss = 0.0033826862096754465, R-squared = 0.9964711633843896
	After epoch 22: Loss = 0.0028751150897809116, R-squared = 0.9970721315793517
	After epoch 23: Loss = 0.0043884786724494515, R-squared = 0.9953463384308071
	After epoch 24: Loss = 0.0023608446840321174, R-squared = 0.9975391093729735
	After epoch 25: Loss = 0.003616492246501273, R-squared = 0.9961515926585431
	After epoch 26: Loss = 0.003106104901578618, R-squared = 0.9967222941379574
	After epoch 27: Loss = 0.0022997667796356485, R-squared = 0.9970045441620611
	After epoch 28: Loss = 0.002843896129727649, R-squared = 0.9939773787680904
	After epoch 29: Loss = 0.003318469373658714, R-squared = 0.9956838015049627
	After epoch 30: Loss = 0.001977876879105618, R-squared = 0.9978029565433244
	After epoch 31: Loss = 0.002300012631401436, R-squared = 0.997017452483654
	After epoch 32: Loss = 0.001376056969068423, R-squared = 0.9984096529900917
	After epoch 33: Loss = 0.0028193111111862795, R-squared = 0.996550058007891
	After epoch 34: Loss = 0.003753703148451564, R-squared = 0.9959850520479485
	After epoch 35: Loss = 0.0023764304861287116, R-squared = 0.997234207240503
	After epoch 36: Loss = 0.00240848853760004, R-squared = 0.9974190043826556
	After epoch 37: Loss = 0.005091006388256358, R-squared = 0.9942041864388
	After epoch 38: Loss = 0.0039156827905536895, R-squared = 0.9953966715010066
	After epoch 39: Loss = 0.006774467234176522, R-squared = 0.9922281617288216
	After epoch 40: Loss = 0.007100505160754456, R-squared = 0.9930713578056569
	After epoch 41: Loss = 0.0037960512311198194, R-squared = 0.9960473125595815
	After epoch 42: Loss = 0.0019483406162865747, R-squared = 0.9976893293239636
	After epoch 43: Loss = 0.0013835250219270102, R-squared = 0.9986238164094686
	After epoch 44: Loss = 0.001476188327232795, R-squared = 0.9983914107775075
	After epoch 45: Loss = 0.0026312686741704738, R-squared = 0.9966552996048549
	After epoch 46: Loss = 0.0033530796682081795, R-squared = 0.9966375031537508
	After epoch 47: Loss = 0.0008656884632780219, R-squared = 0.998748712437245
	After epoch 48: Loss = 0.0024974005762183693, R-squared = 0.9974589485197594
	After epoch 49: Loss = 0.0029281285454397033, R-squared = 0.9964985658523811
	After epoch 50: Loss = 0.0040015773453395435, R-squared = 0.9950994858737185
Training process has finished.
Using CNN: NoPoolCNN3 with learning rate: 0.001
	After epoch 1: Loss = 0.8937069564939597, R-squared = 0.08192955814193598
	After epoch 2: Loss = 0.2068883207576769, R-squared = 0.7722818381485524
	After epoch 3: Loss = 0.12280026596673677, R-squared = 0.876934281435575
	After epoch 4: Loss = 0.06403656649997068, R-squared = 0.9195070668754137
	After epoch 5: Loss = 0.05223890620620717, R-squared = 0.9360640495243763
	After epoch 6: Loss = 0.02265797285411153, R-squared = 0.9733707463280921
	After epoch 7: Loss = 0.03119642390267739, R-squared = 0.9615815123561735
	After epoch 8: Loss = 0.022124461517008833, R-squared = 0.9775692956221557
	After epoch 9: Loss = 0.016588499748416967, R-squared = 0.9751885779014206
	After epoch 10: Loss = 0.023111366246965238, R-squared = 0.9757470424870845
	After epoch 11: Loss = 0.014278949315063839, R-squared = 0.9838757053415851
	After epoch 12: Loss = 0.009195757454280428, R-squared = 0.9902194046430962
	After epoch 13: Loss = 0.006509993476926802, R-squared = 0.9933311553960295
	After epoch 14: Loss = 0.003748320152291572, R-squared = 0.9957100503727447
	After epoch 15: Loss = 0.002619922113742029, R-squared = 0.9973800073978809
	After epoch 16: Loss = 0.0027426678357969194, R-squared = 0.9973112317182162
	After epoch 17: Loss = 0.004223117385631238, R-squared = 0.9948341696124888
	After epoch 18: Loss = 0.003696705867329727, R-squared = 0.995849132312812
	After epoch 19: Loss = 0.0024717677001369334, R-squared = 0.9974534057437812
	After epoch 20: Loss = 0.0018386962572155008, R-squared = 0.9981545135475347
	After epoch 21: Loss = 0.0072313636236955485, R-squared = 0.9927715376395119
	After epoch 22: Loss = 0.0029059998721997723, R-squared = 0.9968487598962273
	After epoch 23: Loss = 0.002220705300437969, R-squared = 0.9977235909239276
	After epoch 24: Loss = 0.0015142774896592843, R-squared = 0.9984179823396762
	After epoch 25: Loss = 0.0021619189942610377, R-squared = 0.9973726668942151
	After epoch 26: Loss = 0.006990668574390855, R-squared = 0.9919690883425943
	After epoch 27: Loss = 0.005567093293835279, R-squared = 0.993955974927659
	After epoch 28: Loss = 0.00417005296849548, R-squared = 0.9956992509660052
	After epoch 29: Loss = 0.00974017620742791, R-squared = 0.9898447594289422
	After epoch 30: Loss = 0.006597574205060746, R-squared = 0.9910741700680312
	After epoch 31: Loss = 0.008570722183630555, R-squared = 0.9888031036135265
	After epoch 32: Loss = 0.003360994652165207, R-squared = 0.9963092689469294
	After epoch 33: Loss = 0.0014067662424664742, R-squared = 0.9983327183318187
	After epoch 34: Loss = 0.002259331285440533, R-squared = 0.9975938041181855
	After epoch 35: Loss = 0.001303854253238266, R-squared = 0.9985574927516037
	After epoch 36: Loss = 0.001371548620493148, R-squared = 0.9985626120552888
	After epoch 37: Loss = 0.0018819934953232613, R-squared = 0.997723329856974
	After epoch 38: Loss = 0.002370074810583211, R-squared = 0.9977009142665183
	After epoch 39: Loss = 0.0174900915958381, R-squared = 0.9812337129775488
	After epoch 40: Loss = 0.019703736322360506, R-squared = 0.979903211851164
	After epoch 41: Loss = 0.019882364795656155, R-squared = 0.9767188093222681
	After epoch 42: Loss = 0.0030053836682454103, R-squared = 0.9966307246454175
	After epoch 43: Loss = 0.002215449449303955, R-squared = 0.9972842960686045
	After epoch 44: Loss = 0.002259396182617762, R-squared = 0.9966202622542315
	After epoch 45: Loss = 0.0013832210599214617, R-squared = 0.9984570892264216
	After epoch 46: Loss = 0.0014346352626401862, R-squared = 0.9983521757657675
	After epoch 47: Loss = 0.0009215582593701498, R-squared = 0.9989238549804359
	After epoch 48: Loss = 0.0017778385676320853, R-squared = 0.998165881422123
	After epoch 49: Loss = 0.0014937402174269188, R-squared = 0.9984004568174673
	After epoch 50: Loss = 0.0011614684777260065, R-squared = 0.9986394686983664
Training process has finished.
Using CNN: NoPoolCNN3 with learning rate: 0.005
	After epoch 1: Loss = 6.467393789917094, R-squared = -7.80865728151888
	After epoch 2: Loss = 0.9459307729659143, R-squared = 0.039911961943461874
	After epoch 3: Loss = 0.4606741120288206, R-squared = 0.4673033816441604
	After epoch 4: Loss = 0.1582125945411425, R-squared = 0.7517319294659519
	After epoch 5: Loss = 0.0570189728993858, R-squared = 0.9330624809068894
	After epoch 6: Loss = 0.07815551879946527, R-squared = 0.9253275319140368
	After epoch 7: Loss = 0.06790918039916205, R-squared = 0.9117159411070176
	After epoch 8: Loss = 0.03551316551887851, R-squared = 0.9626434744755981
	After epoch 9: Loss = 0.02394569804106859, R-squared = 0.968592280740812
	After epoch 10: Loss = 0.028052959678385014, R-squared = 0.9700856577513534
	After epoch 11: Loss = 0.02422973369250219, R-squared = 0.974869902182351
	After epoch 12: Loss = 0.023808671617630103, R-squared = 0.9745037634443685
	After epoch 13: Loss = 0.0316650052298902, R-squared = 0.9552723800421061
	After epoch 14: Loss = 0.027029528332677334, R-squared = 0.9673683703679433
	After epoch 15: Loss = 0.01964296359812766, R-squared = 0.9776374729627395
	After epoch 16: Loss = 0.013023502003537074, R-squared = 0.9864128487031953
	After epoch 17: Loss = 0.017550113253338776, R-squared = 0.9822009770693713
	After epoch 18: Loss = 0.014125492359641143, R-squared = 0.9855004022686863
	After epoch 19: Loss = 0.020433011335583274, R-squared = 0.9685206073268867
	After epoch 20: Loss = 0.019760678488251405, R-squared = 0.9801106035578965
	After epoch 21: Loss = 0.012669273679077456, R-squared = 0.9859299566666243
	After epoch 22: Loss = 0.021362350147260175, R-squared = 0.9772637372649685
	After epoch 23: Loss = 0.013720017240050208, R-squared = 0.9863351775553199
	After epoch 24: Loss = 0.008702762959669121, R-squared = 0.9907650641915218
	After epoch 25: Loss = 0.01955522973570078, R-squared = 0.9799762473785643
	After epoch 26: Loss = 0.03191928923450728, R-squared = 0.9625982480152668
	After epoch 27: Loss = 0.02051310907473209, R-squared = 0.9769605191138397
	After epoch 28: Loss = 0.022160588547685538, R-squared = 0.9783844983617292
	After epoch 29: Loss = 0.008081105560378462, R-squared = 0.9897131160433832
	After epoch 30: Loss = 0.007900924736486912, R-squared = 0.9916548645301259
	After epoch 31: Loss = 0.00631202107590217, R-squared = 0.9933741062418029
	After epoch 32: Loss = 0.0033846771128491103, R-squared = 0.9962204320842503
	After epoch 33: Loss = 0.0053768014995000096, R-squared = 0.9938439408446055
	After epoch 34: Loss = 0.004430268965400458, R-squared = 0.9951862495753856
	After epoch 35: Loss = 0.0036991656797236614, R-squared = 0.9964508457508371
	After epoch 36: Loss = 0.004267232782653992, R-squared = 0.9949854520018462
	After epoch 37: Loss = 0.007657860991558988, R-squared = 0.9922151989497433
	After epoch 38: Loss = 0.0059718205245420635, R-squared = 0.9939860334860171
	After epoch 39: Loss = 0.004243401995350016, R-squared = 0.9953473169799857
	After epoch 40: Loss = 0.004078737895590011, R-squared = 0.9957823059615867
	After epoch 41: Loss = 0.007175353403326913, R-squared = 0.9920748299785378
	After epoch 42: Loss = 0.032544790868294524, R-squared = 0.9685142187763066
	After epoch 43: Loss = 0.025326079827619606, R-squared = 0.973829888089017
	After epoch 44: Loss = 0.010457395018682591, R-squared = 0.9887928223732046
	After epoch 45: Loss = 0.007331479504438283, R-squared = 0.9909425462084485
	After epoch 46: Loss = 0.004680033334314846, R-squared = 0.9938739649983335
	After epoch 47: Loss = 0.0022634582681212287, R-squared = 0.9976482248839094
	After epoch 48: Loss = 0.002717294571632923, R-squared = 0.9969873441161052
	After epoch 49: Loss = 0.0030327059509312696, R-squared = 0.996954315327533
	After epoch 50: Loss = 0.003035318499118288, R-squared = 0.9969186509593362
Training process has finished.
Time taken for NoPoolCNN3: 1605.4271395206451 seconds
Using CNN: NoPoolCNN4 with learning rate: 1e-05
	After epoch 1: Loss = 1.0407808621127903, R-squared = -0.0569445863231671
	After epoch 2: Loss = 1.0139637937646229, R-squared = -0.051152364873366475
	After epoch 3: Loss = 0.9948709461818644, R-squared = -0.03609960876563556
	After epoch 4: Loss = 0.9815737684696586, R-squared = -0.026435897864791436
	After epoch 5: Loss = 0.9631605370775469, R-squared = -0.004316255922928202
	After epoch 6: Loss = 0.9383378339561318, R-squared = 0.015586433835629054
	After epoch 7: Loss = 0.9118130407833573, R-squared = 0.060871845420548056
	After epoch 8: Loss = 0.8743280702681091, R-squared = 0.08720286924814244
	After epoch 9: Loss = 0.8249787409088565, R-squared = 0.1407391775786332
	After epoch 10: Loss = 0.7646476584061094, R-squared = 0.19450927596721793
	After epoch 11: Loss = 0.6909031522489737, R-squared = 0.3019641070981569
	After epoch 12: Loss = 0.6026050115562329, R-squared = 0.367872389036605
	After epoch 13: Loss = 0.5074670114691602, R-squared = 0.46796044270430864
	After epoch 14: Loss = 0.4259814097709487, R-squared = 0.5516509793318258
	After epoch 15: Loss = 0.33773733531727085, R-squared = 0.6494554824293376
	After epoch 16: Loss = 0.26463214945904956, R-squared = 0.7236984325556215
	After epoch 17: Loss = 0.20455648211872526, R-squared = 0.7857831255544732
	After epoch 18: Loss = 0.14696359855119742, R-squared = 0.8478960161826101
	After epoch 19: Loss = 0.10556866578168962, R-squared = 0.8913101576686369
	After epoch 20: Loss = 0.08279844412748842, R-squared = 0.910582592218879
	After epoch 21: Loss = 0.06932990397236669, R-squared = 0.9269474450234073
	After epoch 22: Loss = 0.059345330700541224, R-squared = 0.9325535128950179
	After epoch 23: Loss = 0.05355154707012524, R-squared = 0.9421087661656706
	After epoch 24: Loss = 0.04627366669627262, R-squared = 0.9499196572687115
	After epoch 25: Loss = 0.042646696202849825, R-squared = 0.9191385482253004
	After epoch 26: Loss = 0.037926188405751196, R-squared = 0.9599878704310555
	After epoch 27: Loss = 0.03383811205395918, R-squared = 0.9615309380152384
	After epoch 28: Loss = 0.03216945209567257, R-squared = 0.9652064858866062
	After epoch 29: Loss = 0.03013901248981631, R-squared = 0.9645089406040309
	After epoch 30: Loss = 0.029235899317881252, R-squared = 0.9670444988165574
	After epoch 31: Loss = 0.028129238026550735, R-squared = 0.9710266727105992
	After epoch 32: Loss = 0.02804832024654767, R-squared = 0.9698926680484968
	After epoch 33: Loss = 0.027925147490996144, R-squared = 0.9708040779431444
	After epoch 34: Loss = 0.025366766277290904, R-squared = 0.9739599621980043
	After epoch 35: Loss = 0.024895821881632717, R-squared = 0.9750860534652881
	After epoch 36: Loss = 0.023662247699876404, R-squared = 0.9741930065589768
	After epoch 37: Loss = 0.02259965864604945, R-squared = 0.9753164720067005
	After epoch 38: Loss = 0.021649862332040633, R-squared = 0.97521166805722
	After epoch 39: Loss = 0.02056927544333745, R-squared = 0.9793883924989736
	After epoch 40: Loss = 0.019992412735720066, R-squared = 0.9784443637049212
	After epoch 41: Loss = 0.01906015784149518, R-squared = 0.9806853316142394
	After epoch 42: Loss = 0.018082324516229382, R-squared = 0.9815130916224183
	After epoch 43: Loss = 0.017383895541739917, R-squared = 0.9816583626756328
	After epoch 44: Loss = 0.01731793637743404, R-squared = 0.9808448641895927
	After epoch 45: Loss = 0.016706092211028874, R-squared = 0.9818108033839934
	After epoch 46: Loss = 0.01631379044537795, R-squared = 0.9825803137967133
	After epoch 47: Loss = 0.01535834177469925, R-squared = 0.9838308975221149
	After epoch 48: Loss = 0.014780419409935347, R-squared = 0.9856004707638226
	After epoch 49: Loss = 0.014301617930648311, R-squared = 0.9847456517678523
	After epoch 50: Loss = 0.013732320407927231, R-squared = 0.9864136765965947
Training process has finished.
Using CNN: NoPoolCNN4 with learning rate: 5e-05
	After epoch 1: Loss = 1.003873374537988, R-squared = -0.028702679636774697
	After epoch 2: Loss = 0.9786327793255042, R-squared = -0.01605391024339403
	After epoch 3: Loss = 0.9213018398143473, R-squared = 0.02973687451756507
	After epoch 4: Loss = 0.8126537683572366, R-squared = 0.1728938458903732
	After epoch 5: Loss = 0.5855174464703914, R-squared = 0.39787541935095616
	After epoch 6: Loss = 0.3129817606368295, R-squared = 0.6854302970056871
	After epoch 7: Loss = 0.1760673146128045, R-squared = 0.7972849922003595
	After epoch 8: Loss = 0.10078897561680047, R-squared = 0.8971350282674525
	After epoch 9: Loss = 0.05062131819569404, R-squared = 0.9476360079021411
	After epoch 10: Loss = 0.03342816651485289, R-squared = 0.9638130369457226
	After epoch 11: Loss = 0.023978536809099237, R-squared = 0.9751832201125124
	After epoch 12: Loss = 0.023130434762880746, R-squared = 0.9743194898380187
	After epoch 13: Loss = 0.021184052751958657, R-squared = 0.9768941833434122
	After epoch 14: Loss = 0.01997517639424377, R-squared = 0.9795041163772057
	After epoch 15: Loss = 0.018372142201988167, R-squared = 0.9784253309525026
	After epoch 16: Loss = 0.016681956085720772, R-squared = 0.9827159646740411
	After epoch 17: Loss = 0.018929908392751254, R-squared = 0.9785880720022805
	After epoch 18: Loss = 0.016823753503615112, R-squared = 0.981116587111378
	After epoch 19: Loss = 0.015642134616660808, R-squared = 0.9831420751302489
	After epoch 20: Loss = 0.015384763045579453, R-squared = 0.9841434730043627
	After epoch 21: Loss = 0.012088328186220772, R-squared = 0.9873574409182299
	After epoch 22: Loss = 0.011611561907862453, R-squared = 0.986742032676775
	After epoch 23: Loss = 0.010918674220650536, R-squared = 0.988538076470955
	After epoch 24: Loss = 0.011904283134066853, R-squared = 0.9861963166010839
	After epoch 25: Loss = 0.013211129043577508, R-squared = 0.984385480059826
	After epoch 26: Loss = 0.0129726644936727, R-squared = 0.9868465672766925
	After epoch 27: Loss = 0.01008229237745973, R-squared = 0.9889931198159511
	After epoch 28: Loss = 0.009849688981409133, R-squared = 0.9900096344528073
	After epoch 29: Loss = 0.008441687702956401, R-squared = 0.991276221946187
	After epoch 30: Loss = 0.009882897870521353, R-squared = 0.989255610685249
	After epoch 31: Loss = 0.008236091845894026, R-squared = 0.9912675269866714
	After epoch 32: Loss = 0.009170506162262209, R-squared = 0.9897343829069507
	After epoch 33: Loss = 0.007181086846794025, R-squared = 0.9925259914670255
	After epoch 34: Loss = 0.007005191680802619, R-squared = 0.9926604725622503
	After epoch 35: Loss = 0.007191467220131936, R-squared = 0.9914868879445455
	After epoch 36: Loss = 0.007193859246099249, R-squared = 0.9928642542323761
	After epoch 37: Loss = 0.011653999133560314, R-squared = 0.9871750429610759
	After epoch 38: Loss = 0.009183678666550925, R-squared = 0.9901097856937486
	After epoch 39: Loss = 0.003965481212155934, R-squared = 0.9958051728323646
	After epoch 40: Loss = 0.0037547030465501256, R-squared = 0.9962185452327917
	After epoch 41: Loss = 0.003668234915719075, R-squared = 0.9956962172684488
	After epoch 42: Loss = 0.0044001115113782305, R-squared = 0.995361409789321
	After epoch 43: Loss = 0.0036596456765472683, R-squared = 0.9962896460018715
	After epoch 44: Loss = 0.004969058432237758, R-squared = 0.994406782876534
	After epoch 45: Loss = 0.0051763533941264995, R-squared = 0.9939103000685355
	After epoch 46: Loss = 0.009257267436695292, R-squared = 0.9911851822653961
	After epoch 47: Loss = 0.005209980471635562, R-squared = 0.9947672157560833
	After epoch 48: Loss = 0.004064357524242669, R-squared = 0.9954747340567872
	After epoch 49: Loss = 0.003151483036482762, R-squared = 0.9967949740682011
	After epoch 50: Loss = 0.002477494950185947, R-squared = 0.9969630935415605
Training process has finished.
Using CNN: NoPoolCNN4 with learning rate: 0.0001
	After epoch 1: Loss = 0.9953167593074965, R-squared = -0.010291775355205724
	After epoch 2: Loss = 0.9479147595084939, R-squared = 0.012991201551686916
	After epoch 3: Loss = 0.8226299425275277, R-squared = 0.1848726256766418
	After epoch 4: Loss = 0.7162219019873136, R-squared = 0.27906883393740667
	After epoch 5: Loss = 0.6227688272485026, R-squared = 0.37913547850051155
	After epoch 6: Loss = 0.4874210687192627, R-squared = 0.5043325090350257
	After epoch 7: Loss = 0.3226881860571343, R-squared = 0.6692512458701216
	After epoch 8: Loss = 0.21179140052685827, R-squared = 0.745063714917982
	After epoch 9: Loss = 0.10646368777750022, R-squared = 0.8880618301231739
	After epoch 10: Loss = 0.056624878273219846, R-squared = 0.9395233824498866
	After epoch 11: Loss = 0.042032946017749984, R-squared = 0.9533118337305113
	After epoch 12: Loss = 0.027953274402295815, R-squared = 0.9617839439367275
	After epoch 13: Loss = 0.019295887763951566, R-squared = 0.9787188162992784
	After epoch 14: Loss = 0.018266754321642917, R-squared = 0.9808523098586612
	After epoch 15: Loss = 0.018594960604385913, R-squared = 0.9807146727553772
	After epoch 16: Loss = 0.013184699811171163, R-squared = 0.9857615349192879
	After epoch 17: Loss = 0.014404189825882412, R-squared = 0.9826688086022944
	After epoch 18: Loss = 0.01262205068664336, R-squared = 0.9872731861368648
	After epoch 19: Loss = 0.009774228895890257, R-squared = 0.9891562867875825
	After epoch 20: Loss = 0.009638753157262056, R-squared = 0.9903984181000627
	After epoch 21: Loss = 0.008968688118198929, R-squared = 0.990379971721753
	After epoch 22: Loss = 0.007617046811691811, R-squared = 0.9920710489583418
	After epoch 23: Loss = 0.010395066389742785, R-squared = 0.9888067748097951
	After epoch 24: Loss = 0.00828473350969229, R-squared = 0.9906624155528009
	After epoch 25: Loss = 0.00791941725267693, R-squared = 0.9916380336803551
	After epoch 26: Loss = 0.005943396285604285, R-squared = 0.993802555334282
	After epoch 27: Loss = 0.005570230022747419, R-squared = 0.9938488654889017
	After epoch 28: Loss = 0.005711371702250706, R-squared = 0.9935776512184091
	After epoch 29: Loss = 0.00847890382211662, R-squared = 0.9915276431453399
	After epoch 30: Loss = 0.00454186893856907, R-squared = 0.995226566863409
	After epoch 31: Loss = 0.005811865987467864, R-squared = 0.9940168857686347
	After epoch 32: Loss = 0.005926368127256979, R-squared = 0.993419717091296
	After epoch 33: Loss = 0.005693818026235024, R-squared = 0.9937162438783191
	After epoch 34: Loss = 0.004934882878265193, R-squared = 0.9949441968155508
	After epoch 35: Loss = 0.002974209030961702, R-squared = 0.9968352248015403
	After epoch 36: Loss = 0.004678070109893562, R-squared = 0.994975239771456
	After epoch 37: Loss = 0.003643559551186099, R-squared = 0.9960055438405371
	After epoch 38: Loss = 0.0030178155349332076, R-squared = 0.9960832880465713
	After epoch 39: Loss = 0.0021139379351539996, R-squared = 0.9972072316648175
	After epoch 40: Loss = 0.0017181559236481077, R-squared = 0.9982963946527559
	After epoch 41: Loss = 0.00175287106838176, R-squared = 0.9981556153795916
	After epoch 42: Loss = 0.0015810042201030556, R-squared = 0.9982902423546793
	After epoch 43: Loss = 0.001460359127247005, R-squared = 0.9985233116126139
	After epoch 44: Loss = 0.0015791832382917512, R-squared = 0.99830652047189
	After epoch 45: Loss = 0.0014736537813558122, R-squared = 0.9983958797293931
	After epoch 46: Loss = 0.0012261802396346577, R-squared = 0.9985311674484716
	After epoch 47: Loss = 0.0015180722050503067, R-squared = 0.9984148945363982
	After epoch 48: Loss = 0.001744353828141653, R-squared = 0.9982738242839572
	After epoch 49: Loss = 0.0013668875789539367, R-squared = 0.998622878503493
	After epoch 50: Loss = 0.0014381630279174853, R-squared = 0.9983804561930183
Training process has finished.
Using CNN: NoPoolCNN4 with learning rate: 0.0005
	After epoch 1: Loss = 0.9658487974526656, R-squared = 0.009056023647061474
	After epoch 2: Loss = 0.36867300802864195, R-squared = 0.6134096228896941
	After epoch 3: Loss = 0.13098222303258783, R-squared = 0.7990298417017366
	After epoch 4: Loss = 0.07461479249215383, R-squared = 0.8910018868979177
	After epoch 5: Loss = 0.03836185061494588, R-squared = 0.9585905589304058
	After epoch 6: Loss = 0.03173026659976079, R-squared = 0.9681448630861595
	After epoch 7: Loss = 0.036328380271568796, R-squared = 0.9584562613676603
	After epoch 8: Loss = 0.027512918077768334, R-squared = 0.9698458214053456
	After epoch 9: Loss = 0.030551738452320572, R-squared = 0.9675955166560352
	After epoch 10: Loss = 0.020340911171225474, R-squared = 0.9770848418465603
	After epoch 11: Loss = 0.014383528793378245, R-squared = 0.9854433541506861
	After epoch 12: Loss = 0.012031604381269682, R-squared = 0.9865884097811305
	After epoch 13: Loss = 0.015706955962912234, R-squared = 0.9835142707829126
	After epoch 14: Loss = 0.01932885987707202, R-squared = 0.980007522765183
	After epoch 15: Loss = 0.009524350927977442, R-squared = 0.9890018849609291
	After epoch 16: Loss = 0.006787686192433769, R-squared = 0.9930543998554369
	After epoch 17: Loss = 0.00436796326325598, R-squared = 0.9941935286887746
	After epoch 18: Loss = 0.003685300821076872, R-squared = 0.996278862523228
	After epoch 19: Loss = 0.003990909237241178, R-squared = 0.9959962445798276
	After epoch 20: Loss = 0.0026596404047671404, R-squared = 0.9970925790778349
	After epoch 21: Loss = 0.002749445576330404, R-squared = 0.9972927807683136
	After epoch 22: Loss = 0.005122608754008125, R-squared = 0.994343583985645
	After epoch 23: Loss = 0.002965277734086536, R-squared = 0.9966990229303134
	After epoch 24: Loss = 0.006606235977236868, R-squared = 0.9911852794449529
	After epoch 25: Loss = 0.007399971114566849, R-squared = 0.9905496066767473
	After epoch 26: Loss = 0.003542883247177877, R-squared = 0.9951476573703232
	After epoch 27: Loss = 0.0035887210201820284, R-squared = 0.9958467749088973
	After epoch 28: Loss = 0.012959785979872499, R-squared = 0.9825499455944954
	After epoch 29: Loss = 0.024287137302975402, R-squared = 0.9751732471394456
	After epoch 30: Loss = 0.016314773726399442, R-squared = 0.9826166793905962
	After epoch 31: Loss = 0.0023033475816799233, R-squared = 0.997566472033545
	After epoch 32: Loss = 0.0010932713834825082, R-squared = 0.9988941157671262
	After epoch 33: Loss = 0.0011620057261572054, R-squared = 0.9986818693220625
	After epoch 34: Loss = 0.0010450825184286946, R-squared = 0.9987879722156267
	After epoch 35: Loss = 0.0019912599887162005, R-squared = 0.9976236525158569
	After epoch 36: Loss = 0.0027124433594858345, R-squared = 0.9972654088547213
	After epoch 37: Loss = 0.0039043835926725586, R-squared = 0.9959134912208858
	After epoch 38: Loss = 0.007331406236231361, R-squared = 0.9909988563703032
	After epoch 39: Loss = 0.004010175637528878, R-squared = 0.9957993069814597
	After epoch 40: Loss = 0.005157309287378086, R-squared = 0.9939487832099904
	After epoch 41: Loss = 0.002415022970613285, R-squared = 0.9971950273846006
	After epoch 42: Loss = 0.0017487562495211266, R-squared = 0.9980251270857243
	After epoch 43: Loss = 0.0017852347938192021, R-squared = 0.9978894727760024
	After epoch 44: Loss = 0.0012117373975024017, R-squared = 0.9986206459375676
	After epoch 45: Loss = 0.0009384403501532836, R-squared = 0.9990393036026688
	After epoch 46: Loss = 0.0005740331828197871, R-squared = 0.9993695312827956
	After epoch 47: Loss = 0.0004984266301453657, R-squared = 0.999442044682201
	After epoch 48: Loss = 0.00048485990685983996, R-squared = 0.9995035550636706
	After epoch 49: Loss = 0.0010542388327480314, R-squared = 0.9989345756291463
	After epoch 50: Loss = 0.000500243400059735, R-squared = 0.9994570212133883
Training process has finished.
Using CNN: NoPoolCNN4 with learning rate: 0.001
	After epoch 1: Loss = 1.037737747826234, R-squared = -0.07074700665828519
	After epoch 2: Loss = 0.7571452210815333, R-squared = 0.23909774294413647
	After epoch 3: Loss = 0.4075761857177854, R-squared = 0.5322907725942969
	After epoch 4: Loss = 0.12036129871018075, R-squared = 0.8600931161801044
	After epoch 5: Loss = 0.05660122934867119, R-squared = 0.9382307531794852
	After epoch 6: Loss = 0.03612575972151098, R-squared = 0.9545567979850776
	After epoch 7: Loss = 0.03116056166152642, R-squared = 0.966490217151771
	After epoch 8: Loss = 0.04024306589354583, R-squared = 0.9587747810777156
	After epoch 9: Loss = 0.043821062289494436, R-squared = 0.9499158623644373
	After epoch 10: Loss = 0.02964305188359323, R-squared = 0.9698309492942364
	After epoch 11: Loss = 0.024384616560895335, R-squared = 0.9723348067128148
	After epoch 12: Loss = 0.021928924713400428, R-squared = 0.9770904990061297
	After epoch 13: Loss = 0.017787743889785473, R-squared = 0.9820326077838925
	After epoch 14: Loss = 0.04084844804011234, R-squared = 0.9565144507229013
	After epoch 15: Loss = 0.016349364641399997, R-squared = 0.9816156019835006
	After epoch 16: Loss = 0.0150705088789437, R-squared = 0.98481217699252
	After epoch 17: Loss = 0.014308331567810723, R-squared = 0.9844399480795307
	After epoch 18: Loss = 0.019644497218227006, R-squared = 0.9768509354182602
	After epoch 19: Loss = 0.021341939194453395, R-squared = 0.9788312446946268
	After epoch 20: Loss = 0.03146096360816947, R-squared = 0.9672847178618202
	After epoch 21: Loss = 0.01933217680523278, R-squared = 0.980953632168533
	After epoch 22: Loss = 0.016155128658278818, R-squared = 0.9824514401250161
	After epoch 23: Loss = 0.007875344359675683, R-squared = 0.9897016105160331
	After epoch 24: Loss = 0.018014978357455306, R-squared = 0.9791218481549722
	After epoch 25: Loss = 0.014376045776994861, R-squared = 0.9847284060871543
	After epoch 26: Loss = 0.005941185038223436, R-squared = 0.9935959081412709
	After epoch 27: Loss = 0.004419265060205463, R-squared = 0.995348867728399
	After epoch 28: Loss = 0.0028927309545220274, R-squared = 0.9970693148577429
	After epoch 29: Loss = 0.003803312001477594, R-squared = 0.9956907542711326
	After epoch 30: Loss = 0.002877421277697849, R-squared = 0.9962996540034844
	After epoch 31: Loss = 0.0019177006473031165, R-squared = 0.9979317874275504
	After epoch 32: Loss = 0.0035042563113126027, R-squared = 0.9961934486760617
	After epoch 33: Loss = 0.0021377499626037606, R-squared = 0.9972704949449092
	After epoch 34: Loss = 0.006846921491198613, R-squared = 0.9926953648922499
	After epoch 35: Loss = 0.011998237052498948, R-squared = 0.987455243373519
	After epoch 36: Loss = 0.009335268873832882, R-squared = 0.9903115780288232
	After epoch 37: Loss = 0.017973176068668637, R-squared = 0.9757667551669187
	After epoch 38: Loss = 0.0253347898621814, R-squared = 0.97697383355213
	After epoch 39: Loss = 0.022547868438893778, R-squared = 0.9753777871901403
	After epoch 40: Loss = 0.004117305292291809, R-squared = 0.9950340820608299
	After epoch 41: Loss = 0.0018283172110746635, R-squared = 0.997923461819165
	After epoch 42: Loss = 0.007152119519255122, R-squared = 0.9916820554754301
	After epoch 43: Loss = 0.006197094496600763, R-squared = 0.9943365904566995
	After epoch 44: Loss = 0.005470215006228655, R-squared = 0.9935208909297761
	After epoch 45: Loss = 0.015443406464286578, R-squared = 0.9824359511569876
	After epoch 46: Loss = 0.023109965428292387, R-squared = 0.9721836117883005
	After epoch 47: Loss = 0.018412112160128582, R-squared = 0.9767178175275083
	After epoch 48: Loss = 0.019473344156606738, R-squared = 0.972260610480377
	After epoch 49: Loss = 0.004383478899115539, R-squared = 0.9949328197392674
	After epoch 50: Loss = 0.013263568912354595, R-squared = 0.9858434758069852
Training process has finished.
Using CNN: NoPoolCNN4 with learning rate: 0.005
	After epoch 1: Loss = 30.126758600728312, R-squared = -20.546699146580956
	After epoch 2: Loss = 0.827862374441539, R-squared = 0.16100342093437714
	After epoch 3: Loss = 0.4793485622181183, R-squared = 0.3734168083339157
	After epoch 4: Loss = 0.0930915543824857, R-squared = 0.8966971723256936
	After epoch 5: Loss = 0.05928847830354643, R-squared = 0.9312928588626171
	After epoch 6: Loss = 0.06726152935162069, R-squared = 0.9214726647006699
	After epoch 7: Loss = 0.06504835711589485, R-squared = 0.9331939273792917
	After epoch 8: Loss = 0.053881625453465774, R-squared = 0.9349924708990558
	After epoch 9: Loss = 0.06231474632082612, R-squared = 0.9275744494194381
	After epoch 10: Loss = 0.036305099779181026, R-squared = 0.9598311930365406
	After epoch 11: Loss = 0.0289098050060269, R-squared = 0.9704428796664454
	After epoch 12: Loss = 0.030646236307819052, R-squared = 0.9680776759536966
	After epoch 13: Loss = 0.02316222926454533, R-squared = 0.974077125819545
	After epoch 14: Loss = 0.020154062621376284, R-squared = 0.9793580296967539
	After epoch 15: Loss = 0.030263937166263234, R-squared = 0.9711443010620954
	After epoch 16: Loss = 0.048342677858607595, R-squared = 0.953490605939199
	After epoch 17: Loss = 0.03322998212110183, R-squared = 0.9633487579088975
	After epoch 18: Loss = 0.025112453963546326, R-squared = 0.9676844470062953
	After epoch 19: Loss = 0.013516215363947676, R-squared = 0.9869375574350414
	After epoch 20: Loss = 0.046354494793871284, R-squared = 0.9471133709116917
	After epoch 21: Loss = 0.1127160560545987, R-squared = 0.8885082344207296
	After epoch 22: Loss = 0.04719140728452736, R-squared = 0.9520446889533506
	After epoch 23: Loss = 0.04321444736546858, R-squared = 0.9542790590379546
	After epoch 24: Loss = 0.029464167436446594, R-squared = 0.9696784294021631
	After epoch 25: Loss = 0.022345562896669918, R-squared = 0.9739443718219111
	After epoch 26: Loss = 0.013817908831173672, R-squared = 0.9813796904555863
	After epoch 27: Loss = 0.010573816807558947, R-squared = 0.9881971714138791
	After epoch 28: Loss = 0.009210085591523883, R-squared = 0.9888312357333635
	After epoch 29: Loss = 0.00484315023271413, R-squared = 0.994690796989176
	After epoch 30: Loss = 0.005108245400106614, R-squared = 0.994092093912679
	After epoch 31: Loss = 0.0030469206158313155, R-squared = 0.996024050006835
	After epoch 32: Loss = 0.0025158003115625474, R-squared = 0.9973242493454834
	After epoch 33: Loss = 0.007252858724164725, R-squared = 0.9923887282109215
	After epoch 34: Loss = 0.009251494842964374, R-squared = 0.9897845964984613
	After epoch 35: Loss = 0.006489261679547639, R-squared = 0.9934397340090989
	After epoch 36: Loss = 0.003584449904389738, R-squared = 0.9960503517007154
	After epoch 37: Loss = 0.002472566700777143, R-squared = 0.9975725548765844
	After epoch 38: Loss = 0.001069051090030294, R-squared = 0.9988738332769138
	After epoch 39: Loss = 0.0012259352173958247, R-squared = 0.998713640451711
	After epoch 40: Loss = 0.0013345639048899483, R-squared = 0.9983097882590041
	After epoch 41: Loss = 0.001283769318890814, R-squared = 0.9986319096577926
	After epoch 42: Loss = 0.001443034261959113, R-squared = 0.9984061784987543
	After epoch 43: Loss = 0.0013461665697090547, R-squared = 0.9986410807823773
	After epoch 44: Loss = 0.001075465898014627, R-squared = 0.9988432675762932
	After epoch 45: Loss = 0.0009784805201474272, R-squared = 0.9989469310674727
	After epoch 46: Loss = 0.0013410201182651707, R-squared = 0.9985527035617581
	After epoch 47: Loss = 0.0014018326676118503, R-squared = 0.9985815650757145
	After epoch 48: Loss = 0.001883351959196909, R-squared = 0.9979538326165569
	After epoch 49: Loss = 0.0010347188830898356, R-squared = 0.9987584160805605
	After epoch 50: Loss = 0.00392879158506443, R-squared = 0.9958586109469663
Training process has finished.
Time taken for NoPoolCNN4: 1721.606181383133 seconds
gpu_utilization [%], mem_utilization [%], max_memory_usage [MiB], time [ms]
90 %, 67 %, 25456 MiB, 4781286 ms
